*------------------------------------------------------------*
* Score Log
Date:                November 18, 2023
Time:                18:53:48
*------------------------------------------------------------*
16583  %let EMEXCEPTIONSTRING=;
16584  *------------------------------------------------------------*;
16585  * SCORE: FIMPORT2;
16586  *------------------------------------------------------------*;
16587  %let EM_ACTION = SCORE;
16588  %let syscc = 0;
16589  /* Fimport.source */
16590  %macro main;
16591        %if %upcase(&EM_ACTION) = CREATE %then %do;
16592           filename temp catalog 'sashelp.emsamp.Fimport_create.source';
16593           %include temp;
16594           filename temp;
16595           %create;
16596        %end;
16597        %else
16598        %if %upcase(&EM_ACTION) = TRAIN %then %do;
16599           filename temp catalog 'sashelp.emsamp.Fimport_train.source';
16600           %include temp;
16601           filename temp;
16602           %train;
16603        %end;
16604        %else
16605        %if %upcase(&EM_ACTION) = UPDATE %then %do;
16606           filename temp catalog 'sashelp.emsamp.Fimport_update.source';
16607           %include temp;
16608           filename temp;
16609           %update;
16610        %end;
16611        %else
16612        %if %upcase(&EM_ACTION) = PROPERTY %then %do;
16613           filename temp catalog 'sashelp.emsamp.Fimport_actions.source';
16614           %include temp;
16615           filename temp;
16616           %property;
16617        %end;
16618         %else
16619        %if %upcase(&EM_ACTION) = SCORE %then %do;
16620           filename temp catalog 'sashelp.emsamp.Fimport_score.source';
16621           %include temp;
16622           filename temp;
16623           %score;
16624        %end;
16625        %else
16626        %if %upcase(&EM_ACTION) = REPORT %then %do;
16627           filename temp catalog 'sashelp.emsamp.Fimport_report.source';
16628           %include temp;
16629           filename temp;
16630           %report;
16631        %end;
16632        %else
16633        %if %upcase(&EM_ACTION) = OPENVARIABLESET %then %do;
16634           filename temp catalog 'sashelp.emsamp.Fimport_actions.source';
16635           %include temp;
16636           filename temp;
16637           %openvariableset;
16638        %end;
16639        %else
16640        %if %upcase(&EM_ACTION) = CLOSEVARIABLESET %then %do;
16641           filename temp catalog 'sashelp.emsamp.Fimport_actions.source';
16642           %include temp;
16643           filename temp;
16644           %closevariableset;
16645        %end;
16646  %mend main;
16647  %main;
NOTE: %INCLUDE (level 1) file TEMP is file SASHELP.EMSAMP.FIMPORT_SCORE.SOURCE.
16648 +%macro score;
16649 +
16650 +   filename x "&EM_NODEDIR.&EM_DSEP._updatePath.st";
16651 +   data _null_;
16652 +      file x;
16653 +      put ' ';
16654 +   run;
16655 +   filename x;
16656 +
16657 +   %em_getname(key=DATA, type=DATA);
16658 +   %if %sysfunc(exist(&em_user_data)) %then %do;
16659 +       data &em_export_train / view=&em_export_train;
16660 +          set &em_user_data;
16661 +       run;
16662 +   %end;
16663 +
16664 +%mend score;
NOTE: %INCLUDE (level 1) ending.
NOTE: Fileref TEMP has been deassigned.

NOTE: The file X is:
      Filename=C:\Users\lahar\OneDrive\Desktop\Data Mining\Resume\Workspaces\EMWS3\FIMPORT2\_updatePath.st,
      RECFM=V,LRECL=32767,File Size (bytes)=0,
      Last Modified=18Nov2023:18:53:48,
      Create Time=18Nov2023:18:53:48

NOTE: 1 record was written to the file X.
      The minimum record length was 1.
      The maximum record length was 1.
NOTE: DATA statement used (Total process time):
      real time           0.00 seconds
      cpu time            0.00 seconds
      

NOTE: Fileref X has been deassigned.

NOTE: DATA STEP view saved on file EMWS3.FIMPORT2_TRAIN.
NOTE: A stored DATA STEP view cannot run under a different operating system.
NOTE: DATA statement used (Total process time):
      real time           0.01 seconds
      cpu time            0.00 seconds
      

16665  *------------------------------------------------------------*;
16666  * End SCORE: FIMPORT2;
16667  *------------------------------------------------------------*;

16669  *------------------------------------------------------------*;
16670  * FIMPORT2: Computing metadata for TRAIN data;
16671  *------------------------------------------------------------*;

NOTE: View EMWS3.FIMPORT2_TRAIN.VIEW used (Total process time):
      real time           0.07 seconds
      cpu time            0.04 seconds
      
NOTE: View EMWS3.FIMPORT2_TRAIN.VIEW used (Total process time):
      real time           0.03 seconds
      cpu time            0.00 seconds
      
