 
                                                                                                                                                                                                                                                                
 
Variable Importance

                                                                                        Ratio of
                              Number of                                               Validation
                              Splitting                            Validation        to Training
  Variable Name      Label      Rules           Importance         Importance         Importance

TextCluster9_SVD3                 2                 1.0000             1.0000             1.0000
TextCluster9_SVD6                 1                 0.6970             0.7523             1.0793
TextCluster9_SVD8                 1                 0.6606             0.7117             1.0773
TextCluster9_SVD2                 1                 0.6010             0.6251             1.0400
TextCluster9_SVD5                 1                 0.4812             0.4807             0.9988
 
                                                                                                                                                                                                                                                                
 
Tree Leaf Report

                                 Training                    Validation
Node               Training       Percent     Validation       Percent
 Id     Depth    Observations     TEACHER    Observations      TEACHER

 18       6           322          0.01           178           0.01   
 17       5           104          0.00            62           0.00   
  3       1            56          0.00            34           0.00   
 10       3            55          0.82            41           0.68   
  4       2            50          0.00            34           0.06   
 15       4            45          0.00            29           0.00   
 19       6            42          0.02            27           0.00   
 
                                                                                                                                                                                                                                                                
 
 
Fit Statistics

Target=Category Target Label=Category

   Fit
Statistics    Statistics Label                Train    Validation       Test

  _NOBS_      Sum of Frequencies             674.00       405.00      274.00
  _MISC_      Misclassification Rate           0.53         0.54        0.53
  _MAX_       Maximum Absolute Error           0.99         1.00        1.00
  _SSE_       Sum of Squared Errors          420.84       263.57      177.97
  _ASE_       Average Squared Error            0.05         0.05        0.05
  _RASE_      Root Average Squared Error       0.23         0.23        0.23
  _DIV_       Divisor for ASE               8088.00      4860.00     3288.00
  _DFT_       Total Degrees of Freedom      7414.00          .           .  
 
                                                                                                                                                                                                                                                                
 
 
Classification Table

Data Role=TRAIN Target Variable=Category Target Label=Category

                                                      Target        Outcome     Frequency       Total
Target                    Outcome                   Percentage    Percentage      Count      Percentage

BUSINESS-DEVELOPMENT      DESIGNER                     2.0000        1.6667          1         0.14837 
DESIGNER                  DESIGNER                    88.0000       83.0189         44         6.52819 
DIGITAL-MEDIA             DESIGNER                     6.0000        6.3830          3         0.44510 
SALES                     DESIGNER                     4.0000        3.4483          2         0.29674 
BUSINESS-DEVELOPMENT      DIGITAL-MEDIA                9.5238        6.6667          4         0.59347 
CONSULTANT                DIGITAL-MEDIA                7.1429        5.2632          3         0.44510 
DIGITAL-MEDIA             DIGITAL-MEDIA               66.6667       59.5745         28         4.15430 
HEALTHCARE                DIGITAL-MEDIA                4.7619        3.5088          2         0.29674 
HR                        DIGITAL-MEDIA                2.3810        1.8182          1         0.14837 
INFORMATION-TECHNOLOGY    DIGITAL-MEDIA                2.3810        1.6949          1         0.14837 
OTHER                     DIGITAL-MEDIA                4.7619        3.1746          2         0.29674 
TEACHER                   DIGITAL-MEDIA                2.3810        2.0000          1         0.14837 
ADVOCATE                  FITNESS                      6.6667        5.2632          3         0.44510 
BUSINESS-DEVELOPMENT      FITNESS                      2.2222        1.6667          1         0.14837 
FITNESS                   FITNESS                     88.8889       68.9655         40         5.93472 
OTHER                     FITNESS                      2.2222        1.5873          1         0.14837 
ADVOCATE                  HR                           3.5714        3.5088          2         0.29674 
BUSINESS-DEVELOPMENT      HR                           1.7857        1.6667          1         0.14837 
CONSULTANT                HR                           1.7857        1.7544          1         0.14837 
FITNESS                   HR                           1.7857        1.7241          1         0.14837 
HEALTHCARE                HR                           1.7857        1.7544          1         0.14837 
HR                        HR                          87.5000       89.0909         49         7.27003 
OTHER                     HR                           1.7857        1.5873          1         0.14837 
ADVOCATE                  INFORMATION-TECHNOLOGY       1.9231        3.5088          2         0.29674 
BUSINESS-DEVELOPMENT      INFORMATION-TECHNOLOGY       1.9231        3.3333          2         0.29674 
CONSULTANT                INFORMATION-TECHNOLOGY      24.0385       43.8596         25         3.70920 
DESIGNER                  INFORMATION-TECHNOLOGY       0.9615        1.8868          1         0.14837 
DIGITAL-MEDIA             INFORMATION-TECHNOLOGY       6.7308       14.8936          7         1.03858 
HEALTHCARE                INFORMATION-TECHNOLOGY       3.8462        7.0175          4         0.59347 
INFORMATION-TECHNOLOGY    INFORMATION-TECHNOLOGY      51.9231       91.5254         54         8.01187 
OTHER                     INFORMATION-TECHNOLOGY       7.6923       12.6984          8         1.18694 
SALES                     INFORMATION-TECHNOLOGY       0.9615        1.7241          1         0.14837 
ADVOCATE                  SALES                       14.5963       82.4561         47         6.97329 
BUSINESS-DEVELOPMENT      SALES                       15.8385       85.0000         51         7.56677 
CONSULTANT                SALES                        8.6957       49.1228         28         4.15430 
DESIGNER                  SALES                        2.4845       15.0943          8         1.18694 
DIGITAL-MEDIA             SALES                        2.7950       19.1489          9         1.33531 
FITNESS                   SALES                        4.0373       22.4138         13         1.92878 
HEALTHCARE                SALES                       15.2174       85.9649         49         7.27003 
HR                        SALES                        1.5528        9.0909          5         0.74184 
INFORMATION-TECHNOLOGY    SALES                        0.9317        5.0847          3         0.44510 
OTHER                     SALES                       15.8385       80.9524         51         7.56677 
SALES                     SALES                       16.7702       93.1034         54         8.01187 
TEACHER                   SALES                        1.2422        8.0000          4         0.59347 
ADVOCATE                  TEACHER                      5.4545        5.2632          3         0.44510 
FITNESS                   TEACHER                      7.2727        6.8966          4         0.59347 
HEALTHCARE                TEACHER                      1.8182        1.7544          1         0.14837 
INFORMATION-TECHNOLOGY    TEACHER                      1.8182        1.6949          1         0.14837 
SALES                     TEACHER                      1.8182        1.7241          1         0.14837 
TEACHER                   TEACHER                     81.8182       90.0000         45         6.67656 


Data Role=VALIDATE Target Variable=Category Target Label=Category

                                                      Target        Outcome     Frequency       Total
Target                    Outcome                   Percentage    Percentage      Count      Percentage

DESIGNER                  DESIGNER                    82.3529       90.3226         28         6.91358 
DIGITAL-MEDIA             DESIGNER                     5.8824        6.8966          2         0.49383 
SALES                     DESIGNER                     5.8824        5.8824          2         0.49383 
TEACHER                   DESIGNER                     5.8824        6.4516          2         0.49383 
BUSINESS-DEVELOPMENT      DIGITAL-MEDIA                7.4074        5.5556          2         0.49383 
CONSULTANT                DIGITAL-MEDIA               14.8148       11.4286          4         0.98765 
DESIGNER                  DIGITAL-MEDIA                3.7037        3.2258          1         0.24691 
DIGITAL-MEDIA             DIGITAL-MEDIA               59.2593       55.1724         16         3.95062 
HR                        DIGITAL-MEDIA                7.4074        6.2500          2         0.49383 
SALES                     DIGITAL-MEDIA                7.4074        5.8824          2         0.49383 
DIGITAL-MEDIA             FITNESS                      3.4483        3.4483          1         0.24691 
FITNESS                   FITNESS                     86.2069       71.4286         25         6.17284 
HEALTHCARE                FITNESS                      3.4483        3.0303          1         0.24691 
OTHER                     FITNESS                      3.4483        2.6316          1         0.24691 
SALES                     FITNESS                      3.4483        2.9412          1         0.24691 
CONSULTANT                HR                           5.8824        5.7143          2         0.49383 
FITNESS                   HR                           2.9412        2.8571          1         0.24691 
HEALTHCARE                HR                           8.8235        9.0909          3         0.74074 
HR                        HR                          82.3529       87.5000         28         6.91358 
ADVOCATE                  INFORMATION-TECHNOLOGY       1.6129        2.8571          1         0.24691 
BUSINESS-DEVELOPMENT      INFORMATION-TECHNOLOGY       4.8387        8.3333          3         0.74074 
CONSULTANT                INFORMATION-TECHNOLOGY      17.7419       31.4286         11         2.71605 
DIGITAL-MEDIA             INFORMATION-TECHNOLOGY       9.6774       20.6897          6         1.48148 
HEALTHCARE                INFORMATION-TECHNOLOGY       3.2258        6.0606          2         0.49383 
INFORMATION-TECHNOLOGY    INFORMATION-TECHNOLOGY      53.2258       91.6667         33         8.14815 
OTHER                     INFORMATION-TECHNOLOGY       8.0645       13.1579          5         1.23457 
SALES                     INFORMATION-TECHNOLOGY       1.6129        2.9412          1         0.24691 
ADVOCATE                  SALES                       16.8539       85.7143         30         7.40741 
BUSINESS-DEVELOPMENT      SALES                       17.4157       86.1111         31         7.65432 
CONSULTANT                SALES                       10.1124       51.4286         18         4.44444 
DESIGNER                  SALES                        1.1236        6.4516          2         0.49383 
DIGITAL-MEDIA             SALES                        2.2472       13.7931          4         0.98765 
FITNESS                   SALES                        3.9326       20.0000          7         1.72840 
HEALTHCARE                SALES                       14.6067       78.7879         26         6.41975 
HR                        SALES                        1.1236        6.2500          2         0.49383 
INFORMATION-TECHNOLOGY    SALES                        1.1236        5.5556          2         0.49383 
OTHER                     SALES                       15.7303       73.6842         28         6.91358 
SALES                     SALES                       15.1685       79.4118         27         6.66667 
TEACHER                   SALES                        0.5618        3.2258          1         0.24691 
ADVOCATE                  TEACHER                      9.7561       11.4286          4         0.98765 
FITNESS                   TEACHER                      4.8780        5.7143          2         0.49383 
HEALTHCARE                TEACHER                      2.4390        3.0303          1         0.24691 
INFORMATION-TECHNOLOGY    TEACHER                      2.4390        2.7778          1         0.24691 
OTHER                     TEACHER                      9.7561       10.5263          4         0.98765 
SALES                     TEACHER                      2.4390        2.9412          1         0.24691 
TEACHER                   TEACHER                     68.2927       90.3226         28         6.91358 
 
                                                                                                                                                                                                                                                                
 
 
Event Classification Table

Data Role=TRAIN Target=Category Target Label=Category

  False       True        False       True
Negative    Negative    Positive    Positive

    5          614         10          45   


Data Role=VALIDATE Target=Category Target Label=Category

  False       True        False       True
Negative    Negative    Positive    Positive

    3          361         13          28   
 
                                                                                                                                                                                                                                                                
 
 
Assessment Score Rankings

Data Role=TRAIN Target Variable=Category Target Label=Category

                                                                                           Mean
                               Cumulative        %       Cumulative      Number of      Posterior
Depth       Gain      Lift        Lift       Response    % Response    Observations    Probability

   5     1002.91    11.0291      11.0291      81.8182      81.8182          34           0.81818  
  10      798.19     6.9348       8.9819      51.4451      66.6317          34           0.51445  
  15      508.74     0.2984       6.0874       2.2135      45.1589          34           0.02213  
  20      364.03     0.1675       4.6403       1.2422      34.4237          33           0.01242  
  25      274.05     0.1675       3.7405       1.2422      27.7482          34           0.01242  
  30      214.20     0.1675       3.1420       1.2422      23.3088          34           0.01242  
  35      172.61     0.1675       2.7261       1.2422      20.2232          33           0.01242  
  40      140.39     0.1675       2.4039       1.2422      17.8330          34           0.01242  
  45      115.38     0.1675       2.1538       1.2422      15.9774          34           0.01242  
  50       95.93     0.1675       1.9593       1.2422      14.5345          33           0.01242  
  55       79.50     0.1675       1.7950       1.2422      13.3164          34           0.01242  
  60       65.84     0.1675       1.6584       1.2422      12.3027          34           0.01242  
  65       53.53     0.0690       1.5353       0.5115      11.3895          34           0.00512  
  70       42.80     0.0000       1.4280       0.0000      10.5932          33           0.00000  
  75       33.20     0.0000       1.3320       0.0000       9.8814          34           0.00000  
  80       24.81     0.0000       1.2481       0.0000       9.2593          34           0.00000  
  85       17.63     0.0000       1.1763       0.0000       8.7260          33           0.00000  
  90       11.04     0.0000       1.1104       0.0000       8.2372          34           0.00000  
  95        5.15     0.0000       1.0515       0.0000       7.8003          34           0.00000  
 100        0.00     0.0000       1.0000       0.0000       7.4184          33           0.00000  


Data Role=VALIDATE Target Variable=Category Target Label=Category

                                                                                           Mean
                               Cumulative        %       Cumulative      Number of      Posterior
Depth       Gain      Lift        Lift       Response    % Response    Observations    Probability

   5     792.211    8.92211      8.92211      68.2927      68.2927          21           0.81818  
  10     792.211    8.92211      8.92211      68.2927      68.2927          20           0.81818  
  15     499.683    0.00000      5.99683       0.0000      45.9016          20           0.02381  
  20     352.791    0.04771      4.52791       0.3652      34.6581          20           0.01641  
  25     261.080    0.07340      3.61080       0.5618      27.6382          21           0.01242  
  30     203.090    0.07340      3.03090       0.5618      23.1995          20           0.01242  
  35     161.435    0.07340      2.61435       0.5618      20.0111          20           0.01242  
  40     130.065    0.07340      2.30065       0.5618      17.6099          20           0.01242  
  45     104.507    0.07340      2.04507       0.5618      15.6536          21           0.01242  
  50      85.081    0.07340      1.85081       0.5618      14.1667          20           0.01242  
  55      69.140    0.07340      1.69140       0.5618      12.9465          20           0.01242  
  60      55.823    0.07340      1.55823       0.5618      11.9272          20           0.01242  
  65      44.632    0.15134      1.44632       1.1584      11.0706          21           0.00177  
  70      35.604    0.16433      1.35604       1.2579      10.3796          20           0.00000  
  75      27.764    0.16433      1.27764       1.2579       9.7795          20           0.00000  
  80      20.892    0.16433      1.20892       1.2579       9.2534          20           0.00000  
  85      14.533    0.16433      1.14533       1.2579       8.7667          21           0.00000  
  90       9.158    0.16433      1.09158       1.2579       8.3553          20           0.00000  
  95       4.341    0.16433      1.04341       1.2579       7.9866          20           0.00000  
 100       0.000    0.16433      1.00000       1.2579       7.6543          20           0.00000  
 
                                                                                                                                                                                                                                                                
 
 
Assessment Score Distribution

Data Role=TRAIN Target Variable=Category Target Label=Category

 Posterior     Number                     Mean
Probability      of      Number of     Posterior
   Range       Events    Nonevents    Probability    Percentage

 0.80-0.85       45          10         0.81818         8.1602 
 0.00-0.05        5         614         0.00808        91.8398 


Data Role=VALIDATE Target Variable=Category Target Label=Category

 Posterior     Number                     Mean
Probability      of      Number of     Posterior
   Range       Events    Nonevents    Probability    Percentage

 0.80-0.85       28          13         0.81818        10.1235 
 0.00-0.05        3         361         0.00784        89.8765 
