 
                                                                                                                                                                                                                                                                
 
Variable Importance

                                                                                         Ratio of
                               Number of                                               Validation
                               Splitting                            Validation        to Training
  Variable Name       Label      Rules           Importance         Importance         Importance

TextCluster8_SVD2                  2                 1.0000             1.0000             1.0000
TextCluster8_SVD4                  1                 0.8772             0.9965             1.1359
TextCluster8_SVD5                  1                 0.7742             0.6451             0.8332
TextCluster8_SVD11                 1                 0.7443             0.7010             0.9418
TextCluster8_SVD7                  1                 0.6387             0.6876             1.0765
 
                                                                                                                                                                                                                                                                
 
Tree Leaf Report

                                 Training                    Validation
Node               Training       Percent     Validation       Percent
 Id     Depth    Observations     TEACHER    Observations      TEACHER

 12       5           282          0.01           154           0.01   
 17       6            96          0.01            47           0.02   
  9       3            95          0.00            61           0.00   
 16       6            76          0.17            46           0.11   
  2       1            45          0.00            35           0.00   
  6       2            42          0.81            42           0.55   
 11       4            38          0.00            20           0.00   
 
                                                                                                                                                                                                                                                                
 
 
Fit Statistics

Target=Category Target Label=Category

   Fit
Statistics    Statistics Label                Train    Validation       Test

  _NOBS_      Sum of Frequencies             674.00       405.00      274.00
  _MISC_      Misclassification Rate           0.59         0.61        0.61
  _MAX_       Maximum Absolute Error           0.99         1.00        1.00
  _SSE_       Sum of Squared Errors          468.65       305.09      206.73
  _ASE_       Average Squared Error            0.06         0.06        0.06
  _RASE_      Root Average Squared Error       0.24         0.25        0.25
  _DIV_       Divisor for ASE               8088.00      4860.00     3288.00
  _DFT_       Total Degrees of Freedom      7414.00          .           .  
 
                                                                                                                                                                                                                                                                
 
 
Classification Table

Data Role=TRAIN Target Variable=Category Target Label=Category

                                                      Target        Outcome     Frequency       Total
Target                    Outcome                   Percentage    Percentage      Count      Percentage

ADVOCATE                  BUSINESS-DEVELOPMENT        14.1844       70.1754         40         5.93472 
BUSINESS-DEVELOPMENT      BUSINESS-DEVELOPMENT        17.3759       81.6667         49         7.27003 
CONSULTANT                BUSINESS-DEVELOPMENT        10.9929       54.3860         31         4.59941 
DESIGNER                  BUSINESS-DEVELOPMENT         1.7730        9.4340          5         0.74184 
DIGITAL-MEDIA             BUSINESS-DEVELOPMENT         3.5461       21.2766         10         1.48368 
FITNESS                   BUSINESS-DEVELOPMENT         5.3191       25.8621         15         2.22552 
HEALTHCARE                BUSINESS-DEVELOPMENT        17.0213       84.2105         48         7.12166 
HR                        BUSINESS-DEVELOPMENT         1.7730        9.0909          5         0.74184 
INFORMATION-TECHNOLOGY    BUSINESS-DEVELOPMENT         1.7730        8.4746          5         0.74184 
OTHER                     BUSINESS-DEVELOPMENT        17.3759       77.7778         49         7.27003 
SALES                     BUSINESS-DEVELOPMENT         8.1560       39.6552         23         3.41246 
TEACHER                   BUSINESS-DEVELOPMENT         0.7092        4.0000          2         0.29674 
ADVOCATE                  DESIGNER                     1.0417        1.7544          1         0.14837 
BUSINESS-DEVELOPMENT      DESIGNER                     2.0833        3.3333          2         0.29674 
CONSULTANT                DESIGNER                     2.0833        3.5088          2         0.29674 
DESIGNER                  DESIGNER                    44.7917       81.1321         43         6.37982 
DIGITAL-MEDIA             DESIGNER                    30.2083       61.7021         29         4.30267 
HEALTHCARE                DESIGNER                     3.1250        5.2632          3         0.44510 
HR                        DESIGNER                     3.1250        5.4545          3         0.44510 
INFORMATION-TECHNOLOGY    DESIGNER                     4.1667        6.7797          4         0.59347 
OTHER                     DESIGNER                     3.1250        4.7619          3         0.44510 
SALES                     DESIGNER                     5.2083        8.6207          5         0.74184 
TEACHER                   DESIGNER                     1.0417        2.0000          1         0.14837 
ADVOCATE                  FITNESS                      7.8947        5.2632          3         0.44510 
BUSINESS-DEVELOPMENT      FITNESS                      2.6316        1.6667          1         0.14837 
DIGITAL-MEDIA             FITNESS                      2.6316        2.1277          1         0.14837 
FITNESS                   FITNESS                     84.2105       55.1724         32         4.74777 
SALES                     FITNESS                      2.6316        1.7241          1         0.14837 
ADVOCATE                  HR                           4.4444        3.5088          2         0.29674 
BUSINESS-DEVELOPMENT      HR                           2.2222        1.6667          1         0.14837 
FITNESS                   HR                           2.2222        1.7241          1         0.14837 
HEALTHCARE                HR                           2.2222        1.7544          1         0.14837 
HR                        HR                          88.8889       72.7273         40         5.93472 
ADVOCATE                  INFORMATION-TECHNOLOGY       2.1053        3.5088          2         0.29674 
BUSINESS-DEVELOPMENT      INFORMATION-TECHNOLOGY       2.1053        3.3333          2         0.29674 
CONSULTANT                INFORMATION-TECHNOLOGY      22.1053       36.8421         21         3.11573 
DESIGNER                  INFORMATION-TECHNOLOGY       3.1579        5.6604          3         0.44510 
DIGITAL-MEDIA             INFORMATION-TECHNOLOGY       6.3158       12.7660          6         0.89021 
HEALTHCARE                INFORMATION-TECHNOLOGY       3.1579        5.2632          3         0.44510 
INFORMATION-TECHNOLOGY    INFORMATION-TECHNOLOGY      52.6316       84.7458         50         7.41840 
OTHER                     INFORMATION-TECHNOLOGY       8.4211       12.6984          8         1.18694 
ADVOCATE                  SALES                        7.8947       10.5263          6         0.89021 
BUSINESS-DEVELOPMENT      SALES                        6.5789        8.3333          5         0.74184 
CONSULTANT                SALES                        3.9474        5.2632          3         0.44510 
DESIGNER                  SALES                        1.3158        1.8868          1         0.14837 
DIGITAL-MEDIA             SALES                        1.3158        2.1277          1         0.14837 
FITNESS                   SALES                        7.8947       10.3448          6         0.89021 
HEALTHCARE                SALES                        2.6316        3.5088          2         0.29674 
HR                        SALES                        9.2105       12.7273          7         1.03858 
OTHER                     SALES                        3.9474        4.7619          3         0.44510 
SALES                     SALES                       38.1579       50.0000         29         4.30267 
TEACHER                   SALES                       17.1053       26.0000         13         1.92878 
ADVOCATE                  TEACHER                      7.1429        5.2632          3         0.44510 
DESIGNER                  TEACHER                      2.3810        1.8868          1         0.14837 
FITNESS                   TEACHER                      9.5238        6.8966          4         0.59347 
TEACHER                   TEACHER                     80.9524       68.0000         34         5.04451 


Data Role=VALIDATE Target Variable=Category Target Label=Category

                                                      Target        Outcome     Frequency       Total
Target                    Outcome                   Percentage    Percentage      Count      Percentage

ADVOCATE                  BUSINESS-DEVELOPMENT        14.2857       62.8571         22         5.43210 
BUSINESS-DEVELOPMENT      BUSINESS-DEVELOPMENT        18.1818       77.7778         28         6.91358 
CONSULTANT                BUSINESS-DEVELOPMENT        13.6364       60.0000         21         5.18519 
DESIGNER                  BUSINESS-DEVELOPMENT         1.2987        6.4516          2         0.49383 
DIGITAL-MEDIA             BUSINESS-DEVELOPMENT         3.2468       17.2414          5         1.23457 
FITNESS                   BUSINESS-DEVELOPMENT         7.1429       31.4286         11         2.71605 
HEALTHCARE                BUSINESS-DEVELOPMENT        15.5844       72.7273         24         5.92593 
INFORMATION-TECHNOLOGY    BUSINESS-DEVELOPMENT         1.9481        8.3333          3         0.74074 
OTHER                     BUSINESS-DEVELOPMENT        14.9351       60.5263         23         5.67901 
SALES                     BUSINESS-DEVELOPMENT         8.4416       38.2353         13         3.20988 
TEACHER                   BUSINESS-DEVELOPMENT         1.2987        6.4516          2         0.49383 
BUSINESS-DEVELOPMENT      DESIGNER                     6.3830        8.3333          3         0.74074 
CONSULTANT                DESIGNER                     2.1277        2.8571          1         0.24691 
DESIGNER                  DESIGNER                    38.2979       58.0645         18         4.44444 
DIGITAL-MEDIA             DESIGNER                    34.0426       55.1724         16         3.95062 
HEALTHCARE                DESIGNER                     2.1277        3.0303          1         0.24691 
HR                        DESIGNER                     2.1277        3.1250          1         0.24691 
OTHER                     DESIGNER                     4.2553        5.2632          2         0.49383 
SALES                     DESIGNER                     8.5106       11.7647          4         0.98765 
TEACHER                   DESIGNER                     2.1277        3.2258          1         0.24691 
ADVOCATE                  FITNESS                     10.0000        5.7143          2         0.49383 
FITNESS                   FITNESS                     75.0000       42.8571         15         3.70370 
HEALTHCARE                FITNESS                      5.0000        3.0303          1         0.24691 
INFORMATION-TECHNOLOGY    FITNESS                      5.0000        2.7778          1         0.24691 
OTHER                     FITNESS                      5.0000        2.6316          1         0.24691 
BUSINESS-DEVELOPMENT      HR                           2.8571        2.7778          1         0.24691 
CONSULTANT                HR                           5.7143        5.7143          2         0.49383 
FITNESS                   HR                           2.8571        2.8571          1         0.24691 
HEALTHCARE                HR                           8.5714        9.0909          3         0.74074 
HR                        HR                          77.1429       84.3750         27         6.66667 
INFORMATION-TECHNOLOGY    HR                           2.8571        2.7778          1         0.24691 
ADVOCATE                  INFORMATION-TECHNOLOGY       1.6393        2.8571          1         0.24691 
BUSINESS-DEVELOPMENT      INFORMATION-TECHNOLOGY       4.9180        8.3333          3         0.74074 
CONSULTANT                INFORMATION-TECHNOLOGY      14.7541       25.7143          9         2.22222 
DESIGNER                  INFORMATION-TECHNOLOGY       8.1967       16.1290          5         1.23457 
DIGITAL-MEDIA             INFORMATION-TECHNOLOGY       9.8361       20.6897          6         1.48148 
HEALTHCARE                INFORMATION-TECHNOLOGY       1.6393        3.0303          1         0.24691 
INFORMATION-TECHNOLOGY    INFORMATION-TECHNOLOGY      50.8197       86.1111         31         7.65432 
OTHER                     INFORMATION-TECHNOLOGY       6.5574       10.5263          4         0.98765 
SALES                     INFORMATION-TECHNOLOGY       1.6393        2.9412          1         0.24691 
ADVOCATE                  SALES                       15.2174       20.0000          7         1.72840 
BUSINESS-DEVELOPMENT      SALES                        2.1739        2.7778          1         0.24691 
CONSULTANT                SALES                        2.1739        2.8571          1         0.24691 
DESIGNER                  SALES                        8.6957       12.9032          4         0.98765 
DIGITAL-MEDIA             SALES                        4.3478        6.8966          2         0.49383 
FITNESS                   SALES                        8.6957       11.4286          4         0.98765 
HEALTHCARE                SALES                        2.1739        3.0303          1         0.24691 
HR                        SALES                        6.5217        9.3750          3         0.74074 
OTHER                     SALES                        4.3478        5.2632          2         0.49383 
SALES                     SALES                       34.7826       47.0588         16         3.95062 
TEACHER                   SALES                       10.8696       16.1290          5         1.23457 
ADVOCATE                  TEACHER                      7.1429        8.5714          3         0.74074 
CONSULTANT                TEACHER                      2.3810        2.8571          1         0.24691 
DESIGNER                  TEACHER                      4.7619        6.4516          2         0.49383 
FITNESS                   TEACHER                      9.5238       11.4286          4         0.98765 
HEALTHCARE                TEACHER                      4.7619        6.0606          2         0.49383 
HR                        TEACHER                      2.3810        3.1250          1         0.24691 
OTHER                     TEACHER                     14.2857       15.7895          6         1.48148 
TEACHER                   TEACHER                     54.7619       74.1935         23         5.67901 
 
                                                                                                                                                                                                                                                                
 
 
Event Classification Table

Data Role=TRAIN Target=Category Target Label=Category

  False       True        False       True
Negative    Negative    Positive    Positive

   16          616          8          34   


Data Role=VALIDATE Target=Category Target Label=Category

  False       True        False       True
Negative    Negative    Positive    Positive

    8          355         19          23   
 
                                                                                                                                                                                                                                                                
 
 
Assessment Score Rankings

Data Role=TRAIN Target Variable=Category Target Label=Category

                                                                                           Mean
                               Cumulative        %       Cumulative      Number of      Posterior
Depth       Gain      Lift        Lift       Response    % Response    Observations    Probability

   5     991.238    10.9124      10.9124      80.9524      80.9524          34           0.80952  
  10     662.163     4.3309       7.6216      32.1281      56.5402          34           0.32128  
  15     484.968     2.3058       5.8497      17.1053      43.3953          34           0.17105  
  20     371.072     1.1903       4.7107       8.8301      34.9460          33           0.08830  
  25     279.125     0.1404       3.7912       1.0417      28.1250          34           0.01042  
  30     217.978     0.1404       3.1798       1.0417      23.5889          34           0.01042  
  35     175.061     0.1105       2.7506       0.8200      20.4051          33           0.00820  
  40     141.627     0.0956       2.4163       0.7092      17.9249          34           0.00709  
  45     115.672     0.0956       2.1567       0.7092      15.9994          34           0.00709  
  50      95.489     0.0956       1.9549       0.7092      14.5022          33           0.00709  
  55      78.450     0.0956       1.7845       0.7092      13.2381          34           0.00709  
  60      64.272     0.0956       1.6427       0.7092      12.1863          34           0.00709  
  65      52.289     0.0956       1.5229       0.7092      11.2974          34           0.00709  
  70      42.310     0.0956       1.4231       0.7092      10.5572          33           0.00709  
  75      33.202     0.0675       1.3320       0.5006       9.8814          34           0.00501  
  80      24.815     0.0000       1.2481       0.0000       9.2593          34           0.00000  
  85      17.627     0.0000       1.1763       0.0000       8.7260          33           0.00000  
  90      11.038     0.0000       1.1104       0.0000       8.2372          34           0.00000  
  95       5.148     0.0000       1.0515       0.0000       7.8003          34           0.00000  
 100       0.000     0.0000       1.0000       0.0000       7.4184          33           0.00000  


Data Role=VALIDATE Target Variable=Category Target Label=Category

                                                                                           Mean
                               Cumulative        %       Cumulative      Number of      Posterior
Depth       Gain      Lift        Lift       Response    % Response    Observations    Probability

   5     615.438    7.15438      7.15438      54.7619      54.7619          21           0.80952  
  10     615.438    7.15438      7.15438      54.7619      54.7619          20           0.80952  
  15     436.828    1.70677      5.36828      13.0642      41.0905          20           0.20298  
  20     339.341    1.42006      4.39341      10.8696      33.6286          20           0.17105  
  25     262.449    0.65866      3.62449       5.0416      27.7430          21           0.06396  
  30     207.588    0.27797      3.07588       2.1277      23.5438          20           0.01042  
  35     167.647    0.24006      2.67647       1.8375      20.4866          20           0.00925  
  40     136.699    0.16967      2.36699       1.2987      18.1177          20           0.00709  
  45     111.484    0.16967      2.11484       1.2987      16.1876          21           0.00709  
  50      92.319    0.16967      1.92319       1.2987      14.7207          20           0.00709  
  55      76.593    0.16967      1.76593       1.2987      13.5170          20           0.00709  
  60      63.455    0.16967      1.63455       1.2987      12.5114          20           0.00709  
  65      51.802    0.16967      1.51802       1.2987      11.6194          21           0.00709  
  70      42.307    0.16967      1.42307       1.2987      10.8926          20           0.00709  
  75      33.224    0.04242      1.33224       0.3247      10.1974          20           0.00177  
  80      25.000    0.00000      1.25000       0.0000       9.5679          20           0.00000  
  85      17.391    0.00000      1.17391       0.0000       8.9855          21           0.00000  
  90      10.959    0.00000      1.10959       0.0000       8.4932          20           0.00000  
  95       5.195    0.00000      1.05195       0.0000       8.0519          20           0.00000  
 100       0.000    0.00000      1.00000       0.0000       7.6543          20           0.00000  
 
                                                                                                                                                                                                                                                                
 
 
Assessment Score Distribution

Data Role=TRAIN Target Variable=Category Target Label=Category

 Posterior     Number                     Mean
Probability      of      Number of     Posterior
   Range       Events    Nonevents    Probability    Percentage

 0.80-0.85       34           8         0.80952         6.2315 
 0.15-0.20       13          63         0.17105        11.2760 
 0.00-0.05        3         553         0.00540        82.4926 


Data Role=VALIDATE Target Variable=Category Target Label=Category

 Posterior     Number                     Mean
Probability      of      Number of     Posterior
   Range       Events    Nonevents    Probability    Percentage

 0.80-0.85       23          19         0.80952        10.3704 
 0.15-0.20        5          41         0.17105        11.3580 
 0.00-0.05        3         314         0.00499        78.2716 
