*------------------------------------------------------------*
* Training Log
Date:                November 23, 2023
Time:                22:13:42
*------------------------------------------------------------*
11433  proc freq data=EMWS3.Neural4_VariableSet noprint;
11434  table ROLE*LEVEL/out=WORK.Neural4META;
11435  run;

NOTE: There were 75 observations read from the data set EMWS3.NEURAL4_VARIABLESET.
NOTE: The data set WORK.NEURAL4META has 3 observations and 4 variables.
NOTE: PROCEDURE FREQ used (Total process time):
      real time           0.05 seconds
      cpu time            0.04 seconds
      

11436  proc print data=WORK.Neural4META label noobs;
11437  var ROLE LEVEL COUNT;
11438  label ROLE = "%sysfunc(sasmsg(sashelp.dmine, meta_role_vlabel, NOQUOTE))" LEVEL = "%sysfunc(sasmsg(sashelp.dmine, meta_level_vlabel, NOQUOTE))" COUNT = "%sysfunc(sasmsg(sashelp.dmine, rpt_count_vlabel, NOQUOTE))";
11439  title9 ' ';
11440  title10 "%sysfunc(sasmsg(sashelp.dmine, rpt_varSummary_title  , NOQUOTE))";
11441  run;

NOTE: There were 3 observations read from the data set WORK.NEURAL4META.
NOTE: The PROCEDURE PRINT printed page 1.
NOTE: PROCEDURE PRINT used (Total process time):
      real time           0.01 seconds
      cpu time            0.00 seconds
      

11442  title10;

11443  %let EMNORLEN = %DMNORLEN;
EMWS3.TextCluster7_TRAIN EMWS3.TextCluster7_TRAIN 
EMWS3.TextCluster7_TRAIN EMWS3.TextCluster7_TRAIN EMWS3 TextCluster7_TRAIN 
EMWS3.TextCluster7_TRAIN EMWS3.TextCluster7_TRAIN 
EMWS3.TextCluster7_TRAIN EMWS3.TextCluster7_TRAIN EMWS3 TextCluster7_TRAIN 
Executing  SASHELP.EMCORE.EMINFOITERATOR.SCL _INIT >> 
Executing  SASHELP.EMCORE.EMINFOITERATOR.SCL setMetaData >> 
Executing  SASHELP.EMCORE.EMINFOITERATOR.SCL next >> 
Executing  SASHELP.EMCORE.EMINFOITERATOR.SCL setMetaData >> 
Executing  SASHELP.EMCORE.EMINFOITERATOR.SCL next >> 
Executing  SASHELP.EMCORE.EMINFOITERATOR.SCL _term >> 
11490  data WORK.Neural4_EVENT(KEEP=VARIABLE LABEL LEVEL EVENT NUMLEVELS ORDER);
11491  length ORDER $20;
11492  label VARIABLE = "%sysfunc(sasmsg(sashelp.dmine, rpt_target_vlabel,  NOQUOTE))" EVENT = "%sysfunc(sasmsg(sashelp.dmine, assmt_event_vlabel, NOQUOTE))" NUMLEVELS = "%sysfunc(sasmsg(sashelp.dmine, rpt_numcat_vlabel, NOQUOTE))" LEVEL =
11493     "%sysfunc(sasmsg(sashelp.dmine, meta_level_vlabel, NOQUOTE))" ORDER = "%sysfunc(sasmsg(sashelp.dmine, meta_order_vlabel, NOQUOTE))" LABEL = "%sysfunc(sasmsg(sashelp.dmine, meta_label_vlabel, NOQUOTE))";
11494  set EMWS3.NEURAL4_CATEGORY_DM( where=(_TYPE_="TARGET"));
11495  NumLevels=12;
11496  select(upcase(ORDER));
11497  when('DESC') ORDER = 'Descending';
11498  when('ASC') ORDER = 'Ascending';
11499  when('FMTDESC') ORDER = 'Formatted Descending';
11500  when('FMTASC') ORDER = 'Formatted Ascending';
11501  otherwise ORDER = 'Descending';
11502  end;
11503  output;
11504  run;

NOTE: There were 1 observations read from the data set EMWS3.NEURAL4_CATEGORY_DM.
      WHERE _TYPE_='TARGET';
NOTE: The data set WORK.NEURAL4_EVENT has 1 observations and 6 variables.
NOTE: DATA statement used (Total process time):
      real time           0.01 seconds
      cpu time            0.00 seconds
      

11505  title9 ' ';
11506  proc print data=WORK.Neural4_EVENT noobs label;
11507  var VARIABLE EVENT LEVEL NUMLEVELS ORDER LABEL;
11508  title9 ' ';
11509  title10 "%sysfunc(sasmsg(sashelp.dmine, rpt_modelEvent_title  , NOQUOTE))";
11510  run;

NOTE: There were 1 observations read from the data set WORK.NEURAL4_EVENT.
NOTE: The PROCEDURE PRINT printed page 2.
NOTE: PROCEDURE PRINT used (Total process time):
      real time           0.00 seconds
      cpu time            0.00 seconds
      

11511  title10;

"No decisions defined for target "Category"." 
11512  proc print data = EMWS3.Neural4_Category_DM noobs label;
11513  var _type_ variable label;
11514  where _type_ ^in('MATRIX', 'DECISION', 'TRAINPRIOR', 'DATAPRIOR', 'DECPRIOR');
11515  label _TYPE_ = "%sysfunc(sasmsg(sashelp.dmine, rpt_type_vlabel,     NOQUOTE))" VARIABLE = "%sysfunc(sasmsg(sashelp.dmine, rpt_variable_vlabel, NOQUOTE))" LABEL = "%sysfunc(sasmsg(sashelp.dmine, meta_label_vlabel, NOQUOTE))";
11516  title9 ' ';
11517  title10 "%sysfunc(sasmsg(sashelp.dmine, rpt_predDecVars_title  , NOQUOTE))";
11518  run;

NOTE: There were 27 observations read from the data set EMWS3.NEURAL4_CATEGORY_DM.
      WHERE _type_ not in ('DATAPRIOR', 'DECISION', 'DECPRIOR', 'MATRIX', 'TRAINPRIOR');
NOTE: The PROCEDURE PRINT printed page 3.
NOTE: PROCEDURE PRINT used (Total process time):
      real time           0.00 seconds
      cpu time            0.00 seconds
      

11519  title10;

11529  data WORK.M31DCA92;
11530  set WORK.M31DCA92 end=eof;
11531  output;
11532  if eof then do;
11533  NAME="";
11534  ROLE="COST";
11535  LEVEL="INTERVAL";
11536  TYPE="N";
11537  output;
11538  end;
11539  run;

NOTE: There were 70 observations read from the data set WORK.M31DCA92.
NOTE: The data set WORK.M31DCA92 has 71 observations and 21 variables.
NOTE: DATA statement used (Total process time):
      real time           0.00 seconds
      cpu time            0.00 seconds
      

NOTE: There were 12 observations read from the data set EMWS3.NEURAL4_CATEGORY_DD.
NOTE: The data set WORK.CATEGORY has 12 observations and 17 variables.
NOTE: There were 12 observations read from the data set EMWS3.NEURAL4_CATEGORY_DD.
NOTE: The data set WORK.CATEGORY has 12 observations and 17 variables.
11540  *------------------------------------------------------------*;
11541  * Neural4: Create decision matrix;
11542  *------------------------------------------------------------*;
11543  data WORK.Category;
11544    length   Category                         $  32
11545             COUNT                                8
11546             DATAPRIOR                            8
11547             TRAINPRIOR                           8
11548             DECPRIOR                             8
11549             DECISION1                            8
11550             DECISION2                            8
11551             DECISION3                            8
11552             DECISION4                            8
11553             DECISION5                            8
11554             DECISION6                            8
11555             DECISION7                            8
11556             DECISION8                            8
11557             DECISION9                            8
11558             DECISION10                           8
11559             DECISION11                           8
11560             DECISION12                           8
11561             ;
11562  
11563    label    COUNT="Level Counts"
11564             DATAPRIOR="Data Proportions"
11565             TRAINPRIOR="Training Proportions"
11566             DECPRIOR="Decision Priors"
11567             DECISION1="TEACHER"
11568             DECISION2="SALES"
11569             DECISION3="OTHER"
11570             DECISION4="INFORMATION-TECHNOLOGY"
11571             DECISION5="HR"
11572             DECISION6="HEALTHCARE"
11573             DECISION7="FITNESS"
11574             DECISION8="DIGITAL-MEDIA"
11575             DECISION9="DESIGNER"
11576             DECISION10="CONSULTANT"
11577             DECISION11="BUSINESS-DEVELOPMENT"
11578             DECISION12="ADVOCATE"
11579             ;
11580    format   COUNT 10.
11581             ;
11582  Category="TEACHER"; COUNT=50; DATAPRIOR=0.0741839763; TRAINPRIOR=0.07418397626112; DECPRIOR=.; DECISION1=1; DECISION2=0; DECISION3=0; DECISION4=0; DECISION5=0; DECISION6=0; DECISION7=0; DECISION8=0; DECISION9=0; DECISION10=0; DECISION11=0;
11582! DECISION12=0;
11583  output;
11584  Category="SALES"; COUNT=58; DATAPRIOR=0.0860534125; TRAINPRIOR=0.0860534124629; DECPRIOR=.; DECISION1=0; DECISION2=1; DECISION3=0; DECISION4=0; DECISION5=0; DECISION6=0; DECISION7=0; DECISION8=0; DECISION9=0; DECISION10=0; DECISION11=0; DECISION12=0
11584! ;
11585  output;
11586  Category="OTHER"; COUNT=63; DATAPRIOR=0.0934718101; TRAINPRIOR=0.09347181008902; DECPRIOR=.; DECISION1=0; DECISION2=0; DECISION3=1; DECISION4=0; DECISION5=0; DECISION6=0; DECISION7=0; DECISION8=0; DECISION9=0; DECISION10=0; DECISION11=0;
11586! DECISION12=0;
11587  output;
11588  Category="INFORMATION-TECHNOLOGY"; COUNT=59; DATAPRIOR=0.087537092; TRAINPRIOR=0.08753709198813; DECPRIOR=.; DECISION1=0; DECISION2=0; DECISION3=0; DECISION4=1; DECISION5=0; DECISION6=0; DECISION7=0; DECISION8=0; DECISION9=0; DECISION10=0;
11588! DECISION11=0; DECISION12=0;
11589  output;
11590  Category="HR"; COUNT=55; DATAPRIOR=0.0816023739; TRAINPRIOR=0.08160237388724; DECPRIOR=.; DECISION1=0; DECISION2=0; DECISION3=0; DECISION4=0; DECISION5=1; DECISION6=0; DECISION7=0; DECISION8=0; DECISION9=0; DECISION10=0; DECISION11=0; DECISION12=0;
11591  output;
11592  Category="HEALTHCARE"; COUNT=57; DATAPRIOR=0.0845697329; TRAINPRIOR=0.08456973293768; DECPRIOR=.; DECISION1=0; DECISION2=0; DECISION3=0; DECISION4=0; DECISION5=0; DECISION6=1; DECISION7=0; DECISION8=0; DECISION9=0; DECISION10=0; DECISION11=0;
11592! DECISION12=0;
11593  output;
11594  Category="FITNESS"; COUNT=58; DATAPRIOR=0.0860534125; TRAINPRIOR=0.0860534124629; DECPRIOR=.; DECISION1=0; DECISION2=0; DECISION3=0; DECISION4=0; DECISION5=0; DECISION6=0; DECISION7=1; DECISION8=0; DECISION9=0; DECISION10=0; DECISION11=0;
11594! DECISION12=0;
11595  output;
11596  Category="DIGITAL-MEDIA"; COUNT=47; DATAPRIOR=0.0697329377; TRAINPRIOR=0.06973293768545; DECPRIOR=.; DECISION1=0; DECISION2=0; DECISION3=0; DECISION4=0; DECISION5=0; DECISION6=0; DECISION7=0; DECISION8=1; DECISION9=0; DECISION10=0; DECISION11=0;
11596! DECISION12=0;
11597  output;
11598  Category="DESIGNER"; COUNT=53; DATAPRIOR=0.0786350148; TRAINPRIOR=0.07863501483679; DECPRIOR=.; DECISION1=0; DECISION2=0; DECISION3=0; DECISION4=0; DECISION5=0; DECISION6=0; DECISION7=0; DECISION8=0; DECISION9=1; DECISION10=0; DECISION11=0;
11598! DECISION12=0;
11599  output;
11600  Category="CONSULTANT"; COUNT=57; DATAPRIOR=0.0845697329; TRAINPRIOR=0.08456973293768; DECPRIOR=.; DECISION1=0; DECISION2=0; DECISION3=0; DECISION4=0; DECISION5=0; DECISION6=0; DECISION7=0; DECISION8=0; DECISION9=0; DECISION10=1; DECISION11=0;
11600! DECISION12=0;
11601  output;
11602  Category="BUSINESS-DEVELOPMENT"; COUNT=60; DATAPRIOR=0.0890207715; TRAINPRIOR=0.08902077151335; DECPRIOR=.; DECISION1=0; DECISION2=0; DECISION3=0; DECISION4=0; DECISION5=0; DECISION6=0; DECISION7=0; DECISION8=0; DECISION9=0; DECISION10=0;
11602! DECISION11=1; DECISION12=0;
11603  output;
11604  Category="ADVOCATE"; COUNT=57; DATAPRIOR=0.0845697329; TRAINPRIOR=0.08456973293768; DECPRIOR=.; DECISION1=0; DECISION2=0; DECISION3=0; DECISION4=0; DECISION5=0; DECISION6=0; DECISION7=0; DECISION8=0; DECISION9=0; DECISION10=0; DECISION11=0;
11604! DECISION12=1;
11605  output;
11606  ;
11607  run;

NOTE: The data set WORK.CATEGORY has 12 observations and 17 variables.
NOTE: DATA statement used (Total process time):
      real time           0.00 seconds
      cpu time            0.00 seconds
      

11608  proc datasets lib=work nolist;
11609  modify Category(type=PROFIT label=Category);
11610  label DECISION1= 'TEACHER';
11611  label DECISION2= 'SALES';
11612  label DECISION3= 'OTHER';
11613  label DECISION4= 'INFORMATION-TECHNOLOGY';
11614  label DECISION5= 'HR';
11615  label DECISION6= 'HEALTHCARE';
11616  label DECISION7= 'FITNESS';
11617  label DECISION8= 'DIGITAL-MEDIA';
11618  label DECISION9= 'DESIGNER';
11619  label DECISION10= 'CONSULTANT';
11620  label DECISION11= 'BUSINESS-DEVELOPMENT';
11621  label DECISION12= 'ADVOCATE';
11622  run;

NOTE: MODIFY was successful for WORK.CATEGORY.DATA.
11623  quit;

NOTE: PROCEDURE DATASETS used (Total process time):
      real time           0.00 seconds
      cpu time            0.00 seconds
      

11624  data EM_Neural4;
11625  set EMWS3.TextCluster7_TRAIN(keep=
11626  Category TextCluster7_SVD1 TextCluster7_SVD10 TextCluster7_SVD11
11627  TextCluster7_SVD12 TextCluster7_SVD13 TextCluster7_SVD14 TextCluster7_SVD15
11628  TextCluster7_SVD16 TextCluster7_SVD17 TextCluster7_SVD18 TextCluster7_SVD19
11629  TextCluster7_SVD2 TextCluster7_SVD20 TextCluster7_SVD21 TextCluster7_SVD22
11630  TextCluster7_SVD23 TextCluster7_SVD24 TextCluster7_SVD25 TextCluster7_SVD26
11631  TextCluster7_SVD27 TextCluster7_SVD28 TextCluster7_SVD29 TextCluster7_SVD3
11632  TextCluster7_SVD30 TextCluster7_SVD31 TextCluster7_SVD32 TextCluster7_SVD33
11633  TextCluster7_SVD34 TextCluster7_SVD35 TextCluster7_SVD36 TextCluster7_SVD37
11634  TextCluster7_SVD38 TextCluster7_SVD39 TextCluster7_SVD4 TextCluster7_SVD40
11635  TextCluster7_SVD41 TextCluster7_SVD42 TextCluster7_SVD43 TextCluster7_SVD44
11636  TextCluster7_SVD45 TextCluster7_SVD46 TextCluster7_SVD47 TextCluster7_SVD48
11637  TextCluster7_SVD49 TextCluster7_SVD5 TextCluster7_SVD50 TextCluster7_SVD51
11638  TextCluster7_SVD52 TextCluster7_SVD53 TextCluster7_SVD54 TextCluster7_SVD55
11639  TextCluster7_SVD56 TextCluster7_SVD57 TextCluster7_SVD58 TextCluster7_SVD59
11640  TextCluster7_SVD6 TextCluster7_SVD60 TextCluster7_SVD61 TextCluster7_SVD62
11641  TextCluster7_SVD63 TextCluster7_SVD64 TextCluster7_SVD65 TextCluster7_SVD66
11642  TextCluster7_SVD67 TextCluster7_SVD68 TextCluster7_SVD69 TextCluster7_SVD7
11643  TextCluster7_SVD8 TextCluster7_SVD9 );
11644  run;

NOTE: There were 674 observations read from the data set EMWS3.TEXTCLUSTER7_TRAIN.
NOTE: The data set WORK.EM_NEURAL4 has 674 observations and 70 variables.
NOTE: DATA statement used (Total process time):
      real time           0.01 seconds
      cpu time            0.00 seconds
      

11645  *------------------------------------------------------------* ;
11646  * Neural4: DMDBClass Macro ;
11647  *------------------------------------------------------------* ;
11648  %macro DMDBClass;
11649      Category(DESC)
11650  %mend DMDBClass;
11651  *------------------------------------------------------------* ;
11652  * Neural4: DMDBVar Macro ;
11653  *------------------------------------------------------------* ;
11654  %macro DMDBVar;
11655      TextCluster7_SVD1 TextCluster7_SVD10 TextCluster7_SVD11 TextCluster7_SVD12
11656     TextCluster7_SVD13 TextCluster7_SVD14 TextCluster7_SVD15 TextCluster7_SVD16
11657     TextCluster7_SVD17 TextCluster7_SVD18 TextCluster7_SVD19 TextCluster7_SVD2
11658     TextCluster7_SVD20 TextCluster7_SVD21 TextCluster7_SVD22 TextCluster7_SVD23
11659     TextCluster7_SVD24 TextCluster7_SVD25 TextCluster7_SVD26 TextCluster7_SVD27
11660     TextCluster7_SVD28 TextCluster7_SVD29 TextCluster7_SVD3 TextCluster7_SVD30
11661     TextCluster7_SVD31 TextCluster7_SVD32 TextCluster7_SVD33 TextCluster7_SVD34
11662     TextCluster7_SVD35 TextCluster7_SVD36 TextCluster7_SVD37 TextCluster7_SVD38
11663     TextCluster7_SVD39 TextCluster7_SVD4 TextCluster7_SVD40 TextCluster7_SVD41
11664     TextCluster7_SVD42 TextCluster7_SVD43 TextCluster7_SVD44 TextCluster7_SVD45
11665     TextCluster7_SVD46 TextCluster7_SVD47 TextCluster7_SVD48 TextCluster7_SVD49
11666     TextCluster7_SVD5 TextCluster7_SVD50 TextCluster7_SVD51 TextCluster7_SVD52
11667     TextCluster7_SVD53 TextCluster7_SVD54 TextCluster7_SVD55 TextCluster7_SVD56
11668     TextCluster7_SVD57 TextCluster7_SVD58 TextCluster7_SVD59 TextCluster7_SVD6
11669     TextCluster7_SVD60 TextCluster7_SVD61 TextCluster7_SVD62 TextCluster7_SVD63
11670     TextCluster7_SVD64 TextCluster7_SVD65 TextCluster7_SVD66 TextCluster7_SVD67
11671     TextCluster7_SVD68 TextCluster7_SVD69 TextCluster7_SVD7 TextCluster7_SVD8
11672     TextCluster7_SVD9
11673  %mend DMDBVar;
11674  *------------------------------------------------------------*;
11675  * Neural4: Create DMDB;
11676  *------------------------------------------------------------*;
11677  proc dmdb batch data=WORK.EM_Neural4
11678  dmdbcat=WORK.Neural4_DMDB
11679  maxlevel = 513
11680  ;
11681  class %DMDBClass;
11682  var %DMDBVar;
11683  target
11684  Category
11685  ;
11686  run;

NOTE: Records processed = 674   Memory used = 511K.
NOTE: There were 674 observations read from the data set WORK.EM_NEURAL4.
NOTE: PROCEDURE DMDB used (Total process time):
      real time           0.01 seconds
      cpu time            0.01 seconds
      

11687  quit;
11688  *--- end code ---*;

11689  *------------------------------------------------------------* ;
11690  * Neural4: Interval Input Variables Macro ;
11691  *------------------------------------------------------------* ;
11692  %macro INTINPUTS;
11693      TextCluster7_SVD1 TextCluster7_SVD10 TextCluster7_SVD11 TextCluster7_SVD12
11694     TextCluster7_SVD13 TextCluster7_SVD14 TextCluster7_SVD15 TextCluster7_SVD16
11695     TextCluster7_SVD17 TextCluster7_SVD18 TextCluster7_SVD19 TextCluster7_SVD2
11696     TextCluster7_SVD20 TextCluster7_SVD21 TextCluster7_SVD22 TextCluster7_SVD23
11697     TextCluster7_SVD24 TextCluster7_SVD25 TextCluster7_SVD26 TextCluster7_SVD27
11698     TextCluster7_SVD28 TextCluster7_SVD29 TextCluster7_SVD3 TextCluster7_SVD30
11699     TextCluster7_SVD31 TextCluster7_SVD32 TextCluster7_SVD33 TextCluster7_SVD34
11700     TextCluster7_SVD35 TextCluster7_SVD36 TextCluster7_SVD37 TextCluster7_SVD38
11701     TextCluster7_SVD39 TextCluster7_SVD4 TextCluster7_SVD40 TextCluster7_SVD41
11702     TextCluster7_SVD42 TextCluster7_SVD43 TextCluster7_SVD44 TextCluster7_SVD45
11703     TextCluster7_SVD46 TextCluster7_SVD47 TextCluster7_SVD48 TextCluster7_SVD49
11704     TextCluster7_SVD5 TextCluster7_SVD50 TextCluster7_SVD51 TextCluster7_SVD52
11705     TextCluster7_SVD53 TextCluster7_SVD54 TextCluster7_SVD55 TextCluster7_SVD56
11706     TextCluster7_SVD57 TextCluster7_SVD58 TextCluster7_SVD59 TextCluster7_SVD6
11707     TextCluster7_SVD60 TextCluster7_SVD61 TextCluster7_SVD62 TextCluster7_SVD63
11708     TextCluster7_SVD64 TextCluster7_SVD65 TextCluster7_SVD66 TextCluster7_SVD67
11709     TextCluster7_SVD68 TextCluster7_SVD69 TextCluster7_SVD7 TextCluster7_SVD8
11710     TextCluster7_SVD9
11711  %mend INTINPUTS;
11712  *------------------------------------------------------------* ;
11713  * Neural4: Binary Inputs Macro ;
11714  *------------------------------------------------------------* ;
11715  %macro BININPUTS;
11716  
11717  %mend BININPUTS;
11718  *------------------------------------------------------------* ;
11719  * Neural4: Nominal Inputs Macro ;
11720  *------------------------------------------------------------* ;
11721  %macro NOMINPUTS;
11722  
11723  %mend NOMINPUTS;
11724  *------------------------------------------------------------* ;
11725  * Neural4: Ordinal Inputs Macro ;
11726  *------------------------------------------------------------* ;
11727  %macro ORDINPUTS;
11728  
11729  %mend ORDINPUTS;
11730  *------------------------------------------------------------*;
11731  * Neural Network Training;
11732  ;
11733  *------------------------------------------------------------*;
11734  proc neural data=EM_Neural4 dmdbcat=WORK.Neural4_DMDB
11735  validdata = EMWS3.TextCluster7_VALIDATE
11736  random=12345
11737  ;
11738  nloptions
11739  ;
11740  performance alldetails noutilfile;
11741  netopts
11742  decay=0;
11743  input %INTINPUTS / level=interval id=intvl
11744  ;
11745  target Category / level=NOMINAL id=Category
11746  bias
11747  ;
11748  arch MLP
11749  Hidden=3
11750  ;
11751  Prelim 5 preiter=10
11752  pretime=3600
11753  Outest=EMWS3.Neural4_PRELIM_OUTEST
11754  ;
NOTE:  Synchronizing the objectives and the Solution.
NOTE: QUANEW Optimization cannot be completed.
NOTE: QUANEW needs more than 10 iterations or 2147483647 function calls.
NOTE: QUANEW Optimization cannot be completed.
NOTE: QUANEW needs more than 10 iterations or 2147483647 function calls.
NOTE: QUANEW Optimization cannot be completed.
NOTE: QUANEW needs more than 10 iterations or 2147483647 function calls.
NOTE: QUANEW Optimization cannot be completed.
NOTE: QUANEW needs more than 10 iterations or 2147483647 function calls.
NOTE: QUANEW Optimization cannot be completed.
NOTE: QUANEW needs more than 10 iterations or 2147483647 function calls.
NOTE: The data set EMWS3.NEURAL4_PRELIM_OUTEST has 11 observations and 269 variables.
11755  save network=EMWS3.Neural4_NETWORK.dm_neural;
NOTE: Entry EMWS3.NEURAL4_NETWORK.DM_NEURAL has been opened.
NOTE: Entry EMWS3.NEURAL4_NETWORK.DM_NEURAL has been closed.
11756  train Maxiter=50
11757  maxtime=14400
11758  Outest=EMWS3.Neural4_outest estiter=1
11759  Outfit=EMWS3.Neural4_OUTFIT
11760  ;
WARNING: QUANEW Optimization cannot be completed.
NOTE: QUANEW needs more than 50 iterations or 2147483647 function calls.
NOTE: The data set EMWS3.NEURAL4_OUTEST has 53 observations and 269 variables.
NOTE: The data set EMWS3.NEURAL4_OUTFIT has 104 observations and 36 variables.
11761  run;

NOTE: The data set WORK.EM_NEURAL4 has 674 observations and 70 variables.
NOTE: The data set EMWS3.TEXTCLUSTER7_VALIDATE has 405 observations and 80 variables.
NOTE: Closing the Neural Application.
NOTE: The PROCEDURE NEURAL printed pages 4-7.
NOTE: PROCEDURE NEURAL used (Total process time):
      real time           0.47 seconds
      cpu time            0.31 seconds
      

11762  quit;

11763  proc sort data=EMWS3.Neural4_OUTFIT(where=(_iter_ ne . and _NAME_="OVERALL")) out=fit_Neural4;
11764  by _VAVERR_;
11765  run;

NOTE: There were 52 observations read from the data set EMWS3.NEURAL4_OUTFIT.
      WHERE (_iter_ not = .) and (_NAME_='OVERALL');
NOTE: The data set WORK.FIT_NEURAL4 has 52 observations and 36 variables.
NOTE: PROCEDURE SORT used (Total process time):
      real time           0.00 seconds
      cpu time            0.00 seconds
      

11766  %GLOBAL ITER;
11767  data _null_;
11768  set fit_Neural4(obs=1);
11769  call symput('ITER',put(_ITER_, 6.));
11770  run;

NOTE: There were 1 observations read from the data set WORK.FIT_NEURAL4.
NOTE: DATA statement used (Total process time):
      real time           0.00 seconds
      cpu time            0.00 seconds
      

11771  data EMWS3.Neural4_INITIAL;
11772  set EMWS3.Neural4_outest(where=(_ITER_ eq &ITER and _OBJ_ ne .));
11773  run;

NOTE: There were 1 observations read from the data set EMWS3.NEURAL4_OUTEST.
      WHERE (_ITER_=37) and (_OBJ_ not = .);
NOTE: The data set EMWS3.NEURAL4_INITIAL has 1 observations and 269 variables.
NOTE: DATA statement used (Total process time):
      real time           0.01 seconds
      cpu time            0.00 seconds
      

11774  *------------------------------------------------------------*;
11775  * Neural Network Model Selection;
11776  ;
11777  *------------------------------------------------------------*;
11778  proc neural data=EM_Neural4 dmdbcat=WORK.Neural4_DMDB
11779  validdata = EMWS3.TextCluster7_VALIDATE
11780  network = EMWS3.Neural4_NETWORK.dm_neural
11781  random=12345
11782  ;
NOTE: Entry EMWS3.NEURAL4_NETWORK.DM_NEURAL has been opened.
NOTE: Entry EMWS3.NEURAL4_NETWORK.DM_NEURAL has been closed.
11783  nloptions noprint;
11784  performance alldetails noutilfile;
11785  initial inest=EMWS3.Neural4_INITIAL;
NOTE: The data set EMWS3.NEURAL4_INITIAL has 1 observations and 269 variables.
11786  train tech=NONE;
NOTE: No optimization performed.
11787  code file="C:\Users\lahar\OneDrive\Desktop\Data Mining\Resume\Workspaces\EMWS3\Neural4\SCORECODE.sas"
11788  group=Neural4
11789  ;
NOTE: External file C:\Users\lahar\OneDrive\Desktop\Data Mining\Resume\Workspaces\EMWS3\Neural4\SCORECODE.sas opened.
11790  ;
11791  code file="C:\Users\lahar\OneDrive\Desktop\Data Mining\Resume\Workspaces\EMWS3\Neural4\RESIDUALSCORECODE.sas"
11792  group=Neural4
11793  residual
11794  ;
NOTE: External file C:\Users\lahar\OneDrive\Desktop\Data Mining\Resume\Workspaces\EMWS3\Neural4\RESIDUALSCORECODE.sas opened.
11795  ;
11796  score data=EMWS3.TextCluster7_TRAIN out=_NULL_
11797  outfit=WORK.FIT1
11798  role=TRAIN
11799  outkey=EMWS3.Neural4_OUTKEY;
NOTE: The data set EMWS3.NEURAL4_OUTKEY has 124 observations and 8 variables.
NOTE: The data set EMWS3.TEXTCLUSTER7_TRAIN has 674 observations and 80 variables.
NOTE: The data set WORK.FIT1 has 2 observations and 23 variables.
11800  score data=EMWS3.TextCluster7_VALIDATE out=_NULL_
11801  outfit=WORK.FIT2
11802  role=VALID
11803  outkey=EMWS3.Neural4_OUTKEY;
NOTE: The data set EMWS3.NEURAL4_OUTKEY has 124 observations and 8 variables.
NOTE: The data set EMWS3.TEXTCLUSTER7_VALIDATE has 405 observations and 80 variables.
NOTE: The data set WORK.FIT2 has 2 observations and 15 variables.
11804  score data=EMWS3.TextCluster7_TEST out=_NULL_
11805  outfit=WORK.FIT3
11806  role=TEST
11807  outkey=EMWS3.Neural4_OUTKEY;
NOTE: The data set EMWS3.NEURAL4_OUTKEY has 124 observations and 8 variables.
NOTE: The data set EMWS3.TEXTCLUSTER7_TEST has 274 observations and 80 variables.
NOTE: The data set WORK.FIT3 has 2 observations and 17 variables.
11808  run;

NOTE: The data set WORK.EM_NEURAL4 has 674 observations and 70 variables.
NOTE: The data set EMWS3.TEXTCLUSTER7_VALIDATE has 405 observations and 80 variables.
NOTE: Closing the Neural Application.
NOTE: PROCEDURE NEURAL used (Total process time):
      real time           0.06 seconds
      cpu time            0.04 seconds
      

11809  quit;
11810  data EMWS3.Neural4_OUTFIT;
11811  merge WORK.FIT1 WORK.FIT2 WORK.FIT3;
11812  run;

NOTE: There were 2 observations read from the data set WORK.FIT1.
NOTE: There were 2 observations read from the data set WORK.FIT2.
NOTE: There were 2 observations read from the data set WORK.FIT3.
NOTE: The data set EMWS3.NEURAL4_OUTFIT has 2 observations and 51 variables.
NOTE: DATA statement used (Total process time):
      real time           0.01 seconds
      cpu time            0.00 seconds
      

11813  data EMWS3.Neural4_EMESTIMATE;
11814  set EMWS3.Neural4_outest;
11815  if _type_ ^in('HESSIAN' 'GRAD');
11816  run;

NOTE: There were 53 observations read from the data set EMWS3.NEURAL4_OUTEST.
NOTE: The data set EMWS3.NEURAL4_EMESTIMATE has 52 observations and 269 variables.
NOTE: DATA statement used (Total process time):
      real time           0.00 seconds
      cpu time            0.01 seconds
      

11817  proc datasets lib=work nolist;
11818  delete EM_Neural4;
11819  run;

NOTE: Deleting WORK.EM_NEURAL4 (memtype=DATA).
11820  quit;

NOTE: PROCEDURE DATASETS used (Total process time):
      real time           0.00 seconds
      cpu time            0.00 seconds
      

11821  data EMWS3.Neural4_PLOTDS(where=(_iter_ ne . and _NAME_="OVERALL"));
11822  set fit_Neural4;
11823  attrib _ITER_ label="%sysfunc(sasmsg(sashelp.dmine, rpt_trainiterations_vlabel  , NOQUOTE))";
11824  attrib _NAME_ label="%sysfunc(sasmsg(sashelp.dmine, rpt_varsel_label_name  , NOQUOTE))";
11825  run;

NOTE: There were 52 observations read from the data set WORK.FIT_NEURAL4.
NOTE: The data set EMWS3.NEURAL4_PLOTDS has 52 observations and 36 variables.
NOTE: DATA statement used (Total process time):
      real time           0.00 seconds
      cpu time            0.00 seconds
      

11826  proc sort data=EMWS3.Neural4_PLOTDS;
11827  by _ITER_;
11828  run;

NOTE: There were 52 observations read from the data set EMWS3.NEURAL4_PLOTDS.
NOTE: The data set EMWS3.NEURAL4_PLOTDS has 52 observations and 36 variables.
NOTE: PROCEDURE SORT used (Total process time):
      real time           0.00 seconds
      cpu time            0.00 seconds
      

11829  data tempweight (drop= _tech_ _decay_ _seed_ _nobj_ _obj_ _objerr_ _averr_ _p_num_ where=(_type_ eq "PARMS" and _iter_ eq 37) );
11830  set EMWS3.Neural4_EMESTIMATE;
11831  run;

NOTE: There were 52 observations read from the data set EMWS3.NEURAL4_EMESTIMATE.
NOTE: The data set WORK.TEMPWEIGHT has 1 observations and 261 variables.
NOTE: DATA statement used (Total process time):
      real time           0.00 seconds
      cpu time            0.01 seconds
      

11832  proc sort;
11833  by _name_;
11834  run;

NOTE: There were 1 observations read from the data set WORK.TEMPWEIGHT.
NOTE: The data set WORK.TEMPWEIGHT has 1 observations and 261 variables.
NOTE: PROCEDURE SORT used (Total process time):
      real time           0.01 seconds
      cpu time            0.00 seconds
      

11835  proc transpose data=tempweight out=EMWS3.Neural4_WEIGHTDS;
11836  by _name_;
11837  run;

NOTE: There were 1 observations read from the data set WORK.TEMPWEIGHT.
NOTE: The data set EMWS3.NEURAL4_WEIGHTDS has 259 observations and 3 variables.
NOTE: PROCEDURE TRANSPOSE used (Total process time):
      real time           0.02 seconds
      cpu time            0.00 seconds
      

11838  data EMWS3.Neural4_WEIGHTDS;
11839  set EMWS3.Neural4_WEIGHTDS;
11840  FROM = trim(left(scan(_LABEL_, 1, '->')));
11841  TO = trim(left(scan(_LABEL_, 2, '>')));
11842  WEIGHT = COL1;
11843  if (TO eq '') or (FROM eq '') then delete;
11844  label _LABEL_ ="%sysfunc(sasmsg(sashelp.dmine, meta_label_vlabel  , NOQUOTE))" FROM = "%sysfunc(sasmsg(sashelp.dmine, rpt_from_vlabel  , NOQUOTE))" TO = "%sysfunc(sasmsg(sashelp.dmine, rpt_into_vlabel  , NOQUOTE))" WEIGHT =
11845     "%sysfunc(sasmsg(sashelp.dmine, rpt_weight_vlabel  , NOQUOTE))";
11846  keep FROM TO WEIGHT _LABEL_;
11847  run;

NOTE: There were 259 observations read from the data set EMWS3.NEURAL4_WEIGHTDS.
NOTE: The data set EMWS3.NEURAL4_WEIGHTDS has 254 observations and 4 variables.
NOTE: DATA statement used (Total process time):
      real time           0.01 seconds
      cpu time            0.01 seconds
      

11848  proc sort data=EMWS3.Neural4_WEIGHTDS nodupkey;
11849  by _LABEL_;
11850  run;

NOTE: There were 254 observations read from the data set EMWS3.NEURAL4_WEIGHTDS.
NOTE: 0 observations with duplicate key values were deleted.
NOTE: The data set EMWS3.NEURAL4_WEIGHTDS has 254 observations and 4 variables.
NOTE: PROCEDURE SORT used (Total process time):
      real time           0.01 seconds
      cpu time            0.00 seconds
      

