 
                                                                                                                                                                                                                                                                
 
Variable Importance

                                                                                         Ratio of
                               Number of                                               Validation
                               Splitting                            Validation        to Training
  Variable Name       Label      Rules           Importance         Importance         Importance

TextCluster11_SVD3                 2                 1.0000             1.0000             1.0000
TextCluster11_SVD6                 1                 0.7033             0.7140             1.0151
TextCluster11_SVD8                 1                 0.6752             0.6762             1.0015
TextCluster11_SVD2                 1                 0.6079             0.6684             1.0995
TextCluster11_SVD5                 1                 0.5107             0.4854             0.9504
TextCluster11_SVD9                 1                 0.1947             0.2342             1.2029
 
                                                                                                                                                                                                                                                                
 
Tree Leaf Report

                                 Training                    Validation
Node               Training       Percent     Validation       Percent
 Id     Depth    Observations     TEACHER    Observations      TEACHER

 18       6           324          0.02           182           0.01   
 17       5            86          0.00            52           0.00   
 19       6            60          0.02            30           0.00   
  3       1            57          0.00            37           0.00   
 10       3            51          0.84            39           0.72   
 15       4            46          0.00            31           0.00   
  8       3            45          0.00            30           0.07   
  9       3             5          0.00             4           0.00   
 
                                                                                                                                                                                                                                                                
 
 
Fit Statistics

Target=Category Target Label=Category

   Fit
Statistics    Statistics Label                Train    Validation       Test

  _NOBS_      Sum of Frequencies             674.00       405.00      274.00
  _MISC_      Misclassification Rate           0.53         0.54        0.53
  _MAX_       Maximum Absolute Error           0.99         1.00        1.00
  _SSE_       Sum of Squared Errors          416.45       261.48      173.80
  _ASE_       Average Squared Error            0.05         0.05        0.05
  _RASE_      Root Average Squared Error       0.23         0.23        0.23
  _DIV_       Divisor for ASE               8088.00      4860.00     3288.00
  _DFT_       Total Degrees of Freedom      7414.00          .           .  
 
                                                                                                                                                                                                                                                                
 
 
Classification Table

Data Role=TRAIN Target Variable=Category Target Label=Category

                                                      Target        Outcome     Frequency       Total
Target                    Outcome                   Percentage    Percentage      Count      Percentage

BUSINESS-DEVELOPMENT      DESIGNER                     2.2222        1.6667          1         0.14837 
DESIGNER                  DESIGNER                    93.3333       79.2453         42         6.23145 
SALES                     DESIGNER                     4.4444        3.4483          2         0.29674 
BUSINESS-DEVELOPMENT      DIGITAL-MEDIA               10.7692       11.6667          7         1.03858 
CONSULTANT                DIGITAL-MEDIA                9.2308       10.5263          6         0.89021 
DESIGNER                  DIGITAL-MEDIA                4.6154        5.6604          3         0.44510 
DIGITAL-MEDIA             DIGITAL-MEDIA               58.4615       80.8511         38         5.63798 
HEALTHCARE                DIGITAL-MEDIA                3.0769        3.5088          2         0.29674 
HR                        DIGITAL-MEDIA                3.0769        3.6364          2         0.29674 
INFORMATION-TECHNOLOGY    DIGITAL-MEDIA                1.5385        1.6949          1         0.14837 
OTHER                     DIGITAL-MEDIA                7.6923        7.9365          5         0.74184 
TEACHER                   DIGITAL-MEDIA                1.5385        2.0000          1         0.14837 
ADVOCATE                  FITNESS                      6.5217        5.2632          3         0.44510 
BUSINESS-DEVELOPMENT      FITNESS                      2.1739        1.6667          1         0.14837 
FITNESS                   FITNESS                     89.1304       70.6897         41         6.08309 
OTHER                     FITNESS                      2.1739        1.5873          1         0.14837 
ADVOCATE                  HR                           3.5088        3.5088          2         0.29674 
BUSINESS-DEVELOPMENT      HR                           1.7544        1.6667          1         0.14837 
CONSULTANT                HR                           1.7544        1.7544          1         0.14837 
FITNESS                   HR                           1.7544        1.7241          1         0.14837 
HEALTHCARE                HR                           3.5088        3.5088          2         0.29674 
HR                        HR                          85.9649       89.0909         49         7.27003 
OTHER                     HR                           1.7544        1.5873          1         0.14837 
ADVOCATE                  INFORMATION-TECHNOLOGY       2.3256        3.5088          2         0.29674 
BUSINESS-DEVELOPMENT      INFORMATION-TECHNOLOGY       1.1628        1.6667          1         0.14837 
CONSULTANT                INFORMATION-TECHNOLOGY      23.2558       35.0877         20         2.96736 
DESIGNER                  INFORMATION-TECHNOLOGY       1.1628        1.8868          1         0.14837 
DIGITAL-MEDIA             INFORMATION-TECHNOLOGY       4.6512        8.5106          4         0.59347 
HEALTHCARE                INFORMATION-TECHNOLOGY       3.4884        5.2632          3         0.44510 
INFORMATION-TECHNOLOGY    INFORMATION-TECHNOLOGY      58.1395       84.7458         50         7.41840 
OTHER                     INFORMATION-TECHNOLOGY       4.6512        6.3492          4         0.59347 
SALES                     INFORMATION-TECHNOLOGY       1.1628        1.7241          1         0.14837 
ADVOCATE                  SALES                       14.5062       82.4561         47         6.97329 
BUSINESS-DEVELOPMENT      SALES                       15.1235       81.6667         49         7.27003 
CONSULTANT                SALES                        9.2593       52.6316         30         4.45104 
DESIGNER                  SALES                        2.1605       13.2075          7         1.03858 
DIGITAL-MEDIA             SALES                        1.5432       10.6383          5         0.74184 
FITNESS                   SALES                        4.0123       22.4138         13         1.92878 
HEALTHCARE                SALES                       15.1235       85.9649         49         7.27003 
HR                        SALES                        1.2346        7.2727          4         0.59347 
INFORMATION-TECHNOLOGY    SALES                        2.1605       11.8644          7         1.03858 
OTHER                     SALES                       16.0494       82.5397         52         7.71513 
SALES                     SALES                       16.9753       94.8276         55         8.16024 
TEACHER                   SALES                        1.8519       12.0000          6         0.89021 
ADVOCATE                  TEACHER                      5.8824        5.2632          3         0.44510 
FITNESS                   TEACHER                      5.8824        5.1724          3         0.44510 
HEALTHCARE                TEACHER                      1.9608        1.7544          1         0.14837 
INFORMATION-TECHNOLOGY    TEACHER                      1.9608        1.6949          1         0.14837 
TEACHER                   TEACHER                     84.3137       86.0000         43         6.37982 


Data Role=VALIDATE Target Variable=Category Target Label=Category

                                                      Target        Outcome     Frequency       Total
Target                    Outcome                   Percentage    Percentage      Count      Percentage

DESIGNER                  DESIGNER                    86.6667       83.8710         26         6.41975 
SALES                     DESIGNER                     6.6667        5.8824          2         0.49383 
TEACHER                   DESIGNER                     6.6667        6.4516          2         0.49383 
ADVOCATE                  DIGITAL-MEDIA                2.9412        2.8571          1         0.24691 
BUSINESS-DEVELOPMENT      DIGITAL-MEDIA                8.8235        8.3333          3         0.74074 
CONSULTANT                DIGITAL-MEDIA               17.6471       17.1429          6         1.48148 
DESIGNER                  DIGITAL-MEDIA                5.8824        6.4516          2         0.49383 
DIGITAL-MEDIA             DIGITAL-MEDIA               55.8824       65.5172         19         4.69136 
HR                        DIGITAL-MEDIA                2.9412        3.1250          1         0.24691 
SALES                     DIGITAL-MEDIA                5.8824        5.8824          2         0.49383 
CONSULTANT                FITNESS                      3.2258        2.8571          1         0.24691 
DESIGNER                  FITNESS                      3.2258        3.2258          1         0.24691 
DIGITAL-MEDIA             FITNESS                      3.2258        3.4483          1         0.24691 
FITNESS                   FITNESS                     80.6452       71.4286         25         6.17284 
HEALTHCARE                FITNESS                      3.2258        3.0303          1         0.24691 
OTHER                     FITNESS                      3.2258        2.6316          1         0.24691 
SALES                     FITNESS                      3.2258        2.9412          1         0.24691 
BUSINESS-DEVELOPMENT      HR                           2.7027        2.7778          1         0.24691 
CONSULTANT                HR                           5.4054        5.7143          2         0.49383 
DIGITAL-MEDIA             HR                           2.7027        3.4483          1         0.24691 
FITNESS                   HR                           2.7027        2.8571          1         0.24691 
HEALTHCARE                HR                           8.1081        9.0909          3         0.74074 
HR                        HR                          78.3784       90.6250         29         7.16049 
ADVOCATE                  INFORMATION-TECHNOLOGY       1.9231        2.8571          1         0.24691 
BUSINESS-DEVELOPMENT      INFORMATION-TECHNOLOGY       3.8462        5.5556          2         0.49383 
CONSULTANT                INFORMATION-TECHNOLOGY      13.4615       20.0000          7         1.72840 
DIGITAL-MEDIA             INFORMATION-TECHNOLOGY       7.6923       13.7931          4         0.98765 
HEALTHCARE                INFORMATION-TECHNOLOGY       1.9231        3.0303          1         0.24691 
INFORMATION-TECHNOLOGY    INFORMATION-TECHNOLOGY      63.4615       91.6667         33         8.14815 
OTHER                     INFORMATION-TECHNOLOGY       5.7692        7.8947          3         0.74074 
SALES                     INFORMATION-TECHNOLOGY       1.9231        2.9412          1         0.24691 
ADVOCATE                  SALES                       17.0330       88.5714         31         7.65432 
BUSINESS-DEVELOPMENT      SALES                       16.4835       83.3333         30         7.40741 
CONSULTANT                SALES                       10.4396       54.2857         19         4.69136 
DESIGNER                  SALES                        1.0989        6.4516          2         0.49383 
DIGITAL-MEDIA             SALES                        2.1978       13.7931          4         0.98765 
FITNESS                   SALES                        3.8462       20.0000          7         1.72840 
HEALTHCARE                SALES                       14.8352       81.8182         27         6.66667 
HR                        SALES                        1.0989        6.2500          2         0.49383 
INFORMATION-TECHNOLOGY    SALES                        1.0989        5.5556          2         0.49383 
OTHER                     SALES                       16.4835       78.9474         30         7.40741 
SALES                     SALES                       14.8352       79.4118         27         6.66667 
TEACHER                   SALES                        0.5495        3.2258          1         0.24691 
ADVOCATE                  TEACHER                      5.1282        5.7143          2         0.49383 
FITNESS                   TEACHER                      5.1282        5.7143          2         0.49383 
HEALTHCARE                TEACHER                      2.5641        3.0303          1         0.24691 
INFORMATION-TECHNOLOGY    TEACHER                      2.5641        2.7778          1         0.24691 
OTHER                     TEACHER                     10.2564       10.5263          4         0.98765 
SALES                     TEACHER                      2.5641        2.9412          1         0.24691 
TEACHER                   TEACHER                     71.7949       90.3226         28         6.91358 
 
                                                                                                                                                                                                                                                                
 
 
Event Classification Table

Data Role=TRAIN Target=Category Target Label=Category

  False       True        False       True
Negative    Negative    Positive    Positive

    7          616          8          43   


Data Role=VALIDATE Target=Category Target Label=Category

  False       True        False       True
Negative    Negative    Positive    Positive

    3          363         11          28   
 
                                                                                                                                                                                                                                                                
 
 
Assessment Score Rankings

Data Role=TRAIN Target Variable=Category Target Label=Category

                                                                                           Mean
                               Cumulative        %       Cumulative      Number of      Posterior
Depth       Gain      Lift        Lift       Response    % Response    Observations    Probability

   5     1036.55    11.3655      11.3655      84.3137      84.3137          34           0.84314  
  10      758.65     5.8076       8.5865      43.0828      63.6983          34           0.43083  
  15      480.76     0.2496       5.8076       1.8519      43.0828          34           0.01852  
  20      344.90     0.2496       4.4490       1.8519      33.0041          33           0.01852  
  25      260.41     0.2496       3.6041       1.8519      26.7368          34           0.01852  
  30      204.23     0.2496       3.0423       1.8519      22.5689          34           0.01852  
  35      165.18     0.2496       2.6518       1.8519      19.6720          33           0.01852  
  40      134.93     0.2496       2.3493       1.8519      17.4280          34           0.01852  
  45      111.45     0.2496       2.1145       1.8519      15.6859          34           0.01852  
  50       93.19     0.2496       1.9319       1.8519      14.3312          33           0.01852  
  55       77.77     0.2496       1.7777       1.8519      13.1876          34           0.01852  
  60       64.76     0.2276       1.6476       1.6885      12.2222          34           0.01688  
  65       53.53     0.1982       1.5353       1.4706      11.3895          34           0.01471  
  70       42.80     0.0000       1.4280       0.0000      10.5932          33           0.00000  
  75       33.20     0.0000       1.3320       0.0000       9.8814          34           0.00000  
  80       24.81     0.0000       1.2481       0.0000       9.2593          34           0.00000  
  85       17.63     0.0000       1.1763       0.0000       8.7260          33           0.00000  
  90       11.04     0.0000       1.1104       0.0000       8.2372          34           0.00000  
  95        5.15     0.0000       1.0515       0.0000       7.8003          34           0.00000  
 100        0.00     0.0000       1.0000       0.0000       7.4184          33           0.00000  


Data Role=VALIDATE Target Variable=Category Target Label=Category

                                                                                           Mean
                               Cumulative        %       Cumulative      Number of      Posterior
Depth       Gain      Lift        Lift       Response    % Response    Observations    Probability

   5     837.965    9.37965      9.37965      71.7949      71.7949          21           0.84314  
  10     792.561    8.44887      8.92561      64.6703      68.3195          20           0.76068  
  15     502.272    0.07178      6.02272       0.5495      46.0998          20           0.01852  
  20     355.335    0.07178      4.55335       0.5495      34.8528          20           0.01852  
  25     263.067    0.07178      3.63067       0.5495      27.7903          21           0.01852  
  30     204.725    0.07178      3.04725       0.5495      23.3246          20           0.01852  
  35     162.817    0.07178      2.62817       0.5495      20.1169          20           0.01852  
  40     131.257    0.07178      2.31257       0.5495      17.7011          20           0.01852  
  45     105.543    0.07178      2.05543       0.5495      15.7329          21           0.01852  
  50      85.999    0.07178      1.85999       0.5495      14.2370          20           0.01852  
  55      69.897    0.06460      1.69897       0.4945      13.0045          20           0.01833  
  60      55.914    0.00000      1.55914       0.0000      11.9342          20           0.01667  
  65      44.347    0.10503      1.44347       0.8040      11.0488          21           0.00635  
  70      35.377    0.16967      1.35377       1.2987      10.3622          20           0.00000  
  75      27.587    0.16967      1.27587       1.2987       9.7659          20           0.00000  
  80      20.758    0.16967      1.20758       1.2987       9.2432          20           0.00000  
  85      14.441    0.16967      1.14441       1.2987       8.7596          21           0.00000  
  90       9.100    0.16967      1.09100       1.2987       8.3508          20           0.00000  
  95       4.313    0.16967      1.04313       1.2987       7.9845          20           0.00000  
 100       0.000    0.16967      1.00000       1.2987       7.6543          20           0.00000  
 
                                                                                                                                                                                                                                                                
 
 
Assessment Score Distribution

Data Role=TRAIN Target Variable=Category Target Label=Category

 Posterior     Number                     Mean
Probability      of      Number of     Posterior
   Range       Events    Nonevents    Probability    Percentage

 0.80-0.85       43           8         0.84314         7.5668 
 0.00-0.05        7         616         0.01124        92.4332 


Data Role=VALIDATE Target Variable=Category Target Label=Category

 Posterior     Number                     Mean
Probability      of      Number of     Posterior
   Range       Events    Nonevents    Probability    Percentage

 0.80-0.85       28          11         0.84314         9.6296 
 0.00-0.05        3         363         0.01057        90.3704 
