*------------------------------------------------------------*
* Training Log
Date:                November 23, 2023
Time:                22:13:20
*------------------------------------------------------------*
11433  proc freq data=EMWS3.Neural9_VariableSet noprint;
11434  table ROLE*LEVEL/out=WORK.Neural9META;
11435  run;

NOTE: There were 109 observations read from the data set EMWS3.NEURAL9_VARIABLESET.
NOTE: The data set WORK.NEURAL9META has 3 observations and 4 variables.
NOTE: PROCEDURE FREQ used (Total process time):
      real time           0.05 seconds
      cpu time            0.01 seconds
      

11436  proc print data=WORK.Neural9META label noobs;
11437  var ROLE LEVEL COUNT;
11438  label ROLE = "%sysfunc(sasmsg(sashelp.dmine, meta_role_vlabel, NOQUOTE))" LEVEL = "%sysfunc(sasmsg(sashelp.dmine, meta_level_vlabel, NOQUOTE))" COUNT = "%sysfunc(sasmsg(sashelp.dmine, rpt_count_vlabel, NOQUOTE))";
11439  title9 ' ';
11440  title10 "%sysfunc(sasmsg(sashelp.dmine, rpt_varSummary_title  , NOQUOTE))";
11441  run;

NOTE: There were 3 observations read from the data set WORK.NEURAL9META.
NOTE: The PROCEDURE PRINT printed page 1.
NOTE: PROCEDURE PRINT used (Total process time):
      real time           0.01 seconds
      cpu time            0.00 seconds
      

11442  title10;

11443  %let EMNORLEN = %DMNORLEN;
EMWS3.TextCluster12_TRAIN EMWS3.TextCluster12_TRAIN 
EMWS3.TextCluster12_TRAIN EMWS3.TextCluster12_TRAIN EMWS3 TextCluster12_TRAIN 
EMWS3.TextCluster12_TRAIN EMWS3.TextCluster12_TRAIN 
EMWS3.TextCluster12_TRAIN EMWS3.TextCluster12_TRAIN EMWS3 TextCluster12_TRAIN 
Executing  SASHELP.EMCORE.EMINFOITERATOR.SCL _INIT >> 
Executing  SASHELP.EMCORE.EMINFOITERATOR.SCL setMetaData >> 
Executing  SASHELP.EMCORE.EMINFOITERATOR.SCL next >> 
Executing  SASHELP.EMCORE.EMINFOITERATOR.SCL setMetaData >> 
Executing  SASHELP.EMCORE.EMINFOITERATOR.SCL next >> 
Executing  SASHELP.EMCORE.EMINFOITERATOR.SCL _term >> 
11490  data WORK.Neural9_EVENT(KEEP=VARIABLE LABEL LEVEL EVENT NUMLEVELS ORDER);
11491  length ORDER $20;
11492  label VARIABLE = "%sysfunc(sasmsg(sashelp.dmine, rpt_target_vlabel,  NOQUOTE))" EVENT = "%sysfunc(sasmsg(sashelp.dmine, assmt_event_vlabel, NOQUOTE))" NUMLEVELS = "%sysfunc(sasmsg(sashelp.dmine, rpt_numcat_vlabel, NOQUOTE))" LEVEL =
11493     "%sysfunc(sasmsg(sashelp.dmine, meta_level_vlabel, NOQUOTE))" ORDER = "%sysfunc(sasmsg(sashelp.dmine, meta_order_vlabel, NOQUOTE))" LABEL = "%sysfunc(sasmsg(sashelp.dmine, meta_label_vlabel, NOQUOTE))";
11494  set EMWS3.NEURAL9_CATEGORY_DM( where=(_TYPE_="TARGET"));
11495  NumLevels=12;
11496  select(upcase(ORDER));
11497  when('DESC') ORDER = 'Descending';
11498  when('ASC') ORDER = 'Ascending';
11499  when('FMTDESC') ORDER = 'Formatted Descending';
11500  when('FMTASC') ORDER = 'Formatted Ascending';
11501  otherwise ORDER = 'Descending';
11502  end;
11503  output;
11504  run;

NOTE: There were 1 observations read from the data set EMWS3.NEURAL9_CATEGORY_DM.
      WHERE _TYPE_='TARGET';
NOTE: The data set WORK.NEURAL9_EVENT has 1 observations and 6 variables.
NOTE: DATA statement used (Total process time):
      real time           0.01 seconds
      cpu time            0.00 seconds
      

11505  title9 ' ';
11506  proc print data=WORK.Neural9_EVENT noobs label;
11507  var VARIABLE EVENT LEVEL NUMLEVELS ORDER LABEL;
11508  title9 ' ';
11509  title10 "%sysfunc(sasmsg(sashelp.dmine, rpt_modelEvent_title  , NOQUOTE))";
11510  run;

NOTE: There were 1 observations read from the data set WORK.NEURAL9_EVENT.
NOTE: The PROCEDURE PRINT printed page 2.
NOTE: PROCEDURE PRINT used (Total process time):
      real time           0.00 seconds
      cpu time            0.00 seconds
      

11511  title10;

"No decisions defined for target "Category"." 
11512  proc print data = EMWS3.Neural9_Category_DM noobs label;
11513  var _type_ variable label;
11514  where _type_ ^in('MATRIX', 'DECISION', 'TRAINPRIOR', 'DATAPRIOR', 'DECPRIOR');
11515  label _TYPE_ = "%sysfunc(sasmsg(sashelp.dmine, rpt_type_vlabel,     NOQUOTE))" VARIABLE = "%sysfunc(sasmsg(sashelp.dmine, rpt_variable_vlabel, NOQUOTE))" LABEL = "%sysfunc(sasmsg(sashelp.dmine, meta_label_vlabel, NOQUOTE))";
11516  title9 ' ';
11517  title10 "%sysfunc(sasmsg(sashelp.dmine, rpt_predDecVars_title  , NOQUOTE))";
11518  run;

NOTE: There were 27 observations read from the data set EMWS3.NEURAL9_CATEGORY_DM.
      WHERE _type_ not in ('DATAPRIOR', 'DECISION', 'DECPRIOR', 'MATRIX', 'TRAINPRIOR');
NOTE: The PROCEDURE PRINT printed page 3.
NOTE: PROCEDURE PRINT used (Total process time):
      real time           0.00 seconds
      cpu time            0.00 seconds
      

11519  title10;

11529  data WORK.M32802O3;
11530  set WORK.M32802O3 end=eof;
11531  output;
11532  if eof then do;
11533  NAME="";
11534  ROLE="COST";
11535  LEVEL="INTERVAL";
11536  TYPE="N";
11537  output;
11538  end;
11539  run;

NOTE: There were 101 observations read from the data set WORK.M32802O3.
NOTE: The data set WORK.M32802O3 has 102 observations and 21 variables.
NOTE: DATA statement used (Total process time):
      real time           0.00 seconds
      cpu time            0.00 seconds
      

NOTE: There were 12 observations read from the data set EMWS3.NEURAL9_CATEGORY_DD.
NOTE: The data set WORK.CATEGORY has 12 observations and 17 variables.
NOTE: There were 12 observations read from the data set EMWS3.NEURAL9_CATEGORY_DD.
NOTE: The data set WORK.CATEGORY has 12 observations and 17 variables.
11540  *------------------------------------------------------------*;
11541  * Neural9: Create decision matrix;
11542  *------------------------------------------------------------*;
11543  data WORK.Category;
11544    length   Category                         $  32
11545             COUNT                                8
11546             DATAPRIOR                            8
11547             TRAINPRIOR                           8
11548             DECPRIOR                             8
11549             DECISION1                            8
11550             DECISION2                            8
11551             DECISION3                            8
11552             DECISION4                            8
11553             DECISION5                            8
11554             DECISION6                            8
11555             DECISION7                            8
11556             DECISION8                            8
11557             DECISION9                            8
11558             DECISION10                           8
11559             DECISION11                           8
11560             DECISION12                           8
11561             ;
11562  
11563    label    COUNT="Level Counts"
11564             DATAPRIOR="Data Proportions"
11565             TRAINPRIOR="Training Proportions"
11566             DECPRIOR="Decision Priors"
11567             DECISION1="TEACHER"
11568             DECISION2="SALES"
11569             DECISION3="OTHER"
11570             DECISION4="INFORMATION-TECHNOLOGY"
11571             DECISION5="HR"
11572             DECISION6="HEALTHCARE"
11573             DECISION7="FITNESS"
11574             DECISION8="DIGITAL-MEDIA"
11575             DECISION9="DESIGNER"
11576             DECISION10="CONSULTANT"
11577             DECISION11="BUSINESS-DEVELOPMENT"
11578             DECISION12="ADVOCATE"
11579             ;
11580    format   COUNT 10.
11581             ;
11582  Category="TEACHER"; COUNT=50; DATAPRIOR=0.0741839763; TRAINPRIOR=0.07418397626112; DECPRIOR=.; DECISION1=1; DECISION2=0; DECISION3=0; DECISION4=0; DECISION5=0; DECISION6=0; DECISION7=0; DECISION8=0; DECISION9=0; DECISION10=0; DECISION11=0;
11582! DECISION12=0;
11583  output;
11584  Category="SALES"; COUNT=58; DATAPRIOR=0.0860534125; TRAINPRIOR=0.0860534124629; DECPRIOR=.; DECISION1=0; DECISION2=1; DECISION3=0; DECISION4=0; DECISION5=0; DECISION6=0; DECISION7=0; DECISION8=0; DECISION9=0; DECISION10=0; DECISION11=0; DECISION12=0
11584! ;
11585  output;
11586  Category="OTHER"; COUNT=63; DATAPRIOR=0.0934718101; TRAINPRIOR=0.09347181008902; DECPRIOR=.; DECISION1=0; DECISION2=0; DECISION3=1; DECISION4=0; DECISION5=0; DECISION6=0; DECISION7=0; DECISION8=0; DECISION9=0; DECISION10=0; DECISION11=0;
11586! DECISION12=0;
11587  output;
11588  Category="INFORMATION-TECHNOLOGY"; COUNT=59; DATAPRIOR=0.087537092; TRAINPRIOR=0.08753709198813; DECPRIOR=.; DECISION1=0; DECISION2=0; DECISION3=0; DECISION4=1; DECISION5=0; DECISION6=0; DECISION7=0; DECISION8=0; DECISION9=0; DECISION10=0;
11588! DECISION11=0; DECISION12=0;
11589  output;
11590  Category="HR"; COUNT=55; DATAPRIOR=0.0816023739; TRAINPRIOR=0.08160237388724; DECPRIOR=.; DECISION1=0; DECISION2=0; DECISION3=0; DECISION4=0; DECISION5=1; DECISION6=0; DECISION7=0; DECISION8=0; DECISION9=0; DECISION10=0; DECISION11=0; DECISION12=0;
11591  output;
11592  Category="HEALTHCARE"; COUNT=57; DATAPRIOR=0.0845697329; TRAINPRIOR=0.08456973293768; DECPRIOR=.; DECISION1=0; DECISION2=0; DECISION3=0; DECISION4=0; DECISION5=0; DECISION6=1; DECISION7=0; DECISION8=0; DECISION9=0; DECISION10=0; DECISION11=0;
11592! DECISION12=0;
11593  output;
11594  Category="FITNESS"; COUNT=58; DATAPRIOR=0.0860534125; TRAINPRIOR=0.0860534124629; DECPRIOR=.; DECISION1=0; DECISION2=0; DECISION3=0; DECISION4=0; DECISION5=0; DECISION6=0; DECISION7=1; DECISION8=0; DECISION9=0; DECISION10=0; DECISION11=0;
11594! DECISION12=0;
11595  output;
11596  Category="DIGITAL-MEDIA"; COUNT=47; DATAPRIOR=0.0697329377; TRAINPRIOR=0.06973293768545; DECPRIOR=.; DECISION1=0; DECISION2=0; DECISION3=0; DECISION4=0; DECISION5=0; DECISION6=0; DECISION7=0; DECISION8=1; DECISION9=0; DECISION10=0; DECISION11=0;
11596! DECISION12=0;
11597  output;
11598  Category="DESIGNER"; COUNT=53; DATAPRIOR=0.0786350148; TRAINPRIOR=0.07863501483679; DECPRIOR=.; DECISION1=0; DECISION2=0; DECISION3=0; DECISION4=0; DECISION5=0; DECISION6=0; DECISION7=0; DECISION8=0; DECISION9=1; DECISION10=0; DECISION11=0;
11598! DECISION12=0;
11599  output;
11600  Category="CONSULTANT"; COUNT=57; DATAPRIOR=0.0845697329; TRAINPRIOR=0.08456973293768; DECPRIOR=.; DECISION1=0; DECISION2=0; DECISION3=0; DECISION4=0; DECISION5=0; DECISION6=0; DECISION7=0; DECISION8=0; DECISION9=0; DECISION10=1; DECISION11=0;
11600! DECISION12=0;
11601  output;
11602  Category="BUSINESS-DEVELOPMENT"; COUNT=60; DATAPRIOR=0.0890207715; TRAINPRIOR=0.08902077151335; DECPRIOR=.; DECISION1=0; DECISION2=0; DECISION3=0; DECISION4=0; DECISION5=0; DECISION6=0; DECISION7=0; DECISION8=0; DECISION9=0; DECISION10=0;
11602! DECISION11=1; DECISION12=0;
11603  output;
11604  Category="ADVOCATE"; COUNT=57; DATAPRIOR=0.0845697329; TRAINPRIOR=0.08456973293768; DECPRIOR=.; DECISION1=0; DECISION2=0; DECISION3=0; DECISION4=0; DECISION5=0; DECISION6=0; DECISION7=0; DECISION8=0; DECISION9=0; DECISION10=0; DECISION11=0;
11604! DECISION12=1;
11605  output;
11606  ;
11607  run;

NOTE: The data set WORK.CATEGORY has 12 observations and 17 variables.
NOTE: DATA statement used (Total process time):
      real time           0.00 seconds
      cpu time            0.00 seconds
      

11608  proc datasets lib=work nolist;
11609  modify Category(type=PROFIT label=Category);
11610  label DECISION1= 'TEACHER';
11611  label DECISION2= 'SALES';
11612  label DECISION3= 'OTHER';
11613  label DECISION4= 'INFORMATION-TECHNOLOGY';
11614  label DECISION5= 'HR';
11615  label DECISION6= 'HEALTHCARE';
11616  label DECISION7= 'FITNESS';
11617  label DECISION8= 'DIGITAL-MEDIA';
11618  label DECISION9= 'DESIGNER';
11619  label DECISION10= 'CONSULTANT';
11620  label DECISION11= 'BUSINESS-DEVELOPMENT';
11621  label DECISION12= 'ADVOCATE';
11622  run;

NOTE: MODIFY was successful for WORK.CATEGORY.DATA.
11623  quit;

NOTE: PROCEDURE DATASETS used (Total process time):
      real time           0.00 seconds
      cpu time            0.00 seconds
      

11624  data EM_Neural9;
11625  set EMWS3.TextCluster12_TRAIN(keep=
11626  Category TextCluster12_SVD1 TextCluster12_SVD10 TextCluster12_SVD100
11627  TextCluster12_SVD11 TextCluster12_SVD12 TextCluster12_SVD13 TextCluster12_SVD14
11628  TextCluster12_SVD15 TextCluster12_SVD16 TextCluster12_SVD17 TextCluster12_SVD18
11629  TextCluster12_SVD19 TextCluster12_SVD2 TextCluster12_SVD20 TextCluster12_SVD21
11630  TextCluster12_SVD22 TextCluster12_SVD23 TextCluster12_SVD24 TextCluster12_SVD25
11631  TextCluster12_SVD26 TextCluster12_SVD27 TextCluster12_SVD28 TextCluster12_SVD29
11632  TextCluster12_SVD3 TextCluster12_SVD30 TextCluster12_SVD31 TextCluster12_SVD32
11633  TextCluster12_SVD33 TextCluster12_SVD34 TextCluster12_SVD35 TextCluster12_SVD36
11634  TextCluster12_SVD37 TextCluster12_SVD38 TextCluster12_SVD39 TextCluster12_SVD4
11635  TextCluster12_SVD40 TextCluster12_SVD41 TextCluster12_SVD42 TextCluster12_SVD43
11636  TextCluster12_SVD44 TextCluster12_SVD45 TextCluster12_SVD46 TextCluster12_SVD47
11637  TextCluster12_SVD48 TextCluster12_SVD49 TextCluster12_SVD5 TextCluster12_SVD50
11638  TextCluster12_SVD51 TextCluster12_SVD52 TextCluster12_SVD53 TextCluster12_SVD54
11639  TextCluster12_SVD55 TextCluster12_SVD56 TextCluster12_SVD57 TextCluster12_SVD58
11640  TextCluster12_SVD59 TextCluster12_SVD6 TextCluster12_SVD60 TextCluster12_SVD61
11641  TextCluster12_SVD62 TextCluster12_SVD63 TextCluster12_SVD64 TextCluster12_SVD65
11642  TextCluster12_SVD66 TextCluster12_SVD67 TextCluster12_SVD68 TextCluster12_SVD69
11643  TextCluster12_SVD7 TextCluster12_SVD70 TextCluster12_SVD71 TextCluster12_SVD72
11644  TextCluster12_SVD73 TextCluster12_SVD74 TextCluster12_SVD75 TextCluster12_SVD76
11645  TextCluster12_SVD77 TextCluster12_SVD78 TextCluster12_SVD79 TextCluster12_SVD8
11646  TextCluster12_SVD80 TextCluster12_SVD81 TextCluster12_SVD82 TextCluster12_SVD83
11647  TextCluster12_SVD84 TextCluster12_SVD85 TextCluster12_SVD86 TextCluster12_SVD87
11648  TextCluster12_SVD88 TextCluster12_SVD89 TextCluster12_SVD9 TextCluster12_SVD90
11649  TextCluster12_SVD91 TextCluster12_SVD92 TextCluster12_SVD93 TextCluster12_SVD94
11650  TextCluster12_SVD95 TextCluster12_SVD96 TextCluster12_SVD97 TextCluster12_SVD98
11651  TextCluster12_SVD99 );
11652  run;

NOTE: There were 674 observations read from the data set EMWS3.TEXTCLUSTER12_TRAIN.
NOTE: The data set WORK.EM_NEURAL9 has 674 observations and 101 variables.
NOTE: DATA statement used (Total process time):
      real time           0.01 seconds
      cpu time            0.00 seconds
      

11653  *------------------------------------------------------------* ;
11654  * Neural9: DMDBClass Macro ;
11655  *------------------------------------------------------------* ;
11656  %macro DMDBClass;
11657      Category(DESC)
11658  %mend DMDBClass;
11659  *------------------------------------------------------------* ;
11660  * Neural9: DMDBVar Macro ;
11661  *------------------------------------------------------------* ;
11662  %macro DMDBVar;
11663      TextCluster12_SVD1 TextCluster12_SVD10 TextCluster12_SVD100
11664     TextCluster12_SVD11 TextCluster12_SVD12 TextCluster12_SVD13 TextCluster12_SVD14
11665     TextCluster12_SVD15 TextCluster12_SVD16 TextCluster12_SVD17 TextCluster12_SVD18
11666     TextCluster12_SVD19 TextCluster12_SVD2 TextCluster12_SVD20 TextCluster12_SVD21
11667     TextCluster12_SVD22 TextCluster12_SVD23 TextCluster12_SVD24 TextCluster12_SVD25
11668     TextCluster12_SVD26 TextCluster12_SVD27 TextCluster12_SVD28 TextCluster12_SVD29
11669     TextCluster12_SVD3 TextCluster12_SVD30 TextCluster12_SVD31 TextCluster12_SVD32
11670     TextCluster12_SVD33 TextCluster12_SVD34 TextCluster12_SVD35 TextCluster12_SVD36
11671     TextCluster12_SVD37 TextCluster12_SVD38 TextCluster12_SVD39 TextCluster12_SVD4
11672     TextCluster12_SVD40 TextCluster12_SVD41 TextCluster12_SVD42 TextCluster12_SVD43
11673     TextCluster12_SVD44 TextCluster12_SVD45 TextCluster12_SVD46 TextCluster12_SVD47
11674     TextCluster12_SVD48 TextCluster12_SVD49 TextCluster12_SVD5 TextCluster12_SVD50
11675     TextCluster12_SVD51 TextCluster12_SVD52 TextCluster12_SVD53 TextCluster12_SVD54
11676     TextCluster12_SVD55 TextCluster12_SVD56 TextCluster12_SVD57 TextCluster12_SVD58
11677     TextCluster12_SVD59 TextCluster12_SVD6 TextCluster12_SVD60 TextCluster12_SVD61
11678     TextCluster12_SVD62 TextCluster12_SVD63 TextCluster12_SVD64 TextCluster12_SVD65
11679     TextCluster12_SVD66 TextCluster12_SVD67 TextCluster12_SVD68 TextCluster12_SVD69
11680     TextCluster12_SVD7 TextCluster12_SVD70 TextCluster12_SVD71 TextCluster12_SVD72
11681     TextCluster12_SVD73 TextCluster12_SVD74 TextCluster12_SVD75 TextCluster12_SVD76
11682     TextCluster12_SVD77 TextCluster12_SVD78 TextCluster12_SVD79 TextCluster12_SVD8
11683     TextCluster12_SVD80 TextCluster12_SVD81 TextCluster12_SVD82 TextCluster12_SVD83
11684     TextCluster12_SVD84 TextCluster12_SVD85 TextCluster12_SVD86 TextCluster12_SVD87
11685     TextCluster12_SVD88 TextCluster12_SVD89 TextCluster12_SVD9 TextCluster12_SVD90
11686     TextCluster12_SVD91 TextCluster12_SVD92 TextCluster12_SVD93 TextCluster12_SVD94
11687     TextCluster12_SVD95 TextCluster12_SVD96 TextCluster12_SVD97 TextCluster12_SVD98
11688     TextCluster12_SVD99
11689  %mend DMDBVar;
11690  *------------------------------------------------------------*;
11691  * Neural9: Create DMDB;
11692  *------------------------------------------------------------*;
11693  proc dmdb batch data=WORK.EM_Neural9
11694  dmdbcat=WORK.Neural9_DMDB
11695  maxlevel = 513
11696  ;
11697  class %DMDBClass;
11698  var %DMDBVar;
11699  target
11700  Category
11701  ;
11702  run;

NOTE: Records processed = 674   Memory used = 511K.
NOTE: There were 674 observations read from the data set WORK.EM_NEURAL9.
NOTE: PROCEDURE DMDB used (Total process time):
      real time           0.01 seconds
      cpu time            0.00 seconds
      

11703  quit;
11704  *--- end code ---*;

11705  *------------------------------------------------------------* ;
11706  * Neural9: Interval Input Variables Macro ;
11707  *------------------------------------------------------------* ;
11708  %macro INTINPUTS;
11709      TextCluster12_SVD1 TextCluster12_SVD10 TextCluster12_SVD100
11710     TextCluster12_SVD11 TextCluster12_SVD12 TextCluster12_SVD13 TextCluster12_SVD14
11711     TextCluster12_SVD15 TextCluster12_SVD16 TextCluster12_SVD17 TextCluster12_SVD18
11712     TextCluster12_SVD19 TextCluster12_SVD2 TextCluster12_SVD20 TextCluster12_SVD21
11713     TextCluster12_SVD22 TextCluster12_SVD23 TextCluster12_SVD24 TextCluster12_SVD25
11714     TextCluster12_SVD26 TextCluster12_SVD27 TextCluster12_SVD28 TextCluster12_SVD29
11715     TextCluster12_SVD3 TextCluster12_SVD30 TextCluster12_SVD31 TextCluster12_SVD32
11716     TextCluster12_SVD33 TextCluster12_SVD34 TextCluster12_SVD35 TextCluster12_SVD36
11717     TextCluster12_SVD37 TextCluster12_SVD38 TextCluster12_SVD39 TextCluster12_SVD4
11718     TextCluster12_SVD40 TextCluster12_SVD41 TextCluster12_SVD42 TextCluster12_SVD43
11719     TextCluster12_SVD44 TextCluster12_SVD45 TextCluster12_SVD46 TextCluster12_SVD47
11720     TextCluster12_SVD48 TextCluster12_SVD49 TextCluster12_SVD5 TextCluster12_SVD50
11721     TextCluster12_SVD51 TextCluster12_SVD52 TextCluster12_SVD53 TextCluster12_SVD54
11722     TextCluster12_SVD55 TextCluster12_SVD56 TextCluster12_SVD57 TextCluster12_SVD58
11723     TextCluster12_SVD59 TextCluster12_SVD6 TextCluster12_SVD60 TextCluster12_SVD61
11724     TextCluster12_SVD62 TextCluster12_SVD63 TextCluster12_SVD64 TextCluster12_SVD65
11725     TextCluster12_SVD66 TextCluster12_SVD67 TextCluster12_SVD68 TextCluster12_SVD69
11726     TextCluster12_SVD7 TextCluster12_SVD70 TextCluster12_SVD71 TextCluster12_SVD72
11727     TextCluster12_SVD73 TextCluster12_SVD74 TextCluster12_SVD75 TextCluster12_SVD76
11728     TextCluster12_SVD77 TextCluster12_SVD78 TextCluster12_SVD79 TextCluster12_SVD8
11729     TextCluster12_SVD80 TextCluster12_SVD81 TextCluster12_SVD82 TextCluster12_SVD83
11730     TextCluster12_SVD84 TextCluster12_SVD85 TextCluster12_SVD86 TextCluster12_SVD87
11731     TextCluster12_SVD88 TextCluster12_SVD89 TextCluster12_SVD9 TextCluster12_SVD90
11732     TextCluster12_SVD91 TextCluster12_SVD92 TextCluster12_SVD93 TextCluster12_SVD94
11733     TextCluster12_SVD95 TextCluster12_SVD96 TextCluster12_SVD97 TextCluster12_SVD98
11734     TextCluster12_SVD99
11735  %mend INTINPUTS;
11736  *------------------------------------------------------------* ;
11737  * Neural9: Binary Inputs Macro ;
11738  *------------------------------------------------------------* ;
11739  %macro BININPUTS;
11740  
11741  %mend BININPUTS;
11742  *------------------------------------------------------------* ;
11743  * Neural9: Nominal Inputs Macro ;
11744  *------------------------------------------------------------* ;
11745  %macro NOMINPUTS;
11746  
11747  %mend NOMINPUTS;
11748  *------------------------------------------------------------* ;
11749  * Neural9: Ordinal Inputs Macro ;
11750  *------------------------------------------------------------* ;
11751  %macro ORDINPUTS;
11752  
11753  %mend ORDINPUTS;
11754  *------------------------------------------------------------*;
11755  * Neural Network Training;
11756  ;
11757  *------------------------------------------------------------*;
11758  proc neural data=EM_Neural9 dmdbcat=WORK.Neural9_DMDB
11759  validdata = EMWS3.TextCluster12_VALIDATE
11760  random=12345
11761  ;
11762  nloptions
11763  ;
11764  performance alldetails noutilfile;
11765  netopts
11766  decay=0;
11767  input %INTINPUTS / level=interval id=intvl
11768  ;
11769  target Category / level=NOMINAL id=Category
11770  bias
11771  ;
11772  arch MLP
11773  Hidden=3
11774  ;
11775  Prelim 5 preiter=10
11776  pretime=3600
11777  Outest=EMWS3.Neural9_PRELIM_OUTEST
11778  ;
NOTE:  Synchronizing the objectives and the Solution.
NOTE: QUANEW Optimization cannot be completed.
NOTE: QUANEW needs more than 10 iterations or 2147483647 function calls.
NOTE: QUANEW Optimization cannot be completed.
NOTE: QUANEW needs more than 10 iterations or 2147483647 function calls.
NOTE: QUANEW Optimization cannot be completed.
NOTE: QUANEW needs more than 10 iterations or 2147483647 function calls.
NOTE: QUANEW Optimization cannot be completed.
NOTE: QUANEW needs more than 10 iterations or 2147483647 function calls.
NOTE: QUANEW Optimization cannot be completed.
NOTE: QUANEW needs more than 10 iterations or 2147483647 function calls.
NOTE: The data set EMWS3.NEURAL9_PRELIM_OUTEST has 11 observations and 362 variables.
11779  save network=EMWS3.Neural9_NETWORK.dm_neural;
NOTE: Entry EMWS3.NEURAL9_NETWORK.DM_NEURAL has been opened.
NOTE: Entry EMWS3.NEURAL9_NETWORK.DM_NEURAL has been closed.
11780  train Maxiter=50
11781  maxtime=14400
11782  Outest=EMWS3.Neural9_outest estiter=1
11783  Outfit=EMWS3.Neural9_OUTFIT
11784  ;
WARNING: QUANEW Optimization cannot be completed.
NOTE: QUANEW needs more than 50 iterations or 2147483647 function calls.
NOTE: The data set EMWS3.NEURAL9_OUTEST has 53 observations and 362 variables.
NOTE: The data set EMWS3.NEURAL9_OUTFIT has 104 observations and 36 variables.
11785  run;

NOTE: The data set WORK.EM_NEURAL9 has 674 observations and 101 variables.
NOTE: The data set EMWS3.TEXTCLUSTER12_VALIDATE has 405 observations and 114 variables.
NOTE: Closing the Neural Application.
NOTE: The PROCEDURE NEURAL printed pages 4-7.
NOTE: PROCEDURE NEURAL used (Total process time):
      real time           0.79 seconds
      cpu time            0.51 seconds
      

11786  quit;

11787  proc sort data=EMWS3.Neural9_OUTFIT(where=(_iter_ ne . and _NAME_="OVERALL")) out=fit_Neural9;
11788  by _VAVERR_;
11789  run;

NOTE: There were 52 observations read from the data set EMWS3.NEURAL9_OUTFIT.
      WHERE (_iter_ not = .) and (_NAME_='OVERALL');
NOTE: The data set WORK.FIT_NEURAL9 has 52 observations and 36 variables.
NOTE: PROCEDURE SORT used (Total process time):
      real time           0.00 seconds
      cpu time            0.00 seconds
      

11790  %GLOBAL ITER;
11791  data _null_;
11792  set fit_Neural9(obs=1);
11793  call symput('ITER',put(_ITER_, 6.));
11794  run;

NOTE: There were 1 observations read from the data set WORK.FIT_NEURAL9.
NOTE: DATA statement used (Total process time):
      real time           0.00 seconds
      cpu time            0.01 seconds
      

11795  data EMWS3.Neural9_INITIAL;
11796  set EMWS3.Neural9_outest(where=(_ITER_ eq &ITER and _OBJ_ ne .));
11797  run;

NOTE: There were 1 observations read from the data set EMWS3.NEURAL9_OUTEST.
      WHERE (_ITER_=38) and (_OBJ_ not = .);
NOTE: The data set EMWS3.NEURAL9_INITIAL has 1 observations and 362 variables.
NOTE: DATA statement used (Total process time):
      real time           0.01 seconds
      cpu time            0.00 seconds
      

11798  *------------------------------------------------------------*;
11799  * Neural Network Model Selection;
11800  ;
11801  *------------------------------------------------------------*;
11802  proc neural data=EM_Neural9 dmdbcat=WORK.Neural9_DMDB
11803  validdata = EMWS3.TextCluster12_VALIDATE
11804  network = EMWS3.Neural9_NETWORK.dm_neural
11805  random=12345
11806  ;
NOTE: Entry EMWS3.NEURAL9_NETWORK.DM_NEURAL has been opened.
NOTE: Entry EMWS3.NEURAL9_NETWORK.DM_NEURAL has been closed.
11807  nloptions noprint;
11808  performance alldetails noutilfile;
11809  initial inest=EMWS3.Neural9_INITIAL;
NOTE: The data set EMWS3.NEURAL9_INITIAL has 1 observations and 362 variables.
11810  train tech=NONE;
NOTE: No optimization performed.
11811  code file="C:\Users\lahar\OneDrive\Desktop\Data Mining\Resume\Workspaces\EMWS3\Neural9\SCORECODE.sas"
11812  group=Neural9
11813  ;
NOTE: External file C:\Users\lahar\OneDrive\Desktop\Data Mining\Resume\Workspaces\EMWS3\Neural9\SCORECODE.sas opened.
11814  ;
11815  code file="C:\Users\lahar\OneDrive\Desktop\Data Mining\Resume\Workspaces\EMWS3\Neural9\RESIDUALSCORECODE.sas"
11816  group=Neural9
11817  residual
11818  ;
NOTE: External file C:\Users\lahar\OneDrive\Desktop\Data Mining\Resume\Workspaces\EMWS3\Neural9\RESIDUALSCORECODE.sas opened.
11819  ;
11820  score data=EMWS3.TextCluster12_TRAIN out=_NULL_
11821  outfit=WORK.FIT1
11822  role=TRAIN
11823  outkey=EMWS3.Neural9_OUTKEY;
NOTE: The data set EMWS3.NEURAL9_OUTKEY has 155 observations and 8 variables.
NOTE: The data set EMWS3.TEXTCLUSTER12_TRAIN has 674 observations and 114 variables.
NOTE: The data set WORK.FIT1 has 2 observations and 23 variables.
11824  score data=EMWS3.TextCluster12_VALIDATE out=_NULL_
11825  outfit=WORK.FIT2
11826  role=VALID
11827  outkey=EMWS3.Neural9_OUTKEY;
NOTE: The data set EMWS3.NEURAL9_OUTKEY has 155 observations and 8 variables.
NOTE: The data set EMWS3.TEXTCLUSTER12_VALIDATE has 405 observations and 114 variables.
NOTE: The data set WORK.FIT2 has 2 observations and 15 variables.
11828  score data=EMWS3.TextCluster12_TEST out=_NULL_
11829  outfit=WORK.FIT3
11830  role=TEST
11831  outkey=EMWS3.Neural9_OUTKEY;
NOTE: The data set EMWS3.NEURAL9_OUTKEY has 155 observations and 8 variables.
NOTE: The data set EMWS3.TEXTCLUSTER12_TEST has 274 observations and 114 variables.
NOTE: The data set WORK.FIT3 has 2 observations and 17 variables.
11832  run;

NOTE: The data set WORK.EM_NEURAL9 has 674 observations and 101 variables.
NOTE: The data set EMWS3.TEXTCLUSTER12_VALIDATE has 405 observations and 114 variables.
NOTE: Closing the Neural Application.
NOTE: PROCEDURE NEURAL used (Total process time):
      real time           0.08 seconds
      cpu time            0.04 seconds
      

11833  quit;
11834  data EMWS3.Neural9_OUTFIT;
11835  merge WORK.FIT1 WORK.FIT2 WORK.FIT3;
11836  run;

NOTE: There were 2 observations read from the data set WORK.FIT1.
NOTE: There were 2 observations read from the data set WORK.FIT2.
NOTE: There were 2 observations read from the data set WORK.FIT3.
NOTE: The data set EMWS3.NEURAL9_OUTFIT has 2 observations and 51 variables.
NOTE: DATA statement used (Total process time):
      real time           0.00 seconds
      cpu time            0.00 seconds
      

11837  data EMWS3.Neural9_EMESTIMATE;
11838  set EMWS3.Neural9_outest;
11839  if _type_ ^in('HESSIAN' 'GRAD');
11840  run;

NOTE: There were 53 observations read from the data set EMWS3.NEURAL9_OUTEST.
NOTE: The data set EMWS3.NEURAL9_EMESTIMATE has 52 observations and 362 variables.
NOTE: DATA statement used (Total process time):
      real time           0.00 seconds
      cpu time            0.00 seconds
      

11841  proc datasets lib=work nolist;
11842  delete EM_Neural9;
11843  run;

NOTE: Deleting WORK.EM_NEURAL9 (memtype=DATA).
11844  quit;

NOTE: PROCEDURE DATASETS used (Total process time):
      real time           0.00 seconds
      cpu time            0.00 seconds
      

11845  data EMWS3.Neural9_PLOTDS(where=(_iter_ ne . and _NAME_="OVERALL"));
11846  set fit_Neural9;
11847  attrib _ITER_ label="%sysfunc(sasmsg(sashelp.dmine, rpt_trainiterations_vlabel  , NOQUOTE))";
11848  attrib _NAME_ label="%sysfunc(sasmsg(sashelp.dmine, rpt_varsel_label_name  , NOQUOTE))";
11849  run;

NOTE: There were 52 observations read from the data set WORK.FIT_NEURAL9.
NOTE: The data set EMWS3.NEURAL9_PLOTDS has 52 observations and 36 variables.
NOTE: DATA statement used (Total process time):
      real time           0.00 seconds
      cpu time            0.01 seconds
      

11850  proc sort data=EMWS3.Neural9_PLOTDS;
11851  by _ITER_;
11852  run;

NOTE: There were 52 observations read from the data set EMWS3.NEURAL9_PLOTDS.
NOTE: The data set EMWS3.NEURAL9_PLOTDS has 52 observations and 36 variables.
NOTE: PROCEDURE SORT used (Total process time):
      real time           0.00 seconds
      cpu time            0.01 seconds
      

11853  data tempweight (drop= _tech_ _decay_ _seed_ _nobj_ _obj_ _objerr_ _averr_ _p_num_ where=(_type_ eq "PARMS" and _iter_ eq 38) );
11854  set EMWS3.Neural9_EMESTIMATE;
11855  run;

NOTE: There were 52 observations read from the data set EMWS3.NEURAL9_EMESTIMATE.
NOTE: The data set WORK.TEMPWEIGHT has 1 observations and 354 variables.
NOTE: DATA statement used (Total process time):
      real time           0.00 seconds
      cpu time            0.00 seconds
      

11856  proc sort;
11857  by _name_;
11858  run;

NOTE: There were 1 observations read from the data set WORK.TEMPWEIGHT.
NOTE: The data set WORK.TEMPWEIGHT has 1 observations and 354 variables.
NOTE: PROCEDURE SORT used (Total process time):
      real time           0.01 seconds
      cpu time            0.00 seconds
      

11859  proc transpose data=tempweight out=EMWS3.Neural9_WEIGHTDS;
11860  by _name_;
11861  run;

NOTE: There were 1 observations read from the data set WORK.TEMPWEIGHT.
NOTE: The data set EMWS3.NEURAL9_WEIGHTDS has 352 observations and 3 variables.
NOTE: PROCEDURE TRANSPOSE used (Total process time):
      real time           0.01 seconds
      cpu time            0.00 seconds
      

11862  data EMWS3.Neural9_WEIGHTDS;
11863  set EMWS3.Neural9_WEIGHTDS;
11864  FROM = trim(left(scan(_LABEL_, 1, '->')));
11865  TO = trim(left(scan(_LABEL_, 2, '>')));
11866  WEIGHT = COL1;
11867  if (TO eq '') or (FROM eq '') then delete;
11868  label _LABEL_ ="%sysfunc(sasmsg(sashelp.dmine, meta_label_vlabel  , NOQUOTE))" FROM = "%sysfunc(sasmsg(sashelp.dmine, rpt_from_vlabel  , NOQUOTE))" TO = "%sysfunc(sasmsg(sashelp.dmine, rpt_into_vlabel  , NOQUOTE))" WEIGHT =
11869     "%sysfunc(sasmsg(sashelp.dmine, rpt_weight_vlabel  , NOQUOTE))";
11870  keep FROM TO WEIGHT _LABEL_;
11871  run;

NOTE: There were 352 observations read from the data set EMWS3.NEURAL9_WEIGHTDS.
NOTE: The data set EMWS3.NEURAL9_WEIGHTDS has 347 observations and 4 variables.
NOTE: DATA statement used (Total process time):
      real time           0.01 seconds
      cpu time            0.00 seconds
      

11872  proc sort data=EMWS3.Neural9_WEIGHTDS nodupkey;
11873  by _LABEL_;
11874  run;

NOTE: There were 347 observations read from the data set EMWS3.NEURAL9_WEIGHTDS.
NOTE: 0 observations with duplicate key values were deleted.
NOTE: The data set EMWS3.NEURAL9_WEIGHTDS has 347 observations and 4 variables.
NOTE: PROCEDURE SORT used (Total process time):
      real time           0.01 seconds
      cpu time            0.00 seconds
      

