*------------------------------------------------------------*
* Score Log
Date:                November 27, 2023
Time:                20:55:22
*------------------------------------------------------------*
11944  filename emflow "C:\Users\lahar\OneDrive\Desktop\Data Mining\Resume\Workspaces\EMWS3\Reg10\EMFLOWSCORE.sas";
11945  *------------------------------------------------------------*;
11946  * Reg10: Scoring DATA data;
11947  *------------------------------------------------------------*;
11948  data EMWS3.Reg10_TRAIN
11949  / view=EMWS3.Reg10_TRAIN
11950  ;
11951  set EMWS3.Meta_TRAIN
11952  ;
11953  %inc emflow;
13316  run;

NOTE: DATA STEP view saved on file EMWS3.REG10_TRAIN.
NOTE: A stored DATA STEP view cannot run under a different operating system.
NOTE: View EMWS3.META_TRAIN.VIEW used (Total process time):
      real time           0.05 seconds
      cpu time            0.04 seconds
      
NOTE: DATA statement used (Total process time):
      real time           0.06 seconds
      cpu time            0.04 seconds
      

13317  quit;
13318  filename emflow;
NOTE: Fileref EMFLOW has been deassigned.

13319  filename emflow "C:\Users\lahar\OneDrive\Desktop\Data Mining\Resume\Workspaces\EMWS3\Reg10\EMFLOWSCORE.sas";
13320  *------------------------------------------------------------*;
13321  * Reg10: Scoring VALIDATE data;
13322  *------------------------------------------------------------*;
13323  data EMWS3.Reg10_VALIDATE
13324  / view=EMWS3.Reg10_VALIDATE
13325  ;
13326  set EMWS3.Meta_VALIDATE
13327  ;
13328  %inc emflow;
14691  run;

NOTE: DATA STEP view saved on file EMWS3.REG10_VALIDATE.
NOTE: A stored DATA STEP view cannot run under a different operating system.
NOTE: View EMWS3.META_VALIDATE.VIEW used (Total process time):
      real time           0.05 seconds
      cpu time            0.04 seconds
      
NOTE: DATA statement used (Total process time):
      real time           0.06 seconds
      cpu time            0.04 seconds
      

14692  quit;
14693  filename emflow;
NOTE: Fileref EMFLOW has been deassigned.

14694  filename emflow "C:\Users\lahar\OneDrive\Desktop\Data Mining\Resume\Workspaces\EMWS3\Reg10\EMFLOWSCORE.sas";
14695  *------------------------------------------------------------*;
14696  * Reg10: Scoring TEST data;
14697  *------------------------------------------------------------*;
14698  data EMWS3.Reg10_TEST
14699  / view=EMWS3.Reg10_TEST
14700  ;
14701  set EMWS3.Meta_TEST
14702  ;
14703  %inc emflow;
16066  run;

NOTE: DATA STEP view saved on file EMWS3.REG10_TEST.
NOTE: A stored DATA STEP view cannot run under a different operating system.
NOTE: View EMWS3.META_TEST.VIEW used (Total process time):
      real time           0.05 seconds
      cpu time            0.03 seconds
      
NOTE: DATA statement used (Total process time):
      real time           0.05 seconds
      cpu time            0.03 seconds
      

16067  quit;
16068  filename emflow;
NOTE: Fileref EMFLOW has been deassigned.

16069  *------------------------------------------------------------*;
16070  * Reg10: Computing metadata for TRAIN data;
16071  *------------------------------------------------------------*;

NOTE: View EMWS3.REG10_TRAIN.VIEW used (Total process time):
      real time           0.07 seconds
      cpu time            0.00 seconds
      
16444  data WORK.MODELTEMP_INFO;
16445  set EMWS3.Reg10_EMINFO;
16446  where DATA='Reg10' and KEY ^in('DECDATA', 'DECMETA', 'IMPORTANCE', 'MODEL');
16447  run;

NOTE: There were 0 observations read from the data set EMWS3.REG10_EMINFO.
      WHERE (DATA='Reg10') and KEY not in ('DECDATA', 'DECMETA', 'IMPORTANCE', 'MODEL');
NOTE: The data set WORK.MODELTEMP_INFO has 0 observations and 3 variables.
NOTE: DATA statement used (Total process time):
      real time           0.00 seconds
      cpu time            0.00 seconds
      

16448  data EMWS3.Reg10_EMINFO;
16449  length TARGET KEY $32 DATA $43;
16450  input TARGET KEY DATA $;
16451  cards;

NOTE: The data set EMWS3.REG10_EMINFO has 3 observations and 3 variables.
NOTE: DATA statement used (Total process time):
      real time           0.00 seconds
      cpu time            0.00 seconds
      

16455  run;
16456  data EMWS3.Reg10_EMINFO;
16457  set EMWS3.Reg10_EMINFO WORK.MODELTEMP_INFO;
16458  run;

NOTE: There were 3 observations read from the data set EMWS3.REG10_EMINFO.
NOTE: There were 0 observations read from the data set WORK.MODELTEMP_INFO.
NOTE: The data set EMWS3.REG10_EMINFO has 3 observations and 3 variables.
NOTE: DATA statement used (Total process time):
      real time           0.01 seconds
      cpu time            0.00 seconds
      

16459  proc sort data = EMWS3.Reg10_EMINFO NOTHREADS;
16460  by TARGET KEY;
16461  run;

NOTE: There were 3 observations read from the data set EMWS3.REG10_EMINFO.
NOTE: The data set EMWS3.REG10_EMINFO has 3 observations and 3 variables.
NOTE: PROCEDURE SORT used (Total process time):
      real time           0.01 seconds
      cpu time            0.00 seconds
      

16462  proc sort data = EMWS3.TextTopic3_EMINFO OUT=WORK.SORTEDEMINFO NOTHREADS;
16463  by TARGET KEY;
16464  run;

NOTE: There were 8 observations read from the data set EMWS3.TEXTTOPIC3_EMINFO.
NOTE: The data set WORK.SORTEDEMINFO has 8 observations and 3 variables.
NOTE: PROCEDURE SORT used (Total process time):
      real time           0.00 seconds
      cpu time            0.00 seconds
      

16465  proc sort data = EMWS3.Reg10_EMINFO OUT=WORK.TEMP_INFO NOTHREADS;
16466  by TARGET KEY;
16467  run;

NOTE: Input data set is already sorted; it has been copied to the output data set.
NOTE: There were 3 observations read from the data set EMWS3.REG10_EMINFO.
NOTE: The data set WORK.TEMP_INFO has 3 observations and 3 variables.
NOTE: PROCEDURE SORT used (Total process time):
      real time           0.00 seconds
      cpu time            0.00 seconds
      

16468  data EMWS3.Reg10_EMINFO;
16469  merge WORK.SORTEDEMINFO WORK.TEMP_INFO;
16470  by TARGET KEY;
16471  run;

NOTE: There were 8 observations read from the data set WORK.SORTEDEMINFO.
NOTE: There were 3 observations read from the data set WORK.TEMP_INFO.
NOTE: The data set EMWS3.REG10_EMINFO has 11 observations and 3 variables.
NOTE: DATA statement used (Total process time):
      real time           0.01 seconds
      cpu time            0.00 seconds
      

16472  proc datasets lib=work nolist;
16473  delete TEMP_INFO SORTEDEMINFO;
16474  run;

NOTE: Deleting WORK.TEMP_INFO (memtype=DATA).
NOTE: Deleting WORK.SORTEDEMINFO (memtype=DATA).
16475  quit;

NOTE: PROCEDURE DATASETS used (Total process time):
      real time           0.00 seconds
      cpu time            0.00 seconds
      

NOTE: View EMWS3.REG10_TRAIN.VIEW used (Total process time):
      real time           0.05 seconds
      cpu time            0.01 seconds
      
NOTE: View EMWS3.REG10_VALIDATE.VIEW used (Total process time):
      real time           0.05 seconds
      cpu time            0.03 seconds
      
NOTE: View EMWS3.REG10_TEST.VIEW used (Total process time):
      real time           0.05 seconds
      cpu time            0.03 seconds
      
