*------------------------------------------------------------*
* Training Log
Date:                November 27, 2023
Time:                20:55:20
*------------------------------------------------------------*
11433  proc freq data=EMWS3.Reg10_VariableSet noprint;
11434  table ROLE*LEVEL/out=WORK.Reg10META;
11435  run;

NOTE: There were 74 observations read from the data set EMWS3.REG10_VARIABLESET.
NOTE: The data set WORK.REG10META has 4 observations and 4 variables.
NOTE: PROCEDURE FREQ used (Total process time):
      real time           0.05 seconds
      cpu time            0.01 seconds
      

11436  proc print data=WORK.Reg10META label noobs;
11437  var ROLE LEVEL COUNT;
11438  label ROLE = "%sysfunc(sasmsg(sashelp.dmine, meta_role_vlabel, NOQUOTE))" LEVEL = "%sysfunc(sasmsg(sashelp.dmine, meta_level_vlabel, NOQUOTE))" COUNT = "%sysfunc(sasmsg(sashelp.dmine, rpt_count_vlabel, NOQUOTE))";
11439  title9 ' ';
11440  title10 "%sysfunc(sasmsg(sashelp.dmine, rpt_varSummary_title  , NOQUOTE))";
11441  run;

NOTE: There were 4 observations read from the data set WORK.REG10META.
NOTE: The PROCEDURE PRINT printed page 1.
NOTE: PROCEDURE PRINT used (Total process time):
      real time           0.01 seconds
      cpu time            0.01 seconds
      

11442  title10;

11443  %let EMNORLEN = %DMNORLEN;
EMWS3.Meta_TRAIN EMWS3.Meta_TRAIN 
EMWS3.Meta_TRAIN EMWS3.Meta_TRAIN EMWS3 Meta_TRAIN 
EMWS3.Meta_TRAIN EMWS3.Meta_TRAIN 
EMWS3.Meta_TRAIN EMWS3.Meta_TRAIN EMWS3 Meta_TRAIN 
Executing  SASHELP.EMCORE.EMINFOITERATOR.SCL _INIT >> 
Executing  SASHELP.EMCORE.EMINFOITERATOR.SCL setMetaData >> 
Executing  SASHELP.EMCORE.EMINFOITERATOR.SCL next >> 
Executing  SASHELP.EMCORE.EMINFOITERATOR.SCL setMetaData >> 
Executing  SASHELP.EMCORE.EMINFOITERATOR.SCL next >> 
Executing  SASHELP.EMCORE.EMINFOITERATOR.SCL _term >> 
11490  data WORK.Reg10_EVENT(KEEP=VARIABLE LABEL LEVEL EVENT NUMLEVELS ORDER);
11491  length ORDER $20;
11492  label VARIABLE = "%sysfunc(sasmsg(sashelp.dmine, rpt_target_vlabel,  NOQUOTE))" EVENT = "%sysfunc(sasmsg(sashelp.dmine, assmt_event_vlabel, NOQUOTE))" NUMLEVELS = "%sysfunc(sasmsg(sashelp.dmine, rpt_numcat_vlabel, NOQUOTE))" LEVEL =
11493     "%sysfunc(sasmsg(sashelp.dmine, meta_level_vlabel, NOQUOTE))" ORDER = "%sysfunc(sasmsg(sashelp.dmine, meta_order_vlabel, NOQUOTE))" LABEL = "%sysfunc(sasmsg(sashelp.dmine, meta_label_vlabel, NOQUOTE))";
11494  set EMWS3.REG10_CATEGORY_DM( where=(_TYPE_="TARGET"));
11495  NumLevels=12;
11496  select(upcase(ORDER));
11497  when('DESC') ORDER = 'Descending';
11498  when('ASC') ORDER = 'Ascending';
11499  when('FMTDESC') ORDER = 'Formatted Descending';
11500  when('FMTASC') ORDER = 'Formatted Ascending';
11501  otherwise ORDER = 'Descending';
11502  end;
11503  output;
11504  run;

NOTE: There were 1 observations read from the data set EMWS3.REG10_CATEGORY_DM.
      WHERE _TYPE_='TARGET';
NOTE: The data set WORK.REG10_EVENT has 1 observations and 6 variables.
NOTE: DATA statement used (Total process time):
      real time           0.01 seconds
      cpu time            0.01 seconds
      

11505  title9 ' ';
11506  proc print data=WORK.Reg10_EVENT noobs label;
11507  var VARIABLE EVENT LEVEL NUMLEVELS ORDER LABEL;
11508  title9 ' ';
11509  title10 "%sysfunc(sasmsg(sashelp.dmine, rpt_modelEvent_title  , NOQUOTE))";
11510  run;

NOTE: There were 1 observations read from the data set WORK.REG10_EVENT.
NOTE: The PROCEDURE PRINT printed page 2.
NOTE: PROCEDURE PRINT used (Total process time):
      real time           0.00 seconds
      cpu time            0.00 seconds
      

11511  title10;

"No decisions defined for target "Category"." 
11512  proc print data = EMWS3.Reg10_Category_DM noobs label;
11513  var _type_ variable label;
11514  where _type_ ^in('MATRIX', 'DECISION', 'TRAINPRIOR', 'DATAPRIOR', 'DECPRIOR');
11515  label _TYPE_ = "%sysfunc(sasmsg(sashelp.dmine, rpt_type_vlabel,     NOQUOTE))" VARIABLE = "%sysfunc(sasmsg(sashelp.dmine, rpt_variable_vlabel, NOQUOTE))" LABEL = "%sysfunc(sasmsg(sashelp.dmine, meta_label_vlabel, NOQUOTE))";
11516  title9 ' ';
11517  title10 "%sysfunc(sasmsg(sashelp.dmine, rpt_predDecVars_title  , NOQUOTE))";
11518  run;

NOTE: There were 27 observations read from the data set EMWS3.REG10_CATEGORY_DM.
      WHERE _type_ not in ('DATAPRIOR', 'DECISION', 'DECPRIOR', 'MATRIX', 'TRAINPRIOR');
NOTE: The PROCEDURE PRINT printed page 3.
NOTE: PROCEDURE PRINT used (Total process time):
      real time           0.00 seconds
      cpu time            0.01 seconds
      

11519  title10;

11529  data WORK.M2KOEP4Z;
11530  set WORK.M2KOEP4Z end=eof;
11531  output;
11532  if eof then do;
11533  NAME="";
11534  ROLE="COST";
11535  LEVEL="INTERVAL";
11536  TYPE="N";
11537  output;
11538  end;
11539  run;

NOTE: There were 30 observations read from the data set WORK.M2KOEP4Z.
NOTE: The data set WORK.M2KOEP4Z has 31 observations and 21 variables.
NOTE: DATA statement used (Total process time):
      real time           0.00 seconds
      cpu time            0.00 seconds
      

NOTE: There were 12 observations read from the data set EMWS3.REG10_CATEGORY_DD.
NOTE: The data set WORK.CATEGORY has 12 observations and 17 variables.
NOTE: There were 12 observations read from the data set EMWS3.REG10_CATEGORY_DD.
NOTE: The data set WORK.CATEGORY has 12 observations and 17 variables.
11540  *------------------------------------------------------------*;
11541  * Reg10: Create decision matrix;
11542  *------------------------------------------------------------*;
11543  data WORK.Category;
11544    length   Category                         $  32
11545             COUNT                                8
11546             DATAPRIOR                            8
11547             TRAINPRIOR                           8
11548             DECPRIOR                             8
11549             DECISION1                            8
11550             DECISION2                            8
11551             DECISION3                            8
11552             DECISION4                            8
11553             DECISION5                            8
11554             DECISION6                            8
11555             DECISION7                            8
11556             DECISION8                            8
11557             DECISION9                            8
11558             DECISION10                           8
11559             DECISION11                           8
11560             DECISION12                           8
11561             ;
11562  
11563    label    COUNT="Level Counts"
11564             DATAPRIOR="Data Proportions"
11565             TRAINPRIOR="Training Proportions"
11566             DECPRIOR="Decision Priors"
11567             DECISION1="TEACHER"
11568             DECISION2="SALES"
11569             DECISION3="OTHER"
11570             DECISION4="INFORMATION-TECHNOLOGY"
11571             DECISION5="HR"
11572             DECISION6="HEALTHCARE"
11573             DECISION7="FITNESS"
11574             DECISION8="DIGITAL-MEDIA"
11575             DECISION9="DESIGNER"
11576             DECISION10="CONSULTANT"
11577             DECISION11="BUSINESS-DEVELOPMENT"
11578             DECISION12="ADVOCATE"
11579             ;
11580    format   COUNT 10.
11581             ;
11582  Category="TEACHER"; COUNT=50; DATAPRIOR=0.07418397626112; TRAINPRIOR=0.07418397626112; DECPRIOR=.; DECISION1=1; DECISION2=0; DECISION3=0; DECISION4=0; DECISION5=0; DECISION6=0; DECISION7=0; DECISION8=0; DECISION9=0; DECISION10=0; DECISION11=0;
11582! DECISION12=0;
11583  output;
11584  Category="SALES"; COUNT=58; DATAPRIOR=0.0860534124629; TRAINPRIOR=0.0860534124629; DECPRIOR=.; DECISION1=0; DECISION2=1; DECISION3=0; DECISION4=0; DECISION5=0; DECISION6=0; DECISION7=0; DECISION8=0; DECISION9=0; DECISION10=0; DECISION11=0;
11584! DECISION12=0;
11585  output;
11586  Category="OTHER"; COUNT=63; DATAPRIOR=0.09347181008902; TRAINPRIOR=0.09347181008902; DECPRIOR=.; DECISION1=0; DECISION2=0; DECISION3=1; DECISION4=0; DECISION5=0; DECISION6=0; DECISION7=0; DECISION8=0; DECISION9=0; DECISION10=0; DECISION11=0;
11586! DECISION12=0;
11587  output;
11588  Category="INFORMATION-TECHNOLOGY"; COUNT=59; DATAPRIOR=0.08753709198813; TRAINPRIOR=0.08753709198813; DECPRIOR=.; DECISION1=0; DECISION2=0; DECISION3=0; DECISION4=1; DECISION5=0; DECISION6=0; DECISION7=0; DECISION8=0; DECISION9=0; DECISION10=0;
11588! DECISION11=0; DECISION12=0;
11589  output;
11590  Category="HR"; COUNT=55; DATAPRIOR=0.08160237388724; TRAINPRIOR=0.08160237388724; DECPRIOR=.; DECISION1=0; DECISION2=0; DECISION3=0; DECISION4=0; DECISION5=1; DECISION6=0; DECISION7=0; DECISION8=0; DECISION9=0; DECISION10=0; DECISION11=0;
11590! DECISION12=0;
11591  output;
11592  Category="HEALTHCARE"; COUNT=57; DATAPRIOR=0.08456973293768; TRAINPRIOR=0.08456973293768; DECPRIOR=.; DECISION1=0; DECISION2=0; DECISION3=0; DECISION4=0; DECISION5=0; DECISION6=1; DECISION7=0; DECISION8=0; DECISION9=0; DECISION10=0; DECISION11=0;
11592! DECISION12=0;
11593  output;
11594  Category="FITNESS"; COUNT=58; DATAPRIOR=0.0860534124629; TRAINPRIOR=0.0860534124629; DECPRIOR=.; DECISION1=0; DECISION2=0; DECISION3=0; DECISION4=0; DECISION5=0; DECISION6=0; DECISION7=1; DECISION8=0; DECISION9=0; DECISION10=0; DECISION11=0;
11594! DECISION12=0;
11595  output;
11596  Category="DIGITAL-MEDIA"; COUNT=47; DATAPRIOR=0.06973293768545; TRAINPRIOR=0.06973293768545; DECPRIOR=.; DECISION1=0; DECISION2=0; DECISION3=0; DECISION4=0; DECISION5=0; DECISION6=0; DECISION7=0; DECISION8=1; DECISION9=0; DECISION10=0; DECISION11=0;
11596!  DECISION12=0;
11597  output;
11598  Category="DESIGNER"; COUNT=53; DATAPRIOR=0.07863501483679; TRAINPRIOR=0.07863501483679; DECPRIOR=.; DECISION1=0; DECISION2=0; DECISION3=0; DECISION4=0; DECISION5=0; DECISION6=0; DECISION7=0; DECISION8=0; DECISION9=1; DECISION10=0; DECISION11=0;
11598! DECISION12=0;
11599  output;
11600  Category="CONSULTANT"; COUNT=57; DATAPRIOR=0.08456973293768; TRAINPRIOR=0.08456973293768; DECPRIOR=.; DECISION1=0; DECISION2=0; DECISION3=0; DECISION4=0; DECISION5=0; DECISION6=0; DECISION7=0; DECISION8=0; DECISION9=0; DECISION10=1; DECISION11=0;
11600! DECISION12=0;
11601  output;
11602  Category="BUSINESS-DEVELOPMENT"; COUNT=60; DATAPRIOR=0.08902077151335; TRAINPRIOR=0.08902077151335; DECPRIOR=.; DECISION1=0; DECISION2=0; DECISION3=0; DECISION4=0; DECISION5=0; DECISION6=0; DECISION7=0; DECISION8=0; DECISION9=0; DECISION10=0;
11602! DECISION11=1; DECISION12=0;
11603  output;
11604  Category="ADVOCATE"; COUNT=57; DATAPRIOR=0.08456973293768; TRAINPRIOR=0.08456973293768; DECPRIOR=.; DECISION1=0; DECISION2=0; DECISION3=0; DECISION4=0; DECISION5=0; DECISION6=0; DECISION7=0; DECISION8=0; DECISION9=0; DECISION10=0; DECISION11=0;
11604! DECISION12=1;
11605  output;
11606  ;
11607  run;

NOTE: The data set WORK.CATEGORY has 12 observations and 17 variables.
NOTE: DATA statement used (Total process time):
      real time           0.00 seconds
      cpu time            0.00 seconds
      

11608  proc datasets lib=work nolist;
11609  modify Category(type=PROFIT label=Category);
11610  label DECISION1= 'TEACHER';
11611  label DECISION2= 'SALES';
11612  label DECISION3= 'OTHER';
11613  label DECISION4= 'INFORMATION-TECHNOLOGY';
11614  label DECISION5= 'HR';
11615  label DECISION6= 'HEALTHCARE';
11616  label DECISION7= 'FITNESS';
11617  label DECISION8= 'DIGITAL-MEDIA';
11618  label DECISION9= 'DESIGNER';
11619  label DECISION10= 'CONSULTANT';
11620  label DECISION11= 'BUSINESS-DEVELOPMENT';
11621  label DECISION12= 'ADVOCATE';
11622  run;

NOTE: MODIFY was successful for WORK.CATEGORY.DATA.
11623  quit;

NOTE: PROCEDURE DATASETS used (Total process time):
      real time           0.00 seconds
      cpu time            0.00 seconds
      

11624  data EM_DMREG / view=EM_DMREG;
11625  set EMWS3.Meta_TRAIN(keep=
11626  Category TextCluster2_prob1 TextCluster2_prob2 TextCluster2_prob3
11627  TextCluster2_prob4 TextTopic3_1 TextTopic3_10 TextTopic3_11 TextTopic3_12
11628  TextTopic3_13 TextTopic3_14 TextTopic3_15 TextTopic3_16 TextTopic3_17
11629  TextTopic3_18 TextTopic3_19 TextTopic3_2 TextTopic3_20 TextTopic3_21
11630  TextTopic3_22 TextTopic3_23 TextTopic3_24 TextTopic3_25 TextTopic3_3
11631  TextTopic3_4 TextTopic3_5 TextTopic3_6 TextTopic3_7 TextTopic3_8 TextTopic3_9 );
11632  run;

NOTE: DATA STEP view saved on file WORK.EM_DMREG.
NOTE: A stored DATA STEP view cannot run under a different operating system.
NOTE: View EMWS3.META_TRAIN.VIEW used (Total process time):
      real time           0.03 seconds
      cpu time            0.01 seconds
      
NOTE: DATA statement used (Total process time):
      real time           0.03 seconds
      cpu time            0.01 seconds
      

11633  *------------------------------------------------------------* ;
11634  * Reg10: DMDBClass Macro ;
11635  *------------------------------------------------------------* ;
11636  %macro DMDBClass;
11637      Category(DESC) TextTopic3_1(ASC) TextTopic3_10(ASC) TextTopic3_11(ASC)
11638     TextTopic3_12(ASC) TextTopic3_13(ASC) TextTopic3_14(ASC) TextTopic3_15(ASC)
11639     TextTopic3_16(ASC) TextTopic3_17(ASC) TextTopic3_18(ASC) TextTopic3_19(ASC)
11640     TextTopic3_2(ASC) TextTopic3_20(ASC) TextTopic3_21(ASC) TextTopic3_22(ASC)
11641     TextTopic3_23(ASC) TextTopic3_24(ASC) TextTopic3_25(ASC) TextTopic3_3(ASC)
11642     TextTopic3_4(ASC) TextTopic3_5(ASC) TextTopic3_6(ASC) TextTopic3_7(ASC)
11643     TextTopic3_8(ASC) TextTopic3_9(ASC)
11644  %mend DMDBClass;
11645  *------------------------------------------------------------* ;
11646  * Reg10: DMDBVar Macro ;
11647  *------------------------------------------------------------* ;
11648  %macro DMDBVar;
11649      TextCluster2_prob1 TextCluster2_prob2 TextCluster2_prob3 TextCluster2_prob4
11650  %mend DMDBVar;
11651  *------------------------------------------------------------*;
11652  * Reg10: Create DMDB;
11653  *------------------------------------------------------------*;
11654  proc dmdb batch data=WORK.EM_DMREG
11655  dmdbcat=WORK.Reg10_DMDB
11656  maxlevel = 513
11657  ;
11658  class %DMDBClass;
11659  var %DMDBVar;
11660  target
11661  Category
11662  ;
11663  run;

NOTE: Records processed = 674   Memory used = 511K.
NOTE: There were 674 observations read from the data set EMWS3.TEXTTOPIC3_TRAIN.
NOTE: View WORK.EM_DMREG.VIEW used (Total process time):
      real time           0.07 seconds
      cpu time            0.01 seconds
      
NOTE: There were 674 observations read from the data set EMWS3.META_TRAIN.
NOTE: There were 674 observations read from the data set WORK.EM_DMREG.
NOTE: PROCEDURE DMDB used (Total process time):
      real time           0.08 seconds
      cpu time            0.01 seconds
      

11664  quit;
11665  *--- end code ---*;

11666  *------------------------------------------------------------*;
11667  * Reg10: Run DMREG procedure;
11668  *------------------------------------------------------------*;
11669  proc dmreg data=EM_DMREG dmdbcat=WORK.Reg10_DMDB
11670  validata = EMWS3.Meta_VALIDATE
11671  outest = EMWS3.Reg10_EMESTIMATE
11672  outterms = EMWS3.Reg10_OUTTERMS
11673  outmap= EMWS3.Reg10_MAPDS namelen=200
11674  ;
11675  class
11676  Category
11677  TextTopic3_1
11678  TextTopic3_10
11679  TextTopic3_11
11680  TextTopic3_12
11681  TextTopic3_13
11682  TextTopic3_14
11683  TextTopic3_15
11684  TextTopic3_16
11685  TextTopic3_17
11686  TextTopic3_18
11687  TextTopic3_19
11688  TextTopic3_2
11689  TextTopic3_20
11690  TextTopic3_21
11691  TextTopic3_22
11692  TextTopic3_23
11693  TextTopic3_24
11694  TextTopic3_25
11695  TextTopic3_3
11696  TextTopic3_4
11697  TextTopic3_5
11698  TextTopic3_6
11699  TextTopic3_7
11700  TextTopic3_8
11701  TextTopic3_9
11702  ;
11703  model Category =
11704  TextCluster2_prob1
11705  TextCluster2_prob2
11706  TextCluster2_prob3
11707  TextCluster2_prob4
11708  TextTopic3_1
11709  TextTopic3_10
11710  TextTopic3_11
11711  TextTopic3_12
11712  TextTopic3_13
11713  TextTopic3_14
11714  TextTopic3_15
11715  TextTopic3_16
11716  TextTopic3_17
11717  TextTopic3_18
11718  TextTopic3_19
11719  TextTopic3_2
11720  TextTopic3_20
11721  TextTopic3_21
11722  TextTopic3_22
11723  TextTopic3_23
11724  TextTopic3_24
11725  TextTopic3_25
11726  TextTopic3_3
11727  TextTopic3_4
11728  TextTopic3_5
11729  TextTopic3_6
11730  TextTopic3_7
11731  TextTopic3_8
11732  TextTopic3_9
11733  /level=nominal
11734  coding=DEVIATION
11735  nodesignprint
11736  ;
11737  ;
11738  score data=EMWS3.Meta_TEST
11739  out=_null_
11740  outfit=EMWS3.Reg10_FITTEST
11741  role = TEST
11742  ;
11743  code file="C:\Users\lahar\OneDrive\Desktop\Data Mining\Resume\Workspaces\EMWS3\Reg10\EMPUBLISHSCORE.sas"
11744  group=Reg10
11745  ;
11746  code file="C:\Users\lahar\OneDrive\Desktop\Data Mining\Resume\Workspaces\EMWS3\Reg10\EMFLOWSCORE.sas"
11747  group=Reg10
11748  residual
11749  ;
11750  run;

NOTE: Convergence criterion (FCONV=0.0001) satisfied.
NOTE: At least one element of the gradient is greater than 1e-3.
NOTE: External file C:\Users\lahar\OneDrive\Desktop\Data Mining\Resume\Workspaces\EMWS3\Reg10\EMPUBLISHSCORE.sas opened.
NOTE: External file C:\Users\lahar\OneDrive\Desktop\Data Mining\Resume\Workspaces\EMWS3\Reg10\EMFLOWSCORE.sas opened.
NOTE: View EMWS3.META_TEST.VIEW used (Total process time):
      real time           0.73 seconds
      cpu time            0.48 seconds
      
NOTE: There were 274 observations read from the data set EMWS3.TEXTTOPIC3_TEST.
NOTE: View EMWS3.META_VALIDATE.VIEW used (Total process time):
      real time           0.77 seconds
      cpu time            0.50 seconds
      
NOTE: There were 405 observations read from the data set EMWS3.TEXTTOPIC3_VALIDATE.
NOTE: There were 674 observations read from the data set EMWS3.TEXTTOPIC3_TRAIN.
NOTE: View WORK.EM_DMREG.VIEW used (Total process time):
      real time           0.83 seconds
      cpu time            0.51 seconds
      
NOTE: There were 674 observations read from the data set EMWS3.META_TRAIN.
NOTE: There were 674 observations read from the data set WORK.EM_DMREG.
NOTE: There were 405 observations read from the data set EMWS3.META_VALIDATE.
NOTE: There were 274 observations read from the data set EMWS3.META_TEST.
NOTE: The data set EMWS3.REG10_EMESTIMATE has 3 observations and 364 variables.
NOTE: The data set EMWS3.REG10_OUTTERMS has 330 observations and 7 variables.
NOTE: The data set EMWS3.REG10_MAPDS has 3 observations and 321 variables.
NOTE: The data set EMWS3.REG10_FITTEST has 1 observations and 14 variables.
NOTE: The PROCEDURE DMREG printed pages 4-5.
NOTE: PROCEDURE DMREG used (Total process time):
      real time           0.89 seconds
      cpu time            0.53 seconds
      

11751  quit;

11752  proc datasets lib=WORK nolist;
11753  delete Reg10_DMDB;
11754  run;

NOTE: The file WORK.REG10_DMDB (memtype=DATA) was not found, but appears on a DELETE statement.
11755  quit;

NOTE: PROCEDURE DATASETS used (Total process time):
      real time           0.00 seconds
      cpu time            0.00 seconds
      

11756  proc datasets lib=WORK nolist;
11757  delete Reg10_DMDB / memtype=catalog;
11758  run;

NOTE: Deleting WORK.REG10_DMDB (memtype=CATALOG).
11759  quit;

NOTE: PROCEDURE DATASETS used (Total process time):
      real time           0.00 seconds
      cpu time            0.00 seconds
      

11760  data WORK.ESTIMATE;
11761  length _NAME_ $32;
11762  set EMWS3.Reg10_EMESTIMATE;
11763  drop _AIC_--_VMISC_
11764  ;
11765  where _TYPE_ in('PARMS', 'T', 'P');
11766  select(_TYPE_);
11767  when('PARMS') _NAME_='Coefficient';
11768  when('T') _NAME_='tValue';
11769  when('P') _NAME_='PValue';
11770  otherwise;
11771  end;
11772  run;

NOTE: There were 3 observations read from the data set EMWS3.REG10_EMESTIMATE.
      WHERE _TYPE_ in ('P', 'PARMS', 'T');
NOTE: The data set WORK.ESTIMATE has 3 observations and 332 variables.
NOTE: DATA statement used (Total process time):
      real time           0.00 seconds
      cpu time            0.00 seconds
      

11773  proc transpose data=WORK.ESTIMATE out=WORK.ESTIMATE(rename=(_NAME_=Effect));
11774  run;

NOTE: There were 3 observations read from the data set WORK.ESTIMATE.
NOTE: The data set WORK.ESTIMATE has 330 observations and 5 variables.
NOTE: PROCEDURE TRANSPOSE used (Total process time):
      real time           0.03 seconds
      cpu time            0.00 seconds
      

11775  proc transpose data=EMWS3.Reg10_MAPDS out=WORK.MAP(rename=(_NAME_=Effect INPUT=Variable
11776  TARGET=TargetLevel
11777  ));
11778  var 'TextCluster2_prob1_TEACHER'n--'TextTopic3_90_BUSINESS_DEVELOPME'n;
11779  run;

NOTE: There were 3 observations read from the data set EMWS3.REG10_MAPDS.
NOTE: The data set WORK.MAP has 319 observations and 5 variables.
NOTE: PROCEDURE TRANSPOSE used (Total process time):
      real time           0.02 seconds
      cpu time            0.00 seconds
      

11780  proc sort data=WORK.MAP;
11781  by Effect;
11782  run;

NOTE: There were 319 observations read from the data set WORK.MAP.
NOTE: The data set WORK.MAP has 319 observations and 5 variables.
NOTE: PROCEDURE SORT used (Total process time):
      real time           0.01 seconds
      cpu time            0.00 seconds
      

11783  proc sort data=WORK.ESTIMATE;
11784  by Effect;
11785  run;

NOTE: There were 330 observations read from the data set WORK.ESTIMATE.
NOTE: The data set WORK.ESTIMATE has 330 observations and 5 variables.
NOTE: PROCEDURE SORT used (Total process time):
      real time           0.00 seconds
      cpu time            0.00 seconds
      

11786  data EMWS3.Reg10_EFFECTS(rename=(_LABEL_=EffectLabel));
11787  length Variable ClassLevel $32;
11788  merge WORK.ESTIMATE WORK.MAP;
11789  by Effect;
11790  label Effect = "%sysfunc(sasmsg(sashelp.dmine, rpt_effect_vlabel, NOQUOTE))" Variable = "%sysfunc(sasmsg(sashelp.dmine, rpt_variable_vlabel, NOQUOTE))" Sign = "%sysfunc(sasmsg(sashelp.dmine, rpt_sign_vlabel, NOQUOTE))" ClassLevel =
11791     "%sysfunc(sasmsg(sashelp.dmine, rpt_level_vlabel, NOQUOTE))" Abscoefficient = "%sysfunc(sasmsg(sashelp.dmine, rpt_abscoefficient_vlabel, NOQUOTE))" Coefficient = "%sysfunc(sasmsg(sashelp.dmine, rpt_coefficient_vlabel, NOQUOTE))" _LABEL_ =
11792     "%sysfunc(sasmsg(sashelp.dmine, rpt_effectLabel_vlabel, NOQUOTE))" CODE = "%sysfunc(sasmsg(sashelp.dmine, rpt_scorecodevar_vlabel, NOQUOTE))";
11793  label tvalue = "%sysfunc(sasmsg(sashelp.dmine, rpt_tvalue_vlabel,         NOQUOTE))" abstvalue = "%sysfunc(sasmsg(sashelp.dmine, rpt_absoluteTvalue_vlabel, NOQUOTE))" PValue = "%sysfunc(sasmsg(sashelp.dmine, rpt_pvalue_vlabel,         NOQUOTE))";
11794  abstvalue = abs(tValue);
11795  drop pos;
11796  length TargetLevel $32;
WARNING: Length of character variable TargetLevel has already been set. Use the LENGTH statement as the very first statement in the DATA STEP to declare the length of a character variable.
11797  label TargetLevel = "%sysfunc(sasmsg(sashelp.dmine, rpt_targetLevel_vlabel, NOQUOTE))";
11798  if index(Effect, 'Intercept') then do;
11799  variable = 'Intercept';
11800  TargetLevel = scan(_LABEL_, 2, '=');
11801  end;
11802  if ^indexc(variable, '*') then do;
11803  if length(effect)>length(variable) then classlevel = substr(effect, length(variable)+1);
11804  pos = index(classlevel, '_'!!TargetLevel);
11805  if pos> 1 then classlevel = substr(classlevel, 1, pos-1);
11806  else classlevel = '';
11807  end;
11808  if Effect eq '' then Effect = Variable;
11809  if coefficient < 0 then sign = '-';
11810  else sign = '+';
11811  abscoefficient = abs(coefficient);
11812  if _LABEL_ = '' then _LABEL_ = Effect;
11813  if coefficient ne . then output;
11814  run;

NOTE: Missing values were generated as a result of performing an operation on missing values.
      Each place is given by: (Number of times) at (Line):(Column).
      15 at 11794:13   
NOTE: There were 330 observations read from the data set WORK.ESTIMATE.
NOTE: There were 319 observations read from the data set WORK.MAP.
NOTE: The data set EMWS3.REG10_EFFECTS has 330 observations and 12 variables.
NOTE: DATA statement used (Total process time):
      real time           0.03 seconds
      cpu time            0.01 seconds
      

11815  proc sort data =EMWS3.Reg10_EFFECTS;
11816  by
11817  TargetLevel
11818  descending abstvalue;
11819  run;

NOTE: There were 330 observations read from the data set EMWS3.REG10_EFFECTS.
NOTE: The data set EMWS3.REG10_EFFECTS has 330 observations and 12 variables.
NOTE: PROCEDURE SORT used (Total process time):
      real time           0.01 seconds
      cpu time            0.00 seconds
      

11820  data EMWS3.Reg10_EFFECTS;
11821  set EMWS3.Reg10_EFFECTS;
11822  format TEffectNum 3.;
11823  label TEffectNum = "%sysfunc(sasmsg(sashelp.dmine, rpt_teffectnum_vlabel, NOQUOTE))";
11824  retain TEffectNum;
11825  by TargetLevel;
11826  if first.TargetLevel then TEffectNum =1;
11827  else TEffectNum + 1;
11828  run;

NOTE: There were 330 observations read from the data set EMWS3.REG10_EFFECTS.
NOTE: The data set EMWS3.REG10_EFFECTS has 330 observations and 13 variables.
NOTE: DATA statement used (Total process time):
      real time           0.01 seconds
      cpu time            0.00 seconds
      

11829  proc sort data =EMWS3.Reg10_EFFECTS;
11830  by
11831  TargetLevel
11832  descending absCoefficient;
11833  run;

NOTE: There were 330 observations read from the data set EMWS3.REG10_EFFECTS.
NOTE: The data set EMWS3.REG10_EFFECTS has 330 observations and 13 variables.
NOTE: PROCEDURE SORT used (Total process time):
      real time           0.01 seconds
      cpu time            0.00 seconds
      

11834  data EMWS3.Reg10_EFFECTS;
11835  set EMWS3.Reg10_EFFECTS;
11836  format EffectNum 3.;
11837  label EffectNum = "%sysfunc(sasmsg(sashelp.dmine, rpt_effectnum_vlabel, NOQUOTE))";
11838  retain EffectNum;
11839  by TargetLevel;
11840  if first.TargetLevel then EffectNum =1;
11841  else EffectNum + 1;
11842  run;

NOTE: There were 330 observations read from the data set EMWS3.REG10_EFFECTS.
NOTE: The data set EMWS3.REG10_EFFECTS has 330 observations and 14 variables.
NOTE: DATA statement used (Total process time):
      real time           0.01 seconds
      cpu time            0.00 seconds
      

