 
                                                                                                                                                                                                                                                                
 
 
Variable Summary

            Measurement    Frequency
Role           Level         Count

INPUT        BINARY            25   
INPUT        INTERVAL           4   
REJECTED     INTERVAL          44   
TARGET       NOMINAL            1   
 
                                                                                                                                                                                                                                                                
 
 
Model Events

                                      Number
                       Measurement      of
 Target      Event        Level       Levels      Order        Label

Category    TEACHER      NOMINAL        12      Descending    Category
 
                                                                                                                                                                                                                                                                
 
 
Predicted and decision variables

Type         Variable                            Label

TARGET       Category                            Category                                  
PREDICTED    P_CategoryTEACHER                   Predicted: Category=TEACHER               
RESIDUAL     R_CategoryTEACHER                   Residual: Category=TEACHER                
PREDICTED    P_CategorySALES                     Predicted: Category=SALES                 
RESIDUAL     R_CategorySALES                     Residual: Category=SALES                  
PREDICTED    P_CategoryOTHER                     Predicted: Category=OTHER                 
RESIDUAL     R_CategoryOTHER                     Residual: Category=OTHER                  
PREDICTED    P_CategoryINFORMATION_TECHNOLOGY    Predicted: Category=INFORMATION-TECHNOLOGY
RESIDUAL     R_CategoryINFORMATION_TECHNOLOGY    Residual: Category=INFORMATION-TECHNOLOGY 
PREDICTED    P_CategoryHR                        Predicted: Category=HR                    
RESIDUAL     R_CategoryHR                        Residual: Category=HR                     
PREDICTED    P_CategoryHEALTHCARE                Predicted: Category=HEALTHCARE            
RESIDUAL     R_CategoryHEALTHCARE                Residual: Category=HEALTHCARE             
PREDICTED    P_CategoryFITNESS                   Predicted: Category=FITNESS               
RESIDUAL     R_CategoryFITNESS                   Residual: Category=FITNESS                
PREDICTED    P_CategoryDIGITAL_MEDIA             Predicted: Category=DIGITAL-MEDIA         
RESIDUAL     R_CategoryDIGITAL_MEDIA             Residual: Category=DIGITAL-MEDIA          
PREDICTED    P_CategoryDESIGNER                  Predicted: Category=DESIGNER              
RESIDUAL     R_CategoryDESIGNER                  Residual: Category=DESIGNER               
PREDICTED    P_CategoryCONSULTANT                Predicted: Category=CONSULTANT            
RESIDUAL     R_CategoryCONSULTANT                Residual: Category=CONSULTANT             
PREDICTED    P_CategoryBUSINESS_DEVELOPMENT      Predicted: Category=BUSINESS-DEVELOPMENT  
RESIDUAL     R_CategoryBUSINESS_DEVELOPMENT      Residual: Category=BUSINESS-DEVELOPMENT   
PREDICTED    P_CategoryADVOCATE                  Predicted: Category=ADVOCATE              
RESIDUAL     R_CategoryADVOCATE                  Residual: Category=ADVOCATE               
FROM         F_Category                          From: Category                            
INTO         I_Category                          Into: Category                            
 
                                                                                                                                                                                                                                                                
 
 

The DMREG Procedure

                Model Information

Training Data Set              WORK.EM_DMREG.VIEW 
DMDB Catalog                   WORK.REG10_DMDB    
Target Variable                Category (Category)
Target Measurement Level       Nominal            
Number of Target Categories    12                 
Error                          MBernoulli         
Link Function                  Logit              
Number of Model Parameters     330                
Number of Observations         674                


                  Target Profile
 
 Ordered                                    Total
   Value     Category                   Frequency

       1     TEACHER                           50
       2     SALES                             58
       3     OTHER                             63
       4     INFORMATION-TECHNOLOGY            59
       5     HR                                55
       6     HEALTHCARE                        57
       7     FITNESS                           58
       8     DIGITAL-MEDIA                     47
       9     DESIGNER                          53
      10     CONSULTANT                        57
      11     BUSINESS-DEVELOPMENT              60
      12     ADVOCATE                          57
 
                                                                                                                                                                                                                                                                
 
 

The DMREG Procedure

Dual Quasi-Newton Optimization

Dual Broyden - Fletcher - Goldfarb - Shanno Update (DBFGS)

Parameter Estimates             319

                                             Optimization Start

Active Constraints                                  0  Objective Function                       1672.9041839
Max Abs Gradient Element                 85.881305638                                                       


                                                                 Objective     Max Abs                Slope of
                     Function         Active        Objective     Function    Gradient       Step       Search
Iter     Restarts       Calls    Constraints         Function       Change     Element       Size    Direction

   1            0           5              0        929.44868        743.5     22.7315      0.659      -2860.5
   2            0           7              0        816.76728        112.7     11.8154      1.000       -220.4
   3            0           9              0        791.75363      25.0136     12.9350      1.000      -81.037
   4            0          11              0        772.30773      19.4459      5.6310      1.000      -39.852
   5            0          13              0        763.27751       9.0302      4.9690      1.000      -19.654
   6            0          15              0        756.10504       7.1725      8.2725      1.554      -14.527
   7            0          17              0        748.46362       7.6414      4.4289      1.031      -17.385
   8            0          20              0        744.37084       4.0928      3.0373      0.703      -11.917
   9            0          22              0        742.94064       1.4302      4.2834      1.872       -5.466
  10            0          26              0        739.04072       3.8999      3.0087      0.997       -7.815
  11            0          29              0        737.78077       1.2599      2.3733      0.717       -3.488
  12            0          31              0        736.32392       1.4568      2.4703      1.527       -2.063
  13            0          33              0        734.42530       1.8986      1.2733      1.427       -2.552
  14            0          36              0        733.43349       0.9918      1.6767      1.277       -1.573
  15            0          38              0        732.50419       0.9293      2.2534      1.604       -1.546
  16            0          40              0        731.89768       0.6065      2.3357      1.712       -1.357
  17            0          42              0        731.27106       0.6266      0.9676      1.372       -1.105
  18            0          45              0        730.89779       0.3733      0.6480      1.338       -0.565
  19            0          47              0        730.55757       0.3402      1.2169      2.136       -0.437
  20            0          49              0        730.41783       0.1397      1.4073      1.525       -0.558
  21            0          53              0        730.10016       0.3177      0.7934      1.239       -0.564
  22            0          56              0        729.95510       0.1451      0.5181      1.356       -0.215
  23            0          58              0        729.77889       0.1762      0.5476      1.800       -0.201
  24            0          61              0        729.69430       0.0846      0.4891      1.134       -0.150
  25            0          63              0        729.65138       0.0429      0.7175      2.431      -0.0870
  26            0          65              0        729.58266       0.0687      0.1918      0.884       -0.121
  27            0          68              0        729.54253       0.0401      0.2511      1.484      -0.0540
  28            0          70              0        729.49991       0.0426      0.4234      2.421      -0.0415
  29            0          72              0        729.47763       0.0223      0.5317      2.112      -0.0504
  30            0          74              0        729.44850       0.0291      0.1956      1.101      -0.0506
  31            0          77              0        729.43133       0.0172      0.2474      1.911      -0.0180
  32            0          79              0        729.40813       0.0232      0.2304      1.688      -0.0254
  33            0          82              0        729.39331       0.0148      0.1856      1.292      -0.0230
  34            0          84              0        729.36995       0.0234      0.1952      2.147      -0.0173

                                            Optimization Results

Iterations                                         34  Function Calls                                     86
Gradient Calls                                     39  Active Constraints                                  0
Objective Function                       729.36994601  Max Abs Gradient Element                 0.1952237407
Slope of Search Direction                 -0.01726252                                                       

Convergence criterion (FCONV=0.0001) satisfied.                                                   

NOTE: At least one element of the gradient is greater than 1e-3.



     Likelihood Ratio Test for Global Null Hypothesis: BETA=0
 
     -2 Log Likelihood          Likelihood
  Intercept     Intercept &          Ratio
       Only      Covariates     Chi-Square       DF     Pr > ChiSq

   3345.808        1458.740      1887.0685      308         <.0001


              Type 3 Analysis of Effects
 
                                    Wald
Effect                  DF    Chi-Square    Pr > ChiSq

TextCluster2_prob1      11       22.6379        0.0199
TextCluster2_prob2      11       23.3767        0.0156
TextCluster2_prob3      11       16.6531        0.1186
TextCluster2_prob4       0        0.0000         .    
TextTopic3_1            11        7.0142        0.7979
TextTopic3_10           11       34.0116        0.0004
TextTopic3_11           11       38.2975        <.0001
TextTopic3_12           11        6.5696        0.8328
TextTopic3_13           11       19.3652        0.0548
TextTopic3_14           11       27.4754        0.0039
TextTopic3_15           11       15.3437        0.1673
TextTopic3_16           11        6.7204        0.8213
TextTopic3_17           11       27.0445        0.0045
TextTopic3_18           11        9.1891        0.6044
TextTopic3_19           11       20.5877        0.0379
TextTopic3_2            11       10.8169        0.4587
TextTopic3_20           11        6.6115        0.8296
TextTopic3_21           11        6.1807        0.8610
TextTopic3_22           11        2.9603        0.9912
TextTopic3_23           11       17.3920        0.0968
TextTopic3_24           11       16.7535        0.1154
TextTopic3_25           11       12.4666        0.3296
TextTopic3_3            11       38.3197        <.0001
TextTopic3_4            11       37.5285        <.0001
TextTopic3_5            11       27.7717        0.0035
TextTopic3_6            11        8.8850        0.6325
TextTopic3_7            11       39.5562        <.0001
TextTopic3_8            11        8.0645        0.7075
TextTopic3_9            11       14.8851        0.1878


                                                        Analysis of Maximum Likelihood Estimates
 
                                                                                         Standard          Wald                  Standardized
Parameter                                    Category                  DF    Estimate       Error    Chi-Square    Pr > ChiSq        Estimate    Exp(Est)

Intercept                                    TEACHER                    1    -18.7104       159.1          0.01        0.9064                       0.000
Intercept                                    SALES                      1    -26.1168           .           .           .                           0.000
Intercept                                    OTHER                      1     -3.3745           .           .           .                           0.034
Intercept                                    INFORMATION-TECHNOLOGY     1     -9.5193     65.3342          0.02        0.8842                       0.000
Intercept                                    HR                         1    -11.5953     65.0909          0.03        0.8586                       0.000
Intercept                                    HEALTHCARE                 1      6.7596           .           .           .                         862.256
Intercept                                    FITNESS                    1      9.3928     38.0118          0.06        0.8048                     999.000
Intercept                                    DIGITAL-MEDIA              1     -2.7630     48.1558          0.00        0.9542                       0.063
Intercept                                    DESIGNER                   1     -3.9744     78.5686          0.00        0.9597                       0.019
Intercept                                    CONSULTANT                 1      4.2646     75.7298          0.00        0.9551                      71.137
Intercept                                    BUSINESS-DEVELOPMENT       1    -12.6179           .           .           .                           0.000
TextCluster2_prob1                           TEACHER                    1     -1.6883     46.3329          0.00        0.9709         -0.3199       0.185
TextCluster2_prob1                           SALES                      1     -3.3031      3.1138          1.13        0.2888         -0.6258       0.037
TextCluster2_prob1                           OTHER                      1      0.1847      2.3621          0.01        0.9377          0.0350       1.203
TextCluster2_prob1                           INFORMATION-TECHNOLOGY     1      0.5465      2.3993          0.05        0.8198          0.1036       1.727
TextCluster2_prob1                           HR                         1      1.1008     46.0188          0.00        0.9809          0.2086       3.007
TextCluster2_prob1                           HEALTHCARE                 1     -5.9092      2.7450          4.63        0.0313         -1.1196       0.003
TextCluster2_prob1                           FITNESS                    1    -16.9494     37.8001          0.20        0.6539         -3.2115       0.000
TextCluster2_prob1                           DIGITAL-MEDIA              1     -4.7157      2.5119          3.52        0.0605         -0.8935       0.009
TextCluster2_prob1                           DESIGNER                   1     -5.5897      2.4172          5.35        0.0208         -1.0591       0.004
TextCluster2_prob1                           CONSULTANT                 1     -1.2368      2.0578          0.36        0.5478         -0.2343       0.290
TextCluster2_prob1                           BUSINESS-DEVELOPMENT       1      0.9641      2.2196          0.19        0.6640          0.1827       2.622
TextCluster2_prob2                           TEACHER                    1      4.7201     19.5487          0.06        0.8092          1.2256     112.184
TextCluster2_prob2                           SALES                      1     -1.5232      1.8967          0.64        0.4219         -0.3955       0.218
TextCluster2_prob2                           OTHER                      1      0.7495      2.0303          0.14        0.7120          0.1946       2.116
TextCluster2_prob2                           INFORMATION-TECHNOLOGY     1     -0.6211      2.1526          0.08        0.7729         -0.1613       0.537
TextCluster2_prob2                           HR                         1      8.1283     33.1772          0.06        0.8065          2.1105     999.000
TextCluster2_prob2                           HEALTHCARE                 1     -3.1097      1.8838          2.73        0.0988         -0.8074       0.045
TextCluster2_prob2                           FITNESS                    1      0.7736      2.1489          0.13        0.7188          0.2009       2.168
TextCluster2_prob2                           DIGITAL-MEDIA              1     -2.6382      1.6436          2.58        0.1085         -0.6850       0.071
TextCluster2_prob2                           DESIGNER                   1     -4.8620      1.8477          6.92        0.0085         -1.2624       0.008
TextCluster2_prob2                           CONSULTANT                 1     -1.0733      1.6719          0.41        0.5209         -0.2787       0.342
TextCluster2_prob2                           BUSINESS-DEVELOPMENT       1      0.1898      1.8760          0.01        0.9194          0.0493       1.209
TextCluster2_prob3                           TEACHER                    1      7.3256     19.5204          0.14        0.7075          1.6058     999.000
TextCluster2_prob3                           SALES                      1     -1.3905      1.9849          0.49        0.4836         -0.3048       0.249
TextCluster2_prob3                           OTHER                      1     -0.1422      2.1691          0.00        0.9477         -0.0312       0.867
TextCluster2_prob3                           INFORMATION-TECHNOLOGY     1     -0.9838      2.5257          0.15        0.6969         -0.2157       0.374
TextCluster2_prob3                           HR                         1     -2.2688     33.5304          0.00        0.9461         -0.4973       0.103
TextCluster2_prob3                           HEALTHCARE                 1     -4.2704      2.0763          4.23        0.0397         -0.9361       0.014
TextCluster2_prob3                           FITNESS                    1      1.4959      2.2647          0.44        0.5089          0.3279       4.463
TextCluster2_prob3                           DIGITAL-MEDIA              1     -9.0883      7.8761          1.33        0.2485         -1.9922       0.000
TextCluster2_prob3                           DESIGNER                   1     -5.3654      2.1441          6.26        0.0123         -1.1761       0.005
TextCluster2_prob3                           CONSULTANT                 1     -2.1449      1.8662          1.32        0.2504         -0.4702       0.117
TextCluster2_prob3                           BUSINESS-DEVELOPMENT       1     -2.0056      2.2188          0.82        0.3660         -0.4396       0.135
TextCluster2_prob4                           TEACHER                    0           0           .           .           .                   .        .   
TextCluster2_prob4                           SALES                      0           0           .           .           .                   .        .   
TextCluster2_prob4                           OTHER                      0           0           .           .           .                   .        .   
TextCluster2_prob4                           INFORMATION-TECHNOLOGY     0           0           .           .           .                   .        .   
TextCluster2_prob4                           HR                         0           0           .           .           .                   .        .   
TextCluster2_prob4                           HEALTHCARE                 0           0           .           .           .                   .        .   
TextCluster2_prob4                           FITNESS                    0           0           .           .           .                   .        .   
TextCluster2_prob4                           DIGITAL-MEDIA              0           0           .           .           .                   .        .   
TextCluster2_prob4                           DESIGNER                   0           0           .           .           .                   .        .   
TextCluster2_prob4                           CONSULTANT                 0           0           .           .           .                   .        .   
TextCluster2_prob4                           BUSINESS-DEVELOPMENT       0           0           .           .           .                   .        .   
TextTopic3_1       0                         TEACHER                    1      1.2702      0.8197          2.40        0.1212                       3.562
TextTopic3_1       0                         SALES                      1     -0.4001      0.3519          1.29        0.2556                       0.670
TextTopic3_1       0                         OTHER                      1     -0.1294      0.3711          0.12        0.7273                       0.879
TextTopic3_1       0                         INFORMATION-TECHNOLOGY     1     -0.0776      0.4615          0.03        0.8665                       0.925
TextTopic3_1       0                         HR                         1      0.4483      0.6179          0.53        0.4681                       1.566
TextTopic3_1       0                         HEALTHCARE                 1     -0.1468      0.4570          0.10        0.7481                       0.864
TextTopic3_1       0                         FITNESS                    1      0.0341      0.4432          0.01        0.9386                       1.035
TextTopic3_1       0                         DIGITAL-MEDIA              1     -0.2247      0.5320          0.18        0.6728                       0.799
TextTopic3_1       0                         DESIGNER                   1     -0.3346      0.4551          0.54        0.4623                       0.716
TextTopic3_1       0                         CONSULTANT                 1     -0.2140      0.3852          0.31        0.5786                       0.807
TextTopic3_1       0                         BUSINESS-DEVELOPMENT       1     -0.0625      0.4069          0.02        0.8779                       0.939
TextTopic3_10      0                         TEACHER                    1      2.5199      5.6185          0.20        0.6538                      12.427
TextTopic3_10      0                         SALES                      1      5.7329     29.5298          0.04        0.8461                     308.859
TextTopic3_10      0                         OTHER                      1      0.5755      0.6613          0.76        0.3841                       1.778
TextTopic3_10      0                         INFORMATION-TECHNOLOGY     1      0.3215      0.7485          0.18        0.6676                       1.379
TextTopic3_10      0                         HR                         1      0.8892      1.5805          0.32        0.5737                       2.433
TextTopic3_10      0                         HEALTHCARE                 1      1.4490      0.7693          3.55        0.0596                       4.259
TextTopic3_10      0                         FITNESS                    1     -0.6168      0.6873          0.81        0.3695                       0.540
TextTopic3_10      0                         DIGITAL-MEDIA              1     -0.7302      0.6096          1.43        0.2310                       0.482
TextTopic3_10      0                         DESIGNER                   1      1.4951      0.7059          4.49        0.0342                       4.460
TextTopic3_10      0                         CONSULTANT                 1      0.1024      0.5910          0.03        0.8625                       1.108
TextTopic3_10      0                         BUSINESS-DEVELOPMENT       1      0.8852      0.6173          2.06        0.1516                       2.424
TextTopic3_11      0                         TEACHER                    1      6.4107     74.3633          0.01        0.9313                     608.320
TextTopic3_11      0                         SALES                      1      5.2979     31.9919          0.03        0.8685                     199.913
TextTopic3_11      0                         OTHER                      1      5.2292     41.0274          0.02        0.8986                     186.635
TextTopic3_11      0                         INFORMATION-TECHNOLOGY     1      2.8536     12.7599          0.05        0.8230                      17.349
TextTopic3_11      0                         HR                         1      1.7785      7.6421          0.05        0.8160                       5.921
TextTopic3_11      0                         HEALTHCARE                 1      1.2948      0.6646          3.80        0.0514                       3.650
TextTopic3_11      0                         FITNESS                    1     -1.6132      0.3601         20.07        <.0001                       0.199
TextTopic3_11      0                         DIGITAL-MEDIA              1      2.6725     10.1930          0.07        0.7932                      14.477
TextTopic3_11      0                         DESIGNER                   1      2.9509     17.7518          0.03        0.8680                      19.122
TextTopic3_11      0                         CONSULTANT                 1      5.1851     51.7310          0.01        0.9202                     178.592
TextTopic3_11      0                         BUSINESS-DEVELOPMENT       1      1.3688      0.8154          2.82        0.0932                       3.931
TextTopic3_12      0                         TEACHER                    1      0.0535      0.5624          0.01        0.9242                       1.055
TextTopic3_12      0                         SALES                      1     -0.4199      0.4067          1.07        0.3019                       0.657
TextTopic3_12      0                         OTHER                      1      0.0818      0.4947          0.03        0.8686                       1.085
TextTopic3_12      0                         INFORMATION-TECHNOLOGY     1     -0.6122      0.6011          1.04        0.3084                       0.542
TextTopic3_12      0                         HR                         1      2.0347      6.1951          0.11        0.7426                       7.650
TextTopic3_12      0                         HEALTHCARE                 1      0.5187      0.5324          0.95        0.3299                       1.680
TextTopic3_12      0                         FITNESS                    1     -0.2918      0.4097          0.51        0.4764                       0.747
TextTopic3_12      0                         DIGITAL-MEDIA              1     -0.1851      0.5029          0.14        0.7128                       0.831
TextTopic3_12      0                         DESIGNER                   1     -0.4067      0.5861          0.48        0.4877                       0.666
TextTopic3_12      0                         CONSULTANT                 1      0.1479      0.5178          0.08        0.7752                       1.159
TextTopic3_12      0                         BUSINESS-DEVELOPMENT       1     -0.0596      0.4170          0.02        0.8863                       0.942
TextTopic3_13      0                         TEACHER                    1     -0.1328      0.6304          0.04        0.8331                       0.876
TextTopic3_13      0                         SALES                      1     -1.3963      0.5016          7.75        0.0054                       0.247
TextTopic3_13      0                         OTHER                      1     -1.4110      0.5157          7.49        0.0062                       0.244
TextTopic3_13      0                         INFORMATION-TECHNOLOGY     1      2.1429     16.1204          0.02        0.8942                       8.524
TextTopic3_13      0                         HR                         1     -2.7949      0.8658         10.42        0.0012                       0.061
TextTopic3_13      0                         HEALTHCARE                 1     -0.4935      0.6175          0.64        0.4242                       0.611
TextTopic3_13      0                         FITNESS                    1     -0.6149      0.5001          1.51        0.2189                       0.541
TextTopic3_13      0                         DIGITAL-MEDIA              1      1.4413      8.8212          0.03        0.8702                       4.226
TextTopic3_13      0                         DESIGNER                   1     -1.8532      0.7087          6.84        0.0089                       0.157
TextTopic3_13      0                         CONSULTANT                 1     -1.3205      0.5511          5.74        0.0166                       0.267
TextTopic3_13      0                         BUSINESS-DEVELOPMENT       1     -1.3484      0.6452          4.37        0.0366                       0.260
TextTopic3_14      0                         TEACHER                    1     -0.6496      0.8440          0.59        0.4415                       0.522
TextTopic3_14      0                         SALES                      1      4.2126     37.2628          0.01        0.9100                      67.534
TextTopic3_14      0                         OTHER                      1     -1.9494      0.5203         14.04        0.0002                       0.142
TextTopic3_14      0                         INFORMATION-TECHNOLOGY     1     -1.6576      0.7040          5.54        0.0186                       0.191
TextTopic3_14      0                         HR                         1     -1.2393      0.9225          1.80        0.1791                       0.290
TextTopic3_14      0                         HEALTHCARE                 1     -0.4738      0.5647          0.70        0.4015                       0.623
TextTopic3_14      0                         FITNESS                    1      0.2401      0.8800          0.07        0.7849                       1.271
TextTopic3_14      0                         DIGITAL-MEDIA              1     -0.6399      0.7898          0.66        0.4178                       0.527
TextTopic3_14      0                         DESIGNER                   1     -1.4226      0.7327          3.77        0.0522                       0.241
TextTopic3_14      0                         CONSULTANT                 1     -0.8359      0.5650          2.19        0.1390                       0.433
TextTopic3_14      0                         BUSINESS-DEVELOPMENT       1     -0.4300      0.6411          0.45        0.5024                       0.650
TextTopic3_15      0                         TEACHER                    1      3.6117     18.4906          0.04        0.8451                      37.028
TextTopic3_15      0                         SALES                      1     0.00943      0.4022          0.00        0.9813                       1.009
TextTopic3_15      0                         OTHER                      1     -0.3303      0.3498          0.89        0.3451                       0.719
TextTopic3_15      0                         INFORMATION-TECHNOLOGY     1     -0.0709      0.5494          0.02        0.8973                       0.932
TextTopic3_15      0                         HR                         1      0.3312      0.4857          0.46        0.4953                       1.393
TextTopic3_15      0                         HEALTHCARE                 1     -0.0789      0.4026          0.04        0.8447                       0.924
TextTopic3_15      0                         FITNESS                    1      0.4187      0.5668          0.55        0.4601                       1.520
TextTopic3_15      0                         DIGITAL-MEDIA              1      0.1559      0.6194          0.06        0.8013                       1.169
TextTopic3_15      0                         DESIGNER                   1     -1.0990      0.5314          4.28        0.0386                       0.333
TextTopic3_15      0                         CONSULTANT                 1     -0.7729      0.3605          4.60        0.0320                       0.462
TextTopic3_15      0                         BUSINESS-DEVELOPMENT       1     -0.0908      0.3709          0.06        0.8067                       0.913
TextTopic3_16      0                         TEACHER                    1     -0.1493      0.5234          0.08        0.7754                       0.861
TextTopic3_16      0                         SALES                      1     -0.5444      0.3781          2.07        0.1499                       0.580
TextTopic3_16      0                         OTHER                      1     -0.0575      0.3838          0.02        0.8809                       0.944
TextTopic3_16      0                         INFORMATION-TECHNOLOGY     1     -0.4352      0.4826          0.81        0.3672                       0.647
TextTopic3_16      0                         HR                         1     -0.4768      0.7381          0.42        0.5183                       0.621
TextTopic3_16      0                         HEALTHCARE                 1      0.2063      0.4426          0.22        0.6412                       1.229
TextTopic3_16      0                         FITNESS                    1     -0.2700      0.4235          0.41        0.5239                       0.763
TextTopic3_16      0                         DIGITAL-MEDIA              1     -0.3857      0.4624          0.70        0.4042                       0.680
TextTopic3_16      0                         DESIGNER                   1     -0.5249      0.4573          1.32        0.2511                       0.592
TextTopic3_16      0                         CONSULTANT                 1     -0.0437      0.4177          0.01        0.9167                       0.957
TextTopic3_16      0                         BUSINESS-DEVELOPMENT       1      0.0402      0.4030          0.01        0.9206                       1.041
TextTopic3_17      0                         TEACHER                    1      1.8583      0.5925          9.84        0.0017                       6.413
TextTopic3_17      0                         SALES                      1      1.7912      0.6354          7.95        0.0048                       5.996
TextTopic3_17      0                         OTHER                      1      0.8396      0.3611          5.40        0.0201                       2.315
TextTopic3_17      0                         INFORMATION-TECHNOLOGY     1      4.5023     15.0091          0.09        0.7642                      90.222
TextTopic3_17      0                         HR                         1      0.5325      0.7581          0.49        0.4824                       1.703
TextTopic3_17      0                         HEALTHCARE                 1      1.0760      0.3828          7.90        0.0049                       2.933
TextTopic3_17      0                         FITNESS                    1      0.9749      0.3623          7.24        0.0071                       2.651
TextTopic3_17      0                         DIGITAL-MEDIA              1     -0.1188      0.5363          0.05        0.8246                       0.888
TextTopic3_17      0                         DESIGNER                   1      4.2063     15.8241          0.07        0.7904                      67.109
TextTopic3_17      0                         CONSULTANT                 1      0.6489      0.3747          3.00        0.0833                       1.914
TextTopic3_17      0                         BUSINESS-DEVELOPMENT       1      1.0713      0.4921          4.74        0.0295                       2.919
TextTopic3_18      0                         TEACHER                    1      2.5486      7.9705          0.10        0.7492                      12.790
TextTopic3_18      0                         SALES                      1      0.5331      0.4317          1.52        0.2169                       1.704
TextTopic3_18      0                         OTHER                      1      0.0388      0.3476          0.01        0.9112                       1.040
TextTopic3_18      0                         INFORMATION-TECHNOLOGY     1     -0.2944      0.3611          0.66        0.4149                       0.745
TextTopic3_18      0                         HR                         1      0.6107      0.5082          1.44        0.2295                       1.842
TextTopic3_18      0                         HEALTHCARE                 1     -0.1939      0.3506          0.31        0.5803                       0.824
TextTopic3_18      0                         FITNESS                    1      0.5629      0.5354          1.11        0.2931                       1.756
TextTopic3_18      0                         DIGITAL-MEDIA              1     -0.0171      0.3931          0.00        0.9652                       0.983
TextTopic3_18      0                         DESIGNER                   1      0.4670      0.6554          0.51        0.4762                       1.595
TextTopic3_18      0                         CONSULTANT                 1      0.1659      0.3327          0.25        0.6180                       1.180
TextTopic3_18      0                         BUSINESS-DEVELOPMENT       1      0.2091      0.3431          0.37        0.5422                       1.233
TextTopic3_19      0                         TEACHER                    1      1.1279      0.9026          1.56        0.2115                       3.089
TextTopic3_19      0                         SALES                      1      6.5495     43.6204          0.02        0.8806                     698.921
TextTopic3_19      0                         OTHER                      1     -0.2299      0.3195          0.52        0.4717                       0.795
TextTopic3_19      0                         INFORMATION-TECHNOLOGY     1      0.4183      0.6365          0.43        0.5111                       1.519
TextTopic3_19      0                         HR                         1      0.7267      0.5385          1.82        0.1772                       2.068
TextTopic3_19      0                         HEALTHCARE                 1      0.1134      0.3421          0.11        0.7403                       1.120
TextTopic3_19      0                         FITNESS                    1      0.6616      0.4142          2.55        0.1102                       1.938
TextTopic3_19      0                         DIGITAL-MEDIA              1      0.0421      0.5282          0.01        0.9365                       1.043
TextTopic3_19      0                         DESIGNER                   1      1.4176      0.8121          3.05        0.0809                       4.127
TextTopic3_19      0                         CONSULTANT                 1      0.8190      0.4652          3.10        0.0783                       2.268
TextTopic3_19      0                         BUSINESS-DEVELOPMENT       1      1.6888      0.6494          6.76        0.0093                       5.413
TextTopic3_2       0                         TEACHER                    1      0.0334     26.8622          0.00        0.9990                       1.034
TextTopic3_2       0                         SALES                      1      3.2764     18.7827          0.03        0.8615                      26.479
TextTopic3_2       0                         OTHER                      1     -0.1875      0.8665          0.05        0.8287                       0.829
TextTopic3_2       0                         INFORMATION-TECHNOLOGY     1     -1.3787      0.7954          3.00        0.0830                       0.252
TextTopic3_2       0                         HR                         1      2.1377     18.7928          0.01        0.9094                       8.480
TextTopic3_2       0                         HEALTHCARE                 1     -0.8037      0.9511          0.71        0.3981                       0.448
TextTopic3_2       0                         FITNESS                    1     -0.2255      6.4230          0.00        0.9720                       0.798
TextTopic3_2       0                         DIGITAL-MEDIA              1     -0.8363      0.9280          0.81        0.3675                       0.433
TextTopic3_2       0                         DESIGNER                   1     -0.3776      1.0629          0.13        0.7224                       0.685
TextTopic3_2       0                         CONSULTANT                 1     -0.5314      0.8032          0.44        0.5082                       0.588
TextTopic3_2       0                         BUSINESS-DEVELOPMENT       1      4.2364     18.3813          0.05        0.8177                      69.158
TextTopic3_20      0                         TEACHER                    1     -3.7195     42.0281          0.01        0.9295                       0.024
TextTopic3_20      0                         SALES                      1     -2.1870     25.4035          0.01        0.9314                       0.112
TextTopic3_20      0                         OTHER                      1     -3.4251     23.7803          0.02        0.8855                       0.033
TextTopic3_20      0                         INFORMATION-TECHNOLOGY     1     -4.1288     23.7770          0.03        0.8621                       0.016
TextTopic3_20      0                         HR                         1     -4.8319     35.3380          0.02        0.8912                       0.008
TextTopic3_20      0                         HEALTHCARE                 1     -4.9007     23.7878          0.04        0.8368                       0.007
TextTopic3_20      0                         FITNESS                    1     -9.6670     29.1679          0.11        0.7403                       0.000
TextTopic3_20      0                         DIGITAL-MEDIA              1     -5.2073     23.7875          0.05        0.8267                       0.005
TextTopic3_20      0                         DESIGNER                   1     -3.7143     23.7862          0.02        0.8759                       0.024
TextTopic3_20      0                         CONSULTANT                 1     -4.1358     23.7776          0.03        0.8619                       0.016
TextTopic3_20      0                         BUSINESS-DEVELOPMENT       1      0.9898     43.1287          0.00        0.9817                       2.691
TextTopic3_21      0                         TEACHER                    1     -0.1228      0.5893          0.04        0.8350                       0.884
TextTopic3_21      0                         SALES                      1      9.0331     84.1239          0.01        0.9145                     999.000
TextTopic3_21      0                         OTHER                      1      6.4969     69.0490          0.01        0.9250                     663.051
TextTopic3_21      0                         INFORMATION-TECHNOLOGY     1      2.9345     31.7609          0.01        0.9264                      18.813
TextTopic3_21      0                         HR                         1      2.2879     14.6372          0.02        0.8758                       9.854
TextTopic3_21      0                         HEALTHCARE                 1     -0.7688      0.4506          2.91        0.0880                       0.464
TextTopic3_21      0                         FITNESS                    1      0.5626      0.5027          1.25        0.2631                       1.755
TextTopic3_21      0                         DIGITAL-MEDIA              1      2.9683     12.4947          0.06        0.8122                      19.460
TextTopic3_21      0                         DESIGNER                   1      5.0102     54.2087          0.01        0.9264                     149.928
TextTopic3_21      0                         CONSULTANT                 1      0.4412      0.6195          0.51        0.4763                       1.555
TextTopic3_21      0                         BUSINESS-DEVELOPMENT       1      6.1469     58.3982          0.01        0.9162                     467.252
TextTopic3_22      0                         TEACHER                    1     -0.2769      0.5305          0.27        0.6017                       0.758
TextTopic3_22      0                         SALES                      1     -0.0400      0.6865          0.00        0.9535                       0.961
TextTopic3_22      0                         OTHER                      1      4.5692     46.8120          0.01        0.9222                      96.470
TextTopic3_22      0                         INFORMATION-TECHNOLOGY     1     -0.7206      0.7750          0.86        0.3524                       0.486
TextTopic3_22      0                         HR                         1      0.9867     10.6325          0.01        0.9261                       2.682
TextTopic3_22      0                         HEALTHCARE                 1      6.9354     49.6172          0.02        0.8888                     999.000
TextTopic3_22      0                         FITNESS                    1     -0.5643      0.5028          1.26        0.2618                       0.569
TextTopic3_22      0                         DIGITAL-MEDIA              1      1.6532      7.6701          0.05        0.8293                       5.224
TextTopic3_22      0                         DESIGNER                   1      0.2541      1.1070          0.05        0.8185                       1.289
TextTopic3_22      0                         CONSULTANT                 1      0.2087      0.7149          0.09        0.7703                       1.232
TextTopic3_22      0                         BUSINESS-DEVELOPMENT       1      3.1235     16.8115          0.03        0.8526                      22.727
TextTopic3_23      0                         TEACHER                    1      0.3777      0.6461          0.34        0.5588                       1.459
TextTopic3_23      0                         SALES                      1      0.0282      0.3234          0.01        0.9306                       1.029
TextTopic3_23      0                         OTHER                      1      1.0500      0.3785          7.69        0.0055                       2.858
TextTopic3_23      0                         INFORMATION-TECHNOLOGY     1      3.5913      9.7196          0.14        0.7118                      36.280
TextTopic3_23      0                         HR                         1      1.0033      0.5526          3.30        0.0694                       2.727
TextTopic3_23      0                         HEALTHCARE                 1      0.8898      0.4277          4.33        0.0375                       2.435
TextTopic3_23      0                         FITNESS                    1     -0.1140      0.3523          0.10        0.7462                       0.892
TextTopic3_23      0                         DIGITAL-MEDIA              1      3.4771      9.7418          0.13        0.7211                      32.365
TextTopic3_23      0                         DESIGNER                   1      1.0498      0.7139          2.16        0.1414                       2.857
TextTopic3_23      0                         CONSULTANT                 1      0.7943      0.4327          3.37        0.0664                       2.213
TextTopic3_23      0                         BUSINESS-DEVELOPMENT       1      0.3904      0.3897          1.00        0.3164                       1.478
TextTopic3_24      0                         TEACHER                    1      6.6709       125.6          0.00        0.9576                     789.089
TextTopic3_24      0                         SALES                      1     -0.3749      0.5048          0.55        0.4576                       0.687
TextTopic3_24      0                         OTHER                      1     -0.3199      0.4404          0.53        0.4677                       0.726
TextTopic3_24      0                         INFORMATION-TECHNOLOGY     1     -0.5066      0.6293          0.65        0.4208                       0.603
TextTopic3_24      0                         HR                         1     -2.0186      0.6643          9.23        0.0024                       0.133
TextTopic3_24      0                         HEALTHCARE                 1     -0.7758      0.4178          3.45        0.0634                       0.460
TextTopic3_24      0                         FITNESS                    1      0.5623      0.4817          1.36        0.2431                       1.755
TextTopic3_24      0                         DIGITAL-MEDIA              1      0.3319      0.6782          0.24        0.6246                       1.394
TextTopic3_24      0                         DESIGNER                   1      0.2976      0.7803          0.15        0.7030                       1.347
TextTopic3_24      0                         CONSULTANT                 1     -0.2206      0.4836          0.21        0.6482                       0.802
TextTopic3_24      0                         BUSINESS-DEVELOPMENT       1     -0.1580      0.6412          0.06        0.8054                       0.854
TextTopic3_25      0                         TEACHER                    1      1.5734      6.1515          0.07        0.7981                       4.823
TextTopic3_25      0                         SALES                      1      0.4228      0.7293          0.34        0.5622                       1.526
TextTopic3_25      0                         OTHER                      1     -0.8628      0.4926          3.07        0.0798                       0.422
TextTopic3_25      0                         INFORMATION-TECHNOLOGY     1     -0.7231      0.5753          1.58        0.2087                       0.485
TextTopic3_25      0                         HR                         1     -1.0295      0.6008          2.94        0.0866                       0.357
TextTopic3_25      0                         HEALTHCARE                 1     -0.9723      0.5294          3.37        0.0663                       0.378
TextTopic3_25      0                         FITNESS                    1      0.6174      0.8510          0.53        0.4682                       1.854
TextTopic3_25      0                         DIGITAL-MEDIA              1     -0.3255      0.6567          0.25        0.6201                       0.722
TextTopic3_25      0                         DESIGNER                   1     -0.2840      0.8029          0.13        0.7235                       0.753
TextTopic3_25      0                         CONSULTANT                 1     -0.6462      0.5087          1.61        0.2040                       0.524
TextTopic3_25      0                         BUSINESS-DEVELOPMENT       1      0.0860      0.6131          0.02        0.8884                       1.090
TextTopic3_3       0                         TEACHER                    1     -1.8143      0.8756          4.29        0.0383                       0.163
TextTopic3_3       0                         SALES                      1     -1.4740      0.6305          5.46        0.0194                       0.229
TextTopic3_3       0                         OTHER                      1     -0.6641      0.6525          1.04        0.3087                       0.515
TextTopic3_3       0                         INFORMATION-TECHNOLOGY     1      2.9724     18.8123          0.02        0.8745                      19.538
TextTopic3_3       0                         HR                         1      4.1404     21.2223          0.04        0.8453                      62.830
TextTopic3_3       0                         HEALTHCARE                 1     -2.1631      0.6409         11.39        0.0007                       0.115
TextTopic3_3       0                         FITNESS                    1     -0.2194      0.7292          0.09        0.7635                       0.803
TextTopic3_3       0                         DIGITAL-MEDIA              1     -0.8215      0.6766          1.47        0.2247                       0.440
TextTopic3_3       0                         DESIGNER                   1      2.9070     25.2512          0.01        0.9083                      18.301
TextTopic3_3       0                         CONSULTANT                 1     -1.0290      0.6263          2.70        0.1004                       0.357
TextTopic3_3       0                         BUSINESS-DEVELOPMENT       1     -2.2752      0.5988         14.44        0.0001                       0.103
TextTopic3_4       0                         TEACHER                    1     -0.1343      0.8924          0.02        0.8804                       0.874
TextTopic3_4       0                         SALES                      1      0.7702      0.6792          1.29        0.2568                       2.160
TextTopic3_4       0                         OTHER                      1      0.4120      0.5168          0.64        0.4253                       1.510
TextTopic3_4       0                         INFORMATION-TECHNOLOGY     1      2.8862     10.1355          0.08        0.7758                      17.924
TextTopic3_4       0                         HR                         1     -2.4922      0.5482         20.67        <.0001                       0.083
TextTopic3_4       0                         HEALTHCARE                 1      0.1004      0.5582          0.03        0.8572                       1.106
TextTopic3_4       0                         FITNESS                    1     -0.0965      0.6570          0.02        0.8832                       0.908
TextTopic3_4       0                         DIGITAL-MEDIA              1      3.4478     17.8629          0.04        0.8469                      31.431
TextTopic3_4       0                         DESIGNER                   1      3.3015     18.0756          0.03        0.8551                      27.154
TextTopic3_4       0                         CONSULTANT                 1      0.6919      0.6585          1.10        0.2934                       1.997
TextTopic3_4       0                         BUSINESS-DEVELOPMENT       1      0.5703      0.5792          0.97        0.3248                       1.769
TextTopic3_5       0                         TEACHER                    1     -2.0476      0.5427         14.24        0.0002                       0.129
TextTopic3_5       0                         SALES                      1      0.4392      0.7452          0.35        0.5556                       1.551
TextTopic3_5       0                         OTHER                      1     -0.3070      0.5917          0.27        0.6039                       0.736
TextTopic3_5       0                         INFORMATION-TECHNOLOGY     1     -0.7471      0.7853          0.91        0.3414                       0.474
TextTopic3_5       0                         HR                         1      0.6732      0.9107          0.55        0.4598                       1.960
TextTopic3_5       0                         HEALTHCARE                 1     -0.9071      0.6190          2.15        0.1428                       0.404
TextTopic3_5       0                         FITNESS                    1      0.2605      0.5992          0.19        0.6637                       1.298
TextTopic3_5       0                         DIGITAL-MEDIA              1      1.5514      9.0897          0.03        0.8645                       4.718
TextTopic3_5       0                         DESIGNER                   1     -1.2414      0.6973          3.17        0.0750                       0.289
TextTopic3_5       0                         CONSULTANT                 1      4.1457     41.7301          0.01        0.9209                      63.162
TextTopic3_5       0                         BUSINESS-DEVELOPMENT       1      3.3517     20.7660          0.03        0.8718                      28.551
TextTopic3_6       0                         TEACHER                    1     -4.0885     26.5605          0.02        0.8777                       0.017
TextTopic3_6       0                         SALES                      1     -3.5678     25.1453          0.02        0.8872                       0.028
TextTopic3_6       0                         OTHER                      1     -3.8216     25.1468          0.02        0.8792                       0.022
TextTopic3_6       0                         INFORMATION-TECHNOLOGY     1     -3.3139     25.1465          0.02        0.8952                       0.036
TextTopic3_6       0                         HR                         1     -3.7847     27.6723          0.02        0.8912                       0.023
TextTopic3_6       0                         HEALTHCARE                 1      1.1174     42.4775          0.00        0.9790                       3.057
TextTopic3_6       0                         FITNESS                    1      0.3485     32.4977          0.00        0.9914                       1.417
TextTopic3_6       0                         DIGITAL-MEDIA              1     -3.7220     25.1390          0.02        0.8823                       0.024
TextTopic3_6       0                         DESIGNER                   1     -4.5641     25.1402          0.03        0.8559                       0.010
TextTopic3_6       0                         CONSULTANT                 1     -3.0317     25.1449          0.01        0.9040                       0.048
TextTopic3_6       0                         BUSINESS-DEVELOPMENT       1     -4.0545     25.1468          0.03        0.8719                       0.017
TextTopic3_7       0                         TEACHER                    1      0.7442      0.5873          1.61        0.2051                       2.105
TextTopic3_7       0                         SALES                      1      0.4288      0.5361          0.64        0.4238                       1.535
TextTopic3_7       0                         OTHER                      1      0.9537      0.4326          4.86        0.0275                       2.595
TextTopic3_7       0                         INFORMATION-TECHNOLOGY     1      5.0799     27.6725          0.03        0.8543                     160.754
TextTopic3_7       0                         HR                         1      4.6753     11.0987          0.18        0.6736                     107.266
TextTopic3_7       0                         HEALTHCARE                 1     -1.2942      0.3178         16.59        <.0001                       0.274
TextTopic3_7       0                         FITNESS                    1      0.4784      0.3962          1.46        0.2272                       1.613
TextTopic3_7       0                         DIGITAL-MEDIA              1      3.3814     10.3690          0.11        0.7443                      29.411
TextTopic3_7       0                         DESIGNER                   1      3.7606     19.6442          0.04        0.8482                      42.975
TextTopic3_7       0                         CONSULTANT                 1     -0.1463      0.3545          0.17        0.6797                       0.864
TextTopic3_7       0                         BUSINESS-DEVELOPMENT       1      0.0838      0.4782          0.03        0.8609                       1.087
TextTopic3_8       0                         TEACHER                    1     -3.2402     16.6319          0.04        0.8455                       0.039
TextTopic3_8       0                         SALES                      1     -0.3931     21.3919          0.00        0.9853                       0.675
TextTopic3_8       0                         OTHER                      1     -3.9016     14.1221          0.08        0.7823                       0.020
TextTopic3_8       0                         INFORMATION-TECHNOLOGY     1     -3.8580     14.1205          0.07        0.7847                       0.021
TextTopic3_8       0                         HR                         1     -2.2951     23.7500          0.01        0.9230                       0.101
TextTopic3_8       0                         HEALTHCARE                 1     -4.1537     14.1271          0.09        0.7687                       0.016
TextTopic3_8       0                         FITNESS                    1     -1.7920     17.5348          0.01        0.9186                       0.167
TextTopic3_8       0                         DIGITAL-MEDIA              1     -3.4146     14.1240          0.06        0.8090                       0.033
TextTopic3_8       0                         DESIGNER                   1     -4.4920     14.1277          0.10        0.7505                       0.011
TextTopic3_8       0                         CONSULTANT                 1     -4.1392     14.1202          0.09        0.7694                       0.016
TextTopic3_8       0                         BUSINESS-DEVELOPMENT       1     -2.9444     14.1298          0.04        0.8349                       0.053
TextTopic3_9       0                         TEACHER                    1     -0.0141      0.6052          0.00        0.9814                       0.986
TextTopic3_9       0                         SALES                      1      0.4015      0.3781          1.13        0.2883                       1.494
TextTopic3_9       0                         OTHER                      1      0.3512      0.3259          1.16        0.2813                       1.421
TextTopic3_9       0                         INFORMATION-TECHNOLOGY     1     -0.4689      0.4734          0.98        0.3220                       0.626
TextTopic3_9       0                         HR                         1     -0.3678      0.4720          0.61        0.4359                       0.692
TextTopic3_9       0                         HEALTHCARE                 1     -0.5071      0.3437          2.18        0.1401                       0.602
TextTopic3_9       0                         FITNESS                    1     -0.4201      0.3685          1.30        0.2544                       0.657
TextTopic3_9       0                         DIGITAL-MEDIA              1     -0.0921      0.4584          0.04        0.8407                       0.912
TextTopic3_9       0                         DESIGNER                   1      0.2357      0.5361          0.19        0.6602                       1.266
TextTopic3_9       0                         CONSULTANT                 1      0.5307      0.4076          1.70        0.1929                       1.700
TextTopic3_9       0                         BUSINESS-DEVELOPMENT       1      0.1345      0.3707          0.13        0.7166                       1.144


                     Odds Ratio Estimates
                               
                                                          Point
Effect                       Category                  Estimate

TextCluster2_prob1           TEACHER                      0.185
TextCluster2_prob1           SALES                        0.037
TextCluster2_prob1           OTHER                        1.203
TextCluster2_prob1           INFORMATION-TECHNOLOGY       1.727
TextCluster2_prob1           HR                           3.007
TextCluster2_prob1           HEALTHCARE                   0.003
TextCluster2_prob1           FITNESS                     <0.001
TextCluster2_prob1           DIGITAL-MEDIA                0.009
TextCluster2_prob1           DESIGNER                     0.004
TextCluster2_prob1           CONSULTANT                   0.290
TextCluster2_prob1           BUSINESS-DEVELOPMENT         2.622
TextCluster2_prob2           TEACHER                    112.184
TextCluster2_prob2           SALES                        0.218
TextCluster2_prob2           OTHER                        2.116
TextCluster2_prob2           INFORMATION-TECHNOLOGY       0.537
TextCluster2_prob2           HR                         999.000
TextCluster2_prob2           HEALTHCARE                   0.045
TextCluster2_prob2           FITNESS                      2.168
TextCluster2_prob2           DIGITAL-MEDIA                0.071
TextCluster2_prob2           DESIGNER                     0.008
TextCluster2_prob2           CONSULTANT                   0.342
TextCluster2_prob2           BUSINESS-DEVELOPMENT         1.209
TextCluster2_prob3           TEACHER                    999.000
TextCluster2_prob3           SALES                        0.249
TextCluster2_prob3           OTHER                        0.867
TextCluster2_prob3           INFORMATION-TECHNOLOGY       0.374
TextCluster2_prob3           HR                           0.103
TextCluster2_prob3           HEALTHCARE                   0.014
TextCluster2_prob3           FITNESS                      4.463
TextCluster2_prob3           DIGITAL-MEDIA               <0.001
TextCluster2_prob3           DESIGNER                     0.005
TextCluster2_prob3           CONSULTANT                   0.117
TextCluster2_prob3           BUSINESS-DEVELOPMENT         0.135
TextCluster2_prob4           TEACHER                       .   
TextCluster2_prob4           SALES                         .   
TextCluster2_prob4           OTHER                         .   
TextCluster2_prob4           INFORMATION-TECHNOLOGY        .   
TextCluster2_prob4           HR                            .   
TextCluster2_prob4           HEALTHCARE                    .   
TextCluster2_prob4           FITNESS                       .   
TextCluster2_prob4           DIGITAL-MEDIA                 .   
TextCluster2_prob4           DESIGNER                      .   
TextCluster2_prob4           CONSULTANT                    .   
TextCluster2_prob4           BUSINESS-DEVELOPMENT          .   
TextTopic3_1       0 vs 1    TEACHER                     12.685
TextTopic3_1       0 vs 1    SALES                        0.449
TextTopic3_1       0 vs 1    OTHER                        0.772
TextTopic3_1       0 vs 1    INFORMATION-TECHNOLOGY       0.856
TextTopic3_1       0 vs 1    HR                           2.451
TextTopic3_1       0 vs 1    HEALTHCARE                   0.746
TextTopic3_1       0 vs 1    FITNESS                      1.071
TextTopic3_1       0 vs 1    DIGITAL-MEDIA                0.638
TextTopic3_1       0 vs 1    DESIGNER                     0.512
TextTopic3_1       0 vs 1    CONSULTANT                   0.652
TextTopic3_1       0 vs 1    BUSINESS-DEVELOPMENT         0.882
TextTopic3_10      0 vs 1    TEACHER                    154.439
TextTopic3_10      0 vs 1    SALES                      999.000
TextTopic3_10      0 vs 1    OTHER                        3.161
TextTopic3_10      0 vs 1    INFORMATION-TECHNOLOGY       1.902
TextTopic3_10      0 vs 1    HR                           5.921
TextTopic3_10      0 vs 1    HEALTHCARE                  18.138
TextTopic3_10      0 vs 1    FITNESS                      0.291
TextTopic3_10      0 vs 1    DIGITAL-MEDIA                0.232
TextTopic3_10      0 vs 1    DESIGNER                    19.890
TextTopic3_10      0 vs 1    CONSULTANT                   1.227
TextTopic3_10      0 vs 1    BUSINESS-DEVELOPMENT         5.874
TextTopic3_11      0 vs 1    TEACHER                    999.000
TextTopic3_11      0 vs 1    SALES                      999.000
TextTopic3_11      0 vs 1    OTHER                      999.000
TextTopic3_11      0 vs 1    INFORMATION-TECHNOLOGY     300.997
TextTopic3_11      0 vs 1    HR                          35.057
TextTopic3_11      0 vs 1    HEALTHCARE                  13.326
TextTopic3_11      0 vs 1    FITNESS                      0.040
TextTopic3_11      0 vs 1    DIGITAL-MEDIA              209.574
TextTopic3_11      0 vs 1    DESIGNER                   365.660
TextTopic3_11      0 vs 1    CONSULTANT                 999.000
TextTopic3_11      0 vs 1    BUSINESS-DEVELOPMENT        15.450
TextTopic3_12      0 vs 1    TEACHER                      1.113
TextTopic3_12      0 vs 1    SALES                        0.432
TextTopic3_12      0 vs 1    OTHER                        1.178
TextTopic3_12      0 vs 1    INFORMATION-TECHNOLOGY       0.294
TextTopic3_12      0 vs 1    HR                          58.522
TextTopic3_12      0 vs 1    HEALTHCARE                   2.822
TextTopic3_12      0 vs 1    FITNESS                      0.558
TextTopic3_12      0 vs 1    DIGITAL-MEDIA                0.691
TextTopic3_12      0 vs 1    DESIGNER                     0.443
TextTopic3_12      0 vs 1    CONSULTANT                   1.344
TextTopic3_12      0 vs 1    BUSINESS-DEVELOPMENT         0.888
TextTopic3_13      0 vs 1    TEACHER                      0.767
TextTopic3_13      0 vs 1    SALES                        0.061
TextTopic3_13      0 vs 1    OTHER                        0.059
TextTopic3_13      0 vs 1    INFORMATION-TECHNOLOGY      72.665
TextTopic3_13      0 vs 1    HR                           0.004
TextTopic3_13      0 vs 1    HEALTHCARE                   0.373
TextTopic3_13      0 vs 1    FITNESS                      0.292
TextTopic3_13      0 vs 1    DIGITAL-MEDIA               17.860
TextTopic3_13      0 vs 1    DESIGNER                     0.025
TextTopic3_13      0 vs 1    CONSULTANT                   0.071
TextTopic3_13      0 vs 1    BUSINESS-DEVELOPMENT         0.067
TextTopic3_14      0 vs 1    TEACHER                      0.273
TextTopic3_14      0 vs 1    SALES                      999.000
TextTopic3_14      0 vs 1    OTHER                        0.020
TextTopic3_14      0 vs 1    INFORMATION-TECHNOLOGY       0.036
TextTopic3_14      0 vs 1    HR                           0.084
TextTopic3_14      0 vs 1    HEALTHCARE                   0.388
TextTopic3_14      0 vs 1    FITNESS                      1.617
TextTopic3_14      0 vs 1    DIGITAL-MEDIA                0.278
TextTopic3_14      0 vs 1    DESIGNER                     0.058
TextTopic3_14      0 vs 1    CONSULTANT                   0.188
TextTopic3_14      0 vs 1    BUSINESS-DEVELOPMENT         0.423
TextTopic3_15      0 vs 1    TEACHER                    999.000
TextTopic3_15      0 vs 1    SALES                        1.019
TextTopic3_15      0 vs 1    OTHER                        0.517
TextTopic3_15      0 vs 1    INFORMATION-TECHNOLOGY       0.868
TextTopic3_15      0 vs 1    HR                           1.939
TextTopic3_15      0 vs 1    HEALTHCARE                   0.854
TextTopic3_15      0 vs 1    FITNESS                      2.310
TextTopic3_15      0 vs 1    DIGITAL-MEDIA                1.366
TextTopic3_15      0 vs 1    DESIGNER                     0.111
TextTopic3_15      0 vs 1    CONSULTANT                   0.213
TextTopic3_15      0 vs 1    BUSINESS-DEVELOPMENT         0.834
TextTopic3_16      0 vs 1    TEACHER                      0.742
TextTopic3_16      0 vs 1    SALES                        0.337
TextTopic3_16      0 vs 1    OTHER                        0.891
TextTopic3_16      0 vs 1    INFORMATION-TECHNOLOGY       0.419
TextTopic3_16      0 vs 1    HR                           0.385
TextTopic3_16      0 vs 1    HEALTHCARE                   1.511
TextTopic3_16      0 vs 1    FITNESS                      0.583
TextTopic3_16      0 vs 1    DIGITAL-MEDIA                0.462
TextTopic3_16      0 vs 1    DESIGNER                     0.350
TextTopic3_16      0 vs 1    CONSULTANT                   0.916
TextTopic3_16      0 vs 1    BUSINESS-DEVELOPMENT         1.084
TextTopic3_17      0 vs 1    TEACHER                     41.125
TextTopic3_17      0 vs 1    SALES                       35.956
TextTopic3_17      0 vs 1    OTHER                        5.361
TextTopic3_17      0 vs 1    INFORMATION-TECHNOLOGY     999.000
TextTopic3_17      0 vs 1    HR                           2.901
TextTopic3_17      0 vs 1    HEALTHCARE                   8.601
TextTopic3_17      0 vs 1    FITNESS                      7.027
TextTopic3_17      0 vs 1    DIGITAL-MEDIA                0.788
TextTopic3_17      0 vs 1    DESIGNER                   999.000
TextTopic3_17      0 vs 1    CONSULTANT                   3.662
TextTopic3_17      0 vs 1    BUSINESS-DEVELOPMENT         8.521
TextTopic3_18      0 vs 1    TEACHER                    163.576
TextTopic3_18      0 vs 1    SALES                        2.904
TextTopic3_18      0 vs 1    OTHER                        1.081
TextTopic3_18      0 vs 1    INFORMATION-TECHNOLOGY       0.555
TextTopic3_18      0 vs 1    HR                           3.392
TextTopic3_18      0 vs 1    HEALTHCARE                   0.679
TextTopic3_18      0 vs 1    FITNESS                      3.082
TextTopic3_18      0 vs 1    DIGITAL-MEDIA                0.966
TextTopic3_18      0 vs 1    DESIGNER                     2.544
TextTopic3_18      0 vs 1    CONSULTANT                   1.394
TextTopic3_18      0 vs 1    BUSINESS-DEVELOPMENT         1.519
TextTopic3_19      0 vs 1    TEACHER                      9.543
TextTopic3_19      0 vs 1    SALES                      999.000
TextTopic3_19      0 vs 1    OTHER                        0.631
TextTopic3_19      0 vs 1    INFORMATION-TECHNOLOGY       2.308
TextTopic3_19      0 vs 1    HR                           4.278
TextTopic3_19      0 vs 1    HEALTHCARE                   1.255
TextTopic3_19      0 vs 1    FITNESS                      3.755
TextTopic3_19      0 vs 1    DIGITAL-MEDIA                1.088
TextTopic3_19      0 vs 1    DESIGNER                    17.032
TextTopic3_19      0 vs 1    CONSULTANT                   5.145
TextTopic3_19      0 vs 1    BUSINESS-DEVELOPMENT        29.299
TextTopic3_2       0 vs 1    TEACHER                      1.069
TextTopic3_2       0 vs 1    SALES                      701.141
TextTopic3_2       0 vs 1    OTHER                        0.687
TextTopic3_2       0 vs 1    INFORMATION-TECHNOLOGY       0.063
TextTopic3_2       0 vs 1    HR                          71.913
TextTopic3_2       0 vs 1    HEALTHCARE                   0.200
TextTopic3_2       0 vs 1    FITNESS                      0.637
TextTopic3_2       0 vs 1    DIGITAL-MEDIA                0.188
TextTopic3_2       0 vs 1    DESIGNER                     0.470
TextTopic3_2       0 vs 1    CONSULTANT                   0.345
TextTopic3_2       0 vs 1    BUSINESS-DEVELOPMENT       999.000
TextTopic3_20      0 vs 1    TEACHER                     <0.001
TextTopic3_20      0 vs 1    SALES                        0.013
TextTopic3_20      0 vs 1    OTHER                        0.001
TextTopic3_20      0 vs 1    INFORMATION-TECHNOLOGY      <0.001
TextTopic3_20      0 vs 1    HR                          <0.001
TextTopic3_20      0 vs 1    HEALTHCARE                  <0.001
TextTopic3_20      0 vs 1    FITNESS                     <0.001
TextTopic3_20      0 vs 1    DIGITAL-MEDIA               <0.001
TextTopic3_20      0 vs 1    DESIGNER                    <0.001
TextTopic3_20      0 vs 1    CONSULTANT                  <0.001
TextTopic3_20      0 vs 1    BUSINESS-DEVELOPMENT         7.239
TextTopic3_21      0 vs 1    TEACHER                      0.782
TextTopic3_21      0 vs 1    SALES                      999.000
TextTopic3_21      0 vs 1    OTHER                      999.000
TextTopic3_21      0 vs 1    INFORMATION-TECHNOLOGY     353.925
TextTopic3_21      0 vs 1    HR                          97.100
TextTopic3_21      0 vs 1    HEALTHCARE                   0.215
TextTopic3_21      0 vs 1    FITNESS                      3.081
TextTopic3_21      0 vs 1    DIGITAL-MEDIA              378.681
TextTopic3_21      0 vs 1    DESIGNER                   999.000
TextTopic3_21      0 vs 1    CONSULTANT                   2.417
TextTopic3_21      0 vs 1    BUSINESS-DEVELOPMENT       999.000
TextTopic3_22      0 vs 1    TEACHER                      0.575
TextTopic3_22      0 vs 1    SALES                        0.923
TextTopic3_22      0 vs 1    OTHER                      999.000
TextTopic3_22      0 vs 1    INFORMATION-TECHNOLOGY       0.237
TextTopic3_22      0 vs 1    HR                           7.195
TextTopic3_22      0 vs 1    HEALTHCARE                 999.000
TextTopic3_22      0 vs 1    FITNESS                      0.324
TextTopic3_22      0 vs 1    DIGITAL-MEDIA               27.289
TextTopic3_22      0 vs 1    DESIGNER                     1.662
TextTopic3_22      0 vs 1    CONSULTANT                   1.518
TextTopic3_22      0 vs 1    BUSINESS-DEVELOPMENT       516.505
TextTopic3_23      0 vs 1    TEACHER                      2.129
TextTopic3_23      0 vs 1    SALES                        1.058
TextTopic3_23      0 vs 1    OTHER                        8.166
TextTopic3_23      0 vs 1    INFORMATION-TECHNOLOGY     999.000
TextTopic3_23      0 vs 1    HR                           7.438
TextTopic3_23      0 vs 1    HEALTHCARE                   5.927
TextTopic3_23      0 vs 1    FITNESS                      0.796
TextTopic3_23      0 vs 1    DIGITAL-MEDIA              999.000
TextTopic3_23      0 vs 1    DESIGNER                     8.163
TextTopic3_23      0 vs 1    CONSULTANT                   4.897
TextTopic3_23      0 vs 1    BUSINESS-DEVELOPMENT         2.183
TextTopic3_24      0 vs 1    TEACHER                    999.000
TextTopic3_24      0 vs 1    SALES                        0.472
TextTopic3_24      0 vs 1    OTHER                        0.527
TextTopic3_24      0 vs 1    INFORMATION-TECHNOLOGY       0.363
TextTopic3_24      0 vs 1    HR                           0.018
TextTopic3_24      0 vs 1    HEALTHCARE                   0.212
TextTopic3_24      0 vs 1    FITNESS                      3.079
TextTopic3_24      0 vs 1    DIGITAL-MEDIA                1.942
TextTopic3_24      0 vs 1    DESIGNER                     1.813
TextTopic3_24      0 vs 1    CONSULTANT                   0.643
TextTopic3_24      0 vs 1    BUSINESS-DEVELOPMENT         0.729
TextTopic3_25      0 vs 1    TEACHER                     23.260
TextTopic3_25      0 vs 1    SALES                        2.329
TextTopic3_25      0 vs 1    OTHER                        0.178
TextTopic3_25      0 vs 1    INFORMATION-TECHNOLOGY       0.235
TextTopic3_25      0 vs 1    HR                           0.128
TextTopic3_25      0 vs 1    HEALTHCARE                   0.143
TextTopic3_25      0 vs 1    FITNESS                      3.437
TextTopic3_25      0 vs 1    DIGITAL-MEDIA                0.521
TextTopic3_25      0 vs 1    DESIGNER                     0.567
TextTopic3_25      0 vs 1    CONSULTANT                   0.275
TextTopic3_25      0 vs 1    BUSINESS-DEVELOPMENT         1.188
TextTopic3_3       0 vs 1    TEACHER                      0.027
TextTopic3_3       0 vs 1    SALES                        0.052
TextTopic3_3       0 vs 1    OTHER                        0.265
TextTopic3_3       0 vs 1    INFORMATION-TECHNOLOGY     381.729
TextTopic3_3       0 vs 1    HR                         999.000
TextTopic3_3       0 vs 1    HEALTHCARE                   0.013
TextTopic3_3       0 vs 1    FITNESS                      0.645
TextTopic3_3       0 vs 1    DIGITAL-MEDIA                0.193
TextTopic3_3       0 vs 1    DESIGNER                   334.929
TextTopic3_3       0 vs 1    CONSULTANT                   0.128
TextTopic3_3       0 vs 1    BUSINESS-DEVELOPMENT         0.011
TextTopic3_4       0 vs 1    TEACHER                      0.764
TextTopic3_4       0 vs 1    SALES                        4.666
TextTopic3_4       0 vs 1    OTHER                        2.280
TextTopic3_4       0 vs 1    INFORMATION-TECHNOLOGY     321.281
TextTopic3_4       0 vs 1    HR                           0.007
TextTopic3_4       0 vs 1    HEALTHCARE                   1.222
TextTopic3_4       0 vs 1    FITNESS                      0.824
TextTopic3_4       0 vs 1    DIGITAL-MEDIA              987.915
TextTopic3_4       0 vs 1    DESIGNER                   737.336
TextTopic3_4       0 vs 1    CONSULTANT                   3.990
TextTopic3_4       0 vs 1    BUSINESS-DEVELOPMENT         3.129
TextTopic3_5       0 vs 1    TEACHER                      0.017
TextTopic3_5       0 vs 1    SALES                        2.407
TextTopic3_5       0 vs 1    OTHER                        0.541
TextTopic3_5       0 vs 1    INFORMATION-TECHNOLOGY       0.224
TextTopic3_5       0 vs 1    HR                           3.843
TextTopic3_5       0 vs 1    HEALTHCARE                   0.163
TextTopic3_5       0 vs 1    FITNESS                      1.684
TextTopic3_5       0 vs 1    DIGITAL-MEDIA               22.260
TextTopic3_5       0 vs 1    DESIGNER                     0.084
TextTopic3_5       0 vs 1    CONSULTANT                 999.000
TextTopic3_5       0 vs 1    BUSINESS-DEVELOPMENT       815.172
TextTopic3_6       0 vs 1    TEACHER                     <0.001
TextTopic3_6       0 vs 1    SALES                       <0.001
TextTopic3_6       0 vs 1    OTHER                       <0.001
TextTopic3_6       0 vs 1    INFORMATION-TECHNOLOGY       0.001
TextTopic3_6       0 vs 1    HR                          <0.001
TextTopic3_6       0 vs 1    HEALTHCARE                   9.345
TextTopic3_6       0 vs 1    FITNESS                      2.008
TextTopic3_6       0 vs 1    DIGITAL-MEDIA               <0.001
TextTopic3_6       0 vs 1    DESIGNER                    <0.001
TextTopic3_6       0 vs 1    CONSULTANT                   0.002
TextTopic3_6       0 vs 1    BUSINESS-DEVELOPMENT        <0.001
TextTopic3_7       0 vs 1    TEACHER                      4.430
TextTopic3_7       0 vs 1    SALES                        2.358
TextTopic3_7       0 vs 1    OTHER                        6.736
TextTopic3_7       0 vs 1    INFORMATION-TECHNOLOGY     999.000
TextTopic3_7       0 vs 1    HR                         999.000
TextTopic3_7       0 vs 1    HEALTHCARE                   0.075
TextTopic3_7       0 vs 1    FITNESS                      2.603
TextTopic3_7       0 vs 1    DIGITAL-MEDIA              865.020
TextTopic3_7       0 vs 1    DESIGNER                   999.000
TextTopic3_7       0 vs 1    CONSULTANT                   0.746
TextTopic3_7       0 vs 1    BUSINESS-DEVELOPMENT         1.183
TextTopic3_8       0 vs 1    TEACHER                      0.002
TextTopic3_8       0 vs 1    SALES                        0.456
TextTopic3_8       0 vs 1    OTHER                       <0.001
TextTopic3_8       0 vs 1    INFORMATION-TECHNOLOGY      <0.001
TextTopic3_8       0 vs 1    HR                           0.010
TextTopic3_8       0 vs 1    HEALTHCARE                  <0.001
TextTopic3_8       0 vs 1    FITNESS                      0.028
TextTopic3_8       0 vs 1    DIGITAL-MEDIA                0.001
TextTopic3_8       0 vs 1    DESIGNER                    <0.001
TextTopic3_8       0 vs 1    CONSULTANT                  <0.001
TextTopic3_8       0 vs 1    BUSINESS-DEVELOPMENT         0.003
TextTopic3_9       0 vs 1    TEACHER                      0.972
TextTopic3_9       0 vs 1    SALES                        2.232
TextTopic3_9       0 vs 1    OTHER                        2.018
TextTopic3_9       0 vs 1    INFORMATION-TECHNOLOGY       0.391
TextTopic3_9       0 vs 1    HR                           0.479
TextTopic3_9       0 vs 1    HEALTHCARE                   0.363
TextTopic3_9       0 vs 1    FITNESS                      0.432
TextTopic3_9       0 vs 1    DIGITAL-MEDIA                0.832
TextTopic3_9       0 vs 1    DESIGNER                     1.602
TextTopic3_9       0 vs 1    CONSULTANT                   2.890
TextTopic3_9       0 vs 1    BUSINESS-DEVELOPMENT         1.309
