*------------------------------------------------------------*
* Training Log
Date:                November 23, 2023
Time:                22:13:23
*------------------------------------------------------------*
11433  proc freq data=EMWS3.Reg6_VariableSet noprint;
11434  table ROLE*LEVEL/out=WORK.Reg6META;
11435  run;

NOTE: There were 49 observations read from the data set EMWS3.REG6_VARIABLESET.
NOTE: The data set WORK.REG6META has 3 observations and 4 variables.
NOTE: PROCEDURE FREQ used (Total process time):
      real time           0.05 seconds
      cpu time            0.00 seconds
      

11436  proc print data=WORK.Reg6META label noobs;
11437  var ROLE LEVEL COUNT;
11438  label ROLE = "%sysfunc(sasmsg(sashelp.dmine, meta_role_vlabel, NOQUOTE))" LEVEL = "%sysfunc(sasmsg(sashelp.dmine, meta_level_vlabel, NOQUOTE))" COUNT = "%sysfunc(sasmsg(sashelp.dmine, rpt_count_vlabel, NOQUOTE))";
11439  title9 ' ';
11440  title10 "%sysfunc(sasmsg(sashelp.dmine, rpt_varSummary_title  , NOQUOTE))";
11441  run;

NOTE: There were 3 observations read from the data set WORK.REG6META.
NOTE: The PROCEDURE PRINT printed page 1.
NOTE: PROCEDURE PRINT used (Total process time):
      real time           0.01 seconds
      cpu time            0.00 seconds
      

11442  title10;

11443  %let EMNORLEN = %DMNORLEN;
EMWS3.TextCluster6_TRAIN EMWS3.TextCluster6_TRAIN 
EMWS3.TextCluster6_TRAIN EMWS3.TextCluster6_TRAIN EMWS3 TextCluster6_TRAIN 
EMWS3.TextCluster6_TRAIN EMWS3.TextCluster6_TRAIN 
EMWS3.TextCluster6_TRAIN EMWS3.TextCluster6_TRAIN EMWS3 TextCluster6_TRAIN 
Executing  SASHELP.EMCORE.EMINFOITERATOR.SCL _INIT >> 
Executing  SASHELP.EMCORE.EMINFOITERATOR.SCL setMetaData >> 
Executing  SASHELP.EMCORE.EMINFOITERATOR.SCL next >> 
Executing  SASHELP.EMCORE.EMINFOITERATOR.SCL setMetaData >> 
Executing  SASHELP.EMCORE.EMINFOITERATOR.SCL next >> 
Executing  SASHELP.EMCORE.EMINFOITERATOR.SCL _term >> 
11490  data WORK.Reg6_EVENT(KEEP=VARIABLE LABEL LEVEL EVENT NUMLEVELS ORDER);
11491  length ORDER $20;
11492  label VARIABLE = "%sysfunc(sasmsg(sashelp.dmine, rpt_target_vlabel,  NOQUOTE))" EVENT = "%sysfunc(sasmsg(sashelp.dmine, assmt_event_vlabel, NOQUOTE))" NUMLEVELS = "%sysfunc(sasmsg(sashelp.dmine, rpt_numcat_vlabel, NOQUOTE))" LEVEL =
11493     "%sysfunc(sasmsg(sashelp.dmine, meta_level_vlabel, NOQUOTE))" ORDER = "%sysfunc(sasmsg(sashelp.dmine, meta_order_vlabel, NOQUOTE))" LABEL = "%sysfunc(sasmsg(sashelp.dmine, meta_label_vlabel, NOQUOTE))";
11494  set EMWS3.REG6_CATEGORY_DM( where=(_TYPE_="TARGET"));
11495  NumLevels=12;
11496  select(upcase(ORDER));
11497  when('DESC') ORDER = 'Descending';
11498  when('ASC') ORDER = 'Ascending';
11499  when('FMTDESC') ORDER = 'Formatted Descending';
11500  when('FMTASC') ORDER = 'Formatted Ascending';
11501  otherwise ORDER = 'Descending';
11502  end;
11503  output;
11504  run;

NOTE: There were 1 observations read from the data set EMWS3.REG6_CATEGORY_DM.
      WHERE _TYPE_='TARGET';
NOTE: The data set WORK.REG6_EVENT has 1 observations and 6 variables.
NOTE: DATA statement used (Total process time):
      real time           0.01 seconds
      cpu time            0.00 seconds
      

11505  title9 ' ';
11506  proc print data=WORK.Reg6_EVENT noobs label;
11507  var VARIABLE EVENT LEVEL NUMLEVELS ORDER LABEL;
11508  title9 ' ';
11509  title10 "%sysfunc(sasmsg(sashelp.dmine, rpt_modelEvent_title  , NOQUOTE))";
11510  run;

NOTE: There were 1 observations read from the data set WORK.REG6_EVENT.
NOTE: The PROCEDURE PRINT printed page 2.
NOTE: PROCEDURE PRINT used (Total process time):
      real time           0.00 seconds
      cpu time            0.00 seconds
      

11511  title10;

"No decisions defined for target "Category"." 
11512  proc print data = EMWS3.Reg6_Category_DM noobs label;
11513  var _type_ variable label;
11514  where _type_ ^in('MATRIX', 'DECISION', 'TRAINPRIOR', 'DATAPRIOR', 'DECPRIOR');
11515  label _TYPE_ = "%sysfunc(sasmsg(sashelp.dmine, rpt_type_vlabel,     NOQUOTE))" VARIABLE = "%sysfunc(sasmsg(sashelp.dmine, rpt_variable_vlabel, NOQUOTE))" LABEL = "%sysfunc(sasmsg(sashelp.dmine, meta_label_vlabel, NOQUOTE))";
11516  title9 ' ';
11517  title10 "%sysfunc(sasmsg(sashelp.dmine, rpt_predDecVars_title  , NOQUOTE))";
11518  run;

NOTE: There were 27 observations read from the data set EMWS3.REG6_CATEGORY_DM.
      WHERE _type_ not in ('DATAPRIOR', 'DECISION', 'DECPRIOR', 'MATRIX', 'TRAINPRIOR');
NOTE: The PROCEDURE PRINT printed page 3.
NOTE: PROCEDURE PRINT used (Total process time):
      real time           0.00 seconds
      cpu time            0.00 seconds
      

11519  title10;

11529  data WORK.M0QDLX_W;
11530  set WORK.M0QDLX_W end=eof;
11531  output;
11532  if eof then do;
11533  NAME="";
11534  ROLE="COST";
11535  LEVEL="INTERVAL";
11536  TYPE="N";
11537  output;
11538  end;
11539  run;

NOTE: There were 45 observations read from the data set WORK.M0QDLX_W.
NOTE: The data set WORK.M0QDLX_W has 46 observations and 21 variables.
NOTE: DATA statement used (Total process time):
      real time           0.00 seconds
      cpu time            0.00 seconds
      

NOTE: There were 12 observations read from the data set EMWS3.REG6_CATEGORY_DD.
NOTE: The data set WORK.CATEGORY has 12 observations and 17 variables.
NOTE: There were 12 observations read from the data set EMWS3.REG6_CATEGORY_DD.
NOTE: The data set WORK.CATEGORY has 12 observations and 17 variables.
11540  *------------------------------------------------------------*;
11541  * Reg6: Create decision matrix;
11542  *------------------------------------------------------------*;
11543  data WORK.Category;
11544    length   Category                         $  32
11545             COUNT                                8
11546             DATAPRIOR                            8
11547             TRAINPRIOR                           8
11548             DECPRIOR                             8
11549             DECISION1                            8
11550             DECISION2                            8
11551             DECISION3                            8
11552             DECISION4                            8
11553             DECISION5                            8
11554             DECISION6                            8
11555             DECISION7                            8
11556             DECISION8                            8
11557             DECISION9                            8
11558             DECISION10                           8
11559             DECISION11                           8
11560             DECISION12                           8
11561             ;
11562  
11563    label    COUNT="Level Counts"
11564             DATAPRIOR="Data Proportions"
11565             TRAINPRIOR="Training Proportions"
11566             DECPRIOR="Decision Priors"
11567             DECISION1="TEACHER"
11568             DECISION2="SALES"
11569             DECISION3="OTHER"
11570             DECISION4="INFORMATION-TECHNOLOGY"
11571             DECISION5="HR"
11572             DECISION6="HEALTHCARE"
11573             DECISION7="FITNESS"
11574             DECISION8="DIGITAL-MEDIA"
11575             DECISION9="DESIGNER"
11576             DECISION10="CONSULTANT"
11577             DECISION11="BUSINESS-DEVELOPMENT"
11578             DECISION12="ADVOCATE"
11579             ;
11580    format   COUNT 10.
11581             ;
11582  Category="TEACHER"; COUNT=50; DATAPRIOR=0.0741839763; TRAINPRIOR=0.07418397626112; DECPRIOR=.; DECISION1=1; DECISION2=0; DECISION3=0; DECISION4=0; DECISION5=0; DECISION6=0; DECISION7=0; DECISION8=0; DECISION9=0; DECISION10=0; DECISION11=0;
11582! DECISION12=0;
11583  output;
11584  Category="SALES"; COUNT=58; DATAPRIOR=0.0860534125; TRAINPRIOR=0.0860534124629; DECPRIOR=.; DECISION1=0; DECISION2=1; DECISION3=0; DECISION4=0; DECISION5=0; DECISION6=0; DECISION7=0; DECISION8=0; DECISION9=0; DECISION10=0; DECISION11=0; DECISION12=0
11584! ;
11585  output;
11586  Category="OTHER"; COUNT=63; DATAPRIOR=0.0934718101; TRAINPRIOR=0.09347181008902; DECPRIOR=.; DECISION1=0; DECISION2=0; DECISION3=1; DECISION4=0; DECISION5=0; DECISION6=0; DECISION7=0; DECISION8=0; DECISION9=0; DECISION10=0; DECISION11=0;
11586! DECISION12=0;
11587  output;
11588  Category="INFORMATION-TECHNOLOGY"; COUNT=59; DATAPRIOR=0.087537092; TRAINPRIOR=0.08753709198813; DECPRIOR=.; DECISION1=0; DECISION2=0; DECISION3=0; DECISION4=1; DECISION5=0; DECISION6=0; DECISION7=0; DECISION8=0; DECISION9=0; DECISION10=0;
11588! DECISION11=0; DECISION12=0;
11589  output;
11590  Category="HR"; COUNT=55; DATAPRIOR=0.0816023739; TRAINPRIOR=0.08160237388724; DECPRIOR=.; DECISION1=0; DECISION2=0; DECISION3=0; DECISION4=0; DECISION5=1; DECISION6=0; DECISION7=0; DECISION8=0; DECISION9=0; DECISION10=0; DECISION11=0; DECISION12=0;
11591  output;
11592  Category="HEALTHCARE"; COUNT=57; DATAPRIOR=0.0845697329; TRAINPRIOR=0.08456973293768; DECPRIOR=.; DECISION1=0; DECISION2=0; DECISION3=0; DECISION4=0; DECISION5=0; DECISION6=1; DECISION7=0; DECISION8=0; DECISION9=0; DECISION10=0; DECISION11=0;
11592! DECISION12=0;
11593  output;
11594  Category="FITNESS"; COUNT=58; DATAPRIOR=0.0860534125; TRAINPRIOR=0.0860534124629; DECPRIOR=.; DECISION1=0; DECISION2=0; DECISION3=0; DECISION4=0; DECISION5=0; DECISION6=0; DECISION7=1; DECISION8=0; DECISION9=0; DECISION10=0; DECISION11=0;
11594! DECISION12=0;
11595  output;
11596  Category="DIGITAL-MEDIA"; COUNT=47; DATAPRIOR=0.0697329377; TRAINPRIOR=0.06973293768545; DECPRIOR=.; DECISION1=0; DECISION2=0; DECISION3=0; DECISION4=0; DECISION5=0; DECISION6=0; DECISION7=0; DECISION8=1; DECISION9=0; DECISION10=0; DECISION11=0;
11596! DECISION12=0;
11597  output;
11598  Category="DESIGNER"; COUNT=53; DATAPRIOR=0.0786350148; TRAINPRIOR=0.07863501483679; DECPRIOR=.; DECISION1=0; DECISION2=0; DECISION3=0; DECISION4=0; DECISION5=0; DECISION6=0; DECISION7=0; DECISION8=0; DECISION9=1; DECISION10=0; DECISION11=0;
11598! DECISION12=0;
11599  output;
11600  Category="CONSULTANT"; COUNT=57; DATAPRIOR=0.0845697329; TRAINPRIOR=0.08456973293768; DECPRIOR=.; DECISION1=0; DECISION2=0; DECISION3=0; DECISION4=0; DECISION5=0; DECISION6=0; DECISION7=0; DECISION8=0; DECISION9=0; DECISION10=1; DECISION11=0;
11600! DECISION12=0;
11601  output;
11602  Category="BUSINESS-DEVELOPMENT"; COUNT=60; DATAPRIOR=0.0890207715; TRAINPRIOR=0.08902077151335; DECPRIOR=.; DECISION1=0; DECISION2=0; DECISION3=0; DECISION4=0; DECISION5=0; DECISION6=0; DECISION7=0; DECISION8=0; DECISION9=0; DECISION10=0;
11602! DECISION11=1; DECISION12=0;
11603  output;
11604  Category="ADVOCATE"; COUNT=57; DATAPRIOR=0.0845697329; TRAINPRIOR=0.08456973293768; DECPRIOR=.; DECISION1=0; DECISION2=0; DECISION3=0; DECISION4=0; DECISION5=0; DECISION6=0; DECISION7=0; DECISION8=0; DECISION9=0; DECISION10=0; DECISION11=0;
11604! DECISION12=1;
11605  output;
11606  ;
11607  run;

NOTE: The data set WORK.CATEGORY has 12 observations and 17 variables.
NOTE: DATA statement used (Total process time):
      real time           0.00 seconds
      cpu time            0.00 seconds
      

11608  proc datasets lib=work nolist;
11609  modify Category(type=PROFIT label=Category);
11610  label DECISION1= 'TEACHER';
11611  label DECISION2= 'SALES';
11612  label DECISION3= 'OTHER';
11613  label DECISION4= 'INFORMATION-TECHNOLOGY';
11614  label DECISION5= 'HR';
11615  label DECISION6= 'HEALTHCARE';
11616  label DECISION7= 'FITNESS';
11617  label DECISION8= 'DIGITAL-MEDIA';
11618  label DECISION9= 'DESIGNER';
11619  label DECISION10= 'CONSULTANT';
11620  label DECISION11= 'BUSINESS-DEVELOPMENT';
11621  label DECISION12= 'ADVOCATE';
11622  run;

NOTE: MODIFY was successful for WORK.CATEGORY.DATA.
11623  quit;

NOTE: PROCEDURE DATASETS used (Total process time):
      real time           0.01 seconds
      cpu time            0.00 seconds
      

11624  data EM_DMREG / view=EM_DMREG;
11625  set EMWS3.TextCluster6_TRAIN(keep=
11626  Category TextCluster6_SVD1 TextCluster6_SVD10 TextCluster6_SVD11
11627  TextCluster6_SVD12 TextCluster6_SVD13 TextCluster6_SVD14 TextCluster6_SVD15
11628  TextCluster6_SVD16 TextCluster6_SVD17 TextCluster6_SVD18 TextCluster6_SVD19
11629  TextCluster6_SVD2 TextCluster6_SVD20 TextCluster6_SVD21 TextCluster6_SVD22
11630  TextCluster6_SVD23 TextCluster6_SVD24 TextCluster6_SVD25 TextCluster6_SVD26
11631  TextCluster6_SVD27 TextCluster6_SVD28 TextCluster6_SVD29 TextCluster6_SVD3
11632  TextCluster6_SVD30 TextCluster6_SVD31 TextCluster6_SVD32 TextCluster6_SVD33
11633  TextCluster6_SVD34 TextCluster6_SVD35 TextCluster6_SVD36 TextCluster6_SVD37
11634  TextCluster6_SVD38 TextCluster6_SVD39 TextCluster6_SVD4 TextCluster6_SVD40
11635  TextCluster6_SVD41 TextCluster6_SVD42 TextCluster6_SVD43 TextCluster6_SVD44
11636  TextCluster6_SVD5 TextCluster6_SVD6 TextCluster6_SVD7 TextCluster6_SVD8
11637  TextCluster6_SVD9 );
11638  run;

NOTE: DATA STEP view saved on file WORK.EM_DMREG.
NOTE: A stored DATA STEP view cannot run under a different operating system.
NOTE: DATA statement used (Total process time):
      real time           0.00 seconds
      cpu time            0.01 seconds
      

11639  *------------------------------------------------------------* ;
11640  * Reg6: DMDBClass Macro ;
11641  *------------------------------------------------------------* ;
11642  %macro DMDBClass;
11643      Category(DESC)
11644  %mend DMDBClass;
11645  *------------------------------------------------------------* ;
11646  * Reg6: DMDBVar Macro ;
11647  *------------------------------------------------------------* ;
11648  %macro DMDBVar;
11649      TextCluster6_SVD1 TextCluster6_SVD10 TextCluster6_SVD11 TextCluster6_SVD12
11650     TextCluster6_SVD13 TextCluster6_SVD14 TextCluster6_SVD15 TextCluster6_SVD16
11651     TextCluster6_SVD17 TextCluster6_SVD18 TextCluster6_SVD19 TextCluster6_SVD2
11652     TextCluster6_SVD20 TextCluster6_SVD21 TextCluster6_SVD22 TextCluster6_SVD23
11653     TextCluster6_SVD24 TextCluster6_SVD25 TextCluster6_SVD26 TextCluster6_SVD27
11654     TextCluster6_SVD28 TextCluster6_SVD29 TextCluster6_SVD3 TextCluster6_SVD30
11655     TextCluster6_SVD31 TextCluster6_SVD32 TextCluster6_SVD33 TextCluster6_SVD34
11656     TextCluster6_SVD35 TextCluster6_SVD36 TextCluster6_SVD37 TextCluster6_SVD38
11657     TextCluster6_SVD39 TextCluster6_SVD4 TextCluster6_SVD40 TextCluster6_SVD41
11658     TextCluster6_SVD42 TextCluster6_SVD43 TextCluster6_SVD44 TextCluster6_SVD5
11659     TextCluster6_SVD6 TextCluster6_SVD7 TextCluster6_SVD8 TextCluster6_SVD9
11660  %mend DMDBVar;
11661  *------------------------------------------------------------*;
11662  * Reg6: Create DMDB;
11663  *------------------------------------------------------------*;
11664  proc dmdb batch data=WORK.EM_DMREG
11665  dmdbcat=WORK.Reg6_DMDB
11666  maxlevel = 513
11667  ;
11668  class %DMDBClass;
11669  var %DMDBVar;
11670  target
11671  Category
11672  ;
11673  run;

NOTE: Records processed = 674   Memory used = 511K.
NOTE: View WORK.EM_DMREG.VIEW used (Total process time):
      real time           0.05 seconds
      cpu time            0.00 seconds
      
NOTE: There were 674 observations read from the data set EMWS3.TEXTCLUSTER6_TRAIN.
NOTE: There were 674 observations read from the data set WORK.EM_DMREG.
NOTE: PROCEDURE DMDB used (Total process time):
      real time           0.06 seconds
      cpu time            0.01 seconds
      

11674  quit;
11675  *--- end code ---*;

11676  *------------------------------------------------------------*;
11677  * Reg6: Run DMREG procedure;
11678  *------------------------------------------------------------*;
11679  proc dmreg data=EM_DMREG dmdbcat=WORK.Reg6_DMDB
11680  validata = EMWS3.TextCluster6_VALIDATE
11681  outest = EMWS3.Reg6_EMESTIMATE
11682  outterms = EMWS3.Reg6_OUTTERMS
11683  outmap= EMWS3.Reg6_MAPDS namelen=200
11684  ;
11685  class
11686  Category
11687  ;
11688  model Category =
11689  TextCluster6_SVD1
11690  TextCluster6_SVD10
11691  TextCluster6_SVD11
11692  TextCluster6_SVD12
11693  TextCluster6_SVD13
11694  TextCluster6_SVD14
11695  TextCluster6_SVD15
11696  TextCluster6_SVD16
11697  TextCluster6_SVD17
11698  TextCluster6_SVD18
11699  TextCluster6_SVD19
11700  TextCluster6_SVD2
11701  TextCluster6_SVD20
11702  TextCluster6_SVD21
11703  TextCluster6_SVD22
11704  TextCluster6_SVD23
11705  TextCluster6_SVD24
11706  TextCluster6_SVD25
11707  TextCluster6_SVD26
11708  TextCluster6_SVD27
11709  TextCluster6_SVD28
11710  TextCluster6_SVD29
11711  TextCluster6_SVD3
11712  TextCluster6_SVD30
11713  TextCluster6_SVD31
11714  TextCluster6_SVD32
11715  TextCluster6_SVD33
11716  TextCluster6_SVD34
11717  TextCluster6_SVD35
11718  TextCluster6_SVD36
11719  TextCluster6_SVD37
11720  TextCluster6_SVD38
11721  TextCluster6_SVD39
11722  TextCluster6_SVD4
11723  TextCluster6_SVD40
11724  TextCluster6_SVD41
11725  TextCluster6_SVD42
11726  TextCluster6_SVD43
11727  TextCluster6_SVD44
11728  TextCluster6_SVD5
11729  TextCluster6_SVD6
11730  TextCluster6_SVD7
11731  TextCluster6_SVD8
11732  TextCluster6_SVD9
11733  /level=nominal
11734  coding=DEVIATION
11735  nodesignprint
11736  selection=STEPWISE choose=VERROR
11737  Hierarchy=CLASS
11738  Rule=NONE
11739  ;
11740  ;
11741  score data=EMWS3.TextCluster6_TEST
11742  out=_null_
11743  outfit=EMWS3.Reg6_FITTEST
11744  role = TEST
11745  ;
11746  code file="C:\Users\lahar\OneDrive\Desktop\Data Mining\Resume\Workspaces\EMWS3\Reg6\EMPUBLISHSCORE.sas"
11747  group=Reg6
11748  ;
11749  code file="C:\Users\lahar\OneDrive\Desktop\Data Mining\Resume\Workspaces\EMWS3\Reg6\EMFLOWSCORE.sas"
11750  group=Reg6
11751  residual
11752  ;
11753  run;

NOTE: Convergence criterion (ABSGCONV=0.00001) satisfied.
NOTE: Convergence criterion (GCONV=1E-6) satisfied.
NOTE: Convergence criterion (GCONV=1E-6) satisfied.
NOTE: Convergence criterion (FCONV=0.0001) satisfied.
NOTE: At least one element of the gradient is greater than 1e-3.
NOTE: Convergence criterion (FCONV=0.0001) satisfied.
NOTE: At least one element of the gradient is greater than 1e-3.
NOTE: Convergence criterion (FCONV=0.0001) satisfied.
NOTE: At least one element of the gradient is greater than 1e-3.
NOTE: Convergence criterion (FCONV=0.0001) satisfied.
NOTE: At least one element of the gradient is greater than 1e-3.
NOTE: Convergence criterion (FCONV=0.0001) satisfied.
NOTE: At least one element of the gradient is greater than 1e-3.
NOTE: Convergence criterion (FCONV=0.0001) satisfied.
NOTE: At least one element of the gradient is greater than 1e-3.
NOTE: Convergence criterion (FCONV=0.0001) satisfied.
NOTE: At least one element of the gradient is greater than 1e-3.
NOTE: Convergence criterion (FCONV=0.0001) satisfied.
NOTE: At least one element of the gradient is greater than 1e-3.
NOTE: Convergence criterion (FCONV=0.0001) satisfied.
NOTE: At least one element of the gradient is greater than 1e-3.
NOTE: Convergence criterion (FCONV=0.0001) satisfied.
NOTE: At least one element of the gradient is greater than 1e-3.
NOTE: Convergence criterion (FCONV=0.0001) satisfied.
NOTE: At least one element of the gradient is greater than 1e-3.
NOTE: Convergence criterion (FCONV=0.0001) satisfied.
NOTE: At least one element of the gradient is greater than 1e-3.
NOTE: Convergence criterion (FCONV=0.0001) satisfied.
NOTE: At least one element of the gradient is greater than 1e-3.
NOTE: Convergence criterion (FCONV=0.0001) satisfied.
NOTE: At least one element of the gradient is greater than 1e-3.
NOTE: Convergence criterion (FCONV=0.0001) satisfied.
NOTE: At least one element of the gradient is greater than 1e-3.
NOTE: Convergence criterion (FCONV=0.0001) satisfied.
NOTE: At least one element of the gradient is greater than 1e-3.
NOTE: Convergence criterion (FCONV=0.0001) satisfied.
NOTE: At least one element of the gradient is greater than 1e-3.
NOTE: Convergence criterion (FCONV=0.0001) satisfied.
NOTE: At least one element of the gradient is greater than 1e-3.
NOTE: Convergence criterion (FCONV=0.0001) satisfied.
NOTE: At least one element of the gradient is greater than 1e-3.
NOTE: External file C:\Users\lahar\OneDrive\Desktop\Data Mining\Resume\Workspaces\EMWS3\Reg6\EMPUBLISHSCORE.sas opened.
NOTE: External file C:\Users\lahar\OneDrive\Desktop\Data Mining\Resume\Workspaces\EMWS3\Reg6\EMFLOWSCORE.sas opened.
NOTE: View WORK.EM_DMREG.VIEW used (Total process time):
      real time           7.65 seconds
      cpu time            5.46 seconds
      
NOTE: There were 674 observations read from the data set EMWS3.TEXTCLUSTER6_TRAIN.
NOTE: There were 674 observations read from the data set WORK.EM_DMREG.
NOTE: There were 405 observations read from the data set EMWS3.TEXTCLUSTER6_VALIDATE.
NOTE: There were 274 observations read from the data set EMWS3.TEXTCLUSTER6_TEST.
NOTE: The data set EMWS3.REG6_EMESTIMATE has 69 observations and 531 variables.
NOTE: The data set EMWS3.REG6_OUTTERMS has 110 observations and 6 variables.
NOTE: The data set EMWS3.REG6_MAPDS has 3 observations and 486 variables.
NOTE: The data set EMWS3.REG6_FITTEST has 22 observations and 15 variables.
NOTE: The PROCEDURE DMREG printed pages 4-26.
NOTE: PROCEDURE DMREG used (Total process time):
      real time           7.67 seconds
      cpu time            5.48 seconds
      

11754  quit;

11755  proc datasets lib=WORK nolist;
11756  delete Reg6_DMDB;
11757  run;

NOTE: The file WORK.REG6_DMDB (memtype=DATA) was not found, but appears on a DELETE statement.
11758  quit;

NOTE: PROCEDURE DATASETS used (Total process time):
      real time           0.00 seconds
      cpu time            0.00 seconds
      

11759  proc datasets lib=WORK nolist;
11760  delete Reg6_DMDB / memtype=catalog;
11761  run;

NOTE: Deleting WORK.REG6_DMDB (memtype=CATALOG).
11762  quit;

NOTE: PROCEDURE DATASETS used (Total process time):
      real time           0.00 seconds
      cpu time            0.00 seconds
      

11763  data WORK.ESTIMATE;
11764  length _NAME_ $32;
11765  set EMWS3.Reg6_EMESTIMATE;
11766  drop _AIC_--_VMISC_
11767  ;
11768  where _CHOSEN_ ne '' and _TYPE_ in('PARMS', 'T', 'P');
11769  drop _STEP_ _CHOSEN_;
11770  select(_TYPE_);
11771  when('PARMS') _NAME_='Coefficient';
11772  when('T') _NAME_='tValue';
11773  when('P') _NAME_='PValue';
11774  otherwise;
11775  end;
11776  run;

NOTE: There were 3 observations read from the data set EMWS3.REG6_EMESTIMATE.
      WHERE (_CHOSEN_ not = ' ') and _TYPE_ in ('P', 'PARMS', 'T');
NOTE: The data set WORK.ESTIMATE has 3 observations and 497 variables.
NOTE: DATA statement used (Total process time):
      real time           0.00 seconds
      cpu time            0.00 seconds
      

11777  proc transpose data=WORK.ESTIMATE out=WORK.ESTIMATE(rename=(_NAME_=Effect));
11778  run;

NOTE: There were 3 observations read from the data set WORK.ESTIMATE.
NOTE: The data set WORK.ESTIMATE has 495 observations and 5 variables.
NOTE: PROCEDURE TRANSPOSE used (Total process time):
      real time           0.01 seconds
      cpu time            0.00 seconds
      

11779  proc transpose data=EMWS3.Reg6_MAPDS out=WORK.MAP(rename=(_NAME_=Effect INPUT=Variable
11780  TARGET=TargetLevel
11781  ));
11782  var 'TextCluster6_SVD1_TEACHER'n--'TextCluster6_SVD9_BUSINESS_DEVEL'n;
11783  run;

NOTE: There were 3 observations read from the data set EMWS3.REG6_MAPDS.
NOTE: The data set WORK.MAP has 484 observations and 5 variables.
NOTE: PROCEDURE TRANSPOSE used (Total process time):
      real time           0.01 seconds
      cpu time            0.01 seconds
      

11784  proc sort data=WORK.MAP;
11785  by Effect;
11786  run;

NOTE: There were 484 observations read from the data set WORK.MAP.
NOTE: The data set WORK.MAP has 484 observations and 5 variables.
NOTE: PROCEDURE SORT used (Total process time):
      real time           0.01 seconds
      cpu time            0.00 seconds
      

11787  proc sort data=WORK.ESTIMATE;
11788  by Effect;
11789  run;

NOTE: There were 495 observations read from the data set WORK.ESTIMATE.
NOTE: The data set WORK.ESTIMATE has 495 observations and 5 variables.
NOTE: PROCEDURE SORT used (Total process time):
      real time           0.00 seconds
      cpu time            0.00 seconds
      

11790  data EMWS3.Reg6_EFFECTS(rename=(_LABEL_=EffectLabel));
11791  length Variable ClassLevel $32;
11792  merge WORK.ESTIMATE WORK.MAP;
11793  by Effect;
11794  label Effect = "%sysfunc(sasmsg(sashelp.dmine, rpt_effect_vlabel, NOQUOTE))" Variable = "%sysfunc(sasmsg(sashelp.dmine, rpt_variable_vlabel, NOQUOTE))" Sign = "%sysfunc(sasmsg(sashelp.dmine, rpt_sign_vlabel, NOQUOTE))" ClassLevel =
11795     "%sysfunc(sasmsg(sashelp.dmine, rpt_level_vlabel, NOQUOTE))" Abscoefficient = "%sysfunc(sasmsg(sashelp.dmine, rpt_abscoefficient_vlabel, NOQUOTE))" Coefficient = "%sysfunc(sasmsg(sashelp.dmine, rpt_coefficient_vlabel, NOQUOTE))" _LABEL_ =
11796     "%sysfunc(sasmsg(sashelp.dmine, rpt_effectLabel_vlabel, NOQUOTE))" CODE = "%sysfunc(sasmsg(sashelp.dmine, rpt_scorecodevar_vlabel, NOQUOTE))";
11797  label tvalue = "%sysfunc(sasmsg(sashelp.dmine, rpt_tvalue_vlabel,         NOQUOTE))" abstvalue = "%sysfunc(sasmsg(sashelp.dmine, rpt_absoluteTvalue_vlabel, NOQUOTE))" PValue = "%sysfunc(sasmsg(sashelp.dmine, rpt_pvalue_vlabel,         NOQUOTE))";
11798  abstvalue = abs(tValue);
11799  drop pos;
11800  length TargetLevel $32;
WARNING: Length of character variable TargetLevel has already been set. Use the LENGTH statement as the very first statement in the DATA STEP to declare the length of a character variable.
11801  label TargetLevel = "%sysfunc(sasmsg(sashelp.dmine, rpt_targetLevel_vlabel, NOQUOTE))";
11802  if index(Effect, 'Intercept') then do;
11803  variable = 'Intercept';
11804  TargetLevel = scan(_LABEL_, 2, '=');
11805  end;
11806  if ^indexc(variable, '*') then do;
11807  if length(effect)>length(variable) then classlevel = substr(effect, length(variable)+1);
11808  pos = index(classlevel, '_'!!TargetLevel);
11809  if pos> 1 then classlevel = substr(classlevel, 1, pos-1);
11810  else classlevel = '';
11811  end;
11812  if Effect eq '' then Effect = Variable;
11813  if coefficient < 0 then sign = '-';
11814  else sign = '+';
11815  abscoefficient = abs(coefficient);
11816  if _LABEL_ = '' then _LABEL_ = Effect;
11817  if coefficient ne . then output;
11818  run;

NOTE: Missing values were generated as a result of performing an operation on missing values.
      Each place is given by: (Number of times) at (Line):(Column).
      385 at 11798:13   385 at 11815:18   
NOTE: There were 495 observations read from the data set WORK.ESTIMATE.
NOTE: There were 484 observations read from the data set WORK.MAP.
NOTE: The data set EMWS3.REG6_EFFECTS has 110 observations and 12 variables.
NOTE: DATA statement used (Total process time):
      real time           0.02 seconds
      cpu time            0.00 seconds
      

11819  proc sort data =EMWS3.Reg6_EFFECTS;
11820  by
11821  TargetLevel
11822  descending abstvalue;
11823  run;

NOTE: There were 110 observations read from the data set EMWS3.REG6_EFFECTS.
NOTE: The data set EMWS3.REG6_EFFECTS has 110 observations and 12 variables.
NOTE: PROCEDURE SORT used (Total process time):
      real time           0.00 seconds
      cpu time            0.00 seconds
      

11824  data EMWS3.Reg6_EFFECTS;
11825  set EMWS3.Reg6_EFFECTS;
11826  format TEffectNum 3.;
11827  label TEffectNum = "%sysfunc(sasmsg(sashelp.dmine, rpt_teffectnum_vlabel, NOQUOTE))";
11828  retain TEffectNum;
11829  by TargetLevel;
11830  if first.TargetLevel then TEffectNum =1;
11831  else TEffectNum + 1;
11832  run;

NOTE: There were 110 observations read from the data set EMWS3.REG6_EFFECTS.
NOTE: The data set EMWS3.REG6_EFFECTS has 110 observations and 13 variables.
NOTE: DATA statement used (Total process time):
      real time           0.01 seconds
      cpu time            0.00 seconds
      

11833  proc sort data =EMWS3.Reg6_EFFECTS;
11834  by
11835  TargetLevel
11836  descending absCoefficient;
11837  run;

NOTE: There were 110 observations read from the data set EMWS3.REG6_EFFECTS.
NOTE: The data set EMWS3.REG6_EFFECTS has 110 observations and 13 variables.
NOTE: PROCEDURE SORT used (Total process time):
      real time           0.01 seconds
      cpu time            0.01 seconds
      

11838  data EMWS3.Reg6_EFFECTS;
11839  set EMWS3.Reg6_EFFECTS;
11840  format EffectNum 3.;
11841  label EffectNum = "%sysfunc(sasmsg(sashelp.dmine, rpt_effectnum_vlabel, NOQUOTE))";
11842  retain EffectNum;
11843  by TargetLevel;
11844  if first.TargetLevel then EffectNum =1;
11845  else EffectNum + 1;
11846  run;

NOTE: There were 110 observations read from the data set EMWS3.REG6_EFFECTS.
NOTE: The data set EMWS3.REG6_EFFECTS has 110 observations and 14 variables.
NOTE: DATA statement used (Total process time):
      real time           0.00 seconds
      cpu time            0.00 seconds
      

11847  proc transpose data=EMWS3.Reg6_EMESTIMATE out=EMWS3.Reg6_ESTIMATEGRID(rename=(PARMS=Coefficient T=TValue _NAME_=Effect _LABEL_=EffectLabel));
11848  where _CHOSEN_ eq '' and _TYPE_ in('PARMS', 'T', 'P');
11849  var 'TextCluster6_SVD1_TEACHER'n--'TextCluster6_SVD9_BUSINESS_DEVEL'n;
11850  by _STEP_;
11851  id _TYPE_;
11852  run;

NOTE: There were 66 observations read from the data set EMWS3.REG6_EMESTIMATE.
      WHERE (_CHOSEN_=' ') and _TYPE_ in ('P', 'PARMS', 'T');
NOTE: The data set EMWS3.REG6_ESTIMATEGRID has 10648 observations and 6 variables.
NOTE: PROCEDURE TRANSPOSE used (Total process time):
      real time           0.02 seconds
      cpu time            0.00 seconds
      

11853  proc transpose data=EMWS3.Reg6_MAPDS out=WORK.MAP(rename=(_NAME_=Effect INPUT=Variable
11854  TARGET=TargetLevel
11855  ));
11856  var 'TextCluster6_SVD1_TEACHER'n--'TextCluster6_SVD9_BUSINESS_DEVEL'n;
11857  run;

NOTE: There were 3 observations read from the data set EMWS3.REG6_MAPDS.
NOTE: The data set WORK.MAP has 484 observations and 5 variables.
NOTE: PROCEDURE TRANSPOSE used (Total process time):
      real time           0.01 seconds
      cpu time            0.00 seconds
      

11858  proc sort data=WORK.MAP;
11859  by Effect;
11860  run;

NOTE: There were 484 observations read from the data set WORK.MAP.
NOTE: The data set WORK.MAP has 484 observations and 5 variables.
NOTE: PROCEDURE SORT used (Total process time):
      real time           0.01 seconds
      cpu time            0.00 seconds
      

11861  proc sort data=EMWS3.Reg6_ESTIMATEGRID out=WORK.ESTIMATE;
11862  by Effect;
11863  run;

NOTE: There were 10648 observations read from the data set EMWS3.REG6_ESTIMATEGRID.
NOTE: The data set WORK.ESTIMATE has 10648 observations and 6 variables.
NOTE: PROCEDURE SORT used (Total process time):
      real time           0.01 seconds
      cpu time            0.00 seconds
      

11864  data EMWS3.Reg6_ESTIMATEGRID(rename=(_LABEL_=EffectLabel));
11865  merge WORK.ESTIMATE WORK.MAP;
11866  by Effect;
11867  run;

WARNING: Variable _LABEL_ cannot be renamed to EffectLabel because EffectLabel already exists.
NOTE: There were 10648 observations read from the data set WORK.ESTIMATE.
NOTE: There were 484 observations read from the data set WORK.MAP.
NOTE: The data set EMWS3.REG6_ESTIMATEGRID has 10648 observations and 10 variables.
NOTE: DATA statement used (Total process time):
      real time           0.01 seconds
      cpu time            0.00 seconds
      

11868  data EMWS3.Reg6_ESTIMATEGRID;
11869  set EMWS3.Reg6_ESTIMATEGRID;
11870  if EffectLabel eq '' then EffectLabel = Effect;
11871  label EffectLabel = "%sysfunc(sasmsg(sashelp.dmine, rpt_effectLabel_vlabel, NOQUOTE))" Effect = "%sysfunc(sasmsg(sashelp.dmine, rpt_effect_vlabel, NOQUOTE))" Abscoefficient = "%sysfunc(sasmsg(sashelp.dmine, rpt_abscoefficient_vlabel, NOQUOTE))"
11872     Coefficient = "%sysfunc(sasmsg(sashelp.dmine, rpt_coefficient_vlabel, NOQUOTE))" tvalue = "%sysfunc(sasmsg(sashelp.dmine, rpt_tvalue_vlabel,         NOQUOTE))" abstvalue = "%sysfunc(sasmsg(sashelp.dmine, rpt_absoluteTvalue_vlabel, NOQUOTE))"
11872! PValue =
11873     "%sysfunc(sasmsg(sashelp.dmine, rpt_pvalue_vlabel,         NOQUOTE))";
11874  AbsCoefficient = abs(Coefficient);
11875  AbsTValue = abs(TValue);
11876  where coefficient ne .;
11877  run;

NOTE: Variable PValue is uninitialized.
NOTE: There were 2519 observations read from the data set EMWS3.REG6_ESTIMATEGRID.
      WHERE coefficient not = .;
NOTE: The data set EMWS3.REG6_ESTIMATEGRID has 2519 observations and 12 variables.
NOTE: DATA statement used (Total process time):
      real time           0.02 seconds
      cpu time            0.00 seconds
      

