*------------------------------------------------------------*
* Training Log
Date:                November 23, 2023
Time:                22:13:50
*------------------------------------------------------------*
11433  proc freq data=EMWS3.Neural5_VariableSet noprint;
11434  table ROLE*LEVEL/out=WORK.Neural5META;
11435  run;

NOTE: There were 107 observations read from the data set EMWS3.NEURAL5_VARIABLESET.
NOTE: The data set WORK.NEURAL5META has 3 observations and 4 variables.
NOTE: PROCEDURE FREQ used (Total process time):
      real time           0.05 seconds
      cpu time            0.03 seconds
      

11436  proc print data=WORK.Neural5META label noobs;
11437  var ROLE LEVEL COUNT;
11438  label ROLE = "%sysfunc(sasmsg(sashelp.dmine, meta_role_vlabel, NOQUOTE))" LEVEL = "%sysfunc(sasmsg(sashelp.dmine, meta_level_vlabel, NOQUOTE))" COUNT = "%sysfunc(sasmsg(sashelp.dmine, rpt_count_vlabel, NOQUOTE))";
11439  title9 ' ';
11440  title10 "%sysfunc(sasmsg(sashelp.dmine, rpt_varSummary_title  , NOQUOTE))";
11441  run;

NOTE: There were 3 observations read from the data set WORK.NEURAL5META.
NOTE: The PROCEDURE PRINT printed page 1.
NOTE: PROCEDURE PRINT used (Total process time):
      real time           0.02 seconds
      cpu time            0.01 seconds
      

11442  title10;

11443  %let EMNORLEN = %DMNORLEN;
EMWS3.TextCluster8_TRAIN EMWS3.TextCluster8_TRAIN 
EMWS3.TextCluster8_TRAIN EMWS3.TextCluster8_TRAIN EMWS3 TextCluster8_TRAIN 
EMWS3.TextCluster8_TRAIN EMWS3.TextCluster8_TRAIN 
EMWS3.TextCluster8_TRAIN EMWS3.TextCluster8_TRAIN EMWS3 TextCluster8_TRAIN 
Executing  SASHELP.EMCORE.EMINFOITERATOR.SCL _INIT >> 
Executing  SASHELP.EMCORE.EMINFOITERATOR.SCL setMetaData >> 
Executing  SASHELP.EMCORE.EMINFOITERATOR.SCL next >> 
Executing  SASHELP.EMCORE.EMINFOITERATOR.SCL setMetaData >> 
Executing  SASHELP.EMCORE.EMINFOITERATOR.SCL next >> 
Executing  SASHELP.EMCORE.EMINFOITERATOR.SCL _term >> 
11490  data WORK.Neural5_EVENT(KEEP=VARIABLE LABEL LEVEL EVENT NUMLEVELS ORDER);
11491  length ORDER $20;
11492  label VARIABLE = "%sysfunc(sasmsg(sashelp.dmine, rpt_target_vlabel,  NOQUOTE))" EVENT = "%sysfunc(sasmsg(sashelp.dmine, assmt_event_vlabel, NOQUOTE))" NUMLEVELS = "%sysfunc(sasmsg(sashelp.dmine, rpt_numcat_vlabel, NOQUOTE))" LEVEL =
11493     "%sysfunc(sasmsg(sashelp.dmine, meta_level_vlabel, NOQUOTE))" ORDER = "%sysfunc(sasmsg(sashelp.dmine, meta_order_vlabel, NOQUOTE))" LABEL = "%sysfunc(sasmsg(sashelp.dmine, meta_label_vlabel, NOQUOTE))";
11494  set EMWS3.NEURAL5_CATEGORY_DM( where=(_TYPE_="TARGET"));
11495  NumLevels=12;
11496  select(upcase(ORDER));
11497  when('DESC') ORDER = 'Descending';
11498  when('ASC') ORDER = 'Ascending';
11499  when('FMTDESC') ORDER = 'Formatted Descending';
11500  when('FMTASC') ORDER = 'Formatted Ascending';
11501  otherwise ORDER = 'Descending';
11502  end;
11503  output;
11504  run;

NOTE: There were 1 observations read from the data set EMWS3.NEURAL5_CATEGORY_DM.
      WHERE _TYPE_='TARGET';
NOTE: The data set WORK.NEURAL5_EVENT has 1 observations and 6 variables.
NOTE: DATA statement used (Total process time):
      real time           0.01 seconds
      cpu time            0.00 seconds
      

11505  title9 ' ';
11506  proc print data=WORK.Neural5_EVENT noobs label;
11507  var VARIABLE EVENT LEVEL NUMLEVELS ORDER LABEL;
11508  title9 ' ';
11509  title10 "%sysfunc(sasmsg(sashelp.dmine, rpt_modelEvent_title  , NOQUOTE))";
11510  run;

NOTE: There were 1 observations read from the data set WORK.NEURAL5_EVENT.
NOTE: The PROCEDURE PRINT printed page 2.
NOTE: PROCEDURE PRINT used (Total process time):
      real time           0.00 seconds
      cpu time            0.00 seconds
      

11511  title10;

"No decisions defined for target "Category"." 
11512  proc print data = EMWS3.Neural5_Category_DM noobs label;
11513  var _type_ variable label;
11514  where _type_ ^in('MATRIX', 'DECISION', 'TRAINPRIOR', 'DATAPRIOR', 'DECPRIOR');
11515  label _TYPE_ = "%sysfunc(sasmsg(sashelp.dmine, rpt_type_vlabel,     NOQUOTE))" VARIABLE = "%sysfunc(sasmsg(sashelp.dmine, rpt_variable_vlabel, NOQUOTE))" LABEL = "%sysfunc(sasmsg(sashelp.dmine, meta_label_vlabel, NOQUOTE))";
11516  title9 ' ';
11517  title10 "%sysfunc(sasmsg(sashelp.dmine, rpt_predDecVars_title  , NOQUOTE))";
11518  run;

NOTE: There were 27 observations read from the data set EMWS3.NEURAL5_CATEGORY_DM.
      WHERE _type_ not in ('DATAPRIOR', 'DECISION', 'DECPRIOR', 'MATRIX', 'TRAINPRIOR');
NOTE: The PROCEDURE PRINT printed page 3.
NOTE: PROCEDURE PRINT used (Total process time):
      real time           0.00 seconds
      cpu time            0.00 seconds
      

11519  title10;

11529  data WORK.M1GCIIDG;
11530  set WORK.M1GCIIDG end=eof;
11531  output;
11532  if eof then do;
11533  NAME="";
11534  ROLE="COST";
11535  LEVEL="INTERVAL";
11536  TYPE="N";
11537  output;
11538  end;
11539  run;

NOTE: There were 101 observations read from the data set WORK.M1GCIIDG.
NOTE: The data set WORK.M1GCIIDG has 102 observations and 21 variables.
NOTE: DATA statement used (Total process time):
      real time           0.00 seconds
      cpu time            0.01 seconds
      

NOTE: There were 12 observations read from the data set EMWS3.NEURAL5_CATEGORY_DD.
NOTE: The data set WORK.CATEGORY has 12 observations and 17 variables.
NOTE: There were 12 observations read from the data set EMWS3.NEURAL5_CATEGORY_DD.
NOTE: The data set WORK.CATEGORY has 12 observations and 17 variables.
11540  *------------------------------------------------------------*;
11541  * Neural5: Create decision matrix;
11542  *------------------------------------------------------------*;
11543  data WORK.Category;
11544    length   Category                         $  32
11545             COUNT                                8
11546             DATAPRIOR                            8
11547             TRAINPRIOR                           8
11548             DECPRIOR                             8
11549             DECISION1                            8
11550             DECISION2                            8
11551             DECISION3                            8
11552             DECISION4                            8
11553             DECISION5                            8
11554             DECISION6                            8
11555             DECISION7                            8
11556             DECISION8                            8
11557             DECISION9                            8
11558             DECISION10                           8
11559             DECISION11                           8
11560             DECISION12                           8
11561             ;
11562  
11563    label    COUNT="Level Counts"
11564             DATAPRIOR="Data Proportions"
11565             TRAINPRIOR="Training Proportions"
11566             DECPRIOR="Decision Priors"
11567             DECISION1="TEACHER"
11568             DECISION2="SALES"
11569             DECISION3="OTHER"
11570             DECISION4="INFORMATION-TECHNOLOGY"
11571             DECISION5="HR"
11572             DECISION6="HEALTHCARE"
11573             DECISION7="FITNESS"
11574             DECISION8="DIGITAL-MEDIA"
11575             DECISION9="DESIGNER"
11576             DECISION10="CONSULTANT"
11577             DECISION11="BUSINESS-DEVELOPMENT"
11578             DECISION12="ADVOCATE"
11579             ;
11580    format   COUNT 10.
11581             ;
11582  Category="TEACHER"; COUNT=50; DATAPRIOR=0.0741839763; TRAINPRIOR=0.07418397626112; DECPRIOR=.; DECISION1=1; DECISION2=0; DECISION3=0; DECISION4=0; DECISION5=0; DECISION6=0; DECISION7=0; DECISION8=0; DECISION9=0; DECISION10=0; DECISION11=0;
11582! DECISION12=0;
11583  output;
11584  Category="SALES"; COUNT=58; DATAPRIOR=0.0860534125; TRAINPRIOR=0.0860534124629; DECPRIOR=.; DECISION1=0; DECISION2=1; DECISION3=0; DECISION4=0; DECISION5=0; DECISION6=0; DECISION7=0; DECISION8=0; DECISION9=0; DECISION10=0; DECISION11=0; DECISION12=0
11584! ;
11585  output;
11586  Category="OTHER"; COUNT=63; DATAPRIOR=0.0934718101; TRAINPRIOR=0.09347181008902; DECPRIOR=.; DECISION1=0; DECISION2=0; DECISION3=1; DECISION4=0; DECISION5=0; DECISION6=0; DECISION7=0; DECISION8=0; DECISION9=0; DECISION10=0; DECISION11=0;
11586! DECISION12=0;
11587  output;
11588  Category="INFORMATION-TECHNOLOGY"; COUNT=59; DATAPRIOR=0.087537092; TRAINPRIOR=0.08753709198813; DECPRIOR=.; DECISION1=0; DECISION2=0; DECISION3=0; DECISION4=1; DECISION5=0; DECISION6=0; DECISION7=0; DECISION8=0; DECISION9=0; DECISION10=0;
11588! DECISION11=0; DECISION12=0;
11589  output;
11590  Category="HR"; COUNT=55; DATAPRIOR=0.0816023739; TRAINPRIOR=0.08160237388724; DECPRIOR=.; DECISION1=0; DECISION2=0; DECISION3=0; DECISION4=0; DECISION5=1; DECISION6=0; DECISION7=0; DECISION8=0; DECISION9=0; DECISION10=0; DECISION11=0; DECISION12=0;
11591  output;
11592  Category="HEALTHCARE"; COUNT=57; DATAPRIOR=0.0845697329; TRAINPRIOR=0.08456973293768; DECPRIOR=.; DECISION1=0; DECISION2=0; DECISION3=0; DECISION4=0; DECISION5=0; DECISION6=1; DECISION7=0; DECISION8=0; DECISION9=0; DECISION10=0; DECISION11=0;
11592! DECISION12=0;
11593  output;
11594  Category="FITNESS"; COUNT=58; DATAPRIOR=0.0860534125; TRAINPRIOR=0.0860534124629; DECPRIOR=.; DECISION1=0; DECISION2=0; DECISION3=0; DECISION4=0; DECISION5=0; DECISION6=0; DECISION7=1; DECISION8=0; DECISION9=0; DECISION10=0; DECISION11=0;
11594! DECISION12=0;
11595  output;
11596  Category="DIGITAL-MEDIA"; COUNT=47; DATAPRIOR=0.0697329377; TRAINPRIOR=0.06973293768545; DECPRIOR=.; DECISION1=0; DECISION2=0; DECISION3=0; DECISION4=0; DECISION5=0; DECISION6=0; DECISION7=0; DECISION8=1; DECISION9=0; DECISION10=0; DECISION11=0;
11596! DECISION12=0;
11597  output;
11598  Category="DESIGNER"; COUNT=53; DATAPRIOR=0.0786350148; TRAINPRIOR=0.07863501483679; DECPRIOR=.; DECISION1=0; DECISION2=0; DECISION3=0; DECISION4=0; DECISION5=0; DECISION6=0; DECISION7=0; DECISION8=0; DECISION9=1; DECISION10=0; DECISION11=0;
11598! DECISION12=0;
11599  output;
11600  Category="CONSULTANT"; COUNT=57; DATAPRIOR=0.0845697329; TRAINPRIOR=0.08456973293768; DECPRIOR=.; DECISION1=0; DECISION2=0; DECISION3=0; DECISION4=0; DECISION5=0; DECISION6=0; DECISION7=0; DECISION8=0; DECISION9=0; DECISION10=1; DECISION11=0;
11600! DECISION12=0;
11601  output;
11602  Category="BUSINESS-DEVELOPMENT"; COUNT=60; DATAPRIOR=0.0890207715; TRAINPRIOR=0.08902077151335; DECPRIOR=.; DECISION1=0; DECISION2=0; DECISION3=0; DECISION4=0; DECISION5=0; DECISION6=0; DECISION7=0; DECISION8=0; DECISION9=0; DECISION10=0;
11602! DECISION11=1; DECISION12=0;
11603  output;
11604  Category="ADVOCATE"; COUNT=57; DATAPRIOR=0.0845697329; TRAINPRIOR=0.08456973293768; DECPRIOR=.; DECISION1=0; DECISION2=0; DECISION3=0; DECISION4=0; DECISION5=0; DECISION6=0; DECISION7=0; DECISION8=0; DECISION9=0; DECISION10=0; DECISION11=0;
11604! DECISION12=1;
11605  output;
11606  ;
11607  run;

NOTE: The data set WORK.CATEGORY has 12 observations and 17 variables.
NOTE: DATA statement used (Total process time):
      real time           0.00 seconds
      cpu time            0.00 seconds
      

11608  proc datasets lib=work nolist;
11609  modify Category(type=PROFIT label=Category);
11610  label DECISION1= 'TEACHER';
11611  label DECISION2= 'SALES';
11612  label DECISION3= 'OTHER';
11613  label DECISION4= 'INFORMATION-TECHNOLOGY';
11614  label DECISION5= 'HR';
11615  label DECISION6= 'HEALTHCARE';
11616  label DECISION7= 'FITNESS';
11617  label DECISION8= 'DIGITAL-MEDIA';
11618  label DECISION9= 'DESIGNER';
11619  label DECISION10= 'CONSULTANT';
11620  label DECISION11= 'BUSINESS-DEVELOPMENT';
11621  label DECISION12= 'ADVOCATE';
11622  run;

NOTE: MODIFY was successful for WORK.CATEGORY.DATA.
11623  quit;

NOTE: PROCEDURE DATASETS used (Total process time):
      real time           0.01 seconds
      cpu time            0.00 seconds
      

11624  data EM_Neural5;
11625  set EMWS3.TextCluster8_TRAIN(keep=
11626  Category TextCluster8_SVD1 TextCluster8_SVD10 TextCluster8_SVD100
11627  TextCluster8_SVD11 TextCluster8_SVD12 TextCluster8_SVD13 TextCluster8_SVD14
11628  TextCluster8_SVD15 TextCluster8_SVD16 TextCluster8_SVD17 TextCluster8_SVD18
11629  TextCluster8_SVD19 TextCluster8_SVD2 TextCluster8_SVD20 TextCluster8_SVD21
11630  TextCluster8_SVD22 TextCluster8_SVD23 TextCluster8_SVD24 TextCluster8_SVD25
11631  TextCluster8_SVD26 TextCluster8_SVD27 TextCluster8_SVD28 TextCluster8_SVD29
11632  TextCluster8_SVD3 TextCluster8_SVD30 TextCluster8_SVD31 TextCluster8_SVD32
11633  TextCluster8_SVD33 TextCluster8_SVD34 TextCluster8_SVD35 TextCluster8_SVD36
11634  TextCluster8_SVD37 TextCluster8_SVD38 TextCluster8_SVD39 TextCluster8_SVD4
11635  TextCluster8_SVD40 TextCluster8_SVD41 TextCluster8_SVD42 TextCluster8_SVD43
11636  TextCluster8_SVD44 TextCluster8_SVD45 TextCluster8_SVD46 TextCluster8_SVD47
11637  TextCluster8_SVD48 TextCluster8_SVD49 TextCluster8_SVD5 TextCluster8_SVD50
11638  TextCluster8_SVD51 TextCluster8_SVD52 TextCluster8_SVD53 TextCluster8_SVD54
11639  TextCluster8_SVD55 TextCluster8_SVD56 TextCluster8_SVD57 TextCluster8_SVD58
11640  TextCluster8_SVD59 TextCluster8_SVD6 TextCluster8_SVD60 TextCluster8_SVD61
11641  TextCluster8_SVD62 TextCluster8_SVD63 TextCluster8_SVD64 TextCluster8_SVD65
11642  TextCluster8_SVD66 TextCluster8_SVD67 TextCluster8_SVD68 TextCluster8_SVD69
11643  TextCluster8_SVD7 TextCluster8_SVD70 TextCluster8_SVD71 TextCluster8_SVD72
11644  TextCluster8_SVD73 TextCluster8_SVD74 TextCluster8_SVD75 TextCluster8_SVD76
11645  TextCluster8_SVD77 TextCluster8_SVD78 TextCluster8_SVD79 TextCluster8_SVD8
11646  TextCluster8_SVD80 TextCluster8_SVD81 TextCluster8_SVD82 TextCluster8_SVD83
11647  TextCluster8_SVD84 TextCluster8_SVD85 TextCluster8_SVD86 TextCluster8_SVD87
11648  TextCluster8_SVD88 TextCluster8_SVD89 TextCluster8_SVD9 TextCluster8_SVD90
11649  TextCluster8_SVD91 TextCluster8_SVD92 TextCluster8_SVD93 TextCluster8_SVD94
11650  TextCluster8_SVD95 TextCluster8_SVD96 TextCluster8_SVD97 TextCluster8_SVD98
11651  TextCluster8_SVD99 );
11652  run;

NOTE: There were 674 observations read from the data set EMWS3.TEXTCLUSTER8_TRAIN.
NOTE: The data set WORK.EM_NEURAL5 has 674 observations and 101 variables.
NOTE: DATA statement used (Total process time):
      real time           0.01 seconds
      cpu time            0.01 seconds
      

11653  *------------------------------------------------------------* ;
11654  * Neural5: DMDBClass Macro ;
11655  *------------------------------------------------------------* ;
11656  %macro DMDBClass;
11657      Category(DESC)
11658  %mend DMDBClass;
11659  *------------------------------------------------------------* ;
11660  * Neural5: DMDBVar Macro ;
11661  *------------------------------------------------------------* ;
11662  %macro DMDBVar;
11663      TextCluster8_SVD1 TextCluster8_SVD10 TextCluster8_SVD100 TextCluster8_SVD11
11664     TextCluster8_SVD12 TextCluster8_SVD13 TextCluster8_SVD14 TextCluster8_SVD15
11665     TextCluster8_SVD16 TextCluster8_SVD17 TextCluster8_SVD18 TextCluster8_SVD19
11666     TextCluster8_SVD2 TextCluster8_SVD20 TextCluster8_SVD21 TextCluster8_SVD22
11667     TextCluster8_SVD23 TextCluster8_SVD24 TextCluster8_SVD25 TextCluster8_SVD26
11668     TextCluster8_SVD27 TextCluster8_SVD28 TextCluster8_SVD29 TextCluster8_SVD3
11669     TextCluster8_SVD30 TextCluster8_SVD31 TextCluster8_SVD32 TextCluster8_SVD33
11670     TextCluster8_SVD34 TextCluster8_SVD35 TextCluster8_SVD36 TextCluster8_SVD37
11671     TextCluster8_SVD38 TextCluster8_SVD39 TextCluster8_SVD4 TextCluster8_SVD40
11672     TextCluster8_SVD41 TextCluster8_SVD42 TextCluster8_SVD43 TextCluster8_SVD44
11673     TextCluster8_SVD45 TextCluster8_SVD46 TextCluster8_SVD47 TextCluster8_SVD48
11674     TextCluster8_SVD49 TextCluster8_SVD5 TextCluster8_SVD50 TextCluster8_SVD51
11675     TextCluster8_SVD52 TextCluster8_SVD53 TextCluster8_SVD54 TextCluster8_SVD55
11676     TextCluster8_SVD56 TextCluster8_SVD57 TextCluster8_SVD58 TextCluster8_SVD59
11677     TextCluster8_SVD6 TextCluster8_SVD60 TextCluster8_SVD61 TextCluster8_SVD62
11678     TextCluster8_SVD63 TextCluster8_SVD64 TextCluster8_SVD65 TextCluster8_SVD66
11679     TextCluster8_SVD67 TextCluster8_SVD68 TextCluster8_SVD69 TextCluster8_SVD7
11680     TextCluster8_SVD70 TextCluster8_SVD71 TextCluster8_SVD72 TextCluster8_SVD73
11681     TextCluster8_SVD74 TextCluster8_SVD75 TextCluster8_SVD76 TextCluster8_SVD77
11682     TextCluster8_SVD78 TextCluster8_SVD79 TextCluster8_SVD8 TextCluster8_SVD80
11683     TextCluster8_SVD81 TextCluster8_SVD82 TextCluster8_SVD83 TextCluster8_SVD84
11684     TextCluster8_SVD85 TextCluster8_SVD86 TextCluster8_SVD87 TextCluster8_SVD88
11685     TextCluster8_SVD89 TextCluster8_SVD9 TextCluster8_SVD90 TextCluster8_SVD91
11686     TextCluster8_SVD92 TextCluster8_SVD93 TextCluster8_SVD94 TextCluster8_SVD95
11687     TextCluster8_SVD96 TextCluster8_SVD97 TextCluster8_SVD98 TextCluster8_SVD99
11688  %mend DMDBVar;
11689  *------------------------------------------------------------*;
11690  * Neural5: Create DMDB;
11691  *------------------------------------------------------------*;
11692  proc dmdb batch data=WORK.EM_Neural5
11693  dmdbcat=WORK.Neural5_DMDB
11694  maxlevel = 513
11695  ;
11696  class %DMDBClass;
11697  var %DMDBVar;
11698  target
11699  Category
11700  ;
11701  run;

NOTE: Records processed = 674   Memory used = 511K.
NOTE: There were 674 observations read from the data set WORK.EM_NEURAL5.
NOTE: PROCEDURE DMDB used (Total process time):
      real time           0.02 seconds
      cpu time            0.00 seconds
      

11702  quit;
11703  *--- end code ---*;

11704  *------------------------------------------------------------* ;
11705  * Neural5: Interval Input Variables Macro ;
11706  *------------------------------------------------------------* ;
11707  %macro INTINPUTS;
11708      TextCluster8_SVD1 TextCluster8_SVD10 TextCluster8_SVD100 TextCluster8_SVD11
11709     TextCluster8_SVD12 TextCluster8_SVD13 TextCluster8_SVD14 TextCluster8_SVD15
11710     TextCluster8_SVD16 TextCluster8_SVD17 TextCluster8_SVD18 TextCluster8_SVD19
11711     TextCluster8_SVD2 TextCluster8_SVD20 TextCluster8_SVD21 TextCluster8_SVD22
11712     TextCluster8_SVD23 TextCluster8_SVD24 TextCluster8_SVD25 TextCluster8_SVD26
11713     TextCluster8_SVD27 TextCluster8_SVD28 TextCluster8_SVD29 TextCluster8_SVD3
11714     TextCluster8_SVD30 TextCluster8_SVD31 TextCluster8_SVD32 TextCluster8_SVD33
11715     TextCluster8_SVD34 TextCluster8_SVD35 TextCluster8_SVD36 TextCluster8_SVD37
11716     TextCluster8_SVD38 TextCluster8_SVD39 TextCluster8_SVD4 TextCluster8_SVD40
11717     TextCluster8_SVD41 TextCluster8_SVD42 TextCluster8_SVD43 TextCluster8_SVD44
11718     TextCluster8_SVD45 TextCluster8_SVD46 TextCluster8_SVD47 TextCluster8_SVD48
11719     TextCluster8_SVD49 TextCluster8_SVD5 TextCluster8_SVD50 TextCluster8_SVD51
11720     TextCluster8_SVD52 TextCluster8_SVD53 TextCluster8_SVD54 TextCluster8_SVD55
11721     TextCluster8_SVD56 TextCluster8_SVD57 TextCluster8_SVD58 TextCluster8_SVD59
11722     TextCluster8_SVD6 TextCluster8_SVD60 TextCluster8_SVD61 TextCluster8_SVD62
11723     TextCluster8_SVD63 TextCluster8_SVD64 TextCluster8_SVD65 TextCluster8_SVD66
11724     TextCluster8_SVD67 TextCluster8_SVD68 TextCluster8_SVD69 TextCluster8_SVD7
11725     TextCluster8_SVD70 TextCluster8_SVD71 TextCluster8_SVD72 TextCluster8_SVD73
11726     TextCluster8_SVD74 TextCluster8_SVD75 TextCluster8_SVD76 TextCluster8_SVD77
11727     TextCluster8_SVD78 TextCluster8_SVD79 TextCluster8_SVD8 TextCluster8_SVD80
11728     TextCluster8_SVD81 TextCluster8_SVD82 TextCluster8_SVD83 TextCluster8_SVD84
11729     TextCluster8_SVD85 TextCluster8_SVD86 TextCluster8_SVD87 TextCluster8_SVD88
11730     TextCluster8_SVD89 TextCluster8_SVD9 TextCluster8_SVD90 TextCluster8_SVD91
11731     TextCluster8_SVD92 TextCluster8_SVD93 TextCluster8_SVD94 TextCluster8_SVD95
11732     TextCluster8_SVD96 TextCluster8_SVD97 TextCluster8_SVD98 TextCluster8_SVD99
11733  %mend INTINPUTS;
11734  *------------------------------------------------------------* ;
11735  * Neural5: Binary Inputs Macro ;
11736  *------------------------------------------------------------* ;
11737  %macro BININPUTS;
11738  
11739  %mend BININPUTS;
11740  *------------------------------------------------------------* ;
11741  * Neural5: Nominal Inputs Macro ;
11742  *------------------------------------------------------------* ;
11743  %macro NOMINPUTS;
11744  
11745  %mend NOMINPUTS;
11746  *------------------------------------------------------------* ;
11747  * Neural5: Ordinal Inputs Macro ;
11748  *------------------------------------------------------------* ;
11749  %macro ORDINPUTS;
11750  
11751  %mend ORDINPUTS;
11752  *------------------------------------------------------------*;
11753  * Neural Network Training;
11754  ;
11755  *------------------------------------------------------------*;
11756  proc neural data=EM_Neural5 dmdbcat=WORK.Neural5_DMDB
11757  validdata = EMWS3.TextCluster8_VALIDATE
11758  random=12345
11759  ;
11760  nloptions
11761  ;
11762  performance alldetails noutilfile;
11763  netopts
11764  decay=0;
11765  input %INTINPUTS / level=interval id=intvl
11766  ;
11767  target Category / level=NOMINAL id=Category
11768  bias
11769  ;
11770  arch MLP
11771  Hidden=3
11772  ;
11773  Prelim 5 preiter=10
11774  pretime=3600
11775  Outest=EMWS3.Neural5_PRELIM_OUTEST
11776  ;
NOTE:  Synchronizing the objectives and the Solution.
NOTE: QUANEW Optimization cannot be completed.
NOTE: QUANEW needs more than 10 iterations or 2147483647 function calls.
NOTE: QUANEW Optimization cannot be completed.
NOTE: QUANEW needs more than 10 iterations or 2147483647 function calls.
NOTE: QUANEW Optimization cannot be completed.
NOTE: QUANEW needs more than 10 iterations or 2147483647 function calls.
NOTE: QUANEW Optimization cannot be completed.
NOTE: QUANEW needs more than 10 iterations or 2147483647 function calls.
NOTE: QUANEW Optimization cannot be completed.
NOTE: QUANEW needs more than 10 iterations or 2147483647 function calls.
NOTE: The data set EMWS3.NEURAL5_PRELIM_OUTEST has 11 observations and 362 variables.
11777  save network=EMWS3.Neural5_NETWORK.dm_neural;
NOTE: Entry EMWS3.NEURAL5_NETWORK.DM_NEURAL has been opened.
NOTE: Entry EMWS3.NEURAL5_NETWORK.DM_NEURAL has been closed.
11778  train Maxiter=50
11779  maxtime=14400
11780  Outest=EMWS3.Neural5_outest estiter=1
11781  Outfit=EMWS3.Neural5_OUTFIT
11782  ;
WARNING: QUANEW Optimization cannot be completed.
NOTE: QUANEW needs more than 50 iterations or 2147483647 function calls.
NOTE: The data set EMWS3.NEURAL5_OUTEST has 53 observations and 362 variables.
NOTE: The data set EMWS3.NEURAL5_OUTFIT has 104 observations and 36 variables.
11783  run;

NOTE: The data set WORK.EM_NEURAL5 has 674 observations and 101 variables.
NOTE: The data set EMWS3.TEXTCLUSTER8_VALIDATE has 405 observations and 112 variables.
NOTE: Closing the Neural Application.
NOTE: The PROCEDURE NEURAL printed pages 4-7.
NOTE: PROCEDURE NEURAL used (Total process time):
      real time           0.87 seconds
      cpu time            0.59 seconds
      

11784  quit;

11785  proc sort data=EMWS3.Neural5_OUTFIT(where=(_iter_ ne . and _NAME_="OVERALL")) out=fit_Neural5;
11786  by _VAVERR_;
11787  run;

NOTE: There were 52 observations read from the data set EMWS3.NEURAL5_OUTFIT.
      WHERE (_iter_ not = .) and (_NAME_='OVERALL');
NOTE: The data set WORK.FIT_NEURAL5 has 52 observations and 36 variables.
NOTE: PROCEDURE SORT used (Total process time):
      real time           0.00 seconds
      cpu time            0.00 seconds
      

11788  %GLOBAL ITER;
11789  data _null_;
11790  set fit_Neural5(obs=1);
11791  call symput('ITER',put(_ITER_, 6.));
11792  run;

NOTE: There were 1 observations read from the data set WORK.FIT_NEURAL5.
NOTE: DATA statement used (Total process time):
      real time           0.00 seconds
      cpu time            0.00 seconds
      

11793  data EMWS3.Neural5_INITIAL;
11794  set EMWS3.Neural5_outest(where=(_ITER_ eq &ITER and _OBJ_ ne .));
11795  run;

NOTE: There were 1 observations read from the data set EMWS3.NEURAL5_OUTEST.
      WHERE (_ITER_=34) and (_OBJ_ not = .);
NOTE: The data set EMWS3.NEURAL5_INITIAL has 1 observations and 362 variables.
NOTE: DATA statement used (Total process time):
      real time           0.01 seconds
      cpu time            0.00 seconds
      

11796  *------------------------------------------------------------*;
11797  * Neural Network Model Selection;
11798  ;
11799  *------------------------------------------------------------*;
11800  proc neural data=EM_Neural5 dmdbcat=WORK.Neural5_DMDB
11801  validdata = EMWS3.TextCluster8_VALIDATE
11802  network = EMWS3.Neural5_NETWORK.dm_neural
11803  random=12345
11804  ;
NOTE: Entry EMWS3.NEURAL5_NETWORK.DM_NEURAL has been opened.
NOTE: Entry EMWS3.NEURAL5_NETWORK.DM_NEURAL has been closed.
11805  nloptions noprint;
11806  performance alldetails noutilfile;
11807  initial inest=EMWS3.Neural5_INITIAL;
NOTE: The data set EMWS3.NEURAL5_INITIAL has 1 observations and 362 variables.
11808  train tech=NONE;
NOTE: No optimization performed.
11809  code file="C:\Users\lahar\OneDrive\Desktop\Data Mining\Resume\Workspaces\EMWS3\Neural5\SCORECODE.sas"
11810  group=Neural5
11811  ;
NOTE: External file C:\Users\lahar\OneDrive\Desktop\Data Mining\Resume\Workspaces\EMWS3\Neural5\SCORECODE.sas opened.
11812  ;
11813  code file="C:\Users\lahar\OneDrive\Desktop\Data Mining\Resume\Workspaces\EMWS3\Neural5\RESIDUALSCORECODE.sas"
11814  group=Neural5
11815  residual
11816  ;
NOTE: External file C:\Users\lahar\OneDrive\Desktop\Data Mining\Resume\Workspaces\EMWS3\Neural5\RESIDUALSCORECODE.sas opened.
11817  ;
11818  score data=EMWS3.TextCluster8_TRAIN out=_NULL_
11819  outfit=WORK.FIT1
11820  role=TRAIN
11821  outkey=EMWS3.Neural5_OUTKEY;
NOTE: The data set EMWS3.NEURAL5_OUTKEY has 155 observations and 8 variables.
NOTE: The data set EMWS3.TEXTCLUSTER8_TRAIN has 674 observations and 112 variables.
NOTE: The data set WORK.FIT1 has 2 observations and 23 variables.
11822  score data=EMWS3.TextCluster8_VALIDATE out=_NULL_
11823  outfit=WORK.FIT2
11824  role=VALID
11825  outkey=EMWS3.Neural5_OUTKEY;
NOTE: The data set EMWS3.NEURAL5_OUTKEY has 155 observations and 8 variables.
NOTE: The data set EMWS3.TEXTCLUSTER8_VALIDATE has 405 observations and 112 variables.
NOTE: The data set WORK.FIT2 has 2 observations and 15 variables.
11826  score data=EMWS3.TextCluster8_TEST out=_NULL_
11827  outfit=WORK.FIT3
11828  role=TEST
11829  outkey=EMWS3.Neural5_OUTKEY;
NOTE: The data set EMWS3.NEURAL5_OUTKEY has 155 observations and 8 variables.
NOTE: The data set EMWS3.TEXTCLUSTER8_TEST has 274 observations and 112 variables.
NOTE: The data set WORK.FIT3 has 2 observations and 17 variables.
11830  run;

NOTE: The data set WORK.EM_NEURAL5 has 674 observations and 101 variables.
NOTE: The data set EMWS3.TEXTCLUSTER8_VALIDATE has 405 observations and 112 variables.
NOTE: Closing the Neural Application.
NOTE: PROCEDURE NEURAL used (Total process time):
      real time           0.10 seconds
      cpu time            0.03 seconds
      

11831  quit;
11832  data EMWS3.Neural5_OUTFIT;
11833  merge WORK.FIT1 WORK.FIT2 WORK.FIT3;
11834  run;

NOTE: There were 2 observations read from the data set WORK.FIT1.
NOTE: There were 2 observations read from the data set WORK.FIT2.
NOTE: There were 2 observations read from the data set WORK.FIT3.
NOTE: The data set EMWS3.NEURAL5_OUTFIT has 2 observations and 51 variables.
NOTE: DATA statement used (Total process time):
      real time           0.00 seconds
      cpu time            0.00 seconds
      

11835  data EMWS3.Neural5_EMESTIMATE;
11836  set EMWS3.Neural5_outest;
11837  if _type_ ^in('HESSIAN' 'GRAD');
11838  run;

NOTE: There were 53 observations read from the data set EMWS3.NEURAL5_OUTEST.
NOTE: The data set EMWS3.NEURAL5_EMESTIMATE has 52 observations and 362 variables.
NOTE: DATA statement used (Total process time):
      real time           0.00 seconds
      cpu time            0.00 seconds
      

11839  proc datasets lib=work nolist;
11840  delete EM_Neural5;
11841  run;

NOTE: Deleting WORK.EM_NEURAL5 (memtype=DATA).
11842  quit;

NOTE: PROCEDURE DATASETS used (Total process time):
      real time           0.00 seconds
      cpu time            0.00 seconds
      

11843  data EMWS3.Neural5_PLOTDS(where=(_iter_ ne . and _NAME_="OVERALL"));
11844  set fit_Neural5;
11845  attrib _ITER_ label="%sysfunc(sasmsg(sashelp.dmine, rpt_trainiterations_vlabel  , NOQUOTE))";
11846  attrib _NAME_ label="%sysfunc(sasmsg(sashelp.dmine, rpt_varsel_label_name  , NOQUOTE))";
11847  run;

NOTE: There were 52 observations read from the data set WORK.FIT_NEURAL5.
NOTE: The data set EMWS3.NEURAL5_PLOTDS has 52 observations and 36 variables.
NOTE: DATA statement used (Total process time):
      real time           0.00 seconds
      cpu time            0.00 seconds
      

11848  proc sort data=EMWS3.Neural5_PLOTDS;
11849  by _ITER_;
11850  run;

NOTE: There were 52 observations read from the data set EMWS3.NEURAL5_PLOTDS.
NOTE: The data set EMWS3.NEURAL5_PLOTDS has 52 observations and 36 variables.
NOTE: PROCEDURE SORT used (Total process time):
      real time           0.00 seconds
      cpu time            0.00 seconds
      

11851  data tempweight (drop= _tech_ _decay_ _seed_ _nobj_ _obj_ _objerr_ _averr_ _p_num_ where=(_type_ eq "PARMS" and _iter_ eq 34) );
11852  set EMWS3.Neural5_EMESTIMATE;
11853  run;

NOTE: There were 52 observations read from the data set EMWS3.NEURAL5_EMESTIMATE.
NOTE: The data set WORK.TEMPWEIGHT has 1 observations and 354 variables.
NOTE: DATA statement used (Total process time):
      real time           0.00 seconds
      cpu time            0.01 seconds
      

11854  proc sort;
11855  by _name_;
11856  run;

NOTE: There were 1 observations read from the data set WORK.TEMPWEIGHT.
NOTE: The data set WORK.TEMPWEIGHT has 1 observations and 354 variables.
NOTE: PROCEDURE SORT used (Total process time):
      real time           0.01 seconds
      cpu time            0.01 seconds
      

11857  proc transpose data=tempweight out=EMWS3.Neural5_WEIGHTDS;
11858  by _name_;
11859  run;

NOTE: There were 1 observations read from the data set WORK.TEMPWEIGHT.
NOTE: The data set EMWS3.NEURAL5_WEIGHTDS has 352 observations and 3 variables.
NOTE: PROCEDURE TRANSPOSE used (Total process time):
      real time           0.02 seconds
      cpu time            0.00 seconds
      

11860  data EMWS3.Neural5_WEIGHTDS;
11861  set EMWS3.Neural5_WEIGHTDS;
11862  FROM = trim(left(scan(_LABEL_, 1, '->')));
11863  TO = trim(left(scan(_LABEL_, 2, '>')));
11864  WEIGHT = COL1;
11865  if (TO eq '') or (FROM eq '') then delete;
11866  label _LABEL_ ="%sysfunc(sasmsg(sashelp.dmine, meta_label_vlabel  , NOQUOTE))" FROM = "%sysfunc(sasmsg(sashelp.dmine, rpt_from_vlabel  , NOQUOTE))" TO = "%sysfunc(sasmsg(sashelp.dmine, rpt_into_vlabel  , NOQUOTE))" WEIGHT =
11867     "%sysfunc(sasmsg(sashelp.dmine, rpt_weight_vlabel  , NOQUOTE))";
11868  keep FROM TO WEIGHT _LABEL_;
11869  run;

NOTE: There were 352 observations read from the data set EMWS3.NEURAL5_WEIGHTDS.
NOTE: The data set EMWS3.NEURAL5_WEIGHTDS has 347 observations and 4 variables.
NOTE: DATA statement used (Total process time):
      real time           0.01 seconds
      cpu time            0.01 seconds
      

11870  proc sort data=EMWS3.Neural5_WEIGHTDS nodupkey;
11871  by _LABEL_;
11872  run;

NOTE: There were 347 observations read from the data set EMWS3.NEURAL5_WEIGHTDS.
NOTE: 0 observations with duplicate key values were deleted.
NOTE: The data set EMWS3.NEURAL5_WEIGHTDS has 347 observations and 4 variables.
NOTE: PROCEDURE SORT used (Total process time):
      real time           0.01 seconds
      cpu time            0.00 seconds
      

