*------------------------------------------------------------*
* Score Log
Date:                November 23, 2023
Time:                22:10:11
*------------------------------------------------------------*
16403  %let EMEXCEPTIONSTRING=;
16404  *------------------------------------------------------------*;
16405  * SCORE: EMSave2;
16406  *------------------------------------------------------------*;
16407  %let EM_ACTION = SCORE;
16408  %let syscc = 0;
16409  *** MAIN MACRO FOR EMSAVE EXTENSION NODE;
16410  
16411  %macro EM_SAVEXT_MAIN;
16412  
16413     %if %upcase("&EM_ACTION") = "CREATE" %then %do;
16414         filename _create catalog 'sashelp.emutil.savext_create.source';
16415         %include _create;
16416         filename _create;
16417         %EM_SAVEXT_CREATE;
16418     %end;
16419     %else
16420     %if %upcase("&EM_ACTION") = "TRAIN" %then %do;
16421         filename _train catalog 'sashelp.emutil.savext_train.source';
16422         %include _train;
16423         filename _train;
16424         %EM_SAVEXT_TRAIN;
16425     %end;
16426  
16427  %mend EM_SAVEXT_MAIN;
16428  
16429  %EM_SAVEXT_MAIN;
16430  
16431  *------------------------------------------------------------*;
16432  * End SCORE: EMSave2;
16433  *------------------------------------------------------------*;

16434  *------------------------------------------------------------*;
16435  * EMSave2: Scoring DATA data;
16436  *------------------------------------------------------------*;
16437  data EMWS3.EMSave2_TRAIN
16438  / view=EMWS3.EMSave2_TRAIN
16439  ;
16440  set EMWS3.FIMPORT2_train
16441  ;
16442  run;

NOTE: DATA STEP view saved on file EMWS3.EMSAVE2_TRAIN.
NOTE: A stored DATA STEP view cannot run under a different operating system.
NOTE: View EMWS3.FIMPORT2_TRAIN.VIEW used (Total process time):
      real time           0.02 seconds
      cpu time            0.00 seconds
      
NOTE: DATA statement used (Total process time):
      real time           0.03 seconds
      cpu time            0.00 seconds
      

16443  quit;

16445  *------------------------------------------------------------*;
16446  * EMSave2: Computing metadata for TRAIN data;
16447  *------------------------------------------------------------*;

NOTE: View EMWS3.EMSAVE2_TRAIN.VIEW used (Total process time):
      real time           0.09 seconds
      cpu time            0.06 seconds
      
NOTE: View EMWS3.EMSAVE2_TRAIN.VIEW used (Total process time):
      real time           0.06 seconds
      cpu time            0.04 seconds
      
