*------------------------------------------------------------*
* Score Log
Date:                November 23, 2023
Time:                22:13:59
*------------------------------------------------------------*
12017  proc transpose data=EMWS3.Reg4_EMESTIMATE out=WORK.TEMPREG;
12018  where _CHOSEN_ ne '' and _TYPE_='PARMS';
12019  run;

NOTE: There were 1 observations read from the data set EMWS3.REG4_EMESTIMATE.
      WHERE (_CHOSEN_ not = ' ') and (_TYPE_='PARMS');
NOTE: The data set WORK.TEMPREG has 803 observations and 3 variables.
NOTE: PROCEDURE TRANSPOSE used (Total process time):
      real time           0.01 seconds
      cpu time            0.00 seconds
      

12020  proc transpose data=EMWS3.Reg4_MAPDS out=WORK.TEMPREG2(rename=(TARGET=_TARGET_));
12021  var "TextCluster7_SVD1_TEACHER"n--"TextCluster7_SVD9_BUSINESS_DEVEL"n;
12022  run;

NOTE: There were 3 observations read from the data set EMWS3.REG4_MAPDS.
NOTE: The data set WORK.TEMPREG2 has 759 observations and 5 variables.
NOTE: PROCEDURE TRANSPOSE used (Total process time):
      real time           0.01 seconds
      cpu time            0.00 seconds
      

12023  proc sort data=WORK.TEMPREG NOTHREADS;
12024  by _NAME_;
12025  run;

NOTE: There were 803 observations read from the data set WORK.TEMPREG.
NOTE: The data set WORK.TEMPREG has 803 observations and 3 variables.
NOTE: PROCEDURE SORT used (Total process time):
      real time           0.00 seconds
      cpu time            0.00 seconds
      

12026  proc sort data=WORK.TEMPREG2 NOTHREADS;
12027  by _NAME_;
12028  run;

NOTE: There were 759 observations read from the data set WORK.TEMPREG2.
NOTE: The data set WORK.TEMPREG2 has 759 observations and 5 variables.
NOTE: PROCEDURE SORT used (Total process time):
      real time           0.00 seconds
      cpu time            0.00 seconds
      

12029  data WORK.TEMPREG3;
12030  merge WORK.TEMPREG(in=ina) WORK.TEMPREG2(in=inb);
12031  by _NAME_;
12032  if (ina and inb) and Category ne . then output;
12033  run;

NOTE: There were 803 observations read from the data set WORK.TEMPREG.
NOTE: There were 759 observations read from the data set WORK.TEMPREG2.
NOTE: The data set WORK.TEMPREG3 has 99 observations and 6 variables.
NOTE: DATA statement used (Total process time):
      real time           0.01 seconds
      cpu time            0.00 seconds
      

12034  data WORK.TEMPREG3(KEEP=TERM);
12035  length term $32;
12036  set WORK.TEMPREG3;
12037  i=1;
12038  do while( scan(input , i, '*') ne '' );
12039  term= scan(input , i, '*');
12040  i=i+1;
12041  output;
12042  end;
12043  run;

NOTE: There were 99 observations read from the data set WORK.TEMPREG3.
NOTE: The data set WORK.TEMPREG3 has 99 observations and 1 variables.
NOTE: DATA statement used (Total process time):
      real time           0.01 seconds
      cpu time            0.00 seconds
      

12044  proc sort data=WORK.TEMPREG3 nodupkey NOTHREADS;
12045  by TERM;
12046  run;

NOTE: There were 99 observations read from the data set WORK.TEMPREG3.
NOTE: 90 observations with duplicate key values were deleted.
NOTE: The data set WORK.TEMPREG3 has 9 observations and 1 variables.
NOTE: PROCEDURE SORT used (Total process time):
      real time           0.01 seconds
      cpu time            0.00 seconds
      

12047  filename emflow "C:\Users\lahar\OneDrive\Desktop\Data Mining\Resume\Workspaces\EMWS3\Reg4\EMFLOWSCORE.sas";
12048  *------------------------------------------------------------*;
12049  * Reg4: Scoring DATA data;
12050  *------------------------------------------------------------*;
12051  data EMWS3.Reg4_TRAIN
12052  / view=EMWS3.Reg4_TRAIN
12053  ;
12054  set EMWS3.TextCluster7_TRAIN
12055  ;
12056  %inc emflow;
12588  run;

NOTE: DATA STEP view saved on file EMWS3.REG4_TRAIN.
NOTE: A stored DATA STEP view cannot run under a different operating system.
NOTE: DATA statement used (Total process time):
      real time           0.01 seconds
      cpu time            0.01 seconds
      

12589  quit;
12590  filename emflow;
NOTE: Fileref EMFLOW has been deassigned.

12591  filename emflow "C:\Users\lahar\OneDrive\Desktop\Data Mining\Resume\Workspaces\EMWS3\Reg4\EMFLOWSCORE.sas";
12592  *------------------------------------------------------------*;
12593  * Reg4: Scoring VALIDATE data;
12594  *------------------------------------------------------------*;
12595  data EMWS3.Reg4_VALIDATE
12596  / view=EMWS3.Reg4_VALIDATE
12597  ;
12598  set EMWS3.TextCluster7_VALIDATE
12599  ;
12600  %inc emflow;
13132  run;

NOTE: DATA STEP view saved on file EMWS3.REG4_VALIDATE.
NOTE: A stored DATA STEP view cannot run under a different operating system.
NOTE: DATA statement used (Total process time):
      real time           0.01 seconds
      cpu time            0.00 seconds
      

13133  quit;
13134  filename emflow;
NOTE: Fileref EMFLOW has been deassigned.

13135  filename emflow "C:\Users\lahar\OneDrive\Desktop\Data Mining\Resume\Workspaces\EMWS3\Reg4\EMFLOWSCORE.sas";
13136  *------------------------------------------------------------*;
13137  * Reg4: Scoring TEST data;
13138  *------------------------------------------------------------*;
13139  data EMWS3.Reg4_TEST
13140  / view=EMWS3.Reg4_TEST
13141  ;
13142  set EMWS3.TextCluster7_TEST
13143  ;
13144  %inc emflow;
13676  run;

NOTE: DATA STEP view saved on file EMWS3.REG4_TEST.
NOTE: A stored DATA STEP view cannot run under a different operating system.
NOTE: DATA statement used (Total process time):
      real time           0.01 seconds
      cpu time            0.00 seconds
      

13677  quit;
13678  filename emflow;
NOTE: Fileref EMFLOW has been deassigned.

13679  *------------------------------------------------------------*;
13680  * Reg4: Computing metadata for TRAIN data;
13681  *------------------------------------------------------------*;

NOTE: View EMWS3.REG4_TRAIN.VIEW used (Total process time):
      real time           0.02 seconds
      cpu time            0.01 seconds
      
14071  data WORK.MODELTEMP_INFO;
14072  set EMWS3.Reg4_EMINFO;
14073  where DATA='Reg4' and KEY ^in('DECDATA', 'DECMETA', 'IMPORTANCE', 'MODEL');
14074  run;

NOTE: There were 0 observations read from the data set EMWS3.REG4_EMINFO.
      WHERE (DATA='Reg4') and KEY not in ('DECDATA', 'DECMETA', 'IMPORTANCE', 'MODEL');
NOTE: The data set WORK.MODELTEMP_INFO has 0 observations and 3 variables.
NOTE: DATA statement used (Total process time):
      real time           0.00 seconds
      cpu time            0.00 seconds
      

14075  data EMWS3.Reg4_EMINFO;
14076  length TARGET KEY $32 DATA $43;
14077  input TARGET KEY DATA $;
14078  cards;

NOTE: The data set EMWS3.REG4_EMINFO has 3 observations and 3 variables.
NOTE: DATA statement used (Total process time):
      real time           0.00 seconds
      cpu time            0.00 seconds
      

14082  run;
14083  data EMWS3.Reg4_EMINFO;
14084  set EMWS3.Reg4_EMINFO WORK.MODELTEMP_INFO;
14085  run;

NOTE: There were 3 observations read from the data set EMWS3.REG4_EMINFO.
NOTE: There were 0 observations read from the data set WORK.MODELTEMP_INFO.
NOTE: The data set EMWS3.REG4_EMINFO has 3 observations and 3 variables.
NOTE: DATA statement used (Total process time):
      real time           0.00 seconds
      cpu time            0.00 seconds
      

14086  proc sort data = EMWS3.Reg4_EMINFO NOTHREADS;
14087  by TARGET KEY;
14088  run;

NOTE: There were 3 observations read from the data set EMWS3.REG4_EMINFO.
NOTE: The data set EMWS3.REG4_EMINFO has 3 observations and 3 variables.
NOTE: PROCEDURE SORT used (Total process time):
      real time           0.01 seconds
      cpu time            0.00 seconds
      

14089  proc sort data = EMWS3.TextCluster7_EMINFO OUT=WORK.SORTEDEMINFO NOTHREADS;
14090  by TARGET KEY;
14091  run;

NOTE: There were 6 observations read from the data set EMWS3.TEXTCLUSTER7_EMINFO.
NOTE: The data set WORK.SORTEDEMINFO has 6 observations and 3 variables.
NOTE: PROCEDURE SORT used (Total process time):
      real time           0.00 seconds
      cpu time            0.00 seconds
      

14092  proc sort data = EMWS3.Reg4_EMINFO OUT=WORK.TEMP_INFO NOTHREADS;
14093  by TARGET KEY;
14094  run;

NOTE: Input data set is already sorted; it has been copied to the output data set.
NOTE: There were 3 observations read from the data set EMWS3.REG4_EMINFO.
NOTE: The data set WORK.TEMP_INFO has 3 observations and 3 variables.
NOTE: PROCEDURE SORT used (Total process time):
      real time           0.00 seconds
      cpu time            0.00 seconds
      

14095  data EMWS3.Reg4_EMINFO;
14096  merge WORK.SORTEDEMINFO WORK.TEMP_INFO;
14097  by TARGET KEY;
14098  run;

NOTE: There were 6 observations read from the data set WORK.SORTEDEMINFO.
NOTE: There were 3 observations read from the data set WORK.TEMP_INFO.
NOTE: The data set EMWS3.REG4_EMINFO has 9 observations and 3 variables.
NOTE: DATA statement used (Total process time):
      real time           0.01 seconds
      cpu time            0.00 seconds
      

14099  proc datasets lib=work nolist;
14100  delete TEMP_INFO SORTEDEMINFO;
14101  run;

NOTE: Deleting WORK.TEMP_INFO (memtype=DATA).
NOTE: Deleting WORK.SORTEDEMINFO (memtype=DATA).
14102  quit;

NOTE: PROCEDURE DATASETS used (Total process time):
      real time           0.00 seconds
      cpu time            0.00 seconds
      

NOTE: View EMWS3.REG4_TRAIN.VIEW used (Total process time):
      real time           0.02 seconds
      cpu time            0.01 seconds
      
NOTE: View EMWS3.REG4_VALIDATE.VIEW used (Total process time):
      real time           0.02 seconds
      cpu time            0.01 seconds
      
NOTE: View EMWS3.REG4_TEST.VIEW used (Total process time):
      real time           0.02 seconds
      cpu time            0.01 seconds
      
