*------------------------------------------------------------*
* Training Log
Date:                November 23, 2023
Time:                22:13:40
*------------------------------------------------------------*
11433  proc freq data=EMWS3.Reg4_VariableSet noprint;
11434  table ROLE*LEVEL/out=WORK.Reg4META;
11435  run;

NOTE: There were 75 observations read from the data set EMWS3.REG4_VARIABLESET.
NOTE: The data set WORK.REG4META has 3 observations and 4 variables.
NOTE: PROCEDURE FREQ used (Total process time):
      real time           0.05 seconds
      cpu time            0.01 seconds
      

11436  proc print data=WORK.Reg4META label noobs;
11437  var ROLE LEVEL COUNT;
11438  label ROLE = "%sysfunc(sasmsg(sashelp.dmine, meta_role_vlabel, NOQUOTE))" LEVEL = "%sysfunc(sasmsg(sashelp.dmine, meta_level_vlabel, NOQUOTE))" COUNT = "%sysfunc(sasmsg(sashelp.dmine, rpt_count_vlabel, NOQUOTE))";
11439  title9 ' ';
11440  title10 "%sysfunc(sasmsg(sashelp.dmine, rpt_varSummary_title  , NOQUOTE))";
11441  run;

NOTE: There were 3 observations read from the data set WORK.REG4META.
NOTE: The PROCEDURE PRINT printed page 1.
NOTE: PROCEDURE PRINT used (Total process time):
      real time           0.01 seconds
      cpu time            0.00 seconds
      

11442  title10;

11443  %let EMNORLEN = %DMNORLEN;
EMWS3.TextCluster7_TRAIN EMWS3.TextCluster7_TRAIN 
EMWS3.TextCluster7_TRAIN EMWS3.TextCluster7_TRAIN EMWS3 TextCluster7_TRAIN 
EMWS3.TextCluster7_TRAIN EMWS3.TextCluster7_TRAIN 
EMWS3.TextCluster7_TRAIN EMWS3.TextCluster7_TRAIN EMWS3 TextCluster7_TRAIN 
Executing  SASHELP.EMCORE.EMINFOITERATOR.SCL _INIT >> 
Executing  SASHELP.EMCORE.EMINFOITERATOR.SCL setMetaData >> 
Executing  SASHELP.EMCORE.EMINFOITERATOR.SCL next >> 
Executing  SASHELP.EMCORE.EMINFOITERATOR.SCL setMetaData >> 
Executing  SASHELP.EMCORE.EMINFOITERATOR.SCL next >> 
Executing  SASHELP.EMCORE.EMINFOITERATOR.SCL _term >> 
11490  data WORK.Reg4_EVENT(KEEP=VARIABLE LABEL LEVEL EVENT NUMLEVELS ORDER);
11491  length ORDER $20;
11492  label VARIABLE = "%sysfunc(sasmsg(sashelp.dmine, rpt_target_vlabel,  NOQUOTE))" EVENT = "%sysfunc(sasmsg(sashelp.dmine, assmt_event_vlabel, NOQUOTE))" NUMLEVELS = "%sysfunc(sasmsg(sashelp.dmine, rpt_numcat_vlabel, NOQUOTE))" LEVEL =
11493     "%sysfunc(sasmsg(sashelp.dmine, meta_level_vlabel, NOQUOTE))" ORDER = "%sysfunc(sasmsg(sashelp.dmine, meta_order_vlabel, NOQUOTE))" LABEL = "%sysfunc(sasmsg(sashelp.dmine, meta_label_vlabel, NOQUOTE))";
11494  set EMWS3.REG4_CATEGORY_DM( where=(_TYPE_="TARGET"));
11495  NumLevels=12;
11496  select(upcase(ORDER));
11497  when('DESC') ORDER = 'Descending';
11498  when('ASC') ORDER = 'Ascending';
11499  when('FMTDESC') ORDER = 'Formatted Descending';
11500  when('FMTASC') ORDER = 'Formatted Ascending';
11501  otherwise ORDER = 'Descending';
11502  end;
11503  output;
11504  run;

NOTE: There were 1 observations read from the data set EMWS3.REG4_CATEGORY_DM.
      WHERE _TYPE_='TARGET';
NOTE: The data set WORK.REG4_EVENT has 1 observations and 6 variables.
NOTE: DATA statement used (Total process time):
      real time           0.01 seconds
      cpu time            0.00 seconds
      

11505  title9 ' ';
11506  proc print data=WORK.Reg4_EVENT noobs label;
11507  var VARIABLE EVENT LEVEL NUMLEVELS ORDER LABEL;
11508  title9 ' ';
11509  title10 "%sysfunc(sasmsg(sashelp.dmine, rpt_modelEvent_title  , NOQUOTE))";
11510  run;

NOTE: There were 1 observations read from the data set WORK.REG4_EVENT.
NOTE: The PROCEDURE PRINT printed page 2.
NOTE: PROCEDURE PRINT used (Total process time):
      real time           0.01 seconds
      cpu time            0.00 seconds
      

11511  title10;

"No decisions defined for target "Category"." 
11512  proc print data = EMWS3.Reg4_Category_DM noobs label;
11513  var _type_ variable label;
11514  where _type_ ^in('MATRIX', 'DECISION', 'TRAINPRIOR', 'DATAPRIOR', 'DECPRIOR');
11515  label _TYPE_ = "%sysfunc(sasmsg(sashelp.dmine, rpt_type_vlabel,     NOQUOTE))" VARIABLE = "%sysfunc(sasmsg(sashelp.dmine, rpt_variable_vlabel, NOQUOTE))" LABEL = "%sysfunc(sasmsg(sashelp.dmine, meta_label_vlabel, NOQUOTE))";
11516  title9 ' ';
11517  title10 "%sysfunc(sasmsg(sashelp.dmine, rpt_predDecVars_title  , NOQUOTE))";
11518  run;

NOTE: There were 27 observations read from the data set EMWS3.REG4_CATEGORY_DM.
      WHERE _type_ not in ('DATAPRIOR', 'DECISION', 'DECPRIOR', 'MATRIX', 'TRAINPRIOR');
NOTE: The PROCEDURE PRINT printed page 3.
NOTE: PROCEDURE PRINT used (Total process time):
      real time           0.00 seconds
      cpu time            0.01 seconds
      

11519  title10;

11529  data WORK.M2QUXMIZ;
11530  set WORK.M2QUXMIZ end=eof;
11531  output;
11532  if eof then do;
11533  NAME="";
11534  ROLE="COST";
11535  LEVEL="INTERVAL";
11536  TYPE="N";
11537  output;
11538  end;
11539  run;

NOTE: There were 70 observations read from the data set WORK.M2QUXMIZ.
NOTE: The data set WORK.M2QUXMIZ has 71 observations and 21 variables.
NOTE: DATA statement used (Total process time):
      real time           0.00 seconds
      cpu time            0.00 seconds
      

NOTE: There were 12 observations read from the data set EMWS3.REG4_CATEGORY_DD.
NOTE: The data set WORK.CATEGORY has 12 observations and 17 variables.
NOTE: There were 12 observations read from the data set EMWS3.REG4_CATEGORY_DD.
NOTE: The data set WORK.CATEGORY has 12 observations and 17 variables.
11540  *------------------------------------------------------------*;
11541  * Reg4: Create decision matrix;
11542  *------------------------------------------------------------*;
11543  data WORK.Category;
11544    length   Category                         $  32
11545             COUNT                                8
11546             DATAPRIOR                            8
11547             TRAINPRIOR                           8
11548             DECPRIOR                             8
11549             DECISION1                            8
11550             DECISION2                            8
11551             DECISION3                            8
11552             DECISION4                            8
11553             DECISION5                            8
11554             DECISION6                            8
11555             DECISION7                            8
11556             DECISION8                            8
11557             DECISION9                            8
11558             DECISION10                           8
11559             DECISION11                           8
11560             DECISION12                           8
11561             ;
11562  
11563    label    COUNT="Level Counts"
11564             DATAPRIOR="Data Proportions"
11565             TRAINPRIOR="Training Proportions"
11566             DECPRIOR="Decision Priors"
11567             DECISION1="TEACHER"
11568             DECISION2="SALES"
11569             DECISION3="OTHER"
11570             DECISION4="INFORMATION-TECHNOLOGY"
11571             DECISION5="HR"
11572             DECISION6="HEALTHCARE"
11573             DECISION7="FITNESS"
11574             DECISION8="DIGITAL-MEDIA"
11575             DECISION9="DESIGNER"
11576             DECISION10="CONSULTANT"
11577             DECISION11="BUSINESS-DEVELOPMENT"
11578             DECISION12="ADVOCATE"
11579             ;
11580    format   COUNT 10.
11581             ;
11582  Category="TEACHER"; COUNT=50; DATAPRIOR=0.0741839763; TRAINPRIOR=0.07418397626112; DECPRIOR=.; DECISION1=1; DECISION2=0; DECISION3=0; DECISION4=0; DECISION5=0; DECISION6=0; DECISION7=0; DECISION8=0; DECISION9=0; DECISION10=0; DECISION11=0;
11582! DECISION12=0;
11583  output;
11584  Category="SALES"; COUNT=58; DATAPRIOR=0.0860534125; TRAINPRIOR=0.0860534124629; DECPRIOR=.; DECISION1=0; DECISION2=1; DECISION3=0; DECISION4=0; DECISION5=0; DECISION6=0; DECISION7=0; DECISION8=0; DECISION9=0; DECISION10=0; DECISION11=0; DECISION12=0
11584! ;
11585  output;
11586  Category="OTHER"; COUNT=63; DATAPRIOR=0.0934718101; TRAINPRIOR=0.09347181008902; DECPRIOR=.; DECISION1=0; DECISION2=0; DECISION3=1; DECISION4=0; DECISION5=0; DECISION6=0; DECISION7=0; DECISION8=0; DECISION9=0; DECISION10=0; DECISION11=0;
11586! DECISION12=0;
11587  output;
11588  Category="INFORMATION-TECHNOLOGY"; COUNT=59; DATAPRIOR=0.087537092; TRAINPRIOR=0.08753709198813; DECPRIOR=.; DECISION1=0; DECISION2=0; DECISION3=0; DECISION4=1; DECISION5=0; DECISION6=0; DECISION7=0; DECISION8=0; DECISION9=0; DECISION10=0;
11588! DECISION11=0; DECISION12=0;
11589  output;
11590  Category="HR"; COUNT=55; DATAPRIOR=0.0816023739; TRAINPRIOR=0.08160237388724; DECPRIOR=.; DECISION1=0; DECISION2=0; DECISION3=0; DECISION4=0; DECISION5=1; DECISION6=0; DECISION7=0; DECISION8=0; DECISION9=0; DECISION10=0; DECISION11=0; DECISION12=0;
11591  output;
11592  Category="HEALTHCARE"; COUNT=57; DATAPRIOR=0.0845697329; TRAINPRIOR=0.08456973293768; DECPRIOR=.; DECISION1=0; DECISION2=0; DECISION3=0; DECISION4=0; DECISION5=0; DECISION6=1; DECISION7=0; DECISION8=0; DECISION9=0; DECISION10=0; DECISION11=0;
11592! DECISION12=0;
11593  output;
11594  Category="FITNESS"; COUNT=58; DATAPRIOR=0.0860534125; TRAINPRIOR=0.0860534124629; DECPRIOR=.; DECISION1=0; DECISION2=0; DECISION3=0; DECISION4=0; DECISION5=0; DECISION6=0; DECISION7=1; DECISION8=0; DECISION9=0; DECISION10=0; DECISION11=0;
11594! DECISION12=0;
11595  output;
11596  Category="DIGITAL-MEDIA"; COUNT=47; DATAPRIOR=0.0697329377; TRAINPRIOR=0.06973293768545; DECPRIOR=.; DECISION1=0; DECISION2=0; DECISION3=0; DECISION4=0; DECISION5=0; DECISION6=0; DECISION7=0; DECISION8=1; DECISION9=0; DECISION10=0; DECISION11=0;
11596! DECISION12=0;
11597  output;
11598  Category="DESIGNER"; COUNT=53; DATAPRIOR=0.0786350148; TRAINPRIOR=0.07863501483679; DECPRIOR=.; DECISION1=0; DECISION2=0; DECISION3=0; DECISION4=0; DECISION5=0; DECISION6=0; DECISION7=0; DECISION8=0; DECISION9=1; DECISION10=0; DECISION11=0;
11598! DECISION12=0;
11599  output;
11600  Category="CONSULTANT"; COUNT=57; DATAPRIOR=0.0845697329; TRAINPRIOR=0.08456973293768; DECPRIOR=.; DECISION1=0; DECISION2=0; DECISION3=0; DECISION4=0; DECISION5=0; DECISION6=0; DECISION7=0; DECISION8=0; DECISION9=0; DECISION10=1; DECISION11=0;
11600! DECISION12=0;
11601  output;
11602  Category="BUSINESS-DEVELOPMENT"; COUNT=60; DATAPRIOR=0.0890207715; TRAINPRIOR=0.08902077151335; DECPRIOR=.; DECISION1=0; DECISION2=0; DECISION3=0; DECISION4=0; DECISION5=0; DECISION6=0; DECISION7=0; DECISION8=0; DECISION9=0; DECISION10=0;
11602! DECISION11=1; DECISION12=0;
11603  output;
11604  Category="ADVOCATE"; COUNT=57; DATAPRIOR=0.0845697329; TRAINPRIOR=0.08456973293768; DECPRIOR=.; DECISION1=0; DECISION2=0; DECISION3=0; DECISION4=0; DECISION5=0; DECISION6=0; DECISION7=0; DECISION8=0; DECISION9=0; DECISION10=0; DECISION11=0;
11604! DECISION12=1;
11605  output;
11606  ;
11607  run;

NOTE: The data set WORK.CATEGORY has 12 observations and 17 variables.
NOTE: DATA statement used (Total process time):
      real time           0.00 seconds
      cpu time            0.00 seconds
      

11608  proc datasets lib=work nolist;
11609  modify Category(type=PROFIT label=Category);
11610  label DECISION1= 'TEACHER';
11611  label DECISION2= 'SALES';
11612  label DECISION3= 'OTHER';
11613  label DECISION4= 'INFORMATION-TECHNOLOGY';
11614  label DECISION5= 'HR';
11615  label DECISION6= 'HEALTHCARE';
11616  label DECISION7= 'FITNESS';
11617  label DECISION8= 'DIGITAL-MEDIA';
11618  label DECISION9= 'DESIGNER';
11619  label DECISION10= 'CONSULTANT';
11620  label DECISION11= 'BUSINESS-DEVELOPMENT';
11621  label DECISION12= 'ADVOCATE';
11622  run;

NOTE: MODIFY was successful for WORK.CATEGORY.DATA.
11623  quit;

NOTE: PROCEDURE DATASETS used (Total process time):
      real time           0.00 seconds
      cpu time            0.00 seconds
      

11624  data EM_DMREG / view=EM_DMREG;
11625  set EMWS3.TextCluster7_TRAIN(keep=
11626  Category TextCluster7_SVD1 TextCluster7_SVD10 TextCluster7_SVD11
11627  TextCluster7_SVD12 TextCluster7_SVD13 TextCluster7_SVD14 TextCluster7_SVD15
11628  TextCluster7_SVD16 TextCluster7_SVD17 TextCluster7_SVD18 TextCluster7_SVD19
11629  TextCluster7_SVD2 TextCluster7_SVD20 TextCluster7_SVD21 TextCluster7_SVD22
11630  TextCluster7_SVD23 TextCluster7_SVD24 TextCluster7_SVD25 TextCluster7_SVD26
11631  TextCluster7_SVD27 TextCluster7_SVD28 TextCluster7_SVD29 TextCluster7_SVD3
11632  TextCluster7_SVD30 TextCluster7_SVD31 TextCluster7_SVD32 TextCluster7_SVD33
11633  TextCluster7_SVD34 TextCluster7_SVD35 TextCluster7_SVD36 TextCluster7_SVD37
11634  TextCluster7_SVD38 TextCluster7_SVD39 TextCluster7_SVD4 TextCluster7_SVD40
11635  TextCluster7_SVD41 TextCluster7_SVD42 TextCluster7_SVD43 TextCluster7_SVD44
11636  TextCluster7_SVD45 TextCluster7_SVD46 TextCluster7_SVD47 TextCluster7_SVD48
11637  TextCluster7_SVD49 TextCluster7_SVD5 TextCluster7_SVD50 TextCluster7_SVD51
11638  TextCluster7_SVD52 TextCluster7_SVD53 TextCluster7_SVD54 TextCluster7_SVD55
11639  TextCluster7_SVD56 TextCluster7_SVD57 TextCluster7_SVD58 TextCluster7_SVD59
11640  TextCluster7_SVD6 TextCluster7_SVD60 TextCluster7_SVD61 TextCluster7_SVD62
11641  TextCluster7_SVD63 TextCluster7_SVD64 TextCluster7_SVD65 TextCluster7_SVD66
11642  TextCluster7_SVD67 TextCluster7_SVD68 TextCluster7_SVD69 TextCluster7_SVD7
11643  TextCluster7_SVD8 TextCluster7_SVD9 );
11644  run;

NOTE: DATA STEP view saved on file WORK.EM_DMREG.
NOTE: A stored DATA STEP view cannot run under a different operating system.
NOTE: DATA statement used (Total process time):
      real time           0.00 seconds
      cpu time            0.00 seconds
      

11645  *------------------------------------------------------------* ;
11646  * Reg4: DMDBClass Macro ;
11647  *------------------------------------------------------------* ;
11648  %macro DMDBClass;
11649      Category(DESC)
11650  %mend DMDBClass;
11651  *------------------------------------------------------------* ;
11652  * Reg4: DMDBVar Macro ;
11653  *------------------------------------------------------------* ;
11654  %macro DMDBVar;
11655      TextCluster7_SVD1 TextCluster7_SVD10 TextCluster7_SVD11 TextCluster7_SVD12
11656     TextCluster7_SVD13 TextCluster7_SVD14 TextCluster7_SVD15 TextCluster7_SVD16
11657     TextCluster7_SVD17 TextCluster7_SVD18 TextCluster7_SVD19 TextCluster7_SVD2
11658     TextCluster7_SVD20 TextCluster7_SVD21 TextCluster7_SVD22 TextCluster7_SVD23
11659     TextCluster7_SVD24 TextCluster7_SVD25 TextCluster7_SVD26 TextCluster7_SVD27
11660     TextCluster7_SVD28 TextCluster7_SVD29 TextCluster7_SVD3 TextCluster7_SVD30
11661     TextCluster7_SVD31 TextCluster7_SVD32 TextCluster7_SVD33 TextCluster7_SVD34
11662     TextCluster7_SVD35 TextCluster7_SVD36 TextCluster7_SVD37 TextCluster7_SVD38
11663     TextCluster7_SVD39 TextCluster7_SVD4 TextCluster7_SVD40 TextCluster7_SVD41
11664     TextCluster7_SVD42 TextCluster7_SVD43 TextCluster7_SVD44 TextCluster7_SVD45
11665     TextCluster7_SVD46 TextCluster7_SVD47 TextCluster7_SVD48 TextCluster7_SVD49
11666     TextCluster7_SVD5 TextCluster7_SVD50 TextCluster7_SVD51 TextCluster7_SVD52
11667     TextCluster7_SVD53 TextCluster7_SVD54 TextCluster7_SVD55 TextCluster7_SVD56
11668     TextCluster7_SVD57 TextCluster7_SVD58 TextCluster7_SVD59 TextCluster7_SVD6
11669     TextCluster7_SVD60 TextCluster7_SVD61 TextCluster7_SVD62 TextCluster7_SVD63
11670     TextCluster7_SVD64 TextCluster7_SVD65 TextCluster7_SVD66 TextCluster7_SVD67
11671     TextCluster7_SVD68 TextCluster7_SVD69 TextCluster7_SVD7 TextCluster7_SVD8
11672     TextCluster7_SVD9
11673  %mend DMDBVar;
11674  *------------------------------------------------------------*;
11675  * Reg4: Create DMDB;
11676  *------------------------------------------------------------*;
11677  proc dmdb batch data=WORK.EM_DMREG
11678  dmdbcat=WORK.Reg4_DMDB
11679  maxlevel = 513
11680  ;
11681  class %DMDBClass;
11682  var %DMDBVar;
11683  target
11684  Category
11685  ;
11686  run;

NOTE: Records processed = 674   Memory used = 511K.
NOTE: View WORK.EM_DMREG.VIEW used (Total process time):
      real time           0.12 seconds
      cpu time            0.01 seconds
      
NOTE: There were 674 observations read from the data set EMWS3.TEXTCLUSTER7_TRAIN.
NOTE: There were 674 observations read from the data set WORK.EM_DMREG.
NOTE: PROCEDURE DMDB used (Total process time):
      real time           0.14 seconds
      cpu time            0.01 seconds
      

11687  quit;
11688  *--- end code ---*;

11689  *------------------------------------------------------------*;
11690  * Reg4: Run DMREG procedure;
11691  *------------------------------------------------------------*;
11692  proc dmreg data=EM_DMREG dmdbcat=WORK.Reg4_DMDB
11693  validata = EMWS3.TextCluster7_VALIDATE
11694  outest = EMWS3.Reg4_EMESTIMATE
11695  outterms = EMWS3.Reg4_OUTTERMS
11696  outmap= EMWS3.Reg4_MAPDS namelen=200
11697  ;
11698  class
11699  Category
11700  ;
11701  model Category =
11702  TextCluster7_SVD1
11703  TextCluster7_SVD10
11704  TextCluster7_SVD11
11705  TextCluster7_SVD12
11706  TextCluster7_SVD13
11707  TextCluster7_SVD14
11708  TextCluster7_SVD15
11709  TextCluster7_SVD16
11710  TextCluster7_SVD17
11711  TextCluster7_SVD18
11712  TextCluster7_SVD19
11713  TextCluster7_SVD2
11714  TextCluster7_SVD20
11715  TextCluster7_SVD21
11716  TextCluster7_SVD22
11717  TextCluster7_SVD23
11718  TextCluster7_SVD24
11719  TextCluster7_SVD25
11720  TextCluster7_SVD26
11721  TextCluster7_SVD27
11722  TextCluster7_SVD28
11723  TextCluster7_SVD29
11724  TextCluster7_SVD3
11725  TextCluster7_SVD30
11726  TextCluster7_SVD31
11727  TextCluster7_SVD32
11728  TextCluster7_SVD33
11729  TextCluster7_SVD34
11730  TextCluster7_SVD35
11731  TextCluster7_SVD36
11732  TextCluster7_SVD37
11733  TextCluster7_SVD38
11734  TextCluster7_SVD39
11735  TextCluster7_SVD4
11736  TextCluster7_SVD40
11737  TextCluster7_SVD41
11738  TextCluster7_SVD42
11739  TextCluster7_SVD43
11740  TextCluster7_SVD44
11741  TextCluster7_SVD45
11742  TextCluster7_SVD46
11743  TextCluster7_SVD47
11744  TextCluster7_SVD48
11745  TextCluster7_SVD49
11746  TextCluster7_SVD5
11747  TextCluster7_SVD50
11748  TextCluster7_SVD51
11749  TextCluster7_SVD52
11750  TextCluster7_SVD53
11751  TextCluster7_SVD54
11752  TextCluster7_SVD55
11753  TextCluster7_SVD56
11754  TextCluster7_SVD57
11755  TextCluster7_SVD58
11756  TextCluster7_SVD59
11757  TextCluster7_SVD6
11758  TextCluster7_SVD60
11759  TextCluster7_SVD61
11760  TextCluster7_SVD62
11761  TextCluster7_SVD63
11762  TextCluster7_SVD64
11763  TextCluster7_SVD65
11764  TextCluster7_SVD66
11765  TextCluster7_SVD67
11766  TextCluster7_SVD68
11767  TextCluster7_SVD69
11768  TextCluster7_SVD7
11769  TextCluster7_SVD8
11770  TextCluster7_SVD9
11771  /level=nominal
11772  coding=DEVIATION
11773  nodesignprint
11774  selection=STEPWISE choose=VERROR
11775  Hierarchy=CLASS
11776  Rule=NONE
11777  ;
11778  ;
11779  score data=EMWS3.TextCluster7_TEST
11780  out=_null_
11781  outfit=EMWS3.Reg4_FITTEST
11782  role = TEST
11783  ;
11784  code file="C:\Users\lahar\OneDrive\Desktop\Data Mining\Resume\Workspaces\EMWS3\Reg4\EMPUBLISHSCORE.sas"
11785  group=Reg4
11786  ;
11787  code file="C:\Users\lahar\OneDrive\Desktop\Data Mining\Resume\Workspaces\EMWS3\Reg4\EMFLOWSCORE.sas"
11788  group=Reg4
11789  residual
11790  ;
11791  run;

NOTE: Convergence criterion (ABSGCONV=0.00001) satisfied.
NOTE: Convergence criterion (GCONV=1E-6) satisfied.
NOTE: Convergence criterion (GCONV=1E-6) satisfied.
NOTE: Convergence criterion (GCONV=1E-6) satisfied.
NOTE: At least one element of the gradient is greater than 1e-3.
NOTE: Convergence criterion (FCONV=0.0001) satisfied.
NOTE: At least one element of the gradient is greater than 1e-3.
NOTE: Convergence criterion (FCONV=0.0001) satisfied.
NOTE: At least one element of the gradient is greater than 1e-3.
NOTE: Convergence criterion (FCONV=0.0001) satisfied.
NOTE: At least one element of the gradient is greater than 1e-3.
NOTE: Convergence criterion (FCONV=0.0001) satisfied.
NOTE: At least one element of the gradient is greater than 1e-3.
NOTE: Convergence criterion (FCONV=0.0001) satisfied.
NOTE: At least one element of the gradient is greater than 1e-3.
NOTE: Convergence criterion (FCONV=0.0001) satisfied.
NOTE: At least one element of the gradient is greater than 1e-3.
NOTE: Convergence criterion (FCONV=0.0001) satisfied.
NOTE: At least one element of the gradient is greater than 1e-3.
NOTE: Convergence criterion (FCONV=0.0001) satisfied.
NOTE: At least one element of the gradient is greater than 1e-3.
NOTE: Convergence criterion (FCONV=0.0001) satisfied.
NOTE: At least one element of the gradient is greater than 1e-3.
NOTE: Convergence criterion (FCONV=0.0001) satisfied.
NOTE: At least one element of the gradient is greater than 1e-3.
NOTE: Convergence criterion (FCONV=0.0001) satisfied.
NOTE: At least one element of the gradient is greater than 1e-3.
NOTE: Convergence criterion (FCONV=0.0001) satisfied.
NOTE: At least one element of the gradient is greater than 1e-3.
NOTE: Convergence criterion (FCONV=0.0001) satisfied.
NOTE: At least one element of the gradient is greater than 1e-3.
NOTE: Convergence criterion (FCONV=0.0001) satisfied.
NOTE: At least one element of the gradient is greater than 1e-3.
NOTE: Convergence criterion (FCONV=0.0001) satisfied.
NOTE: At least one element of the gradient is greater than 1e-3.
NOTE: Convergence criterion (FCONV=0.0001) satisfied.
NOTE: At least one element of the gradient is greater than 1e-3.
NOTE: Convergence criterion (FCONV=0.0001) satisfied.
NOTE: At least one element of the gradient is greater than 1e-3.
NOTE: Convergence criterion (FCONV=0.0001) satisfied.
NOTE: At least one element of the gradient is greater than 1e-3.
NOTE: Convergence criterion (FCONV=0.0001) satisfied.
NOTE: At least one element of the gradient is greater than 1e-3.
NOTE: Convergence criterion (FCONV=0.0001) satisfied.
NOTE: At least one element of the gradient is greater than 1e-3.
NOTE: Convergence criterion (FCONV=0.0001) satisfied.
NOTE: At least one element of the gradient is greater than 1e-3.
NOTE: External file C:\Users\lahar\OneDrive\Desktop\Data Mining\Resume\Workspaces\EMWS3\Reg4\EMPUBLISHSCORE.sas opened.
NOTE: External file C:\Users\lahar\OneDrive\Desktop\Data Mining\Resume\Workspaces\EMWS3\Reg4\EMFLOWSCORE.sas opened.
NOTE: View WORK.EM_DMREG.VIEW used (Total process time):
      real time           17.19 seconds
      cpu time            11.84 seconds
      
NOTE: There were 674 observations read from the data set EMWS3.TEXTCLUSTER7_TRAIN.
NOTE: There were 674 observations read from the data set WORK.EM_DMREG.
NOTE: There were 405 observations read from the data set EMWS3.TEXTCLUSTER7_VALIDATE.
NOTE: There were 274 observations read from the data set EMWS3.TEXTCLUSTER7_TEST.
NOTE: The data set EMWS3.REG4_EMESTIMATE has 78 observations and 806 variables.
NOTE: The data set EMWS3.REG4_OUTTERMS has 110 observations and 6 variables.
NOTE: The data set EMWS3.REG4_MAPDS has 3 observations and 761 variables.
NOTE: The data set EMWS3.REG4_FITTEST has 25 observations and 15 variables.
NOTE: The PROCEDURE DMREG printed pages 4-29.
NOTE: PROCEDURE DMREG used (Total process time):
      real time           17.21 seconds
      cpu time            11.84 seconds
      

11792  quit;

11793  proc datasets lib=WORK nolist;
11794  delete Reg4_DMDB;
11795  run;

NOTE: The file WORK.REG4_DMDB (memtype=DATA) was not found, but appears on a DELETE statement.
11796  quit;

NOTE: PROCEDURE DATASETS used (Total process time):
      real time           0.00 seconds
      cpu time            0.01 seconds
      

11797  proc datasets lib=WORK nolist;
11798  delete Reg4_DMDB / memtype=catalog;
11799  run;

NOTE: Deleting WORK.REG4_DMDB (memtype=CATALOG).
11800  quit;

NOTE: PROCEDURE DATASETS used (Total process time):
      real time           0.00 seconds
      cpu time            0.00 seconds
      

11801  data WORK.ESTIMATE;
11802  length _NAME_ $32;
11803  set EMWS3.Reg4_EMESTIMATE;
11804  drop _AIC_--_VMISC_
11805  ;
11806  where _CHOSEN_ ne '' and _TYPE_ in('PARMS', 'T', 'P');
11807  drop _STEP_ _CHOSEN_;
11808  select(_TYPE_);
11809  when('PARMS') _NAME_='Coefficient';
11810  when('T') _NAME_='tValue';
11811  when('P') _NAME_='PValue';
11812  otherwise;
11813  end;
11814  run;

NOTE: There were 3 observations read from the data set EMWS3.REG4_EMESTIMATE.
      WHERE (_CHOSEN_ not = ' ') and _TYPE_ in ('P', 'PARMS', 'T');
NOTE: The data set WORK.ESTIMATE has 3 observations and 772 variables.
NOTE: DATA statement used (Total process time):
      real time           0.00 seconds
      cpu time            0.01 seconds
      

11815  proc transpose data=WORK.ESTIMATE out=WORK.ESTIMATE(rename=(_NAME_=Effect));
11816  run;

NOTE: There were 3 observations read from the data set WORK.ESTIMATE.
NOTE: The data set WORK.ESTIMATE has 770 observations and 5 variables.
NOTE: PROCEDURE TRANSPOSE used (Total process time):
      real time           0.02 seconds
      cpu time            0.00 seconds
      

11817  proc transpose data=EMWS3.Reg4_MAPDS out=WORK.MAP(rename=(_NAME_=Effect INPUT=Variable
11818  TARGET=TargetLevel
11819  ));
11820  var 'TextCluster7_SVD1_TEACHER'n--'TextCluster7_SVD9_BUSINESS_DEVEL'n;
11821  run;

NOTE: There were 3 observations read from the data set EMWS3.REG4_MAPDS.
NOTE: The data set WORK.MAP has 759 observations and 5 variables.
NOTE: PROCEDURE TRANSPOSE used (Total process time):
      real time           0.02 seconds
      cpu time            0.01 seconds
      

11822  proc sort data=WORK.MAP;
11823  by Effect;
11824  run;

NOTE: There were 759 observations read from the data set WORK.MAP.
NOTE: The data set WORK.MAP has 759 observations and 5 variables.
NOTE: PROCEDURE SORT used (Total process time):
      real time           0.01 seconds
      cpu time            0.00 seconds
      

11825  proc sort data=WORK.ESTIMATE;
11826  by Effect;
11827  run;

NOTE: There were 770 observations read from the data set WORK.ESTIMATE.
NOTE: The data set WORK.ESTIMATE has 770 observations and 5 variables.
NOTE: PROCEDURE SORT used (Total process time):
      real time           0.00 seconds
      cpu time            0.01 seconds
      

11828  data EMWS3.Reg4_EFFECTS(rename=(_LABEL_=EffectLabel));
11829  length Variable ClassLevel $32;
11830  merge WORK.ESTIMATE WORK.MAP;
11831  by Effect;
11832  label Effect = "%sysfunc(sasmsg(sashelp.dmine, rpt_effect_vlabel, NOQUOTE))" Variable = "%sysfunc(sasmsg(sashelp.dmine, rpt_variable_vlabel, NOQUOTE))" Sign = "%sysfunc(sasmsg(sashelp.dmine, rpt_sign_vlabel, NOQUOTE))" ClassLevel =
11833     "%sysfunc(sasmsg(sashelp.dmine, rpt_level_vlabel, NOQUOTE))" Abscoefficient = "%sysfunc(sasmsg(sashelp.dmine, rpt_abscoefficient_vlabel, NOQUOTE))" Coefficient = "%sysfunc(sasmsg(sashelp.dmine, rpt_coefficient_vlabel, NOQUOTE))" _LABEL_ =
11834     "%sysfunc(sasmsg(sashelp.dmine, rpt_effectLabel_vlabel, NOQUOTE))" CODE = "%sysfunc(sasmsg(sashelp.dmine, rpt_scorecodevar_vlabel, NOQUOTE))";
11835  label tvalue = "%sysfunc(sasmsg(sashelp.dmine, rpt_tvalue_vlabel,         NOQUOTE))" abstvalue = "%sysfunc(sasmsg(sashelp.dmine, rpt_absoluteTvalue_vlabel, NOQUOTE))" PValue = "%sysfunc(sasmsg(sashelp.dmine, rpt_pvalue_vlabel,         NOQUOTE))";
11836  abstvalue = abs(tValue);
11837  drop pos;
11838  length TargetLevel $32;
WARNING: Length of character variable TargetLevel has already been set. Use the LENGTH statement as the very first statement in the DATA STEP to declare the length of a character variable.
11839  label TargetLevel = "%sysfunc(sasmsg(sashelp.dmine, rpt_targetLevel_vlabel, NOQUOTE))";
11840  if index(Effect, 'Intercept') then do;
11841  variable = 'Intercept';
11842  TargetLevel = scan(_LABEL_, 2, '=');
11843  end;
11844  if ^indexc(variable, '*') then do;
11845  if length(effect)>length(variable) then classlevel = substr(effect, length(variable)+1);
11846  pos = index(classlevel, '_'!!TargetLevel);
11847  if pos> 1 then classlevel = substr(classlevel, 1, pos-1);
11848  else classlevel = '';
11849  end;
11850  if Effect eq '' then Effect = Variable;
11851  if coefficient < 0 then sign = '-';
11852  else sign = '+';
11853  abscoefficient = abs(coefficient);
11854  if _LABEL_ = '' then _LABEL_ = Effect;
11855  if coefficient ne . then output;
11856  run;

NOTE: Missing values were generated as a result of performing an operation on missing values.
      Each place is given by: (Number of times) at (Line):(Column).
      660 at 11836:13   660 at 11853:18   
NOTE: There were 770 observations read from the data set WORK.ESTIMATE.
NOTE: There were 759 observations read from the data set WORK.MAP.
NOTE: The data set EMWS3.REG4_EFFECTS has 110 observations and 12 variables.
NOTE: DATA statement used (Total process time):
      real time           0.02 seconds
      cpu time            0.03 seconds
      

11857  proc sort data =EMWS3.Reg4_EFFECTS;
11858  by
11859  TargetLevel
11860  descending abstvalue;
11861  run;

NOTE: There were 110 observations read from the data set EMWS3.REG4_EFFECTS.
NOTE: The data set EMWS3.REG4_EFFECTS has 110 observations and 12 variables.
NOTE: PROCEDURE SORT used (Total process time):
      real time           0.01 seconds
      cpu time            0.00 seconds
      

11862  data EMWS3.Reg4_EFFECTS;
11863  set EMWS3.Reg4_EFFECTS;
11864  format TEffectNum 3.;
11865  label TEffectNum = "%sysfunc(sasmsg(sashelp.dmine, rpt_teffectnum_vlabel, NOQUOTE))";
11866  retain TEffectNum;
11867  by TargetLevel;
11868  if first.TargetLevel then TEffectNum =1;
11869  else TEffectNum + 1;
11870  run;

NOTE: There were 110 observations read from the data set EMWS3.REG4_EFFECTS.
NOTE: The data set EMWS3.REG4_EFFECTS has 110 observations and 13 variables.
NOTE: DATA statement used (Total process time):
      real time           0.01 seconds
      cpu time            0.00 seconds
      

11871  proc sort data =EMWS3.Reg4_EFFECTS;
11872  by
11873  TargetLevel
11874  descending absCoefficient;
11875  run;

NOTE: There were 110 observations read from the data set EMWS3.REG4_EFFECTS.
NOTE: The data set EMWS3.REG4_EFFECTS has 110 observations and 13 variables.
NOTE: PROCEDURE SORT used (Total process time):
      real time           0.01 seconds
      cpu time            0.01 seconds
      

11876  data EMWS3.Reg4_EFFECTS;
11877  set EMWS3.Reg4_EFFECTS;
11878  format EffectNum 3.;
11879  label EffectNum = "%sysfunc(sasmsg(sashelp.dmine, rpt_effectnum_vlabel, NOQUOTE))";
11880  retain EffectNum;
11881  by TargetLevel;
11882  if first.TargetLevel then EffectNum =1;
11883  else EffectNum + 1;
11884  run;

NOTE: There were 110 observations read from the data set EMWS3.REG4_EFFECTS.
NOTE: The data set EMWS3.REG4_EFFECTS has 110 observations and 14 variables.
NOTE: DATA statement used (Total process time):
      real time           0.01 seconds
      cpu time            0.00 seconds
      

11885  proc transpose data=EMWS3.Reg4_EMESTIMATE out=EMWS3.Reg4_ESTIMATEGRID(rename=(PARMS=Coefficient T=TValue _NAME_=Effect _LABEL_=EffectLabel));
11886  where _CHOSEN_ eq '' and _TYPE_ in('PARMS', 'T', 'P');
11887  var 'TextCluster7_SVD1_TEACHER'n--'TextCluster7_SVD9_BUSINESS_DEVEL'n;
11888  by _STEP_;
11889  id _TYPE_;
11890  run;

NOTE: There were 75 observations read from the data set EMWS3.REG4_EMESTIMATE.
      WHERE (_CHOSEN_=' ') and _TYPE_ in ('P', 'PARMS', 'T');
NOTE: The data set EMWS3.REG4_ESTIMATEGRID has 18975 observations and 6 variables.
NOTE: PROCEDURE TRANSPOSE used (Total process time):
      real time           0.02 seconds
      cpu time            0.00 seconds
      

11891  proc transpose data=EMWS3.Reg4_MAPDS out=WORK.MAP(rename=(_NAME_=Effect INPUT=Variable
11892  TARGET=TargetLevel
11893  ));
11894  var 'TextCluster7_SVD1_TEACHER'n--'TextCluster7_SVD9_BUSINESS_DEVEL'n;
11895  run;

NOTE: There were 3 observations read from the data set EMWS3.REG4_MAPDS.
NOTE: The data set WORK.MAP has 759 observations and 5 variables.
NOTE: PROCEDURE TRANSPOSE used (Total process time):
      real time           0.02 seconds
      cpu time            0.01 seconds
      

11896  proc sort data=WORK.MAP;
11897  by Effect;
11898  run;

NOTE: There were 759 observations read from the data set WORK.MAP.
NOTE: The data set WORK.MAP has 759 observations and 5 variables.
NOTE: PROCEDURE SORT used (Total process time):
      real time           0.01 seconds
      cpu time            0.00 seconds
      

11899  proc sort data=EMWS3.Reg4_ESTIMATEGRID out=WORK.ESTIMATE;
11900  by Effect;
11901  run;

NOTE: There were 18975 observations read from the data set EMWS3.REG4_ESTIMATEGRID.
NOTE: The data set WORK.ESTIMATE has 18975 observations and 6 variables.
NOTE: PROCEDURE SORT used (Total process time):
      real time           0.01 seconds
      cpu time            0.01 seconds
      

11902  data EMWS3.Reg4_ESTIMATEGRID(rename=(_LABEL_=EffectLabel));
11903  merge WORK.ESTIMATE WORK.MAP;
11904  by Effect;
11905  run;

WARNING: Variable _LABEL_ cannot be renamed to EffectLabel because EffectLabel already exists.
NOTE: There were 18975 observations read from the data set WORK.ESTIMATE.
NOTE: There were 759 observations read from the data set WORK.MAP.
NOTE: The data set EMWS3.REG4_ESTIMATEGRID has 18975 observations and 10 variables.
NOTE: DATA statement used (Total process time):
      real time           0.01 seconds
      cpu time            0.00 seconds
      

11906  data EMWS3.Reg4_ESTIMATEGRID;
11907  set EMWS3.Reg4_ESTIMATEGRID;
11908  if EffectLabel eq '' then EffectLabel = Effect;
11909  label EffectLabel = "%sysfunc(sasmsg(sashelp.dmine, rpt_effectLabel_vlabel, NOQUOTE))" Effect = "%sysfunc(sasmsg(sashelp.dmine, rpt_effect_vlabel, NOQUOTE))" Abscoefficient = "%sysfunc(sasmsg(sashelp.dmine, rpt_abscoefficient_vlabel, NOQUOTE))"
11910     Coefficient = "%sysfunc(sasmsg(sashelp.dmine, rpt_coefficient_vlabel, NOQUOTE))" tvalue = "%sysfunc(sasmsg(sashelp.dmine, rpt_tvalue_vlabel,         NOQUOTE))" abstvalue = "%sysfunc(sasmsg(sashelp.dmine, rpt_absoluteTvalue_vlabel, NOQUOTE))"
11910! PValue =
11911     "%sysfunc(sasmsg(sashelp.dmine, rpt_pvalue_vlabel,         NOQUOTE))";
11912  AbsCoefficient = abs(Coefficient);
11913  AbsTValue = abs(TValue);
11914  where coefficient ne .;
11915  run;

NOTE: Variable PValue is uninitialized.
NOTE: Missing values were generated as a result of performing an operation on missing values.
      Each place is given by: (Number of times) at (Line):(Column).
      5 at 11913:13   
NOTE: There were 3278 observations read from the data set EMWS3.REG4_ESTIMATEGRID.
      WHERE coefficient not = .;
NOTE: The data set EMWS3.REG4_ESTIMATEGRID has 3278 observations and 12 variables.
NOTE: DATA statement used (Total process time):
      real time           0.02 seconds
      cpu time            0.00 seconds
      

