 
                                                                                                                                                                                                                                                                
 
 
Fit Statistics

Target=Category Target Label=Category

   Fit
Statistics    Statistics Label                      Train

 _DFT_        Total Degrees of Freedom            22.0000
 _DFE_        Degrees of Freedom for Error       -28.0000
 _DFM_        Model Degrees of Freedom            50.0000
 _NW_         Number of Estimated Weights         50.0000
 _AIC_        Akaike's Information Criterion        .    
 _SBC_        Schwarz's Bayesian Criterion          .    
 _ASE_        Average Squared Error                0.0000
 _MAX_        Maximum Absolute Error               0.0011
 _DIV_        Divisor for ASE                     33.0000
 _NOBS_       Sum of Frequencies                  11.0000
 _RASE_       Root Average Squared Error           0.0004
 _SSE_        Sum of Squared Errors                0.0000
 _SUMW_       Sum of Case Weights Times Freq      33.0000
 _FPE_        Final Prediction Error                .    
 _MSE_        Mean Squared Error                    .    
 _RFPE_       Root Final Prediction Error           .    
 _RMSE_       Root Mean Squared Error               .    
 _AVERR_      Average Error Function               0.0003
 _ERR_        Error Function                       0.0103
 _MISC_       Misclassification Rate               0.0000
 _WRONG_      Number of Wrong Classifications      0.0000
 
                                                                                                                                                                                                                                                                
 
 
Classification Table

Data Role=TRAIN Target Variable=Category Target Label=Category

                                                      Target        Outcome     Frequency       Total
Target                    Outcome                   Percentage    Percentage      Count      Percentage

                          DESIGNER                        .             .           2            .     
DESIGNER                  DESIGNER                      100           100           4          36.3636 
                          HR                              .             .           2            .     
HR                        HR                            100           100           4          36.3636 
                          INFORMATION-TECHNOLOGY          .             .           1            .     
INFORMATION-TECHNOLOGY    INFORMATION-TECHNOLOGY        100           100           3          27.2727 
 
                                                                                                                                                                                                                                                                
 
 
Event Classification Table

Data Role=TRAIN Target=Category Target Label=Category

  False       True        False       True
Negative    Negative    Positive    Positive

    0          12           1           3   
 
                                                                                                                                                                                                                                                                
 
 
Assessment Score Rankings

Data Role=TRAIN Target Variable=Category Target Label=Category

                                                                                           Mean
                               Cumulative        %       Cumulative      Number of      Posterior
Depth       Gain      Lift        Lift       Response    % Response    Observations    Probability

   5     433.333    5.33333      5.33333        100        100.000           1           0.99968  
  10     433.333    5.33333      5.33333        100        100.000           1           0.99966  
  15     433.333    5.33333      5.33333        100        100.000           1           0.99953  
  20     300.000    0.00000      4.00000          0         75.000           1           0.99948  
  30     220.000    0.00000      3.20000          0         60.000           1           0.00092  
  35     166.667    0.00000      2.66667          0         50.000           1           0.00064  
  40     128.571    0.00000      2.28571          0         42.857           1           0.00053  
  45     100.000    0.00000      2.00000          0         37.500           1           0.00046  
  55      77.778    0.00000      1.77778          0         33.333           1           0.00034  
  60      60.000    0.00000      1.60000          0         30.000           1           0.00024  
  65      45.455    0.00000      1.45455          0         27.273           1           0.00023  
  70      33.333    0.00000      1.33333          0         25.000           1           0.00020  
  80      23.077    0.00000      1.23077          0         23.077           1           0.00006  
  85      14.286    0.00000      1.14286          0         21.429           1           0.00001  
  90       6.667    0.00000      1.06667          0         20.000           1           0.00001  
  95       0.000    0.00000      1.00000          0         18.750           1           0.00000  
 
                                                                                                                                                                                                                                                                
 
 
Assessment Score Distribution

Data Role=TRAIN Target Variable=Category Target Label=Category

 Posterior     Number                     Mean
Probability      of      Number of     Posterior
   Range       Events    Nonevents    Probability    Percentage

 0.95-1.00        3           1         0.99959          25    
 0.00-0.05        0          12         0.00030          75    
