*------------------------------------------------------------*
* Training Log
Date:                November 26, 2023
Time:                18:18:59
*------------------------------------------------------------*
11433  proc freq data=EMWS3.Neural10_VariableSet noprint;
11434  table ROLE*LEVEL/out=WORK.Neural10META;
11435  run;

NOTE: There were 17 observations read from the data set EMWS3.NEURAL10_VARIABLESET.
NOTE: The data set WORK.NEURAL10META has 3 observations and 4 variables.
NOTE: PROCEDURE FREQ used (Total process time):
      real time           0.07 seconds
      cpu time            0.01 seconds
      

11436  proc print data=WORK.Neural10META label noobs;
11437  var ROLE LEVEL COUNT;
11438  label ROLE = "%sysfunc(sasmsg(sashelp.dmine, meta_role_vlabel, NOQUOTE))" LEVEL = "%sysfunc(sasmsg(sashelp.dmine, meta_level_vlabel, NOQUOTE))" COUNT = "%sysfunc(sasmsg(sashelp.dmine, rpt_count_vlabel, NOQUOTE))";
11439  title9 ' ';
11440  title10 "%sysfunc(sasmsg(sashelp.dmine, rpt_varSummary_title  , NOQUOTE))";
11441  run;

NOTE: There were 3 observations read from the data set WORK.NEURAL10META.
NOTE: The PROCEDURE PRINT printed page 1.
NOTE: PROCEDURE PRINT used (Total process time):
      real time           0.02 seconds
      cpu time            0.00 seconds
      

11442  title10;

11443  %let EMNORLEN = %DMNORLEN;
EMWS3.TextTopic2_TRAIN EMWS3.TextTopic2_TRAIN 
EMWS3.TextTopic2_TRAIN EMWS3.TextTopic2_TRAIN EMWS3 TextTopic2_TRAIN 
EMWS3.TextTopic2_TRAIN EMWS3.TextTopic2_TRAIN 
EMWS3.TextTopic2_TRAIN EMWS3.TextTopic2_TRAIN EMWS3 TextTopic2_TRAIN 
Executing  SASHELP.EMCORE.EMINFOITERATOR.SCL _INIT >> 
Executing  SASHELP.EMCORE.EMINFOITERATOR.SCL setMetaData >> 
Executing  SASHELP.EMCORE.EMINFOITERATOR.SCL next >> 
Executing  SASHELP.EMCORE.EMINFOITERATOR.SCL setMetaData >> 
Executing  SASHELP.EMCORE.EMINFOITERATOR.SCL next >> 
Executing  SASHELP.EMCORE.EMINFOITERATOR.SCL _term >> 
>>>>>>>>>>>>>> TARGET(   NAME='Category' 
                         ROLE='TARGET' 
                         LEVEL='NOMINAL' 
                         ORDER='' 
                         CREATOR='' 
                         FORMATTYPE='CATEGORY' 
                         FAMILY='' 
                         LOWERLIMIT=. 
                         UPPERLIMIT=. 
                         REPORT='N' 
                         DISTRIBUTION='' 
                         COMMENT='' 
                         PRICE=. 
                         TYPE='C' 
                         LABEL='Category' 
                         FORMAT='$22.' 
                         INFORMAT='$22.' 
                         INDEX='N' 
                         INDEXTYPE='NONE' 
                         LENGTH=22 
                         USE='Y' 
                      )[11649] 
PERFORMANCE  DETAILS
WORK.EM_DMDB WORK.EM_DMDB 
WORK.EM_DMDB WORK.EM_DMDB WORK EM_DMDB 
11531  data WORK.Neural10_EVENT(KEEP=VARIABLE LABEL LEVEL EVENT NUMLEVELS ORDER);
11532  length ORDER $20;
11533  label VARIABLE = "%sysfunc(sasmsg(sashelp.dmine, rpt_target_vlabel,  NOQUOTE))" EVENT = "%sysfunc(sasmsg(sashelp.dmine, assmt_event_vlabel, NOQUOTE))" NUMLEVELS = "%sysfunc(sasmsg(sashelp.dmine, rpt_numcat_vlabel, NOQUOTE))" LEVEL =
11534     "%sysfunc(sasmsg(sashelp.dmine, meta_level_vlabel, NOQUOTE))" ORDER = "%sysfunc(sasmsg(sashelp.dmine, meta_order_vlabel, NOQUOTE))" LABEL = "%sysfunc(sasmsg(sashelp.dmine, meta_label_vlabel, NOQUOTE))";
11535  set EMWS3.NEURAL10_CATEGORY_DM( where=(_TYPE_="TARGET"));
11536  NumLevels=3;
11537  select(upcase(ORDER));
11538  when('DESC') ORDER = 'Descending';
11539  when('ASC') ORDER = 'Ascending';
11540  when('FMTDESC') ORDER = 'Formatted Descending';
11541  when('FMTASC') ORDER = 'Formatted Ascending';
11542  otherwise ORDER = 'Descending';
11543  end;
11544  output;
11545  run;

NOTE: There were 1 observations read from the data set EMWS3.NEURAL10_CATEGORY_DM.
      WHERE _TYPE_='TARGET';
NOTE: The data set WORK.NEURAL10_EVENT has 1 observations and 6 variables.
NOTE: DATA statement used (Total process time):
      real time           0.01 seconds
      cpu time            0.00 seconds
      

11546  title9 ' ';
11547  proc print data=WORK.Neural10_EVENT noobs label;
11548  var VARIABLE EVENT LEVEL NUMLEVELS ORDER LABEL;
11549  title9 ' ';
11550  title10 "%sysfunc(sasmsg(sashelp.dmine, rpt_modelEvent_title  , NOQUOTE))";
11551  run;

NOTE: There were 1 observations read from the data set WORK.NEURAL10_EVENT.
NOTE: The PROCEDURE PRINT printed page 2.
NOTE: PROCEDURE PRINT used (Total process time):
      real time           0.01 seconds
      cpu time            0.00 seconds
      

11552  title10;

"No decisions defined for target "Category"." 
11553  proc print data = EMWS3.Neural10_Category_DM noobs label;
11554  var _type_ variable label;
11555  where _type_ ^in('MATRIX', 'DECISION', 'TRAINPRIOR', 'DATAPRIOR', 'DECPRIOR');
11556  label _TYPE_ = "%sysfunc(sasmsg(sashelp.dmine, rpt_type_vlabel,     NOQUOTE))" VARIABLE = "%sysfunc(sasmsg(sashelp.dmine, rpt_variable_vlabel, NOQUOTE))" LABEL = "%sysfunc(sasmsg(sashelp.dmine, meta_label_vlabel, NOQUOTE))";
11557  title9 ' ';
11558  title10 "%sysfunc(sasmsg(sashelp.dmine, rpt_predDecVars_title  , NOQUOTE))";
11559  run;

NOTE: There were 9 observations read from the data set EMWS3.NEURAL10_CATEGORY_DM.
      WHERE _type_ not in ('DATAPRIOR', 'DECISION', 'DECPRIOR', 'MATRIX', 'TRAINPRIOR');
NOTE: The PROCEDURE PRINT printed page 3.
NOTE: PROCEDURE PRINT used (Total process time):
      real time           0.00 seconds
      cpu time            0.00 seconds
      

11560  title10;

11570  data WORK.M3M3N21T;
11571  set WORK.M3M3N21T end=eof;
11572  output;
11573  if eof then do;
11574  NAME="";
11575  ROLE="COST";
11576  LEVEL="INTERVAL";
11577  TYPE="N";
11578  output;
11579  end;
11580  run;

NOTE: There were 14 observations read from the data set WORK.M3M3N21T.
NOTE: The data set WORK.M3M3N21T has 15 observations and 21 variables.
NOTE: DATA statement used (Total process time):
      real time           0.00 seconds
      cpu time            0.00 seconds
      

NOTE: There were 3 observations read from the data set EMWS3.NEURAL10_CATEGORY_DD.
NOTE: The data set WORK.CATEGORY has 3 observations and 8 variables.
NOTE: There were 3 observations read from the data set EMWS3.NEURAL10_CATEGORY_DD.
NOTE: The data set WORK.CATEGORY has 3 observations and 8 variables.
11581  *------------------------------------------------------------*;
11582  * Neural10: Create decision matrix;
11583  *------------------------------------------------------------*;
11584  data WORK.Category(label="Category");
11585    length   Category                         $  32
11586             COUNT                                8
11587             DATAPRIOR                            8
11588             TRAINPRIOR                           8
11589             DECPRIOR                             8
11590             DECISION1                            8
11591             DECISION2                            8
11592             DECISION3                            8
11593             ;
11594  
11595    label    COUNT="Level Counts"
11596             DATAPRIOR="Data Proportions"
11597             TRAINPRIOR="Training Proportions"
11598             DECPRIOR="Decision Priors"
11599             DECISION1="INFORMATION-TECHNOLOGY"
11600             DECISION2="HR"
11601             DECISION3="DESIGNER"
11602             ;
11603  Category="INFORMATION-TECHNOLOGY"; COUNT=3; DATAPRIOR=0.27272727272727; TRAINPRIOR=0.27272727272727; DECPRIOR=.; DECISION1=1; DECISION2=0; DECISION3=0;
11604  output;
11605  Category="HR"; COUNT=4; DATAPRIOR=0.36363636363636; TRAINPRIOR=0.36363636363636; DECPRIOR=.; DECISION1=0; DECISION2=1; DECISION3=0;
11606  output;
11607  Category="DESIGNER"; COUNT=4; DATAPRIOR=0.36363636363636; TRAINPRIOR=0.36363636363636; DECPRIOR=.; DECISION1=0; DECISION2=0; DECISION3=1;
11608  output;
11609  ;
11610  run;

NOTE: The data set WORK.CATEGORY has 3 observations and 8 variables.
NOTE: DATA statement used (Total process time):
      real time           0.00 seconds
      cpu time            0.00 seconds
      

11611  proc datasets lib=work nolist;
11612  modify Category(type=PROFIT label=Category);
11613  label DECISION1= 'INFORMATION-TECHNOLOGY';
11614  label DECISION2= 'HR';
11615  label DECISION3= 'DESIGNER';
11616  run;

NOTE: MODIFY was successful for WORK.CATEGORY.DATA.
11617  quit;

NOTE: PROCEDURE DATASETS used (Total process time):
      real time           0.00 seconds
      cpu time            0.00 seconds
      

11618  data EM_Neural10;
11619  set EMWS3.TextTopic2_TRAIN(keep=
11620  Category TextCluster_SVD1 TextCluster_SVD10 TextCluster_SVD2 TextCluster_SVD3
11621  TextCluster_SVD4 TextCluster_SVD5 TextCluster_SVD6 TextCluster_SVD7
11622  TextCluster_SVD8 TextCluster_SVD9 TextTopic2_raw1 TextTopic2_raw2
11623  TextTopic2_raw3 );
11624  run;

NOTE: There were 16 observations read from the data set EMWS3.TEXTTOPIC2_TRAIN.
NOTE: The data set WORK.EM_NEURAL10 has 16 observations and 14 variables.
NOTE: DATA statement used (Total process time):
      real time           0.00 seconds
      cpu time            0.00 seconds
      

11625  *------------------------------------------------------------* ;
11626  * Neural10: DMDBClass Macro ;
11627  *------------------------------------------------------------* ;
11628  %macro DMDBClass;
11629      Category(DESC)
11630  %mend DMDBClass;
11631  *------------------------------------------------------------* ;
11632  * Neural10: DMDBVar Macro ;
11633  *------------------------------------------------------------* ;
11634  %macro DMDBVar;
11635      TextCluster_SVD1 TextCluster_SVD10 TextCluster_SVD2 TextCluster_SVD3
11636     TextCluster_SVD4 TextCluster_SVD5 TextCluster_SVD6 TextCluster_SVD7
11637     TextCluster_SVD8 TextCluster_SVD9 TextTopic2_raw1 TextTopic2_raw2
11638     TextTopic2_raw3
11639  %mend DMDBVar;
11640  *------------------------------------------------------------*;
11641  * Neural10: Create DMDB;
11642  *------------------------------------------------------------*;
11643  proc dmdb batch data=WORK.EM_Neural10
11644  dmdbcat=WORK.Neural10_DMDB
11645  maxlevel = 513
11646  ;
11647  class %DMDBClass;
11648  var %DMDBVar;
11649  target
11650  Category
11651  ;
11652  run;

NOTE: Records processed = 16   Memory used = 511K.
NOTE: There were 16 observations read from the data set WORK.EM_NEURAL10.
NOTE: PROCEDURE DMDB used (Total process time):
      real time           0.02 seconds
      cpu time            0.00 seconds
      

11653  quit;
11654  *--- end code ---*;

11655  *------------------------------------------------------------* ;
11656  * Neural10: Interval Input Variables Macro ;
11657  *------------------------------------------------------------* ;
11658  %macro INTINPUTS;
11659      TextCluster_SVD1 TextCluster_SVD10 TextCluster_SVD2 TextCluster_SVD3
11660     TextCluster_SVD4 TextCluster_SVD5 TextCluster_SVD6 TextCluster_SVD7
11661     TextCluster_SVD8 TextCluster_SVD9 TextTopic2_raw1 TextTopic2_raw2
11662     TextTopic2_raw3
11663  %mend INTINPUTS;
11664  *------------------------------------------------------------* ;
11665  * Neural10: Binary Inputs Macro ;
11666  *------------------------------------------------------------* ;
11667  %macro BININPUTS;
11668  
11669  %mend BININPUTS;
11670  *------------------------------------------------------------* ;
11671  * Neural10: Nominal Inputs Macro ;
11672  *------------------------------------------------------------* ;
11673  %macro NOMINPUTS;
11674  
11675  %mend NOMINPUTS;
11676  *------------------------------------------------------------* ;
11677  * Neural10: Ordinal Inputs Macro ;
11678  *------------------------------------------------------------* ;
11679  %macro ORDINPUTS;
11680  
11681  %mend ORDINPUTS;
11682  *------------------------------------------------------------*;
11683  * Neural Network Training;
11684  ;
11685  *------------------------------------------------------------*;
11686  proc neural data=EM_Neural10 dmdbcat=WORK.Neural10_DMDB
11687  random=12345
11688  ;
11689  nloptions
11690  ;
11691  performance alldetails noutilfile;
11692  netopts
11693  decay=0;
11694  input %INTINPUTS / level=interval id=intvl
11695  ;
11696  target Category / level=NOMINAL id=Category
11697  bias
11698  ;
11699  arch MLP
11700  Hidden=3
11701  ;
11702  Prelim 5 preiter=10
11703  pretime=3600
11704  Outest=EMWS3.Neural10_PRELIM_OUTEST
11705  ;
NOTE:  Synchronizing the objectives and the Solution.
NOTE: Convergence criterion (ABSCONV=0.0022149899) satisfied.
NOTE: LEVMAR Optimization cannot be completed.
NOTE: LEVMAR needs more than 10 iterations or 2147483647 function calls.
NOTE: Convergence criterion (ABSCONV=0.0022149899) satisfied.
NOTE: At least one element of the gradient is greater than 1e-3.
NOTE: Convergence criterion (ABSCONV=0.0022149899) satisfied.
NOTE: Convergence criterion (ABSCONV=0.0022149899) satisfied.
NOTE: At least one element of the gradient is greater than 1e-3.
NOTE: The data set EMWS3.NEURAL10_PRELIM_OUTEST has 11 observations and 61 variables.
11706  save network=EMWS3.Neural10_NETWORK.dm_neural;
NOTE: Entry EMWS3.NEURAL10_NETWORK.DM_NEURAL has been opened.
NOTE: Entry EMWS3.NEURAL10_NETWORK.DM_NEURAL has been closed.
11707  train Maxiter=50
11708  maxtime=14400
11709  Outest=EMWS3.Neural10_outest estiter=1
11710  Outfit=EMWS3.Neural10_OUTFIT
11711  ;
NOTE: Convergence criterion (ABSCONV=0.0022149899) satisfied.
NOTE: The data set EMWS3.NEURAL10_OUTEST has 53 observations and 61 variables.
NOTE: The data set EMWS3.NEURAL10_OUTFIT has 4 observations and 23 variables.
11712  run;

NOTE: The data set WORK.EM_NEURAL10 has 16 observations and 14 variables.
NOTE: Closing the Neural Application.
NOTE: The PROCEDURE NEURAL printed pages 4-7.
NOTE: PROCEDURE NEURAL used (Total process time):
      real time           0.04 seconds
      cpu time            0.03 seconds
      

11713  quit;

11714  proc sort data=EMWS3.Neural10_OUTFIT(where=(_iter_ ne . and _NAME_="OVERALL")) out=fit_Neural10;
11715  by _AVERR_;
11716  run;

NOTE: There were 2 observations read from the data set EMWS3.NEURAL10_OUTFIT.
      WHERE (_iter_ not = .) and (_NAME_='OVERALL');
NOTE: The data set WORK.FIT_NEURAL10 has 2 observations and 23 variables.
NOTE: PROCEDURE SORT used (Total process time):
      real time           0.00 seconds
      cpu time            0.00 seconds
      

11717  %GLOBAL ITER;
11718  data _null_;
11719  set fit_Neural10(obs=1);
11720  call symput('ITER',put(_ITER_, 6.));
11721  run;

NOTE: There were 1 observations read from the data set WORK.FIT_NEURAL10.
NOTE: DATA statement used (Total process time):
      real time           0.00 seconds
      cpu time            0.00 seconds
      

11722  data EMWS3.Neural10_INITIAL;
11723  set EMWS3.Neural10_outest(where=(_ITER_ eq &ITER and _OBJ_ ne .));
11724  run;

NOTE: There were 2 observations read from the data set EMWS3.NEURAL10_OUTEST.
      WHERE (_ITER_=0) and (_OBJ_ not = .);
NOTE: The data set EMWS3.NEURAL10_INITIAL has 2 observations and 61 variables.
NOTE: DATA statement used (Total process time):
      real time           0.02 seconds
      cpu time            0.00 seconds
      

11725  *------------------------------------------------------------*;
11726  * Neural Network Model Selection;
11727  ;
11728  *------------------------------------------------------------*;
11729  proc neural data=EM_Neural10 dmdbcat=WORK.Neural10_DMDB
11730  network = EMWS3.Neural10_NETWORK.dm_neural
11731  random=12345
11732  ;
NOTE: Entry EMWS3.NEURAL10_NETWORK.DM_NEURAL has been opened.
NOTE: Entry EMWS3.NEURAL10_NETWORK.DM_NEURAL has been closed.
11733  nloptions noprint;
11734  performance alldetails noutilfile;
11735  initial inest=EMWS3.Neural10_INITIAL;
NOTE: The data set EMWS3.NEURAL10_INITIAL has 2 observations and 61 variables.
11736  train tech=NONE;
NOTE: No optimization performed.
11737  code file="C:\Users\lahar\OneDrive\Desktop\Data Mining\Resume\Workspaces\EMWS3\Neural10\SCORECODE.sas"
11738  group=Neural10
11739  ;
NOTE: External file C:\Users\lahar\OneDrive\Desktop\Data Mining\Resume\Workspaces\EMWS3\Neural10\SCORECODE.sas opened.
11740  ;
11741  code file="C:\Users\lahar\OneDrive\Desktop\Data Mining\Resume\Workspaces\EMWS3\Neural10\RESIDUALSCORECODE.sas"
11742  group=Neural10
11743  residual
11744  ;
NOTE: External file C:\Users\lahar\OneDrive\Desktop\Data Mining\Resume\Workspaces\EMWS3\Neural10\RESIDUALSCORECODE.sas opened.
11745  ;
11746  score data=EMWS3.TextTopic2_TRAIN out=_NULL_
11747  outfit=WORK.FIT1
11748  role=TRAIN
11749  outkey=EMWS3.Neural10_OUTKEY;
NOTE: The data set EMWS3.NEURAL10_OUTKEY has 32 observations and 8 variables.
NOTE: The data set EMWS3.TEXTTOPIC2_TRAIN has 16 observations and 24 variables.
NOTE: The data set WORK.FIT1 has 2 observations and 23 variables.
11750  run;

NOTE: The data set WORK.EM_NEURAL10 has 16 observations and 14 variables.
NOTE: Closing the Neural Application.
NOTE: PROCEDURE NEURAL used (Total process time):
      real time           0.03 seconds
      cpu time            0.01 seconds
      

11751  quit;
11752  data EMWS3.Neural10_OUTFIT;
11753  merge WORK.FIT1;
11754  run;

NOTE: There were 2 observations read from the data set WORK.FIT1.
NOTE: The data set EMWS3.NEURAL10_OUTFIT has 2 observations and 23 variables.
NOTE: DATA statement used (Total process time):
      real time           0.00 seconds
      cpu time            0.00 seconds
      

11755  data EMWS3.Neural10_EMESTIMATE;
11756  set EMWS3.Neural10_outest;
11757  if _type_ ^in('HESSIAN' 'GRAD');
11758  run;

NOTE: There were 53 observations read from the data set EMWS3.NEURAL10_OUTEST.
NOTE: The data set EMWS3.NEURAL10_EMESTIMATE has 2 observations and 61 variables.
NOTE: DATA statement used (Total process time):
      real time           0.00 seconds
      cpu time            0.00 seconds
      

11759  proc datasets lib=work nolist;
11760  delete EM_Neural10;
11761  run;

NOTE: Deleting WORK.EM_NEURAL10 (memtype=DATA).
11762  quit;

NOTE: PROCEDURE DATASETS used (Total process time):
      real time           0.00 seconds
      cpu time            0.01 seconds
      

11763  data EMWS3.Neural10_PLOTDS(where=(_iter_ ne . and _NAME_="OVERALL"));
11764  set fit_Neural10;
11765  attrib _ITER_ label="%sysfunc(sasmsg(sashelp.dmine, rpt_trainiterations_vlabel  , NOQUOTE))";
11766  attrib _NAME_ label="%sysfunc(sasmsg(sashelp.dmine, rpt_varsel_label_name  , NOQUOTE))";
11767  run;

NOTE: There were 2 observations read from the data set WORK.FIT_NEURAL10.
NOTE: The data set EMWS3.NEURAL10_PLOTDS has 2 observations and 23 variables.
NOTE: DATA statement used (Total process time):
      real time           0.00 seconds
      cpu time            0.00 seconds
      

11768  proc sort data=EMWS3.Neural10_PLOTDS;
11769  by _ITER_;
11770  run;

NOTE: There were 2 observations read from the data set EMWS3.NEURAL10_PLOTDS.
NOTE: The data set EMWS3.NEURAL10_PLOTDS has 2 observations and 23 variables.
NOTE: PROCEDURE SORT used (Total process time):
      real time           0.01 seconds
      cpu time            0.00 seconds
      

11771  data tempweight (drop= _tech_ _decay_ _seed_ _nobj_ _obj_ _objerr_ _averr_ _p_num_ where=(_type_ eq "PARMS" and _iter_ eq 0) );
11772  set EMWS3.Neural10_EMESTIMATE;
11773  run;

NOTE: There were 2 observations read from the data set EMWS3.NEURAL10_EMESTIMATE.
NOTE: The data set WORK.TEMPWEIGHT has 2 observations and 53 variables.
NOTE: DATA statement used (Total process time):
      real time           0.00 seconds
      cpu time            0.00 seconds
      

11774  proc sort;
11775  by _name_;
11776  run;

NOTE: There were 2 observations read from the data set WORK.TEMPWEIGHT.
NOTE: The data set WORK.TEMPWEIGHT has 2 observations and 53 variables.
NOTE: PROCEDURE SORT used (Total process time):
      real time           0.01 seconds
      cpu time            0.00 seconds
      

11777  proc transpose data=tempweight out=EMWS3.Neural10_WEIGHTDS;
11778  by _name_;
11779  run;

NOTE: There were 2 observations read from the data set WORK.TEMPWEIGHT.
NOTE: The data set EMWS3.NEURAL10_WEIGHTDS has 102 observations and 3 variables.
NOTE: PROCEDURE TRANSPOSE used (Total process time):
      real time           0.02 seconds
      cpu time            0.00 seconds
      

11780  data EMWS3.Neural10_WEIGHTDS;
11781  set EMWS3.Neural10_WEIGHTDS;
11782  FROM = trim(left(scan(_LABEL_, 1, '->')));
11783  TO = trim(left(scan(_LABEL_, 2, '>')));
11784  WEIGHT = COL1;
11785  if (TO eq '') or (FROM eq '') then delete;
11786  label _LABEL_ ="%sysfunc(sasmsg(sashelp.dmine, meta_label_vlabel  , NOQUOTE))" FROM = "%sysfunc(sasmsg(sashelp.dmine, rpt_from_vlabel  , NOQUOTE))" TO = "%sysfunc(sasmsg(sashelp.dmine, rpt_into_vlabel  , NOQUOTE))" WEIGHT =
11787     "%sysfunc(sasmsg(sashelp.dmine, rpt_weight_vlabel  , NOQUOTE))";
11788  keep FROM TO WEIGHT _LABEL_;
11789  run;

NOTE: There were 102 observations read from the data set EMWS3.NEURAL10_WEIGHTDS.
NOTE: The data set EMWS3.NEURAL10_WEIGHTDS has 100 observations and 4 variables.
NOTE: DATA statement used (Total process time):
      real time           0.01 seconds
      cpu time            0.00 seconds
      

11790  proc sort data=EMWS3.Neural10_WEIGHTDS nodupkey;
11791  by _LABEL_;
11792  run;

NOTE: There were 100 observations read from the data set EMWS3.NEURAL10_WEIGHTDS.
NOTE: 50 observations with duplicate key values were deleted.
NOTE: The data set EMWS3.NEURAL10_WEIGHTDS has 50 observations and 4 variables.
NOTE: PROCEDURE SORT used (Total process time):
      real time           0.00 seconds
      cpu time            0.00 seconds
      

