*------------------------------------------------------------*
* Training Log
Date:                November 26, 2023
Time:                18:19:07
*------------------------------------------------------------*
11433  proc freq data=EMWS3.Score2_VariableSet noprint;
11434  table ROLE*LEVEL/out=WORK.Score2META;
11435  run;

NOTE: There were 5 observations read from the data set EMWS3.SCORE2_VARIABLESET.
NOTE: The data set WORK.SCORE2META has 3 observations and 4 variables.
NOTE: PROCEDURE FREQ used (Total process time):
      real time           0.04 seconds
      cpu time            0.00 seconds
      

11436  proc print data=WORK.Score2META label noobs;
11437  var ROLE LEVEL COUNT;
11438  label ROLE = "%sysfunc(sasmsg(sashelp.dmine, meta_role_vlabel, NOQUOTE))" LEVEL = "%sysfunc(sasmsg(sashelp.dmine, meta_level_vlabel, NOQUOTE))" COUNT = "%sysfunc(sasmsg(sashelp.dmine, rpt_count_vlabel, NOQUOTE))";
11439  title9 ' ';
11440  title10 "%sysfunc(sasmsg(sashelp.dmine, rpt_varSummary_title  , NOQUOTE))";
11441  run;

NOTE: There were 3 observations read from the data set WORK.SCORE2META.
NOTE: The PROCEDURE PRINT printed page 1.
NOTE: PROCEDURE PRINT used (Total process time):
      real time           0.01 seconds
      cpu time            0.00 seconds
      

11442  title10;

11443  %let groupid =;
11444  %let endGroupid =;
11445  %let prescoreid =;
11446  %let idsTable =;
11447  %let hpdmTable =;
11448  %let lasthptm =;
11449  %let lastTm =;
11450  data _null_;
11451  set EMWS3.Neural10_EMINFO;
11452  where upcase(key) in('LASTHPTM', 'LASTTMNODE', 'IDSTABLE', 'HPDMSAMPLE', 'PRESCORECODE','ENDGROUP', 'GROUPINFO', 'BOOSTINFO', 'BAGINFO', 'TARGETINFO', 'INDEXINFO');
11453  select(upcase(key));
11454  when('LASTHPTM') call symput('lasthptm', DATA);
11455  when('LASTTMNODE') call symput('lastTm', DATA);
11456  when('IDSTABLE') call symput('idsTable', DATA);
11457  when('HPDMSAMPLE') call symput('hpdmSample', DATA);
11458  when('PRESCORECODE') call symput('prescoreId', DATA);
11459  when('ENDGROUP') call symput('endGroupId', DATA);
11460  otherwise call symput('groupId', DATA);
11461  end;
11462  run;

NOTE: There were 2 observations read from the data set EMWS3.NEURAL10_EMINFO.
      WHERE UPCASE(key) in ('BAGINFO', 'BOOSTINFO', 'ENDGROUP', 'GROUPINFO', 'HPDMSAMPLE', 'IDSTABLE', 'INDEXINFO', 'LASTHPTM', 'LASTTMNODE', 'PRESCORECODE', 'TARGETINFO');
NOTE: DATA statement used (Total process time):
      real time           0.00 seconds
      cpu time            0.00 seconds
      

11463  %let lastModelid =;
11464  data _null_;
11465  set EMWS3.Neural10_EMINFO;
11466  where upcase(key) = 'MODEL' and TARGET = "Category";
11467  call symput('lastModelID', DATA);
11468  run;

NOTE: There were 1 observations read from the data set EMWS3.NEURAL10_EMINFO.
      WHERE (UPCASE(key)='MODEL') and (TARGET='Category');
NOTE: DATA statement used (Total process time):
      real time           0.00 seconds
      cpu time            0.00 seconds
      

Executing  SASHELP.EMCORE.EMINFOITERATOR.SCL _INIT >> 
Executing  SASHELP.EMCORE.EMINFOITERATOR.SCL setMetaData >> 
NOTE: There were 1 observations read from the data set EMWS3.NEURAL10_EMINFO.
      WHERE (TARGET='Category') and (KEY='MODEL');
NOTE: The data set WORK.EMINFO42DTPE2_ has 1 observations and 3 variables.
Executing  SASHELP.EMCORE.EMINFOITERATOR.SCL NUMELEMENTS >> 
Executing  SASHELP.EMCORE.EMINFOITERATOR.SCL _term >> 
Executing  SASHELP.EMCORE.EMINFOITERATOR.SCL _INIT >> 
Executing  SASHELP.EMCORE.EMINFOITERATOR.SCL setMetaData >> 
NOTE: There were 1 observations read from the data set EMWS3.NEURAL10_EMINFO.
      WHERE (TARGET='Category') and (KEY='DECMETA');
NOTE: The data set WORK.EMINFO43ETFC87 has 1 observations and 3 variables.
Executing  SASHELP.EMCORE.EMINFOITERATOR.SCL next >> 
Executing  SASHELP.EMCORE.EMINFOITERATOR.SCL next >> 
Executing  SASHELP.EMCORE.EMINFOITERATOR.SCL _term >> 
NOTE: This SAS session is using a registry in WORK.  All changes will be lost at the end of this session.
