*------------------------------------------------------------*
* Training Log
Date:                November 23, 2023
Time:                22:13:25
*------------------------------------------------------------*
11433  proc freq data=EMWS3.Neural6_VariableSet noprint;
11434  table ROLE*LEVEL/out=WORK.Neural6META;
11435  run;

NOTE: There were 49 observations read from the data set EMWS3.NEURAL6_VARIABLESET.
NOTE: The data set WORK.NEURAL6META has 3 observations and 4 variables.
NOTE: PROCEDURE FREQ used (Total process time):
      real time           0.06 seconds
      cpu time            0.00 seconds
      

11436  proc print data=WORK.Neural6META label noobs;
11437  var ROLE LEVEL COUNT;
11438  label ROLE = "%sysfunc(sasmsg(sashelp.dmine, meta_role_vlabel, NOQUOTE))" LEVEL = "%sysfunc(sasmsg(sashelp.dmine, meta_level_vlabel, NOQUOTE))" COUNT = "%sysfunc(sasmsg(sashelp.dmine, rpt_count_vlabel, NOQUOTE))";
11439  title9 ' ';
11440  title10 "%sysfunc(sasmsg(sashelp.dmine, rpt_varSummary_title  , NOQUOTE))";
11441  run;

NOTE: There were 3 observations read from the data set WORK.NEURAL6META.
NOTE: The PROCEDURE PRINT printed page 1.
NOTE: PROCEDURE PRINT used (Total process time):
      real time           0.01 seconds
      cpu time            0.01 seconds
      

11442  title10;

11443  %let EMNORLEN = %DMNORLEN;
EMWS3.TextCluster6_TRAIN EMWS3.TextCluster6_TRAIN 
EMWS3.TextCluster6_TRAIN EMWS3.TextCluster6_TRAIN EMWS3 TextCluster6_TRAIN 
EMWS3.TextCluster6_TRAIN EMWS3.TextCluster6_TRAIN 
EMWS3.TextCluster6_TRAIN EMWS3.TextCluster6_TRAIN EMWS3 TextCluster6_TRAIN 
Executing  SASHELP.EMCORE.EMINFOITERATOR.SCL _INIT >> 
Executing  SASHELP.EMCORE.EMINFOITERATOR.SCL setMetaData >> 
Executing  SASHELP.EMCORE.EMINFOITERATOR.SCL next >> 
Executing  SASHELP.EMCORE.EMINFOITERATOR.SCL setMetaData >> 
Executing  SASHELP.EMCORE.EMINFOITERATOR.SCL next >> 
Executing  SASHELP.EMCORE.EMINFOITERATOR.SCL _term >> 
11490  data WORK.Neural6_EVENT(KEEP=VARIABLE LABEL LEVEL EVENT NUMLEVELS ORDER);
11491  length ORDER $20;
11492  label VARIABLE = "%sysfunc(sasmsg(sashelp.dmine, rpt_target_vlabel,  NOQUOTE))" EVENT = "%sysfunc(sasmsg(sashelp.dmine, assmt_event_vlabel, NOQUOTE))" NUMLEVELS = "%sysfunc(sasmsg(sashelp.dmine, rpt_numcat_vlabel, NOQUOTE))" LEVEL =
11493     "%sysfunc(sasmsg(sashelp.dmine, meta_level_vlabel, NOQUOTE))" ORDER = "%sysfunc(sasmsg(sashelp.dmine, meta_order_vlabel, NOQUOTE))" LABEL = "%sysfunc(sasmsg(sashelp.dmine, meta_label_vlabel, NOQUOTE))";
11494  set EMWS3.NEURAL6_CATEGORY_DM( where=(_TYPE_="TARGET"));
11495  NumLevels=12;
11496  select(upcase(ORDER));
11497  when('DESC') ORDER = 'Descending';
11498  when('ASC') ORDER = 'Ascending';
11499  when('FMTDESC') ORDER = 'Formatted Descending';
11500  when('FMTASC') ORDER = 'Formatted Ascending';
11501  otherwise ORDER = 'Descending';
11502  end;
11503  output;
11504  run;

NOTE: There were 1 observations read from the data set EMWS3.NEURAL6_CATEGORY_DM.
      WHERE _TYPE_='TARGET';
NOTE: The data set WORK.NEURAL6_EVENT has 1 observations and 6 variables.
NOTE: DATA statement used (Total process time):
      real time           0.01 seconds
      cpu time            0.00 seconds
      

11505  title9 ' ';
11506  proc print data=WORK.Neural6_EVENT noobs label;
11507  var VARIABLE EVENT LEVEL NUMLEVELS ORDER LABEL;
11508  title9 ' ';
11509  title10 "%sysfunc(sasmsg(sashelp.dmine, rpt_modelEvent_title  , NOQUOTE))";
11510  run;

NOTE: There were 1 observations read from the data set WORK.NEURAL6_EVENT.
NOTE: The PROCEDURE PRINT printed page 2.
NOTE: PROCEDURE PRINT used (Total process time):
      real time           0.00 seconds
      cpu time            0.00 seconds
      

11511  title10;

"No decisions defined for target "Category"." 
11512  proc print data = EMWS3.Neural6_Category_DM noobs label;
11513  var _type_ variable label;
11514  where _type_ ^in('MATRIX', 'DECISION', 'TRAINPRIOR', 'DATAPRIOR', 'DECPRIOR');
11515  label _TYPE_ = "%sysfunc(sasmsg(sashelp.dmine, rpt_type_vlabel,     NOQUOTE))" VARIABLE = "%sysfunc(sasmsg(sashelp.dmine, rpt_variable_vlabel, NOQUOTE))" LABEL = "%sysfunc(sasmsg(sashelp.dmine, meta_label_vlabel, NOQUOTE))";
11516  title9 ' ';
11517  title10 "%sysfunc(sasmsg(sashelp.dmine, rpt_predDecVars_title  , NOQUOTE))";
11518  run;

NOTE: There were 27 observations read from the data set EMWS3.NEURAL6_CATEGORY_DM.
      WHERE _type_ not in ('DATAPRIOR', 'DECISION', 'DECPRIOR', 'MATRIX', 'TRAINPRIOR');
NOTE: The PROCEDURE PRINT printed page 3.
NOTE: PROCEDURE PRINT used (Total process time):
      real time           0.00 seconds
      cpu time            0.00 seconds
      

11519  title10;

11529  data WORK.M3JTL1YA;
11530  set WORK.M3JTL1YA end=eof;
11531  output;
11532  if eof then do;
11533  NAME="";
11534  ROLE="COST";
11535  LEVEL="INTERVAL";
11536  TYPE="N";
11537  output;
11538  end;
11539  run;

NOTE: There were 45 observations read from the data set WORK.M3JTL1YA.
NOTE: The data set WORK.M3JTL1YA has 46 observations and 21 variables.
NOTE: DATA statement used (Total process time):
      real time           0.00 seconds
      cpu time            0.00 seconds
      

NOTE: There were 12 observations read from the data set EMWS3.NEURAL6_CATEGORY_DD.
NOTE: The data set WORK.CATEGORY has 12 observations and 17 variables.
NOTE: There were 12 observations read from the data set EMWS3.NEURAL6_CATEGORY_DD.
NOTE: The data set WORK.CATEGORY has 12 observations and 17 variables.
11540  *------------------------------------------------------------*;
11541  * Neural6: Create decision matrix;
11542  *------------------------------------------------------------*;
11543  data WORK.Category;
11544    length   Category                         $  32
11545             COUNT                                8
11546             DATAPRIOR                            8
11547             TRAINPRIOR                           8
11548             DECPRIOR                             8
11549             DECISION1                            8
11550             DECISION2                            8
11551             DECISION3                            8
11552             DECISION4                            8
11553             DECISION5                            8
11554             DECISION6                            8
11555             DECISION7                            8
11556             DECISION8                            8
11557             DECISION9                            8
11558             DECISION10                           8
11559             DECISION11                           8
11560             DECISION12                           8
11561             ;
11562  
11563    label    COUNT="Level Counts"
11564             DATAPRIOR="Data Proportions"
11565             TRAINPRIOR="Training Proportions"
11566             DECPRIOR="Decision Priors"
11567             DECISION1="TEACHER"
11568             DECISION2="SALES"
11569             DECISION3="OTHER"
11570             DECISION4="INFORMATION-TECHNOLOGY"
11571             DECISION5="HR"
11572             DECISION6="HEALTHCARE"
11573             DECISION7="FITNESS"
11574             DECISION8="DIGITAL-MEDIA"
11575             DECISION9="DESIGNER"
11576             DECISION10="CONSULTANT"
11577             DECISION11="BUSINESS-DEVELOPMENT"
11578             DECISION12="ADVOCATE"
11579             ;
11580    format   COUNT 10.
11581             ;
11582  Category="TEACHER"; COUNT=50; DATAPRIOR=0.0741839763; TRAINPRIOR=0.07418397626112; DECPRIOR=.; DECISION1=1; DECISION2=0; DECISION3=0; DECISION4=0; DECISION5=0; DECISION6=0; DECISION7=0; DECISION8=0; DECISION9=0; DECISION10=0; DECISION11=0;
11582! DECISION12=0;
11583  output;
11584  Category="SALES"; COUNT=58; DATAPRIOR=0.0860534125; TRAINPRIOR=0.0860534124629; DECPRIOR=.; DECISION1=0; DECISION2=1; DECISION3=0; DECISION4=0; DECISION5=0; DECISION6=0; DECISION7=0; DECISION8=0; DECISION9=0; DECISION10=0; DECISION11=0; DECISION12=0
11584! ;
11585  output;
11586  Category="OTHER"; COUNT=63; DATAPRIOR=0.0934718101; TRAINPRIOR=0.09347181008902; DECPRIOR=.; DECISION1=0; DECISION2=0; DECISION3=1; DECISION4=0; DECISION5=0; DECISION6=0; DECISION7=0; DECISION8=0; DECISION9=0; DECISION10=0; DECISION11=0;
11586! DECISION12=0;
11587  output;
11588  Category="INFORMATION-TECHNOLOGY"; COUNT=59; DATAPRIOR=0.087537092; TRAINPRIOR=0.08753709198813; DECPRIOR=.; DECISION1=0; DECISION2=0; DECISION3=0; DECISION4=1; DECISION5=0; DECISION6=0; DECISION7=0; DECISION8=0; DECISION9=0; DECISION10=0;
11588! DECISION11=0; DECISION12=0;
11589  output;
11590  Category="HR"; COUNT=55; DATAPRIOR=0.0816023739; TRAINPRIOR=0.08160237388724; DECPRIOR=.; DECISION1=0; DECISION2=0; DECISION3=0; DECISION4=0; DECISION5=1; DECISION6=0; DECISION7=0; DECISION8=0; DECISION9=0; DECISION10=0; DECISION11=0; DECISION12=0;
11591  output;
11592  Category="HEALTHCARE"; COUNT=57; DATAPRIOR=0.0845697329; TRAINPRIOR=0.08456973293768; DECPRIOR=.; DECISION1=0; DECISION2=0; DECISION3=0; DECISION4=0; DECISION5=0; DECISION6=1; DECISION7=0; DECISION8=0; DECISION9=0; DECISION10=0; DECISION11=0;
11592! DECISION12=0;
11593  output;
11594  Category="FITNESS"; COUNT=58; DATAPRIOR=0.0860534125; TRAINPRIOR=0.0860534124629; DECPRIOR=.; DECISION1=0; DECISION2=0; DECISION3=0; DECISION4=0; DECISION5=0; DECISION6=0; DECISION7=1; DECISION8=0; DECISION9=0; DECISION10=0; DECISION11=0;
11594! DECISION12=0;
11595  output;
11596  Category="DIGITAL-MEDIA"; COUNT=47; DATAPRIOR=0.0697329377; TRAINPRIOR=0.06973293768545; DECPRIOR=.; DECISION1=0; DECISION2=0; DECISION3=0; DECISION4=0; DECISION5=0; DECISION6=0; DECISION7=0; DECISION8=1; DECISION9=0; DECISION10=0; DECISION11=0;
11596! DECISION12=0;
11597  output;
11598  Category="DESIGNER"; COUNT=53; DATAPRIOR=0.0786350148; TRAINPRIOR=0.07863501483679; DECPRIOR=.; DECISION1=0; DECISION2=0; DECISION3=0; DECISION4=0; DECISION5=0; DECISION6=0; DECISION7=0; DECISION8=0; DECISION9=1; DECISION10=0; DECISION11=0;
11598! DECISION12=0;
11599  output;
11600  Category="CONSULTANT"; COUNT=57; DATAPRIOR=0.0845697329; TRAINPRIOR=0.08456973293768; DECPRIOR=.; DECISION1=0; DECISION2=0; DECISION3=0; DECISION4=0; DECISION5=0; DECISION6=0; DECISION7=0; DECISION8=0; DECISION9=0; DECISION10=1; DECISION11=0;
11600! DECISION12=0;
11601  output;
11602  Category="BUSINESS-DEVELOPMENT"; COUNT=60; DATAPRIOR=0.0890207715; TRAINPRIOR=0.08902077151335; DECPRIOR=.; DECISION1=0; DECISION2=0; DECISION3=0; DECISION4=0; DECISION5=0; DECISION6=0; DECISION7=0; DECISION8=0; DECISION9=0; DECISION10=0;
11602! DECISION11=1; DECISION12=0;
11603  output;
11604  Category="ADVOCATE"; COUNT=57; DATAPRIOR=0.0845697329; TRAINPRIOR=0.08456973293768; DECPRIOR=.; DECISION1=0; DECISION2=0; DECISION3=0; DECISION4=0; DECISION5=0; DECISION6=0; DECISION7=0; DECISION8=0; DECISION9=0; DECISION10=0; DECISION11=0;
11604! DECISION12=1;
11605  output;
11606  ;
11607  run;

NOTE: The data set WORK.CATEGORY has 12 observations and 17 variables.
NOTE: DATA statement used (Total process time):
      real time           0.00 seconds
      cpu time            0.00 seconds
      

11608  proc datasets lib=work nolist;
11609  modify Category(type=PROFIT label=Category);
11610  label DECISION1= 'TEACHER';
11611  label DECISION2= 'SALES';
11612  label DECISION3= 'OTHER';
11613  label DECISION4= 'INFORMATION-TECHNOLOGY';
11614  label DECISION5= 'HR';
11615  label DECISION6= 'HEALTHCARE';
11616  label DECISION7= 'FITNESS';
11617  label DECISION8= 'DIGITAL-MEDIA';
11618  label DECISION9= 'DESIGNER';
11619  label DECISION10= 'CONSULTANT';
11620  label DECISION11= 'BUSINESS-DEVELOPMENT';
11621  label DECISION12= 'ADVOCATE';
11622  run;

NOTE: MODIFY was successful for WORK.CATEGORY.DATA.
11623  quit;

NOTE: PROCEDURE DATASETS used (Total process time):
      real time           0.00 seconds
      cpu time            0.00 seconds
      

11624  data EM_Neural6;
11625  set EMWS3.TextCluster6_TRAIN(keep=
11626  Category TextCluster6_SVD1 TextCluster6_SVD10 TextCluster6_SVD11
11627  TextCluster6_SVD12 TextCluster6_SVD13 TextCluster6_SVD14 TextCluster6_SVD15
11628  TextCluster6_SVD16 TextCluster6_SVD17 TextCluster6_SVD18 TextCluster6_SVD19
11629  TextCluster6_SVD2 TextCluster6_SVD20 TextCluster6_SVD21 TextCluster6_SVD22
11630  TextCluster6_SVD23 TextCluster6_SVD24 TextCluster6_SVD25 TextCluster6_SVD26
11631  TextCluster6_SVD27 TextCluster6_SVD28 TextCluster6_SVD29 TextCluster6_SVD3
11632  TextCluster6_SVD30 TextCluster6_SVD31 TextCluster6_SVD32 TextCluster6_SVD33
11633  TextCluster6_SVD34 TextCluster6_SVD35 TextCluster6_SVD36 TextCluster6_SVD37
11634  TextCluster6_SVD38 TextCluster6_SVD39 TextCluster6_SVD4 TextCluster6_SVD40
11635  TextCluster6_SVD41 TextCluster6_SVD42 TextCluster6_SVD43 TextCluster6_SVD44
11636  TextCluster6_SVD5 TextCluster6_SVD6 TextCluster6_SVD7 TextCluster6_SVD8
11637  TextCluster6_SVD9 );
11638  run;

NOTE: There were 674 observations read from the data set EMWS3.TEXTCLUSTER6_TRAIN.
NOTE: The data set WORK.EM_NEURAL6 has 674 observations and 45 variables.
NOTE: DATA statement used (Total process time):
      real time           0.01 seconds
      cpu time            0.01 seconds
      

11639  *------------------------------------------------------------* ;
11640  * Neural6: DMDBClass Macro ;
11641  *------------------------------------------------------------* ;
11642  %macro DMDBClass;
11643      Category(DESC)
11644  %mend DMDBClass;
11645  *------------------------------------------------------------* ;
11646  * Neural6: DMDBVar Macro ;
11647  *------------------------------------------------------------* ;
11648  %macro DMDBVar;
11649      TextCluster6_SVD1 TextCluster6_SVD10 TextCluster6_SVD11 TextCluster6_SVD12
11650     TextCluster6_SVD13 TextCluster6_SVD14 TextCluster6_SVD15 TextCluster6_SVD16
11651     TextCluster6_SVD17 TextCluster6_SVD18 TextCluster6_SVD19 TextCluster6_SVD2
11652     TextCluster6_SVD20 TextCluster6_SVD21 TextCluster6_SVD22 TextCluster6_SVD23
11653     TextCluster6_SVD24 TextCluster6_SVD25 TextCluster6_SVD26 TextCluster6_SVD27
11654     TextCluster6_SVD28 TextCluster6_SVD29 TextCluster6_SVD3 TextCluster6_SVD30
11655     TextCluster6_SVD31 TextCluster6_SVD32 TextCluster6_SVD33 TextCluster6_SVD34
11656     TextCluster6_SVD35 TextCluster6_SVD36 TextCluster6_SVD37 TextCluster6_SVD38
11657     TextCluster6_SVD39 TextCluster6_SVD4 TextCluster6_SVD40 TextCluster6_SVD41
11658     TextCluster6_SVD42 TextCluster6_SVD43 TextCluster6_SVD44 TextCluster6_SVD5
11659     TextCluster6_SVD6 TextCluster6_SVD7 TextCluster6_SVD8 TextCluster6_SVD9
11660  %mend DMDBVar;
11661  *------------------------------------------------------------*;
11662  * Neural6: Create DMDB;
11663  *------------------------------------------------------------*;
11664  proc dmdb batch data=WORK.EM_Neural6
11665  dmdbcat=WORK.Neural6_DMDB
11666  maxlevel = 513
11667  ;
11668  class %DMDBClass;
11669  var %DMDBVar;
11670  target
11671  Category
11672  ;
11673  run;

NOTE: Records processed = 674   Memory used = 511K.
NOTE: There were 674 observations read from the data set WORK.EM_NEURAL6.
NOTE: PROCEDURE DMDB used (Total process time):
      real time           0.02 seconds
      cpu time            0.00 seconds
      

11674  quit;
11675  *--- end code ---*;

11676  *------------------------------------------------------------* ;
11677  * Neural6: Interval Input Variables Macro ;
11678  *------------------------------------------------------------* ;
11679  %macro INTINPUTS;
11680      TextCluster6_SVD1 TextCluster6_SVD10 TextCluster6_SVD11 TextCluster6_SVD12
11681     TextCluster6_SVD13 TextCluster6_SVD14 TextCluster6_SVD15 TextCluster6_SVD16
11682     TextCluster6_SVD17 TextCluster6_SVD18 TextCluster6_SVD19 TextCluster6_SVD2
11683     TextCluster6_SVD20 TextCluster6_SVD21 TextCluster6_SVD22 TextCluster6_SVD23
11684     TextCluster6_SVD24 TextCluster6_SVD25 TextCluster6_SVD26 TextCluster6_SVD27
11685     TextCluster6_SVD28 TextCluster6_SVD29 TextCluster6_SVD3 TextCluster6_SVD30
11686     TextCluster6_SVD31 TextCluster6_SVD32 TextCluster6_SVD33 TextCluster6_SVD34
11687     TextCluster6_SVD35 TextCluster6_SVD36 TextCluster6_SVD37 TextCluster6_SVD38
11688     TextCluster6_SVD39 TextCluster6_SVD4 TextCluster6_SVD40 TextCluster6_SVD41
11689     TextCluster6_SVD42 TextCluster6_SVD43 TextCluster6_SVD44 TextCluster6_SVD5
11690     TextCluster6_SVD6 TextCluster6_SVD7 TextCluster6_SVD8 TextCluster6_SVD9
11691  %mend INTINPUTS;
11692  *------------------------------------------------------------* ;
11693  * Neural6: Binary Inputs Macro ;
11694  *------------------------------------------------------------* ;
11695  %macro BININPUTS;
11696  
11697  %mend BININPUTS;
11698  *------------------------------------------------------------* ;
11699  * Neural6: Nominal Inputs Macro ;
11700  *------------------------------------------------------------* ;
11701  %macro NOMINPUTS;
11702  
11703  %mend NOMINPUTS;
11704  *------------------------------------------------------------* ;
11705  * Neural6: Ordinal Inputs Macro ;
11706  *------------------------------------------------------------* ;
11707  %macro ORDINPUTS;
11708  
11709  %mend ORDINPUTS;
11710  *------------------------------------------------------------*;
11711  * Neural Network Training;
11712  ;
11713  *------------------------------------------------------------*;
11714  proc neural data=EM_Neural6 dmdbcat=WORK.Neural6_DMDB
11715  validdata = EMWS3.TextCluster6_VALIDATE
11716  random=12345
11717  ;
11718  nloptions
11719  ;
11720  performance alldetails noutilfile;
11721  netopts
11722  decay=0;
11723  input %INTINPUTS / level=interval id=intvl
11724  ;
11725  target Category / level=NOMINAL id=Category
11726  bias
11727  ;
11728  arch MLP
11729  Hidden=3
11730  ;
11731  Prelim 5 preiter=10
11732  pretime=3600
11733  Outest=EMWS3.Neural6_PRELIM_OUTEST
11734  ;
NOTE:  Synchronizing the objectives and the Solution.
NOTE: QUANEW Optimization cannot be completed.
NOTE: QUANEW needs more than 10 iterations or 2147483647 function calls.
NOTE: QUANEW Optimization cannot be completed.
NOTE: QUANEW needs more than 10 iterations or 2147483647 function calls.
NOTE: QUANEW Optimization cannot be completed.
NOTE: QUANEW needs more than 10 iterations or 2147483647 function calls.
NOTE: QUANEW Optimization cannot be completed.
NOTE: QUANEW needs more than 10 iterations or 2147483647 function calls.
NOTE: QUANEW Optimization cannot be completed.
NOTE: QUANEW needs more than 10 iterations or 2147483647 function calls.
NOTE: The data set EMWS3.NEURAL6_PRELIM_OUTEST has 11 observations and 194 variables.
11735  save network=EMWS3.Neural6_NETWORK.dm_neural;
NOTE: Entry EMWS3.NEURAL6_NETWORK.DM_NEURAL has been opened.
NOTE: Entry EMWS3.NEURAL6_NETWORK.DM_NEURAL has been closed.
11736  train Maxiter=50
11737  maxtime=14400
11738  Outest=EMWS3.Neural6_outest estiter=1
11739  Outfit=EMWS3.Neural6_OUTFIT
11740  ;
WARNING: QUANEW Optimization cannot be completed.
NOTE: QUANEW needs more than 50 iterations or 2147483647 function calls.
NOTE: The data set EMWS3.NEURAL6_OUTEST has 53 observations and 194 variables.
NOTE: The data set EMWS3.NEURAL6_OUTFIT has 104 observations and 36 variables.
11741  run;

NOTE: The data set WORK.EM_NEURAL6 has 674 observations and 45 variables.
NOTE: The data set EMWS3.TEXTCLUSTER6_VALIDATE has 405 observations and 54 variables.
NOTE: Closing the Neural Application.
NOTE: The PROCEDURE NEURAL printed pages 4-7.
NOTE: PROCEDURE NEURAL used (Total process time):
      real time           0.62 seconds
      cpu time            0.40 seconds
      

11742  quit;

11743  proc sort data=EMWS3.Neural6_OUTFIT(where=(_iter_ ne . and _NAME_="OVERALL")) out=fit_Neural6;
11744  by _VAVERR_;
11745  run;

NOTE: There were 52 observations read from the data set EMWS3.NEURAL6_OUTFIT.
      WHERE (_iter_ not = .) and (_NAME_='OVERALL');
NOTE: The data set WORK.FIT_NEURAL6 has 52 observations and 36 variables.
NOTE: PROCEDURE SORT used (Total process time):
      real time           0.00 seconds
      cpu time            0.00 seconds
      

11746  %GLOBAL ITER;
11747  data _null_;
11748  set fit_Neural6(obs=1);
11749  call symput('ITER',put(_ITER_, 6.));
11750  run;

NOTE: There were 1 observations read from the data set WORK.FIT_NEURAL6.
NOTE: DATA statement used (Total process time):
      real time           0.00 seconds
      cpu time            0.00 seconds
      

11751  data EMWS3.Neural6_INITIAL;
11752  set EMWS3.Neural6_outest(where=(_ITER_ eq &ITER and _OBJ_ ne .));
11753  run;

NOTE: There were 1 observations read from the data set EMWS3.NEURAL6_OUTEST.
      WHERE (_ITER_=11) and (_OBJ_ not = .);
NOTE: The data set EMWS3.NEURAL6_INITIAL has 1 observations and 194 variables.
NOTE: DATA statement used (Total process time):
      real time           0.01 seconds
      cpu time            0.00 seconds
      

11754  *------------------------------------------------------------*;
11755  * Neural Network Model Selection;
11756  ;
11757  *------------------------------------------------------------*;
11758  proc neural data=EM_Neural6 dmdbcat=WORK.Neural6_DMDB
11759  validdata = EMWS3.TextCluster6_VALIDATE
11760  network = EMWS3.Neural6_NETWORK.dm_neural
11761  random=12345
11762  ;
NOTE: Entry EMWS3.NEURAL6_NETWORK.DM_NEURAL has been opened.
NOTE: Entry EMWS3.NEURAL6_NETWORK.DM_NEURAL has been closed.
11763  nloptions noprint;
11764  performance alldetails noutilfile;
11765  initial inest=EMWS3.Neural6_INITIAL;
NOTE: The data set EMWS3.NEURAL6_INITIAL has 1 observations and 194 variables.
11766  train tech=NONE;
NOTE: No optimization performed.
11767  code file="C:\Users\lahar\OneDrive\Desktop\Data Mining\Resume\Workspaces\EMWS3\Neural6\SCORECODE.sas"
11768  group=Neural6
11769  ;
NOTE: External file C:\Users\lahar\OneDrive\Desktop\Data Mining\Resume\Workspaces\EMWS3\Neural6\SCORECODE.sas opened.
11770  ;
11771  code file="C:\Users\lahar\OneDrive\Desktop\Data Mining\Resume\Workspaces\EMWS3\Neural6\RESIDUALSCORECODE.sas"
11772  group=Neural6
11773  residual
11774  ;
NOTE: External file C:\Users\lahar\OneDrive\Desktop\Data Mining\Resume\Workspaces\EMWS3\Neural6\RESIDUALSCORECODE.sas opened.
11775  ;
11776  score data=EMWS3.TextCluster6_TRAIN out=_NULL_
11777  outfit=WORK.FIT1
11778  role=TRAIN
11779  outkey=EMWS3.Neural6_OUTKEY;
NOTE: The data set EMWS3.NEURAL6_OUTKEY has 99 observations and 8 variables.
NOTE: The data set EMWS3.TEXTCLUSTER6_TRAIN has 674 observations and 54 variables.
NOTE: The data set WORK.FIT1 has 2 observations and 23 variables.
11780  score data=EMWS3.TextCluster6_VALIDATE out=_NULL_
11781  outfit=WORK.FIT2
11782  role=VALID
11783  outkey=EMWS3.Neural6_OUTKEY;
NOTE: The data set EMWS3.NEURAL6_OUTKEY has 99 observations and 8 variables.
NOTE: The data set EMWS3.TEXTCLUSTER6_VALIDATE has 405 observations and 54 variables.
NOTE: The data set WORK.FIT2 has 2 observations and 15 variables.
11784  score data=EMWS3.TextCluster6_TEST out=_NULL_
11785  outfit=WORK.FIT3
11786  role=TEST
11787  outkey=EMWS3.Neural6_OUTKEY;
NOTE: The data set EMWS3.NEURAL6_OUTKEY has 99 observations and 8 variables.
NOTE: The data set EMWS3.TEXTCLUSTER6_TEST has 274 observations and 54 variables.
NOTE: The data set WORK.FIT3 has 2 observations and 17 variables.
11788  run;

NOTE: The data set WORK.EM_NEURAL6 has 674 observations and 45 variables.
NOTE: The data set EMWS3.TEXTCLUSTER6_VALIDATE has 405 observations and 54 variables.
NOTE: Closing the Neural Application.
NOTE: PROCEDURE NEURAL used (Total process time):
      real time           0.09 seconds
      cpu time            0.04 seconds
      

11789  quit;
11790  data EMWS3.Neural6_OUTFIT;
11791  merge WORK.FIT1 WORK.FIT2 WORK.FIT3;
11792  run;

NOTE: There were 2 observations read from the data set WORK.FIT1.
NOTE: There were 2 observations read from the data set WORK.FIT2.
NOTE: There were 2 observations read from the data set WORK.FIT3.
NOTE: The data set EMWS3.NEURAL6_OUTFIT has 2 observations and 51 variables.
NOTE: DATA statement used (Total process time):
      real time           0.01 seconds
      cpu time            0.00 seconds
      

11793  data EMWS3.Neural6_EMESTIMATE;
11794  set EMWS3.Neural6_outest;
11795  if _type_ ^in('HESSIAN' 'GRAD');
11796  run;

NOTE: There were 53 observations read from the data set EMWS3.NEURAL6_OUTEST.
NOTE: The data set EMWS3.NEURAL6_EMESTIMATE has 52 observations and 194 variables.
NOTE: DATA statement used (Total process time):
      real time           0.00 seconds
      cpu time            0.01 seconds
      

11797  proc datasets lib=work nolist;
11798  delete EM_Neural6;
11799  run;

NOTE: Deleting WORK.EM_NEURAL6 (memtype=DATA).
11800  quit;

NOTE: PROCEDURE DATASETS used (Total process time):
      real time           0.00 seconds
      cpu time            0.00 seconds
      

11801  data EMWS3.Neural6_PLOTDS(where=(_iter_ ne . and _NAME_="OVERALL"));
11802  set fit_Neural6;
11803  attrib _ITER_ label="%sysfunc(sasmsg(sashelp.dmine, rpt_trainiterations_vlabel  , NOQUOTE))";
11804  attrib _NAME_ label="%sysfunc(sasmsg(sashelp.dmine, rpt_varsel_label_name  , NOQUOTE))";
11805  run;

NOTE: There were 52 observations read from the data set WORK.FIT_NEURAL6.
NOTE: The data set EMWS3.NEURAL6_PLOTDS has 52 observations and 36 variables.
NOTE: DATA statement used (Total process time):
      real time           0.00 seconds
      cpu time            0.01 seconds
      

11806  proc sort data=EMWS3.Neural6_PLOTDS;
11807  by _ITER_;
11808  run;

NOTE: There were 52 observations read from the data set EMWS3.NEURAL6_PLOTDS.
NOTE: The data set EMWS3.NEURAL6_PLOTDS has 52 observations and 36 variables.
NOTE: PROCEDURE SORT used (Total process time):
      real time           0.01 seconds
      cpu time            0.00 seconds
      

11809  data tempweight (drop= _tech_ _decay_ _seed_ _nobj_ _obj_ _objerr_ _averr_ _p_num_ where=(_type_ eq "PARMS" and _iter_ eq 11) );
11810  set EMWS3.Neural6_EMESTIMATE;
11811  run;

NOTE: There were 52 observations read from the data set EMWS3.NEURAL6_EMESTIMATE.
NOTE: The data set WORK.TEMPWEIGHT has 1 observations and 186 variables.
NOTE: DATA statement used (Total process time):
      real time           0.00 seconds
      cpu time            0.00 seconds
      

11812  proc sort;
11813  by _name_;
11814  run;

NOTE: There were 1 observations read from the data set WORK.TEMPWEIGHT.
NOTE: The data set WORK.TEMPWEIGHT has 1 observations and 186 variables.
NOTE: PROCEDURE SORT used (Total process time):
      real time           0.01 seconds
      cpu time            0.00 seconds
      

11815  proc transpose data=tempweight out=EMWS3.Neural6_WEIGHTDS;
11816  by _name_;
11817  run;

NOTE: There were 1 observations read from the data set WORK.TEMPWEIGHT.
NOTE: The data set EMWS3.NEURAL6_WEIGHTDS has 184 observations and 3 variables.
NOTE: PROCEDURE TRANSPOSE used (Total process time):
      real time           0.02 seconds
      cpu time            0.00 seconds
      

11818  data EMWS3.Neural6_WEIGHTDS;
11819  set EMWS3.Neural6_WEIGHTDS;
11820  FROM = trim(left(scan(_LABEL_, 1, '->')));
11821  TO = trim(left(scan(_LABEL_, 2, '>')));
11822  WEIGHT = COL1;
11823  if (TO eq '') or (FROM eq '') then delete;
11824  label _LABEL_ ="%sysfunc(sasmsg(sashelp.dmine, meta_label_vlabel  , NOQUOTE))" FROM = "%sysfunc(sasmsg(sashelp.dmine, rpt_from_vlabel  , NOQUOTE))" TO = "%sysfunc(sasmsg(sashelp.dmine, rpt_into_vlabel  , NOQUOTE))" WEIGHT =
11825     "%sysfunc(sasmsg(sashelp.dmine, rpt_weight_vlabel  , NOQUOTE))";
11826  keep FROM TO WEIGHT _LABEL_;
11827  run;

NOTE: There were 184 observations read from the data set EMWS3.NEURAL6_WEIGHTDS.
NOTE: The data set EMWS3.NEURAL6_WEIGHTDS has 179 observations and 4 variables.
NOTE: DATA statement used (Total process time):
      real time           0.01 seconds
      cpu time            0.00 seconds
      

11828  proc sort data=EMWS3.Neural6_WEIGHTDS nodupkey;
11829  by _LABEL_;
11830  run;

NOTE: There were 179 observations read from the data set EMWS3.NEURAL6_WEIGHTDS.
NOTE: 0 observations with duplicate key values were deleted.
NOTE: The data set EMWS3.NEURAL6_WEIGHTDS has 179 observations and 4 variables.
NOTE: PROCEDURE SORT used (Total process time):
      real time           0.00 seconds
      cpu time            0.00 seconds
      

