*------------------------------------------------------------*
* Report Log
Date:                November 23, 2023
Time:                22:13:03
*------------------------------------------------------------*
14011  data WORK.DMREGTEMP;
14012  set EMWS3.Reg9_EMESTIMATE;
14013  where _CHOSEN_ ne '';
14014  run;

NOTE: There were 3 observations read from the data set EMWS3.REG9_EMESTIMATE.
      WHERE _CHOSEN_ not = ' ';
NOTE: The data set WORK.DMREGTEMP has 3 observations and 410 variables.
NOTE: DATA statement used (Total process time):
      real time           0.00 seconds
      cpu time            0.00 seconds
      

14015  data WORK.DMREGTEMP;
14016  merge WORK.DMREGTEMP EMWS3.Reg9_FITTEST;
14017  by _step_;
14018  if _CHOSEN_ ne '' then output;
14019  run;

NOTE: There were 3 observations read from the data set WORK.DMREGTEMP.
NOTE: There were 16 observations read from the data set EMWS3.REG9_FITTEST.
NOTE: The data set WORK.DMREGTEMP has 3 observations and 424 variables.
NOTE: DATA statement used (Total process time):
      real time           0.01 seconds
      cpu time            0.00 seconds
      

14020  data EMWS3.Reg9_EMOUTFIT;
14021  length TARGET $32;
14022  set WORK.DMREGTEMP end=eof;
14023  where (_TYPE_='PARMS');
14024  drop _STEP_--TextCluster9_SVD9_BUSINESS_DEVEL;
14025  if eof then do;
14026  TARGET = "Category";
14027  output;
14028  end;
14029  run;

NOTE: There were 1 observations read from the data set WORK.DMREGTEMP.
      WHERE _TYPE_='PARMS';
NOTE: The data set EMWS3.REG9_EMOUTFIT has 1 observations and 47 variables.
NOTE: DATA statement used (Total process time):
      real time           0.01 seconds
      cpu time            0.00 seconds
      

14030  data EMWS3.Reg9_EMOUTFIT;
14031  set EMWS3.Reg9_EMOUTFIT;
14032  length TargetLabel $200;
14033  label targetLabel = "%sysfunc(sasmsg(sashelp.dmine, meta_targetlabel_vlabel, NOQUOTE))";
14034  if upcase(TARGET) eq "CATEGORY" then TargetLabel = 'Category';
14035  run;

NOTE: There were 1 observations read from the data set EMWS3.REG9_EMOUTFIT.
NOTE: The data set EMWS3.REG9_EMOUTFIT has 1 observations and 48 variables.
NOTE: DATA statement used (Total process time):
      real time           0.00 seconds
      cpu time            0.00 seconds
      

14036  proc sort data=EMWS3.Reg9_EMREPORTFIT nothreads;
14037  by TARGET;
14038  run;

NOTE: There were 20 observations read from the data set EMWS3.REG9_EMREPORTFIT.
NOTE: The data set EMWS3.REG9_EMREPORTFIT has 20 observations and 7 variables.
NOTE: PROCEDURE SORT used (Total process time):
      real time           0.01 seconds
      cpu time            0.00 seconds
      

14039  %let _EMwarndup = 0;
14040  %let _EMtargetdup =;
14041  %let _EMASEtargetdup =;
14042  data _null_;
14043  set EMWS3.Reg9_EMOUTFIT;
14044  if .<_ASE_<0.000001 then do;
14045  call symput('_EMwarndup', '1');
14046  call symput('_EMtargetdup', target);
14047  call symput('_EMASEtargetdup', put(_ASE_, best.));
14048  end;
14049  run;

NOTE: There were 1 observations read from the data set EMWS3.REG9_EMOUTFIT.
NOTE: DATA statement used (Total process time):
      real time           0.00 seconds
      cpu time            0.00 seconds
      

14050  proc sort data=EMWS3.TextCluster9_CMeta_TRAIN out=WORK.SUBSETINMETA;
14051  by NAME;
14052  run;

NOTE: There were 47 observations read from the data set EMWS3.TEXTCLUSTER9_CMETA_TRAIN.
NOTE: The data set WORK.SUBSETINMETA has 47 observations and 20 variables.
NOTE: PROCEDURE SORT used (Total process time):
      real time           0.00 seconds
      cpu time            0.00 seconds
      

14053  proc sort data=EMWS3.Reg9_VariableSet out=WORK.SUBSETVARSET(keep=NAME REPORT);
14054  by NAME;
14055  run;

NOTE: There were 42 observations read from the data set EMWS3.REG9_VARIABLESET.
NOTE: The data set WORK.SUBSETVARSET has 42 observations and 2 variables.
NOTE: PROCEDURE SORT used (Total process time):
      real time           0.00 seconds
      cpu time            0.01 seconds
      

14056  data WORK.ASSESS_META;
14057  merge WORK.SUBSETINMETA WORK.SUBSETVARSET;
14058  by NAME;
14059  run;

NOTE: There were 47 observations read from the data set WORK.SUBSETINMETA.
NOTE: There were 42 observations read from the data set WORK.SUBSETVARSET.
NOTE: The data set WORK.ASSESS_META has 47 observations and 20 variables.
NOTE: DATA statement used (Total process time):
      real time           0.00 seconds
      cpu time            0.00 seconds
      

14060  data EM_temp_assessMeta;
14061  set EMWS3.Reg9_CMeta_TRAIN;
14062  where role in('DECISION', 'PREDICT', 'RESIDUAL', 'CLASSIFICATION', 'ASSESS', 'COST');
14063  run;

NOTE: There were 28 observations read from the data set EMWS3.REG9_CMETA_TRAIN.
      WHERE role in ('ASSESS', 'CLASSIFICATION', 'COST', 'DECISION', 'PREDICT', 'RESIDUAL');
NOTE: The data set WORK.EM_TEMP_ASSESSMETA has 28 observations and 21 variables.
NOTE: DATA statement used (Total process time):
      real time           0.00 seconds
      cpu time            0.00 seconds
      

14064  data EM_temp_assessdata;
14065  set EMWS3.Reg9_TRAIN(keep=
14066  F_Category
14067  I_Category
14068  P_CategoryADVOCATE
14069  P_CategoryBUSINESS_DEVELOPMENT
14070  P_CategoryCONSULTANT
14071  P_CategoryDESIGNER
14072  P_CategoryDIGITAL_MEDIA
14073  P_CategoryFITNESS
14074  P_CategoryHEALTHCARE
14075  P_CategoryHR
14076  P_CategoryINFORMATION_TECHNOLOGY
14077  P_CategoryOTHER
14078  P_CategorySALES
14079  P_CategoryTEACHER
14080  R_CategoryADVOCATE
14081  R_CategoryBUSINESS_DEVELOPMENT
14082  R_CategoryCONSULTANT
14083  R_CategoryDESIGNER
14084  R_CategoryDIGITAL_MEDIA
14085  R_CategoryFITNESS
14086  R_CategoryHEALTHCARE
14087  R_CategoryHR
14088  R_CategoryINFORMATION_TECHNOLOGY
14089  R_CategoryOTHER
14090  R_CategorySALES
14091  R_CategoryTEACHER
14092  U_Category
14093  _WARN_
14094  Category
14095  );
14096  run;

NOTE: View EMWS3.REG9_TRAIN.VIEW used (Total process time):
      real time           0.04 seconds
      cpu time            0.03 seconds
      
NOTE: There were 674 observations read from the data set EMWS3.TEXTCLUSTER9_TRAIN.
NOTE: There were 674 observations read from the data set EMWS3.REG9_TRAIN.
NOTE: The data set WORK.EM_TEMP_ASSESSDATA has 674 observations and 29 variables.
NOTE: DATA statement used (Total process time):
      real time           0.05 seconds
      cpu time            0.03 seconds
      
















18378  data EM_temp_assessMeta;
18379  set EMWS3.Reg9_CMeta_TRAIN;
18380  where role in('DECISION', 'PREDICT', 'RESIDUAL', 'CLASSIFICATION', 'ASSESS', 'COST');
18381  run;

NOTE: There were 28 observations read from the data set EMWS3.REG9_CMETA_TRAIN.
      WHERE role in ('ASSESS', 'CLASSIFICATION', 'COST', 'DECISION', 'PREDICT', 'RESIDUAL');
NOTE: The data set WORK.EM_TEMP_ASSESSMETA has 28 observations and 21 variables.
NOTE: DATA statement used (Total process time):
      real time           0.00 seconds
      cpu time            0.00 seconds
      

18382  data EM_temp_assessdata;
18383  set EMWS3.Reg9_VALIDATE(keep=
18384  F_Category
18385  I_Category
18386  P_CategoryADVOCATE
18387  P_CategoryBUSINESS_DEVELOPMENT
18388  P_CategoryCONSULTANT
18389  P_CategoryDESIGNER
18390  P_CategoryDIGITAL_MEDIA
18391  P_CategoryFITNESS
18392  P_CategoryHEALTHCARE
18393  P_CategoryHR
18394  P_CategoryINFORMATION_TECHNOLOGY
18395  P_CategoryOTHER
18396  P_CategorySALES
18397  P_CategoryTEACHER
18398  R_CategoryADVOCATE
18399  R_CategoryBUSINESS_DEVELOPMENT
18400  R_CategoryCONSULTANT
18401  R_CategoryDESIGNER
18402  R_CategoryDIGITAL_MEDIA
18403  R_CategoryFITNESS
18404  R_CategoryHEALTHCARE
18405  R_CategoryHR
18406  R_CategoryINFORMATION_TECHNOLOGY
18407  R_CategoryOTHER
18408  R_CategorySALES
18409  R_CategoryTEACHER
18410  U_Category
18411  _WARN_
18412  Category
18413  );
18414  run;

NOTE: View EMWS3.REG9_VALIDATE.VIEW used (Total process time):
      real time           0.03 seconds
      cpu time            0.00 seconds
      
NOTE: There were 405 observations read from the data set EMWS3.TEXTCLUSTER9_VALIDATE.
NOTE: There were 405 observations read from the data set EMWS3.REG9_VALIDATE.
NOTE: The data set WORK.EM_TEMP_ASSESSDATA has 405 observations and 29 variables.
NOTE: DATA statement used (Total process time):
      real time           0.04 seconds
      cpu time            0.00 seconds
      
















22705  %let _cn = %sysfunc(getoption(CENTER));
22706  options nocenter;
22707  proc print data=EMWS3.Reg9_EMREPORTFIT noobs label;
22708  var STAT LABEL TRAIN
22709  VALIDATE
22710  TEST
22711  ;
22712  by TARGET TARGETLABEL;
22713  title9 ' ';
22714  title10 "%sysfunc(sasmsg(sashelp.dmine, rpt_fitstat_title  , NOQUOTE))";
22715  run;

NOTE: There were 20 observations read from the data set EMWS3.REG9_EMREPORTFIT.
NOTE: The PROCEDURE PRINT printed page 21.
NOTE: PROCEDURE PRINT used (Total process time):
      real time           0.00 seconds
      cpu time            0.00 seconds
      

22716  title10;
22717  options &_cn;

22718  proc sort data=EMWS3.Reg9_EMCLASSIFICATION nothreads;
22719  by DATAROLE TARGET TARGETLABEL;
22720  run;

NOTE: There were 167 observations read from the data set EMWS3.REG9_EMCLASSIFICATION.
NOTE: The data set EMWS3.REG9_EMCLASSIFICATION has 167 observations and 12 variables.
NOTE: PROCEDURE SORT used (Total process time):
      real time           0.00 seconds
      cpu time            0.00 seconds
      

22721  %let _cn = %sysfunc(getoption(CENTER));
22722  options nocenter;
22723  proc print data=EMWS3.Reg9_EMCLASSIFICATION noobs label;
22724  var from into pct_row pct_col count percent
22725  ;
22726  by DATAROLE TARGET TARGETLABEL;
22727  label FROM = "%sysfunc(sasmsg(sashelp.dmine, rpt_target_vlabel ,     NOQUOTE))";
22728  label INTO = "%sysfunc(sasmsg(sashelp.dmine, rpt_outcome_vlabel ,    NOQUOTE))";
22729  label PCT_ROW = "%sysfunc(sasmsg(sashelp.dmine, rpt_targetpct_vlabel ,  NOQUOTE))";
22730  label PCT_COL = "%sysfunc(sasmsg(sashelp.dmine, rpt_outcomepct_vlabel , NOQUOTE))";
22731  label COUNT = "%sysfunc(sasmsg(sashelp.dmine, rpt_count_vlabel ,      NOQUOTE))";
22732  label PERCENT = "%sysfunc(sasmsg(sashelp.dmine, rpt_totalpct_vlabel ,   NOQUOTE))";
22733  where _TYPE_='PREDICTION';
22734  title9 ' ';
22735  title10 "%sysfunc(sasmsg(sashelp.dmine, rpt_classification_title    , NOQUOTE))";
22736  run;

NOTE: There were 167 observations read from the data set EMWS3.REG9_EMCLASSIFICATION.
      WHERE _TYPE_='PREDICTION';
NOTE: The PROCEDURE PRINT printed page 22.
NOTE: PROCEDURE PRINT used (Total process time):
      real time           0.01 seconds
      cpu time            0.00 seconds
      

22737  title9;
22738  title10;
22739  options &_cn;

22740  %let _cn = %sysfunc(getoption(CENTER));
22741  options nocenter;
22742  data EMWS3.Reg9_EMEVENTREPORT;
22743  length DATAROLE TARGET $32 TARGETLABEL $200 FALSENEVENT TRUENEVENT FALSEEVENT TRUEEVENT 8;
22744  label DATAROLE = "%sysfunc(sasmsg(sashelp.dmine, rpt_datarole_vlabel ,    NOQUOTE))" TARGET = "%sysfunc(sasmsg(sashelp.dmine, rpt_target_vlabel ,      NOQUOTE))" TARGETLABEL = "%sysfunc(sasmsg(sashelp.dmine, meta_targetlabel_vlabel, NOQUOTE))"
22744! FALSEEVENT
22745  = "%sysfunc(sasmsg(sashelp.dmine, rpt_falseevent_vlabel ,  NOQUOTE))" FALSENEVENT = "%sysfunc(sasmsg(sashelp.dmine, rpt_falsenevent_vlabel , NOQUOTE))" TRUEEVENT = "%sysfunc(sasmsg(sashelp.dmine, rpt_trueevent_vlabel ,   NOQUOTE))" TRUENEVENT =
22746     "%sysfunc(sasmsg(sashelp.dmine, rpt_truenevent_vlabel ,  NOQUOTE))";
22747  FALSEEVENT=0;
22748  FALSENEVENT=0;
22749  TRUEEVENT=0;
22750  TRUENEVENT=0;
22751  set EMWS3.Reg9_EMEVENTREPORT;
22752  run;

NOTE: There were 2 observations read from the data set EMWS3.REG9_EMEVENTREPORT.
NOTE: The data set EMWS3.REG9_EMEVENTREPORT has 2 observations and 7 variables.
NOTE: DATA statement used (Total process time):
      real time           0.01 seconds
      cpu time            0.01 seconds
      

22753  proc print data=EMWS3.Reg9_EMEVENTREPORT noobs label;
22754  title9 ' ';
22755  title10 "%sysfunc(sasmsg(sashelp.dmine, rpt_eventtable_title    , NOQUOTE))";
22756  by notsorted DATAROLE notsorted TARGET notsorted TARGETLABEL;
22757  run;

NOTE: There were 2 observations read from the data set EMWS3.REG9_EMEVENTREPORT.
NOTE: The PROCEDURE PRINT printed page 23.
NOTE: PROCEDURE PRINT used (Total process time):
      real time           0.00 seconds
      cpu time            0.00 seconds
      

22758  title10;
22759  options &_cn;

22760  proc datasets library=EMWS3 nolist;
22761  modify Reg9_EMRANK;
22762  label target = "%sysfunc(sasmsg(sashelp.dmine, rpt_targetvar_vlabel ,   NOQUOTE))";
22763  label datarole = "%sysfunc(sasmsg(sashelp.dmine, rpt_datarole_vlabel ,    NOQUOTE))";
22764  run;

NOTE: MODIFY was successful for EMWS3.REG9_EMRANK.DATA.
22765  quit;

NOTE: PROCEDURE DATASETS used (Total process time):
      real time           0.11 seconds
      cpu time            0.04 seconds
      

22766  %let _cn = %sysfunc(getoption(CENTER));
22767  options nocenter;
22768  proc print data=EMWS3.Reg9_EMRANK label noobs;
22769  var
22770  decile gain lift liftc resp respc N _meanP_;
22771  by
22772  notsorted DATAROLE
22773  notsorted TARGET
22774  notsorted TARGETLABEL
22775  ;
22776  title9 ' ';
22777  title10 "%sysfunc(sasmsg(sashelp.dmine, rpt_scoreranking_title , NOQUOTE))";
22778  run;

NOTE: There were 40 observations read from the data set EMWS3.REG9_EMRANK.
NOTE: The PROCEDURE PRINT printed page 24.
NOTE: PROCEDURE PRINT used (Total process time):
      real time           0.00 seconds
      cpu time            0.00 seconds
      

22779  title10;
22780  options &_cn;

22781  proc datasets library=EMWS3 nolist;
22782  modify Reg9_EMSCOREDIST;
22783  label target = "%sysfunc(sasmsg(sashelp.dmine, rpt_targetvar_vlabel ,      NOQUOTE))";
22784  label datarole = "%sysfunc(sasmsg(sashelp.dmine, rpt_datarole_vlabel ,    NOQUOTE))";
22785  run;

NOTE: MODIFY was successful for EMWS3.REG9_EMSCOREDIST.DATA.
22786  quit;

NOTE: PROCEDURE DATASETS used (Total process time):
      real time           0.09 seconds
      cpu time            0.01 seconds
      

