*------------------------------------------------------------*
* Score Log
Date:                November 23, 2023
Time:                22:13:03
*------------------------------------------------------------*
11963  proc transpose data=EMWS3.Reg9_EMESTIMATE out=WORK.TEMPREG;
11964  where _CHOSEN_ ne '' and _TYPE_='PARMS';
11965  run;

NOTE: There were 1 observations read from the data set EMWS3.REG9_EMESTIMATE.
      WHERE (_CHOSEN_ not = ' ') and (_TYPE_='PARMS');
NOTE: The data set WORK.TEMPREG has 407 observations and 3 variables.
NOTE: PROCEDURE TRANSPOSE used (Total process time):
      real time           0.01 seconds
      cpu time            0.00 seconds
      

11966  proc transpose data=EMWS3.Reg9_MAPDS out=WORK.TEMPREG2(rename=(TARGET=_TARGET_));
11967  var "TextCluster9_SVD1_TEACHER"n--"TextCluster9_SVD9_BUSINESS_DEVEL"n;
11968  run;

NOTE: There were 3 observations read from the data set EMWS3.REG9_MAPDS.
NOTE: The data set WORK.TEMPREG2 has 363 observations and 5 variables.
NOTE: PROCEDURE TRANSPOSE used (Total process time):
      real time           0.01 seconds
      cpu time            0.00 seconds
      

11969  proc sort data=WORK.TEMPREG NOTHREADS;
11970  by _NAME_;
11971  run;

NOTE: There were 407 observations read from the data set WORK.TEMPREG.
NOTE: The data set WORK.TEMPREG has 407 observations and 3 variables.
NOTE: PROCEDURE SORT used (Total process time):
      real time           0.00 seconds
      cpu time            0.01 seconds
      

11972  proc sort data=WORK.TEMPREG2 NOTHREADS;
11973  by _NAME_;
11974  run;

NOTE: There were 363 observations read from the data set WORK.TEMPREG2.
NOTE: The data set WORK.TEMPREG2 has 363 observations and 5 variables.
NOTE: PROCEDURE SORT used (Total process time):
      real time           0.00 seconds
      cpu time            0.00 seconds
      

11975  data WORK.TEMPREG3;
11976  merge WORK.TEMPREG(in=ina) WORK.TEMPREG2(in=inb);
11977  by _NAME_;
11978  if (ina and inb) and Category ne . then output;
11979  run;

NOTE: There were 407 observations read from the data set WORK.TEMPREG.
NOTE: There were 363 observations read from the data set WORK.TEMPREG2.
NOTE: The data set WORK.TEMPREG3 has 88 observations and 6 variables.
NOTE: DATA statement used (Total process time):
      real time           0.01 seconds
      cpu time            0.00 seconds
      

11980  data WORK.TEMPREG3(KEEP=TERM);
11981  length term $32;
11982  set WORK.TEMPREG3;
11983  i=1;
11984  do while( scan(input , i, '*') ne '' );
11985  term= scan(input , i, '*');
11986  i=i+1;
11987  output;
11988  end;
11989  run;

NOTE: There were 88 observations read from the data set WORK.TEMPREG3.
NOTE: The data set WORK.TEMPREG3 has 88 observations and 1 variables.
NOTE: DATA statement used (Total process time):
      real time           0.00 seconds
      cpu time            0.00 seconds
      

11990  proc sort data=WORK.TEMPREG3 nodupkey NOTHREADS;
11991  by TERM;
11992  run;

NOTE: There were 88 observations read from the data set WORK.TEMPREG3.
NOTE: 80 observations with duplicate key values were deleted.
NOTE: The data set WORK.TEMPREG3 has 8 observations and 1 variables.
NOTE: PROCEDURE SORT used (Total process time):
      real time           0.01 seconds
      cpu time            0.00 seconds
      

11993  filename emflow "C:\Users\lahar\OneDrive\Desktop\Data Mining\Resume\Workspaces\EMWS3\Reg9\EMFLOWSCORE.sas";
11994  *------------------------------------------------------------*;
11995  * Reg9: Scoring DATA data;
11996  *------------------------------------------------------------*;
11997  data EMWS3.Reg9_TRAIN
11998  / view=EMWS3.Reg9_TRAIN
11999  ;
12000  set EMWS3.TextCluster9_TRAIN
12001  ;
12002  %inc emflow;
12514  run;

NOTE: DATA STEP view saved on file EMWS3.REG9_TRAIN.
NOTE: A stored DATA STEP view cannot run under a different operating system.
NOTE: DATA statement used (Total process time):
      real time           0.01 seconds
      cpu time            0.00 seconds
      

12515  quit;
12516  filename emflow;
NOTE: Fileref EMFLOW has been deassigned.

12517  filename emflow "C:\Users\lahar\OneDrive\Desktop\Data Mining\Resume\Workspaces\EMWS3\Reg9\EMFLOWSCORE.sas";
12518  *------------------------------------------------------------*;
12519  * Reg9: Scoring VALIDATE data;
12520  *------------------------------------------------------------*;
12521  data EMWS3.Reg9_VALIDATE
12522  / view=EMWS3.Reg9_VALIDATE
12523  ;
12524  set EMWS3.TextCluster9_VALIDATE
12525  ;
12526  %inc emflow;
13038  run;

NOTE: DATA STEP view saved on file EMWS3.REG9_VALIDATE.
NOTE: A stored DATA STEP view cannot run under a different operating system.
NOTE: DATA statement used (Total process time):
      real time           0.01 seconds
      cpu time            0.01 seconds
      

13039  quit;
13040  filename emflow;
NOTE: Fileref EMFLOW has been deassigned.

13041  filename emflow "C:\Users\lahar\OneDrive\Desktop\Data Mining\Resume\Workspaces\EMWS3\Reg9\EMFLOWSCORE.sas";
13042  *------------------------------------------------------------*;
13043  * Reg9: Scoring TEST data;
13044  *------------------------------------------------------------*;
13045  data EMWS3.Reg9_TEST
13046  / view=EMWS3.Reg9_TEST
13047  ;
13048  set EMWS3.TextCluster9_TEST
13049  ;
13050  %inc emflow;
13562  run;

NOTE: DATA STEP view saved on file EMWS3.REG9_TEST.
NOTE: A stored DATA STEP view cannot run under a different operating system.
NOTE: DATA statement used (Total process time):
      real time           0.01 seconds
      cpu time            0.00 seconds
      

13563  quit;
13564  filename emflow;
NOTE: Fileref EMFLOW has been deassigned.

13565  *------------------------------------------------------------*;
13566  * Reg9: Computing metadata for TRAIN data;
13567  *------------------------------------------------------------*;

NOTE: View EMWS3.REG9_TRAIN.VIEW used (Total process time):
      real time           0.02 seconds
      cpu time            0.00 seconds
      
13956  data WORK.MODELTEMP_INFO;
13957  set EMWS3.Reg9_EMINFO;
13958  where DATA='Reg9' and KEY ^in('DECDATA', 'DECMETA', 'IMPORTANCE', 'MODEL');
13959  run;

NOTE: There were 0 observations read from the data set EMWS3.REG9_EMINFO.
      WHERE (DATA='Reg9') and KEY not in ('DECDATA', 'DECMETA', 'IMPORTANCE', 'MODEL');
NOTE: The data set WORK.MODELTEMP_INFO has 0 observations and 3 variables.
NOTE: DATA statement used (Total process time):
      real time           0.00 seconds
      cpu time            0.00 seconds
      

13960  data EMWS3.Reg9_EMINFO;
13961  length TARGET KEY $32 DATA $43;
13962  input TARGET KEY DATA $;
13963  cards;

NOTE: The data set EMWS3.REG9_EMINFO has 3 observations and 3 variables.
NOTE: DATA statement used (Total process time):
      real time           0.00 seconds
      cpu time            0.00 seconds
      

13967  run;
13968  data EMWS3.Reg9_EMINFO;
13969  set EMWS3.Reg9_EMINFO WORK.MODELTEMP_INFO;
13970  run;

NOTE: There were 3 observations read from the data set EMWS3.REG9_EMINFO.
NOTE: There were 0 observations read from the data set WORK.MODELTEMP_INFO.
NOTE: The data set EMWS3.REG9_EMINFO has 3 observations and 3 variables.
NOTE: DATA statement used (Total process time):
      real time           0.01 seconds
      cpu time            0.00 seconds
      

13971  proc sort data = EMWS3.Reg9_EMINFO NOTHREADS;
13972  by TARGET KEY;
13973  run;

NOTE: There were 3 observations read from the data set EMWS3.REG9_EMINFO.
NOTE: The data set EMWS3.REG9_EMINFO has 3 observations and 3 variables.
NOTE: PROCEDURE SORT used (Total process time):
      real time           0.01 seconds
      cpu time            0.00 seconds
      

13974  proc sort data = EMWS3.TextCluster9_EMINFO OUT=WORK.SORTEDEMINFO NOTHREADS;
13975  by TARGET KEY;
13976  run;

NOTE: There were 6 observations read from the data set EMWS3.TEXTCLUSTER9_EMINFO.
NOTE: The data set WORK.SORTEDEMINFO has 6 observations and 3 variables.
NOTE: PROCEDURE SORT used (Total process time):
      real time           0.00 seconds
      cpu time            0.00 seconds
      

13977  proc sort data = EMWS3.Reg9_EMINFO OUT=WORK.TEMP_INFO NOTHREADS;
13978  by TARGET KEY;
13979  run;

NOTE: Input data set is already sorted; it has been copied to the output data set.
NOTE: There were 3 observations read from the data set EMWS3.REG9_EMINFO.
NOTE: The data set WORK.TEMP_INFO has 3 observations and 3 variables.
NOTE: PROCEDURE SORT used (Total process time):
      real time           0.00 seconds
      cpu time            0.00 seconds
      

13980  data EMWS3.Reg9_EMINFO;
13981  merge WORK.SORTEDEMINFO WORK.TEMP_INFO;
13982  by TARGET KEY;
13983  run;

NOTE: There were 6 observations read from the data set WORK.SORTEDEMINFO.
NOTE: There were 3 observations read from the data set WORK.TEMP_INFO.
NOTE: The data set EMWS3.REG9_EMINFO has 9 observations and 3 variables.
NOTE: DATA statement used (Total process time):
      real time           0.01 seconds
      cpu time            0.00 seconds
      

13984  proc datasets lib=work nolist;
13985  delete TEMP_INFO SORTEDEMINFO;
13986  run;

NOTE: Deleting WORK.TEMP_INFO (memtype=DATA).
NOTE: Deleting WORK.SORTEDEMINFO (memtype=DATA).
13987  quit;

NOTE: PROCEDURE DATASETS used (Total process time):
      real time           0.00 seconds
      cpu time            0.00 seconds
      

NOTE: View EMWS3.REG9_TRAIN.VIEW used (Total process time):
      real time           0.02 seconds
      cpu time            0.01 seconds
      
NOTE: View EMWS3.REG9_VALIDATE.VIEW used (Total process time):
      real time           0.02 seconds
      cpu time            0.00 seconds
      
NOTE: View EMWS3.REG9_TEST.VIEW used (Total process time):
      real time           0.02 seconds
      cpu time            0.01 seconds
      
