*------------------------------------------------------------*
* Training Log
Date:                November 23, 2023
Time:                22:12:57
*------------------------------------------------------------*
11433  proc freq data=EMWS3.Reg9_VariableSet noprint;
11434  table ROLE*LEVEL/out=WORK.Reg9META;
11435  run;

NOTE: There were 42 observations read from the data set EMWS3.REG9_VARIABLESET.
NOTE: The data set WORK.REG9META has 3 observations and 4 variables.
NOTE: PROCEDURE FREQ used (Total process time):
      real time           0.04 seconds
      cpu time            0.01 seconds
      

11436  proc print data=WORK.Reg9META label noobs;
11437  var ROLE LEVEL COUNT;
11438  label ROLE = "%sysfunc(sasmsg(sashelp.dmine, meta_role_vlabel, NOQUOTE))" LEVEL = "%sysfunc(sasmsg(sashelp.dmine, meta_level_vlabel, NOQUOTE))" COUNT = "%sysfunc(sasmsg(sashelp.dmine, rpt_count_vlabel, NOQUOTE))";
11439  title9 ' ';
11440  title10 "%sysfunc(sasmsg(sashelp.dmine, rpt_varSummary_title  , NOQUOTE))";
11441  run;

NOTE: There were 3 observations read from the data set WORK.REG9META.
NOTE: The PROCEDURE PRINT printed page 1.
NOTE: PROCEDURE PRINT used (Total process time):
      real time           0.01 seconds
      cpu time            0.00 seconds
      

11442  title10;

11443  %let EMNORLEN = %DMNORLEN;
EMWS3.TextCluster9_TRAIN EMWS3.TextCluster9_TRAIN 
EMWS3.TextCluster9_TRAIN EMWS3.TextCluster9_TRAIN EMWS3 TextCluster9_TRAIN 
EMWS3.TextCluster9_TRAIN EMWS3.TextCluster9_TRAIN 
EMWS3.TextCluster9_TRAIN EMWS3.TextCluster9_TRAIN EMWS3 TextCluster9_TRAIN 
Executing  SASHELP.EMCORE.EMINFOITERATOR.SCL _INIT >> 
Executing  SASHELP.EMCORE.EMINFOITERATOR.SCL setMetaData >> 
Executing  SASHELP.EMCORE.EMINFOITERATOR.SCL next >> 
Executing  SASHELP.EMCORE.EMINFOITERATOR.SCL setMetaData >> 
Executing  SASHELP.EMCORE.EMINFOITERATOR.SCL next >> 
Executing  SASHELP.EMCORE.EMINFOITERATOR.SCL _term >> 
11490  data WORK.Reg9_EVENT(KEEP=VARIABLE LABEL LEVEL EVENT NUMLEVELS ORDER);
11491  length ORDER $20;
11492  label VARIABLE = "%sysfunc(sasmsg(sashelp.dmine, rpt_target_vlabel,  NOQUOTE))" EVENT = "%sysfunc(sasmsg(sashelp.dmine, assmt_event_vlabel, NOQUOTE))" NUMLEVELS = "%sysfunc(sasmsg(sashelp.dmine, rpt_numcat_vlabel, NOQUOTE))" LEVEL =
11493     "%sysfunc(sasmsg(sashelp.dmine, meta_level_vlabel, NOQUOTE))" ORDER = "%sysfunc(sasmsg(sashelp.dmine, meta_order_vlabel, NOQUOTE))" LABEL = "%sysfunc(sasmsg(sashelp.dmine, meta_label_vlabel, NOQUOTE))";
11494  set EMWS3.REG9_CATEGORY_DM( where=(_TYPE_="TARGET"));
11495  NumLevels=12;
11496  select(upcase(ORDER));
11497  when('DESC') ORDER = 'Descending';
11498  when('ASC') ORDER = 'Ascending';
11499  when('FMTDESC') ORDER = 'Formatted Descending';
11500  when('FMTASC') ORDER = 'Formatted Ascending';
11501  otherwise ORDER = 'Descending';
11502  end;
11503  output;
11504  run;

NOTE: There were 1 observations read from the data set EMWS3.REG9_CATEGORY_DM.
      WHERE _TYPE_='TARGET';
NOTE: The data set WORK.REG9_EVENT has 1 observations and 6 variables.
NOTE: DATA statement used (Total process time):
      real time           0.01 seconds
      cpu time            0.00 seconds
      

11505  title9 ' ';
11506  proc print data=WORK.Reg9_EVENT noobs label;
11507  var VARIABLE EVENT LEVEL NUMLEVELS ORDER LABEL;
11508  title9 ' ';
11509  title10 "%sysfunc(sasmsg(sashelp.dmine, rpt_modelEvent_title  , NOQUOTE))";
11510  run;

NOTE: There were 1 observations read from the data set WORK.REG9_EVENT.
NOTE: The PROCEDURE PRINT printed page 2.
NOTE: PROCEDURE PRINT used (Total process time):
      real time           0.00 seconds
      cpu time            0.00 seconds
      

11511  title10;

"No decisions defined for target "Category"." 
11512  proc print data = EMWS3.Reg9_Category_DM noobs label;
11513  var _type_ variable label;
11514  where _type_ ^in('MATRIX', 'DECISION', 'TRAINPRIOR', 'DATAPRIOR', 'DECPRIOR');
11515  label _TYPE_ = "%sysfunc(sasmsg(sashelp.dmine, rpt_type_vlabel,     NOQUOTE))" VARIABLE = "%sysfunc(sasmsg(sashelp.dmine, rpt_variable_vlabel, NOQUOTE))" LABEL = "%sysfunc(sasmsg(sashelp.dmine, meta_label_vlabel, NOQUOTE))";
11516  title9 ' ';
11517  title10 "%sysfunc(sasmsg(sashelp.dmine, rpt_predDecVars_title  , NOQUOTE))";
11518  run;

NOTE: There were 27 observations read from the data set EMWS3.REG9_CATEGORY_DM.
      WHERE _type_ not in ('DATAPRIOR', 'DECISION', 'DECPRIOR', 'MATRIX', 'TRAINPRIOR');
NOTE: The PROCEDURE PRINT printed page 3.
NOTE: PROCEDURE PRINT used (Total process time):
      real time           0.00 seconds
      cpu time            0.00 seconds
      

11519  title10;

11529  data WORK.M2AFX61V;
11530  set WORK.M2AFX61V end=eof;
11531  output;
11532  if eof then do;
11533  NAME="";
11534  ROLE="COST";
11535  LEVEL="INTERVAL";
11536  TYPE="N";
11537  output;
11538  end;
11539  run;

NOTE: There were 34 observations read from the data set WORK.M2AFX61V.
NOTE: The data set WORK.M2AFX61V has 35 observations and 21 variables.
NOTE: DATA statement used (Total process time):
      real time           0.00 seconds
      cpu time            0.00 seconds
      

NOTE: There were 12 observations read from the data set EMWS3.REG9_CATEGORY_DD.
NOTE: The data set WORK.CATEGORY has 12 observations and 17 variables.
NOTE: There were 12 observations read from the data set EMWS3.REG9_CATEGORY_DD.
NOTE: The data set WORK.CATEGORY has 12 observations and 17 variables.
11540  *------------------------------------------------------------*;
11541  * Reg9: Create decision matrix;
11542  *------------------------------------------------------------*;
11543  data WORK.Category;
11544    length   Category                         $  32
11545             COUNT                                8
11546             DATAPRIOR                            8
11547             TRAINPRIOR                           8
11548             DECPRIOR                             8
11549             DECISION1                            8
11550             DECISION2                            8
11551             DECISION3                            8
11552             DECISION4                            8
11553             DECISION5                            8
11554             DECISION6                            8
11555             DECISION7                            8
11556             DECISION8                            8
11557             DECISION9                            8
11558             DECISION10                           8
11559             DECISION11                           8
11560             DECISION12                           8
11561             ;
11562  
11563    label    COUNT="Level Counts"
11564             DATAPRIOR="Data Proportions"
11565             TRAINPRIOR="Training Proportions"
11566             DECPRIOR="Decision Priors"
11567             DECISION1="TEACHER"
11568             DECISION2="SALES"
11569             DECISION3="OTHER"
11570             DECISION4="INFORMATION-TECHNOLOGY"
11571             DECISION5="HR"
11572             DECISION6="HEALTHCARE"
11573             DECISION7="FITNESS"
11574             DECISION8="DIGITAL-MEDIA"
11575             DECISION9="DESIGNER"
11576             DECISION10="CONSULTANT"
11577             DECISION11="BUSINESS-DEVELOPMENT"
11578             DECISION12="ADVOCATE"
11579             ;
11580    format   COUNT 10.
11581             ;
11582  Category="TEACHER"; COUNT=50; DATAPRIOR=0.0741839763; TRAINPRIOR=0.07418397626112; DECPRIOR=.; DECISION1=1; DECISION2=0; DECISION3=0; DECISION4=0; DECISION5=0; DECISION6=0; DECISION7=0; DECISION8=0; DECISION9=0; DECISION10=0; DECISION11=0;
11582! DECISION12=0;
11583  output;
11584  Category="SALES"; COUNT=58; DATAPRIOR=0.0860534125; TRAINPRIOR=0.0860534124629; DECPRIOR=.; DECISION1=0; DECISION2=1; DECISION3=0; DECISION4=0; DECISION5=0; DECISION6=0; DECISION7=0; DECISION8=0; DECISION9=0; DECISION10=0; DECISION11=0; DECISION12=0
11584! ;
11585  output;
11586  Category="OTHER"; COUNT=63; DATAPRIOR=0.0934718101; TRAINPRIOR=0.09347181008902; DECPRIOR=.; DECISION1=0; DECISION2=0; DECISION3=1; DECISION4=0; DECISION5=0; DECISION6=0; DECISION7=0; DECISION8=0; DECISION9=0; DECISION10=0; DECISION11=0;
11586! DECISION12=0;
11587  output;
11588  Category="INFORMATION-TECHNOLOGY"; COUNT=59; DATAPRIOR=0.087537092; TRAINPRIOR=0.08753709198813; DECPRIOR=.; DECISION1=0; DECISION2=0; DECISION3=0; DECISION4=1; DECISION5=0; DECISION6=0; DECISION7=0; DECISION8=0; DECISION9=0; DECISION10=0;
11588! DECISION11=0; DECISION12=0;
11589  output;
11590  Category="HR"; COUNT=55; DATAPRIOR=0.0816023739; TRAINPRIOR=0.08160237388724; DECPRIOR=.; DECISION1=0; DECISION2=0; DECISION3=0; DECISION4=0; DECISION5=1; DECISION6=0; DECISION7=0; DECISION8=0; DECISION9=0; DECISION10=0; DECISION11=0; DECISION12=0;
11591  output;
11592  Category="HEALTHCARE"; COUNT=57; DATAPRIOR=0.0845697329; TRAINPRIOR=0.08456973293768; DECPRIOR=.; DECISION1=0; DECISION2=0; DECISION3=0; DECISION4=0; DECISION5=0; DECISION6=1; DECISION7=0; DECISION8=0; DECISION9=0; DECISION10=0; DECISION11=0;
11592! DECISION12=0;
11593  output;
11594  Category="FITNESS"; COUNT=58; DATAPRIOR=0.0860534125; TRAINPRIOR=0.0860534124629; DECPRIOR=.; DECISION1=0; DECISION2=0; DECISION3=0; DECISION4=0; DECISION5=0; DECISION6=0; DECISION7=1; DECISION8=0; DECISION9=0; DECISION10=0; DECISION11=0;
11594! DECISION12=0;
11595  output;
11596  Category="DIGITAL-MEDIA"; COUNT=47; DATAPRIOR=0.0697329377; TRAINPRIOR=0.06973293768545; DECPRIOR=.; DECISION1=0; DECISION2=0; DECISION3=0; DECISION4=0; DECISION5=0; DECISION6=0; DECISION7=0; DECISION8=1; DECISION9=0; DECISION10=0; DECISION11=0;
11596! DECISION12=0;
11597  output;
11598  Category="DESIGNER"; COUNT=53; DATAPRIOR=0.0786350148; TRAINPRIOR=0.07863501483679; DECPRIOR=.; DECISION1=0; DECISION2=0; DECISION3=0; DECISION4=0; DECISION5=0; DECISION6=0; DECISION7=0; DECISION8=0; DECISION9=1; DECISION10=0; DECISION11=0;
11598! DECISION12=0;
11599  output;
11600  Category="CONSULTANT"; COUNT=57; DATAPRIOR=0.0845697329; TRAINPRIOR=0.08456973293768; DECPRIOR=.; DECISION1=0; DECISION2=0; DECISION3=0; DECISION4=0; DECISION5=0; DECISION6=0; DECISION7=0; DECISION8=0; DECISION9=0; DECISION10=1; DECISION11=0;
11600! DECISION12=0;
11601  output;
11602  Category="BUSINESS-DEVELOPMENT"; COUNT=60; DATAPRIOR=0.0890207715; TRAINPRIOR=0.08902077151335; DECPRIOR=.; DECISION1=0; DECISION2=0; DECISION3=0; DECISION4=0; DECISION5=0; DECISION6=0; DECISION7=0; DECISION8=0; DECISION9=0; DECISION10=0;
11602! DECISION11=1; DECISION12=0;
11603  output;
11604  Category="ADVOCATE"; COUNT=57; DATAPRIOR=0.0845697329; TRAINPRIOR=0.08456973293768; DECPRIOR=.; DECISION1=0; DECISION2=0; DECISION3=0; DECISION4=0; DECISION5=0; DECISION6=0; DECISION7=0; DECISION8=0; DECISION9=0; DECISION10=0; DECISION11=0;
11604! DECISION12=1;
11605  output;
11606  ;
11607  run;

NOTE: The data set WORK.CATEGORY has 12 observations and 17 variables.
NOTE: DATA statement used (Total process time):
      real time           0.00 seconds
      cpu time            0.01 seconds
      

11608  proc datasets lib=work nolist;
11609  modify Category(type=PROFIT label=Category);
11610  label DECISION1= 'TEACHER';
11611  label DECISION2= 'SALES';
11612  label DECISION3= 'OTHER';
11613  label DECISION4= 'INFORMATION-TECHNOLOGY';
11614  label DECISION5= 'HR';
11615  label DECISION6= 'HEALTHCARE';
11616  label DECISION7= 'FITNESS';
11617  label DECISION8= 'DIGITAL-MEDIA';
11618  label DECISION9= 'DESIGNER';
11619  label DECISION10= 'CONSULTANT';
11620  label DECISION11= 'BUSINESS-DEVELOPMENT';
11621  label DECISION12= 'ADVOCATE';
11622  run;

NOTE: MODIFY was successful for WORK.CATEGORY.DATA.
11623  quit;

NOTE: PROCEDURE DATASETS used (Total process time):
      real time           0.00 seconds
      cpu time            0.00 seconds
      

11624  data EM_DMREG / view=EM_DMREG;
11625  set EMWS3.TextCluster9_TRAIN(keep=
11626  Category TextCluster9_SVD1 TextCluster9_SVD10 TextCluster9_SVD11
11627  TextCluster9_SVD12 TextCluster9_SVD13 TextCluster9_SVD14 TextCluster9_SVD15
11628  TextCluster9_SVD16 TextCluster9_SVD17 TextCluster9_SVD18 TextCluster9_SVD19
11629  TextCluster9_SVD2 TextCluster9_SVD20 TextCluster9_SVD21 TextCluster9_SVD22
11630  TextCluster9_SVD23 TextCluster9_SVD24 TextCluster9_SVD25 TextCluster9_SVD26
11631  TextCluster9_SVD27 TextCluster9_SVD28 TextCluster9_SVD29 TextCluster9_SVD3
11632  TextCluster9_SVD30 TextCluster9_SVD31 TextCluster9_SVD32 TextCluster9_SVD33
11633  TextCluster9_SVD4 TextCluster9_SVD5 TextCluster9_SVD6 TextCluster9_SVD7
11634  TextCluster9_SVD8 TextCluster9_SVD9 );
11635  run;

NOTE: DATA STEP view saved on file WORK.EM_DMREG.
NOTE: A stored DATA STEP view cannot run under a different operating system.
NOTE: DATA statement used (Total process time):
      real time           0.00 seconds
      cpu time            0.01 seconds
      

11636  *------------------------------------------------------------* ;
11637  * Reg9: DMDBClass Macro ;
11638  *------------------------------------------------------------* ;
11639  %macro DMDBClass;
11640      Category(DESC)
11641  %mend DMDBClass;
11642  *------------------------------------------------------------* ;
11643  * Reg9: DMDBVar Macro ;
11644  *------------------------------------------------------------* ;
11645  %macro DMDBVar;
11646      TextCluster9_SVD1 TextCluster9_SVD10 TextCluster9_SVD11 TextCluster9_SVD12
11647     TextCluster9_SVD13 TextCluster9_SVD14 TextCluster9_SVD15 TextCluster9_SVD16
11648     TextCluster9_SVD17 TextCluster9_SVD18 TextCluster9_SVD19 TextCluster9_SVD2
11649     TextCluster9_SVD20 TextCluster9_SVD21 TextCluster9_SVD22 TextCluster9_SVD23
11650     TextCluster9_SVD24 TextCluster9_SVD25 TextCluster9_SVD26 TextCluster9_SVD27
11651     TextCluster9_SVD28 TextCluster9_SVD29 TextCluster9_SVD3 TextCluster9_SVD30
11652     TextCluster9_SVD31 TextCluster9_SVD32 TextCluster9_SVD33 TextCluster9_SVD4
11653     TextCluster9_SVD5 TextCluster9_SVD6 TextCluster9_SVD7 TextCluster9_SVD8
11654     TextCluster9_SVD9
11655  %mend DMDBVar;
11656  *------------------------------------------------------------*;
11657  * Reg9: Create DMDB;
11658  *------------------------------------------------------------*;
11659  proc dmdb batch data=WORK.EM_DMREG
11660  dmdbcat=WORK.Reg9_DMDB
11661  maxlevel = 513
11662  ;
11663  class %DMDBClass;
11664  var %DMDBVar;
11665  target
11666  Category
11667  ;
11668  run;

NOTE: Records processed = 674   Memory used = 511K.
NOTE: View WORK.EM_DMREG.VIEW used (Total process time):
      real time           0.04 seconds
      cpu time            0.04 seconds
      
NOTE: There were 674 observations read from the data set EMWS3.TEXTCLUSTER9_TRAIN.
NOTE: There were 674 observations read from the data set WORK.EM_DMREG.
NOTE: PROCEDURE DMDB used (Total process time):
      real time           0.05 seconds
      cpu time            0.04 seconds
      

11669  quit;
11670  *--- end code ---*;

11671  *------------------------------------------------------------*;
11672  * Reg9: Run DMREG procedure;
11673  *------------------------------------------------------------*;
11674  proc dmreg data=EM_DMREG dmdbcat=WORK.Reg9_DMDB
11675  validata = EMWS3.TextCluster9_VALIDATE
11676  outest = EMWS3.Reg9_EMESTIMATE
11677  outterms = EMWS3.Reg9_OUTTERMS
11678  outmap= EMWS3.Reg9_MAPDS namelen=200
11679  ;
11680  class
11681  Category
11682  ;
11683  model Category =
11684  TextCluster9_SVD1
11685  TextCluster9_SVD10
11686  TextCluster9_SVD11
11687  TextCluster9_SVD12
11688  TextCluster9_SVD13
11689  TextCluster9_SVD14
11690  TextCluster9_SVD15
11691  TextCluster9_SVD16
11692  TextCluster9_SVD17
11693  TextCluster9_SVD18
11694  TextCluster9_SVD19
11695  TextCluster9_SVD2
11696  TextCluster9_SVD20
11697  TextCluster9_SVD21
11698  TextCluster9_SVD22
11699  TextCluster9_SVD23
11700  TextCluster9_SVD24
11701  TextCluster9_SVD25
11702  TextCluster9_SVD26
11703  TextCluster9_SVD27
11704  TextCluster9_SVD28
11705  TextCluster9_SVD29
11706  TextCluster9_SVD3
11707  TextCluster9_SVD30
11708  TextCluster9_SVD31
11709  TextCluster9_SVD32
11710  TextCluster9_SVD33
11711  TextCluster9_SVD4
11712  TextCluster9_SVD5
11713  TextCluster9_SVD6
11714  TextCluster9_SVD7
11715  TextCluster9_SVD8
11716  TextCluster9_SVD9
11717  /level=nominal
11718  coding=DEVIATION
11719  nodesignprint
11720  selection=STEPWISE choose=VERROR
11721  Hierarchy=CLASS
11722  Rule=NONE
11723  ;
11724  ;
11725  score data=EMWS3.TextCluster9_TEST
11726  out=_null_
11727  outfit=EMWS3.Reg9_FITTEST
11728  role = TEST
11729  ;
11730  code file="C:\Users\lahar\OneDrive\Desktop\Data Mining\Resume\Workspaces\EMWS3\Reg9\EMPUBLISHSCORE.sas"
11731  group=Reg9
11732  ;
11733  code file="C:\Users\lahar\OneDrive\Desktop\Data Mining\Resume\Workspaces\EMWS3\Reg9\EMFLOWSCORE.sas"
11734  group=Reg9
11735  residual
11736  ;
11737  run;

NOTE: Convergence criterion (ABSGCONV=0.00001) satisfied.
NOTE: Convergence criterion (GCONV=1E-6) satisfied.
NOTE: Convergence criterion (GCONV=1E-6) satisfied.
NOTE: Convergence criterion (FCONV=0.0001) satisfied.
NOTE: At least one element of the gradient is greater than 1e-3.
NOTE: Convergence criterion (FCONV=0.0001) satisfied.
NOTE: At least one element of the gradient is greater than 1e-3.
NOTE: Convergence criterion (FCONV=0.0001) satisfied.
NOTE: At least one element of the gradient is greater than 1e-3.
NOTE: Convergence criterion (FCONV=0.0001) satisfied.
NOTE: At least one element of the gradient is greater than 1e-3.
NOTE: Convergence criterion (FCONV=0.0001) satisfied.
NOTE: At least one element of the gradient is greater than 1e-3.
NOTE: Convergence criterion (FCONV=0.0001) satisfied.
NOTE: At least one element of the gradient is greater than 1e-3.
NOTE: Convergence criterion (FCONV=0.0001) satisfied.
NOTE: At least one element of the gradient is greater than 1e-3.
NOTE: Convergence criterion (FCONV=0.0001) satisfied.
NOTE: At least one element of the gradient is greater than 1e-3.
NOTE: Convergence criterion (FCONV=0.0001) satisfied.
NOTE: At least one element of the gradient is greater than 1e-3.
NOTE: Convergence criterion (FCONV=0.0001) satisfied.
NOTE: At least one element of the gradient is greater than 1e-3.
NOTE: Convergence criterion (FCONV=0.0001) satisfied.
NOTE: At least one element of the gradient is greater than 1e-3.
NOTE: Convergence criterion (FCONV=0.0001) satisfied.
NOTE: At least one element of the gradient is greater than 1e-3.
NOTE: Convergence criterion (FCONV=0.0001) satisfied.
NOTE: At least one element of the gradient is greater than 1e-3.
NOTE: External file C:\Users\lahar\OneDrive\Desktop\Data Mining\Resume\Workspaces\EMWS3\Reg9\EMPUBLISHSCORE.sas opened.
NOTE: External file C:\Users\lahar\OneDrive\Desktop\Data Mining\Resume\Workspaces\EMWS3\Reg9\EMFLOWSCORE.sas opened.
NOTE: View WORK.EM_DMREG.VIEW used (Total process time):
      real time           3.18 seconds
      cpu time            1.76 seconds
      
NOTE: There were 674 observations read from the data set EMWS3.TEXTCLUSTER9_TRAIN.
NOTE: There were 674 observations read from the data set WORK.EM_DMREG.
NOTE: There were 405 observations read from the data set EMWS3.TEXTCLUSTER9_VALIDATE.
NOTE: There were 274 observations read from the data set EMWS3.TEXTCLUSTER9_TEST.
NOTE: The data set EMWS3.REG9_EMESTIMATE has 51 observations and 410 variables.
NOTE: The data set EMWS3.REG9_OUTTERMS has 99 observations and 6 variables.
NOTE: The data set EMWS3.REG9_MAPDS has 3 observations and 365 variables.
NOTE: The data set EMWS3.REG9_FITTEST has 16 observations and 15 variables.
NOTE: The PROCEDURE DMREG printed pages 4-20.
NOTE: PROCEDURE DMREG used (Total process time):
      real time           3.20 seconds
      cpu time            1.78 seconds
      

11738  quit;

11739  proc datasets lib=WORK nolist;
11740  delete Reg9_DMDB;
11741  run;

NOTE: The file WORK.REG9_DMDB (memtype=DATA) was not found, but appears on a DELETE statement.
11742  quit;

NOTE: PROCEDURE DATASETS used (Total process time):
      real time           0.00 seconds
      cpu time            0.00 seconds
      

11743  proc datasets lib=WORK nolist;
11744  delete Reg9_DMDB / memtype=catalog;
11745  run;

NOTE: Deleting WORK.REG9_DMDB (memtype=CATALOG).
11746  quit;

NOTE: PROCEDURE DATASETS used (Total process time):
      real time           0.00 seconds
      cpu time            0.00 seconds
      

11747  data WORK.ESTIMATE;
11748  length _NAME_ $32;
11749  set EMWS3.Reg9_EMESTIMATE;
11750  drop _AIC_--_VMISC_
11751  ;
11752  where _CHOSEN_ ne '' and _TYPE_ in('PARMS', 'T', 'P');
11753  drop _STEP_ _CHOSEN_;
11754  select(_TYPE_);
11755  when('PARMS') _NAME_='Coefficient';
11756  when('T') _NAME_='tValue';
11757  when('P') _NAME_='PValue';
11758  otherwise;
11759  end;
11760  run;

NOTE: There were 3 observations read from the data set EMWS3.REG9_EMESTIMATE.
      WHERE (_CHOSEN_ not = ' ') and _TYPE_ in ('P', 'PARMS', 'T');
NOTE: The data set WORK.ESTIMATE has 3 observations and 376 variables.
NOTE: DATA statement used (Total process time):
      real time           0.00 seconds
      cpu time            0.00 seconds
      

11761  proc transpose data=WORK.ESTIMATE out=WORK.ESTIMATE(rename=(_NAME_=Effect));
11762  run;

NOTE: There were 3 observations read from the data set WORK.ESTIMATE.
NOTE: The data set WORK.ESTIMATE has 374 observations and 5 variables.
NOTE: PROCEDURE TRANSPOSE used (Total process time):
      real time           0.02 seconds
      cpu time            0.00 seconds
      

11763  proc transpose data=EMWS3.Reg9_MAPDS out=WORK.MAP(rename=(_NAME_=Effect INPUT=Variable
11764  TARGET=TargetLevel
11765  ));
11766  var 'TextCluster9_SVD1_TEACHER'n--'TextCluster9_SVD9_BUSINESS_DEVEL'n;
11767  run;

NOTE: There were 3 observations read from the data set EMWS3.REG9_MAPDS.
NOTE: The data set WORK.MAP has 363 observations and 5 variables.
NOTE: PROCEDURE TRANSPOSE used (Total process time):
      real time           0.01 seconds
      cpu time            0.01 seconds
      

11768  proc sort data=WORK.MAP;
11769  by Effect;
11770  run;

NOTE: There were 363 observations read from the data set WORK.MAP.
NOTE: The data set WORK.MAP has 363 observations and 5 variables.
NOTE: PROCEDURE SORT used (Total process time):
      real time           0.01 seconds
      cpu time            0.00 seconds
      

11771  proc sort data=WORK.ESTIMATE;
11772  by Effect;
11773  run;

NOTE: There were 374 observations read from the data set WORK.ESTIMATE.
NOTE: The data set WORK.ESTIMATE has 374 observations and 5 variables.
NOTE: PROCEDURE SORT used (Total process time):
      real time           0.00 seconds
      cpu time            0.00 seconds
      

11774  data EMWS3.Reg9_EFFECTS(rename=(_LABEL_=EffectLabel));
11775  length Variable ClassLevel $32;
11776  merge WORK.ESTIMATE WORK.MAP;
11777  by Effect;
11778  label Effect = "%sysfunc(sasmsg(sashelp.dmine, rpt_effect_vlabel, NOQUOTE))" Variable = "%sysfunc(sasmsg(sashelp.dmine, rpt_variable_vlabel, NOQUOTE))" Sign = "%sysfunc(sasmsg(sashelp.dmine, rpt_sign_vlabel, NOQUOTE))" ClassLevel =
11779     "%sysfunc(sasmsg(sashelp.dmine, rpt_level_vlabel, NOQUOTE))" Abscoefficient = "%sysfunc(sasmsg(sashelp.dmine, rpt_abscoefficient_vlabel, NOQUOTE))" Coefficient = "%sysfunc(sasmsg(sashelp.dmine, rpt_coefficient_vlabel, NOQUOTE))" _LABEL_ =
11780     "%sysfunc(sasmsg(sashelp.dmine, rpt_effectLabel_vlabel, NOQUOTE))" CODE = "%sysfunc(sasmsg(sashelp.dmine, rpt_scorecodevar_vlabel, NOQUOTE))";
11781  label tvalue = "%sysfunc(sasmsg(sashelp.dmine, rpt_tvalue_vlabel,         NOQUOTE))" abstvalue = "%sysfunc(sasmsg(sashelp.dmine, rpt_absoluteTvalue_vlabel, NOQUOTE))" PValue = "%sysfunc(sasmsg(sashelp.dmine, rpt_pvalue_vlabel,         NOQUOTE))";
11782  abstvalue = abs(tValue);
11783  drop pos;
11784  length TargetLevel $32;
WARNING: Length of character variable TargetLevel has already been set. Use the LENGTH statement as the very first statement in the DATA STEP to declare the length of a character variable.
11785  label TargetLevel = "%sysfunc(sasmsg(sashelp.dmine, rpt_targetLevel_vlabel, NOQUOTE))";
11786  if index(Effect, 'Intercept') then do;
11787  variable = 'Intercept';
11788  TargetLevel = scan(_LABEL_, 2, '=');
11789  end;
11790  if ^indexc(variable, '*') then do;
11791  if length(effect)>length(variable) then classlevel = substr(effect, length(variable)+1);
11792  pos = index(classlevel, '_'!!TargetLevel);
11793  if pos> 1 then classlevel = substr(classlevel, 1, pos-1);
11794  else classlevel = '';
11795  end;
11796  if Effect eq '' then Effect = Variable;
11797  if coefficient < 0 then sign = '-';
11798  else sign = '+';
11799  abscoefficient = abs(coefficient);
11800  if _LABEL_ = '' then _LABEL_ = Effect;
11801  if coefficient ne . then output;
11802  run;

NOTE: Missing values were generated as a result of performing an operation on missing values.
      Each place is given by: (Number of times) at (Line):(Column).
      275 at 11782:13   275 at 11799:18   
NOTE: There were 374 observations read from the data set WORK.ESTIMATE.
NOTE: There were 363 observations read from the data set WORK.MAP.
NOTE: The data set EMWS3.REG9_EFFECTS has 99 observations and 12 variables.
NOTE: DATA statement used (Total process time):
      real time           0.02 seconds
      cpu time            0.00 seconds
      

11803  proc sort data =EMWS3.Reg9_EFFECTS;
11804  by
11805  TargetLevel
11806  descending abstvalue;
11807  run;

NOTE: There were 99 observations read from the data set EMWS3.REG9_EFFECTS.
NOTE: The data set EMWS3.REG9_EFFECTS has 99 observations and 12 variables.
NOTE: PROCEDURE SORT used (Total process time):
      real time           0.01 seconds
      cpu time            0.01 seconds
      

11808  data EMWS3.Reg9_EFFECTS;
11809  set EMWS3.Reg9_EFFECTS;
11810  format TEffectNum 3.;
11811  label TEffectNum = "%sysfunc(sasmsg(sashelp.dmine, rpt_teffectnum_vlabel, NOQUOTE))";
11812  retain TEffectNum;
11813  by TargetLevel;
11814  if first.TargetLevel then TEffectNum =1;
11815  else TEffectNum + 1;
11816  run;

NOTE: There were 99 observations read from the data set EMWS3.REG9_EFFECTS.
NOTE: The data set EMWS3.REG9_EFFECTS has 99 observations and 13 variables.
NOTE: DATA statement used (Total process time):
      real time           0.01 seconds
      cpu time            0.00 seconds
      

11817  proc sort data =EMWS3.Reg9_EFFECTS;
11818  by
11819  TargetLevel
11820  descending absCoefficient;
11821  run;

NOTE: There were 99 observations read from the data set EMWS3.REG9_EFFECTS.
NOTE: The data set EMWS3.REG9_EFFECTS has 99 observations and 13 variables.
NOTE: PROCEDURE SORT used (Total process time):
      real time           0.01 seconds
      cpu time            0.00 seconds
      

11822  data EMWS3.Reg9_EFFECTS;
11823  set EMWS3.Reg9_EFFECTS;
11824  format EffectNum 3.;
11825  label EffectNum = "%sysfunc(sasmsg(sashelp.dmine, rpt_effectnum_vlabel, NOQUOTE))";
11826  retain EffectNum;
11827  by TargetLevel;
11828  if first.TargetLevel then EffectNum =1;
11829  else EffectNum + 1;
11830  run;

NOTE: There were 99 observations read from the data set EMWS3.REG9_EFFECTS.
NOTE: The data set EMWS3.REG9_EFFECTS has 99 observations and 14 variables.
NOTE: DATA statement used (Total process time):
      real time           0.01 seconds
      cpu time            0.00 seconds
      

11831  proc transpose data=EMWS3.Reg9_EMESTIMATE out=EMWS3.Reg9_ESTIMATEGRID(rename=(PARMS=Coefficient T=TValue _NAME_=Effect _LABEL_=EffectLabel));
11832  where _CHOSEN_ eq '' and _TYPE_ in('PARMS', 'T', 'P');
11833  var 'TextCluster9_SVD1_TEACHER'n--'TextCluster9_SVD9_BUSINESS_DEVEL'n;
11834  by _STEP_;
11835  id _TYPE_;
11836  run;

NOTE: There were 48 observations read from the data set EMWS3.REG9_EMESTIMATE.
      WHERE (_CHOSEN_=' ') and _TYPE_ in ('P', 'PARMS', 'T');
NOTE: The data set EMWS3.REG9_ESTIMATEGRID has 5808 observations and 6 variables.
NOTE: PROCEDURE TRANSPOSE used (Total process time):
      real time           0.02 seconds
      cpu time            0.00 seconds
      

11837  proc transpose data=EMWS3.Reg9_MAPDS out=WORK.MAP(rename=(_NAME_=Effect INPUT=Variable
11838  TARGET=TargetLevel
11839  ));
11840  var 'TextCluster9_SVD1_TEACHER'n--'TextCluster9_SVD9_BUSINESS_DEVEL'n;
11841  run;

NOTE: There were 3 observations read from the data set EMWS3.REG9_MAPDS.
NOTE: The data set WORK.MAP has 363 observations and 5 variables.
NOTE: PROCEDURE TRANSPOSE used (Total process time):
      real time           0.01 seconds
      cpu time            0.00 seconds
      

11842  proc sort data=WORK.MAP;
11843  by Effect;
11844  run;

NOTE: There were 363 observations read from the data set WORK.MAP.
NOTE: The data set WORK.MAP has 363 observations and 5 variables.
NOTE: PROCEDURE SORT used (Total process time):
      real time           0.01 seconds
      cpu time            0.00 seconds
      

11845  proc sort data=EMWS3.Reg9_ESTIMATEGRID out=WORK.ESTIMATE;
11846  by Effect;
11847  run;

NOTE: There were 5808 observations read from the data set EMWS3.REG9_ESTIMATEGRID.
NOTE: The data set WORK.ESTIMATE has 5808 observations and 6 variables.
NOTE: PROCEDURE SORT used (Total process time):
      real time           0.00 seconds
      cpu time            0.01 seconds
      

11848  data EMWS3.Reg9_ESTIMATEGRID(rename=(_LABEL_=EffectLabel));
11849  merge WORK.ESTIMATE WORK.MAP;
11850  by Effect;
11851  run;

WARNING: Variable _LABEL_ cannot be renamed to EffectLabel because EffectLabel already exists.
NOTE: There were 5808 observations read from the data set WORK.ESTIMATE.
NOTE: There were 363 observations read from the data set WORK.MAP.
NOTE: The data set EMWS3.REG9_ESTIMATEGRID has 5808 observations and 10 variables.
NOTE: DATA statement used (Total process time):
      real time           0.01 seconds
      cpu time            0.00 seconds
      

11852  data EMWS3.Reg9_ESTIMATEGRID;
11853  set EMWS3.Reg9_ESTIMATEGRID;
11854  if EffectLabel eq '' then EffectLabel = Effect;
11855  label EffectLabel = "%sysfunc(sasmsg(sashelp.dmine, rpt_effectLabel_vlabel, NOQUOTE))" Effect = "%sysfunc(sasmsg(sashelp.dmine, rpt_effect_vlabel, NOQUOTE))" Abscoefficient = "%sysfunc(sasmsg(sashelp.dmine, rpt_abscoefficient_vlabel, NOQUOTE))"
11856     Coefficient = "%sysfunc(sasmsg(sashelp.dmine, rpt_coefficient_vlabel, NOQUOTE))" tvalue = "%sysfunc(sasmsg(sashelp.dmine, rpt_tvalue_vlabel,         NOQUOTE))" abstvalue = "%sysfunc(sasmsg(sashelp.dmine, rpt_absoluteTvalue_vlabel, NOQUOTE))"
11856! PValue =
11857     "%sysfunc(sasmsg(sashelp.dmine, rpt_pvalue_vlabel,         NOQUOTE))";
11858  AbsCoefficient = abs(Coefficient);
11859  AbsTValue = abs(TValue);
11860  where coefficient ne .;
11861  run;

NOTE: Variable PValue is uninitialized.
NOTE: There were 1232 observations read from the data set EMWS3.REG9_ESTIMATEGRID.
      WHERE coefficient not = .;
NOTE: The data set EMWS3.REG9_ESTIMATEGRID has 1232 observations and 12 variables.
NOTE: DATA statement used (Total process time):
      real time           0.02 seconds
      cpu time            0.00 seconds
      

