*------------------------------------------------------------*
* Training Log
Date:                November 23, 2023
Time:                22:13:48
*------------------------------------------------------------*
11433  proc freq data=EMWS3.Reg5_VariableSet noprint;
11434  table ROLE*LEVEL/out=WORK.Reg5META;
11435  run;

NOTE: There were 107 observations read from the data set EMWS3.REG5_VARIABLESET.
NOTE: The data set WORK.REG5META has 3 observations and 4 variables.
NOTE: PROCEDURE FREQ used (Total process time):
      real time           0.05 seconds
      cpu time            0.00 seconds
      

11436  proc print data=WORK.Reg5META label noobs;
11437  var ROLE LEVEL COUNT;
11438  label ROLE = "%sysfunc(sasmsg(sashelp.dmine, meta_role_vlabel, NOQUOTE))" LEVEL = "%sysfunc(sasmsg(sashelp.dmine, meta_level_vlabel, NOQUOTE))" COUNT = "%sysfunc(sasmsg(sashelp.dmine, rpt_count_vlabel, NOQUOTE))";
11439  title9 ' ';
11440  title10 "%sysfunc(sasmsg(sashelp.dmine, rpt_varSummary_title  , NOQUOTE))";
11441  run;

NOTE: There were 3 observations read from the data set WORK.REG5META.
NOTE: The PROCEDURE PRINT printed page 1.
NOTE: PROCEDURE PRINT used (Total process time):
      real time           0.01 seconds
      cpu time            0.00 seconds
      

11442  title10;

11443  %let EMNORLEN = %DMNORLEN;
EMWS3.TextCluster8_TRAIN EMWS3.TextCluster8_TRAIN 
EMWS3.TextCluster8_TRAIN EMWS3.TextCluster8_TRAIN EMWS3 TextCluster8_TRAIN 
EMWS3.TextCluster8_TRAIN EMWS3.TextCluster8_TRAIN 
EMWS3.TextCluster8_TRAIN EMWS3.TextCluster8_TRAIN EMWS3 TextCluster8_TRAIN 
Executing  SASHELP.EMCORE.EMINFOITERATOR.SCL _INIT >> 
Executing  SASHELP.EMCORE.EMINFOITERATOR.SCL setMetaData >> 
Executing  SASHELP.EMCORE.EMINFOITERATOR.SCL next >> 
Executing  SASHELP.EMCORE.EMINFOITERATOR.SCL setMetaData >> 
Executing  SASHELP.EMCORE.EMINFOITERATOR.SCL next >> 
Executing  SASHELP.EMCORE.EMINFOITERATOR.SCL _term >> 
11490  data WORK.Reg5_EVENT(KEEP=VARIABLE LABEL LEVEL EVENT NUMLEVELS ORDER);
11491  length ORDER $20;
11492  label VARIABLE = "%sysfunc(sasmsg(sashelp.dmine, rpt_target_vlabel,  NOQUOTE))" EVENT = "%sysfunc(sasmsg(sashelp.dmine, assmt_event_vlabel, NOQUOTE))" NUMLEVELS = "%sysfunc(sasmsg(sashelp.dmine, rpt_numcat_vlabel, NOQUOTE))" LEVEL =
11493     "%sysfunc(sasmsg(sashelp.dmine, meta_level_vlabel, NOQUOTE))" ORDER = "%sysfunc(sasmsg(sashelp.dmine, meta_order_vlabel, NOQUOTE))" LABEL = "%sysfunc(sasmsg(sashelp.dmine, meta_label_vlabel, NOQUOTE))";
11494  set EMWS3.REG5_CATEGORY_DM( where=(_TYPE_="TARGET"));
11495  NumLevels=12;
11496  select(upcase(ORDER));
11497  when('DESC') ORDER = 'Descending';
11498  when('ASC') ORDER = 'Ascending';
11499  when('FMTDESC') ORDER = 'Formatted Descending';
11500  when('FMTASC') ORDER = 'Formatted Ascending';
11501  otherwise ORDER = 'Descending';
11502  end;
11503  output;
11504  run;

NOTE: There were 1 observations read from the data set EMWS3.REG5_CATEGORY_DM.
      WHERE _TYPE_='TARGET';
NOTE: The data set WORK.REG5_EVENT has 1 observations and 6 variables.
NOTE: DATA statement used (Total process time):
      real time           0.01 seconds
      cpu time            0.00 seconds
      

11505  title9 ' ';
11506  proc print data=WORK.Reg5_EVENT noobs label;
11507  var VARIABLE EVENT LEVEL NUMLEVELS ORDER LABEL;
11508  title9 ' ';
11509  title10 "%sysfunc(sasmsg(sashelp.dmine, rpt_modelEvent_title  , NOQUOTE))";
11510  run;

NOTE: There were 1 observations read from the data set WORK.REG5_EVENT.
NOTE: The PROCEDURE PRINT printed page 2.
NOTE: PROCEDURE PRINT used (Total process time):
      real time           0.01 seconds
      cpu time            0.00 seconds
      

11511  title10;

"No decisions defined for target "Category"." 
11512  proc print data = EMWS3.Reg5_Category_DM noobs label;
11513  var _type_ variable label;
11514  where _type_ ^in('MATRIX', 'DECISION', 'TRAINPRIOR', 'DATAPRIOR', 'DECPRIOR');
11515  label _TYPE_ = "%sysfunc(sasmsg(sashelp.dmine, rpt_type_vlabel,     NOQUOTE))" VARIABLE = "%sysfunc(sasmsg(sashelp.dmine, rpt_variable_vlabel, NOQUOTE))" LABEL = "%sysfunc(sasmsg(sashelp.dmine, meta_label_vlabel, NOQUOTE))";
11516  title9 ' ';
11517  title10 "%sysfunc(sasmsg(sashelp.dmine, rpt_predDecVars_title  , NOQUOTE))";
11518  run;

NOTE: There were 27 observations read from the data set EMWS3.REG5_CATEGORY_DM.
      WHERE _type_ not in ('DATAPRIOR', 'DECISION', 'DECPRIOR', 'MATRIX', 'TRAINPRIOR');
NOTE: The PROCEDURE PRINT printed page 3.
NOTE: PROCEDURE PRINT used (Total process time):
      real time           0.00 seconds
      cpu time            0.00 seconds
      

11519  title10;

11529  data WORK.M0I6RNGD;
11530  set WORK.M0I6RNGD end=eof;
11531  output;
11532  if eof then do;
11533  NAME="";
11534  ROLE="COST";
11535  LEVEL="INTERVAL";
11536  TYPE="N";
11537  output;
11538  end;
11539  run;

NOTE: There were 101 observations read from the data set WORK.M0I6RNGD.
NOTE: The data set WORK.M0I6RNGD has 102 observations and 21 variables.
NOTE: DATA statement used (Total process time):
      real time           0.00 seconds
      cpu time            0.00 seconds
      

NOTE: There were 12 observations read from the data set EMWS3.REG5_CATEGORY_DD.
NOTE: The data set WORK.CATEGORY has 12 observations and 17 variables.
NOTE: There were 12 observations read from the data set EMWS3.REG5_CATEGORY_DD.
NOTE: The data set WORK.CATEGORY has 12 observations and 17 variables.
11540  *------------------------------------------------------------*;
11541  * Reg5: Create decision matrix;
11542  *------------------------------------------------------------*;
11543  data WORK.Category;
11544    length   Category                         $  32
11545             COUNT                                8
11546             DATAPRIOR                            8
11547             TRAINPRIOR                           8
11548             DECPRIOR                             8
11549             DECISION1                            8
11550             DECISION2                            8
11551             DECISION3                            8
11552             DECISION4                            8
11553             DECISION5                            8
11554             DECISION6                            8
11555             DECISION7                            8
11556             DECISION8                            8
11557             DECISION9                            8
11558             DECISION10                           8
11559             DECISION11                           8
11560             DECISION12                           8
11561             ;
11562  
11563    label    COUNT="Level Counts"
11564             DATAPRIOR="Data Proportions"
11565             TRAINPRIOR="Training Proportions"
11566             DECPRIOR="Decision Priors"
11567             DECISION1="TEACHER"
11568             DECISION2="SALES"
11569             DECISION3="OTHER"
11570             DECISION4="INFORMATION-TECHNOLOGY"
11571             DECISION5="HR"
11572             DECISION6="HEALTHCARE"
11573             DECISION7="FITNESS"
11574             DECISION8="DIGITAL-MEDIA"
11575             DECISION9="DESIGNER"
11576             DECISION10="CONSULTANT"
11577             DECISION11="BUSINESS-DEVELOPMENT"
11578             DECISION12="ADVOCATE"
11579             ;
11580    format   COUNT 10.
11581             ;
11582  Category="TEACHER"; COUNT=50; DATAPRIOR=0.0741839763; TRAINPRIOR=0.07418397626112; DECPRIOR=.; DECISION1=1; DECISION2=0; DECISION3=0; DECISION4=0; DECISION5=0; DECISION6=0; DECISION7=0; DECISION8=0; DECISION9=0; DECISION10=0; DECISION11=0;
11582! DECISION12=0;
11583  output;
11584  Category="SALES"; COUNT=58; DATAPRIOR=0.0860534125; TRAINPRIOR=0.0860534124629; DECPRIOR=.; DECISION1=0; DECISION2=1; DECISION3=0; DECISION4=0; DECISION5=0; DECISION6=0; DECISION7=0; DECISION8=0; DECISION9=0; DECISION10=0; DECISION11=0; DECISION12=0
11584! ;
11585  output;
11586  Category="OTHER"; COUNT=63; DATAPRIOR=0.0934718101; TRAINPRIOR=0.09347181008902; DECPRIOR=.; DECISION1=0; DECISION2=0; DECISION3=1; DECISION4=0; DECISION5=0; DECISION6=0; DECISION7=0; DECISION8=0; DECISION9=0; DECISION10=0; DECISION11=0;
11586! DECISION12=0;
11587  output;
11588  Category="INFORMATION-TECHNOLOGY"; COUNT=59; DATAPRIOR=0.087537092; TRAINPRIOR=0.08753709198813; DECPRIOR=.; DECISION1=0; DECISION2=0; DECISION3=0; DECISION4=1; DECISION5=0; DECISION6=0; DECISION7=0; DECISION8=0; DECISION9=0; DECISION10=0;
11588! DECISION11=0; DECISION12=0;
11589  output;
11590  Category="HR"; COUNT=55; DATAPRIOR=0.0816023739; TRAINPRIOR=0.08160237388724; DECPRIOR=.; DECISION1=0; DECISION2=0; DECISION3=0; DECISION4=0; DECISION5=1; DECISION6=0; DECISION7=0; DECISION8=0; DECISION9=0; DECISION10=0; DECISION11=0; DECISION12=0;
11591  output;
11592  Category="HEALTHCARE"; COUNT=57; DATAPRIOR=0.0845697329; TRAINPRIOR=0.08456973293768; DECPRIOR=.; DECISION1=0; DECISION2=0; DECISION3=0; DECISION4=0; DECISION5=0; DECISION6=1; DECISION7=0; DECISION8=0; DECISION9=0; DECISION10=0; DECISION11=0;
11592! DECISION12=0;
11593  output;
11594  Category="FITNESS"; COUNT=58; DATAPRIOR=0.0860534125; TRAINPRIOR=0.0860534124629; DECPRIOR=.; DECISION1=0; DECISION2=0; DECISION3=0; DECISION4=0; DECISION5=0; DECISION6=0; DECISION7=1; DECISION8=0; DECISION9=0; DECISION10=0; DECISION11=0;
11594! DECISION12=0;
11595  output;
11596  Category="DIGITAL-MEDIA"; COUNT=47; DATAPRIOR=0.0697329377; TRAINPRIOR=0.06973293768545; DECPRIOR=.; DECISION1=0; DECISION2=0; DECISION3=0; DECISION4=0; DECISION5=0; DECISION6=0; DECISION7=0; DECISION8=1; DECISION9=0; DECISION10=0; DECISION11=0;
11596! DECISION12=0;
11597  output;
11598  Category="DESIGNER"; COUNT=53; DATAPRIOR=0.0786350148; TRAINPRIOR=0.07863501483679; DECPRIOR=.; DECISION1=0; DECISION2=0; DECISION3=0; DECISION4=0; DECISION5=0; DECISION6=0; DECISION7=0; DECISION8=0; DECISION9=1; DECISION10=0; DECISION11=0;
11598! DECISION12=0;
11599  output;
11600  Category="CONSULTANT"; COUNT=57; DATAPRIOR=0.0845697329; TRAINPRIOR=0.08456973293768; DECPRIOR=.; DECISION1=0; DECISION2=0; DECISION3=0; DECISION4=0; DECISION5=0; DECISION6=0; DECISION7=0; DECISION8=0; DECISION9=0; DECISION10=1; DECISION11=0;
11600! DECISION12=0;
11601  output;
11602  Category="BUSINESS-DEVELOPMENT"; COUNT=60; DATAPRIOR=0.0890207715; TRAINPRIOR=0.08902077151335; DECPRIOR=.; DECISION1=0; DECISION2=0; DECISION3=0; DECISION4=0; DECISION5=0; DECISION6=0; DECISION7=0; DECISION8=0; DECISION9=0; DECISION10=0;
11602! DECISION11=1; DECISION12=0;
11603  output;
11604  Category="ADVOCATE"; COUNT=57; DATAPRIOR=0.0845697329; TRAINPRIOR=0.08456973293768; DECPRIOR=.; DECISION1=0; DECISION2=0; DECISION3=0; DECISION4=0; DECISION5=0; DECISION6=0; DECISION7=0; DECISION8=0; DECISION9=0; DECISION10=0; DECISION11=0;
11604! DECISION12=1;
11605  output;
11606  ;
11607  run;

NOTE: The data set WORK.CATEGORY has 12 observations and 17 variables.
NOTE: DATA statement used (Total process time):
      real time           0.00 seconds
      cpu time            0.00 seconds
      

11608  proc datasets lib=work nolist;
11609  modify Category(type=PROFIT label=Category);
11610  label DECISION1= 'TEACHER';
11611  label DECISION2= 'SALES';
11612  label DECISION3= 'OTHER';
11613  label DECISION4= 'INFORMATION-TECHNOLOGY';
11614  label DECISION5= 'HR';
11615  label DECISION6= 'HEALTHCARE';
11616  label DECISION7= 'FITNESS';
11617  label DECISION8= 'DIGITAL-MEDIA';
11618  label DECISION9= 'DESIGNER';
11619  label DECISION10= 'CONSULTANT';
11620  label DECISION11= 'BUSINESS-DEVELOPMENT';
11621  label DECISION12= 'ADVOCATE';
11622  run;

NOTE: MODIFY was successful for WORK.CATEGORY.DATA.
11623  quit;

NOTE: PROCEDURE DATASETS used (Total process time):
      real time           0.01 seconds
      cpu time            0.00 seconds
      

11624  data EM_DMREG / view=EM_DMREG;
11625  set EMWS3.TextCluster8_TRAIN(keep=
11626  Category TextCluster8_SVD1 TextCluster8_SVD10 TextCluster8_SVD100
11627  TextCluster8_SVD11 TextCluster8_SVD12 TextCluster8_SVD13 TextCluster8_SVD14
11628  TextCluster8_SVD15 TextCluster8_SVD16 TextCluster8_SVD17 TextCluster8_SVD18
11629  TextCluster8_SVD19 TextCluster8_SVD2 TextCluster8_SVD20 TextCluster8_SVD21
11630  TextCluster8_SVD22 TextCluster8_SVD23 TextCluster8_SVD24 TextCluster8_SVD25
11631  TextCluster8_SVD26 TextCluster8_SVD27 TextCluster8_SVD28 TextCluster8_SVD29
11632  TextCluster8_SVD3 TextCluster8_SVD30 TextCluster8_SVD31 TextCluster8_SVD32
11633  TextCluster8_SVD33 TextCluster8_SVD34 TextCluster8_SVD35 TextCluster8_SVD36
11634  TextCluster8_SVD37 TextCluster8_SVD38 TextCluster8_SVD39 TextCluster8_SVD4
11635  TextCluster8_SVD40 TextCluster8_SVD41 TextCluster8_SVD42 TextCluster8_SVD43
11636  TextCluster8_SVD44 TextCluster8_SVD45 TextCluster8_SVD46 TextCluster8_SVD47
11637  TextCluster8_SVD48 TextCluster8_SVD49 TextCluster8_SVD5 TextCluster8_SVD50
11638  TextCluster8_SVD51 TextCluster8_SVD52 TextCluster8_SVD53 TextCluster8_SVD54
11639  TextCluster8_SVD55 TextCluster8_SVD56 TextCluster8_SVD57 TextCluster8_SVD58
11640  TextCluster8_SVD59 TextCluster8_SVD6 TextCluster8_SVD60 TextCluster8_SVD61
11641  TextCluster8_SVD62 TextCluster8_SVD63 TextCluster8_SVD64 TextCluster8_SVD65
11642  TextCluster8_SVD66 TextCluster8_SVD67 TextCluster8_SVD68 TextCluster8_SVD69
11643  TextCluster8_SVD7 TextCluster8_SVD70 TextCluster8_SVD71 TextCluster8_SVD72
11644  TextCluster8_SVD73 TextCluster8_SVD74 TextCluster8_SVD75 TextCluster8_SVD76
11645  TextCluster8_SVD77 TextCluster8_SVD78 TextCluster8_SVD79 TextCluster8_SVD8
11646  TextCluster8_SVD80 TextCluster8_SVD81 TextCluster8_SVD82 TextCluster8_SVD83
11647  TextCluster8_SVD84 TextCluster8_SVD85 TextCluster8_SVD86 TextCluster8_SVD87
11648  TextCluster8_SVD88 TextCluster8_SVD89 TextCluster8_SVD9 TextCluster8_SVD90
11649  TextCluster8_SVD91 TextCluster8_SVD92 TextCluster8_SVD93 TextCluster8_SVD94
11650  TextCluster8_SVD95 TextCluster8_SVD96 TextCluster8_SVD97 TextCluster8_SVD98
11651  TextCluster8_SVD99 );
11652  run;

NOTE: DATA STEP view saved on file WORK.EM_DMREG.
NOTE: A stored DATA STEP view cannot run under a different operating system.
NOTE: DATA statement used (Total process time):
      real time           0.00 seconds
      cpu time            0.00 seconds
      

11653  *------------------------------------------------------------* ;
11654  * Reg5: DMDBClass Macro ;
11655  *------------------------------------------------------------* ;
11656  %macro DMDBClass;
11657      Category(DESC)
11658  %mend DMDBClass;
11659  *------------------------------------------------------------* ;
11660  * Reg5: DMDBVar Macro ;
11661  *------------------------------------------------------------* ;
11662  %macro DMDBVar;
11663      TextCluster8_SVD1 TextCluster8_SVD10 TextCluster8_SVD100 TextCluster8_SVD11
11664     TextCluster8_SVD12 TextCluster8_SVD13 TextCluster8_SVD14 TextCluster8_SVD15
11665     TextCluster8_SVD16 TextCluster8_SVD17 TextCluster8_SVD18 TextCluster8_SVD19
11666     TextCluster8_SVD2 TextCluster8_SVD20 TextCluster8_SVD21 TextCluster8_SVD22
11667     TextCluster8_SVD23 TextCluster8_SVD24 TextCluster8_SVD25 TextCluster8_SVD26
11668     TextCluster8_SVD27 TextCluster8_SVD28 TextCluster8_SVD29 TextCluster8_SVD3
11669     TextCluster8_SVD30 TextCluster8_SVD31 TextCluster8_SVD32 TextCluster8_SVD33
11670     TextCluster8_SVD34 TextCluster8_SVD35 TextCluster8_SVD36 TextCluster8_SVD37
11671     TextCluster8_SVD38 TextCluster8_SVD39 TextCluster8_SVD4 TextCluster8_SVD40
11672     TextCluster8_SVD41 TextCluster8_SVD42 TextCluster8_SVD43 TextCluster8_SVD44
11673     TextCluster8_SVD45 TextCluster8_SVD46 TextCluster8_SVD47 TextCluster8_SVD48
11674     TextCluster8_SVD49 TextCluster8_SVD5 TextCluster8_SVD50 TextCluster8_SVD51
11675     TextCluster8_SVD52 TextCluster8_SVD53 TextCluster8_SVD54 TextCluster8_SVD55
11676     TextCluster8_SVD56 TextCluster8_SVD57 TextCluster8_SVD58 TextCluster8_SVD59
11677     TextCluster8_SVD6 TextCluster8_SVD60 TextCluster8_SVD61 TextCluster8_SVD62
11678     TextCluster8_SVD63 TextCluster8_SVD64 TextCluster8_SVD65 TextCluster8_SVD66
11679     TextCluster8_SVD67 TextCluster8_SVD68 TextCluster8_SVD69 TextCluster8_SVD7
11680     TextCluster8_SVD70 TextCluster8_SVD71 TextCluster8_SVD72 TextCluster8_SVD73
11681     TextCluster8_SVD74 TextCluster8_SVD75 TextCluster8_SVD76 TextCluster8_SVD77
11682     TextCluster8_SVD78 TextCluster8_SVD79 TextCluster8_SVD8 TextCluster8_SVD80
11683     TextCluster8_SVD81 TextCluster8_SVD82 TextCluster8_SVD83 TextCluster8_SVD84
11684     TextCluster8_SVD85 TextCluster8_SVD86 TextCluster8_SVD87 TextCluster8_SVD88
11685     TextCluster8_SVD89 TextCluster8_SVD9 TextCluster8_SVD90 TextCluster8_SVD91
11686     TextCluster8_SVD92 TextCluster8_SVD93 TextCluster8_SVD94 TextCluster8_SVD95
11687     TextCluster8_SVD96 TextCluster8_SVD97 TextCluster8_SVD98 TextCluster8_SVD99
11688  %mend DMDBVar;
11689  *------------------------------------------------------------*;
11690  * Reg5: Create DMDB;
11691  *------------------------------------------------------------*;
11692  proc dmdb batch data=WORK.EM_DMREG
11693  dmdbcat=WORK.Reg5_DMDB
11694  maxlevel = 513
11695  ;
11696  class %DMDBClass;
11697  var %DMDBVar;
11698  target
11699  Category
11700  ;
11701  run;

NOTE: Records processed = 674   Memory used = 511K.
NOTE: View WORK.EM_DMREG.VIEW used (Total process time):
      real time           0.05 seconds
      cpu time            0.00 seconds
      
NOTE: There were 674 observations read from the data set EMWS3.TEXTCLUSTER8_TRAIN.
NOTE: There were 674 observations read from the data set WORK.EM_DMREG.
NOTE: PROCEDURE DMDB used (Total process time):
      real time           0.06 seconds
      cpu time            0.00 seconds
      

11702  quit;
11703  *--- end code ---*;

11704  *------------------------------------------------------------*;
11705  * Reg5: Run DMREG procedure;
11706  *------------------------------------------------------------*;
11707  proc dmreg data=EM_DMREG dmdbcat=WORK.Reg5_DMDB
11708  validata = EMWS3.TextCluster8_VALIDATE
11709  outest = EMWS3.Reg5_EMESTIMATE
11710  outterms = EMWS3.Reg5_OUTTERMS
11711  outmap= EMWS3.Reg5_MAPDS namelen=200
11712  ;
11713  class
11714  Category
11715  ;
11716  model Category =
11717  TextCluster8_SVD1
11718  TextCluster8_SVD10
11719  TextCluster8_SVD100
11720  TextCluster8_SVD11
11721  TextCluster8_SVD12
11722  TextCluster8_SVD13
11723  TextCluster8_SVD14
11724  TextCluster8_SVD15
11725  TextCluster8_SVD16
11726  TextCluster8_SVD17
11727  TextCluster8_SVD18
11728  TextCluster8_SVD19
11729  TextCluster8_SVD2
11730  TextCluster8_SVD20
11731  TextCluster8_SVD21
11732  TextCluster8_SVD22
11733  TextCluster8_SVD23
11734  TextCluster8_SVD24
11735  TextCluster8_SVD25
11736  TextCluster8_SVD26
11737  TextCluster8_SVD27
11738  TextCluster8_SVD28
11739  TextCluster8_SVD29
11740  TextCluster8_SVD3
11741  TextCluster8_SVD30
11742  TextCluster8_SVD31
11743  TextCluster8_SVD32
11744  TextCluster8_SVD33
11745  TextCluster8_SVD34
11746  TextCluster8_SVD35
11747  TextCluster8_SVD36
11748  TextCluster8_SVD37
11749  TextCluster8_SVD38
11750  TextCluster8_SVD39
11751  TextCluster8_SVD4
11752  TextCluster8_SVD40
11753  TextCluster8_SVD41
11754  TextCluster8_SVD42
11755  TextCluster8_SVD43
11756  TextCluster8_SVD44
11757  TextCluster8_SVD45
11758  TextCluster8_SVD46
11759  TextCluster8_SVD47
11760  TextCluster8_SVD48
11761  TextCluster8_SVD49
11762  TextCluster8_SVD5
11763  TextCluster8_SVD50
11764  TextCluster8_SVD51
11765  TextCluster8_SVD52
11766  TextCluster8_SVD53
11767  TextCluster8_SVD54
11768  TextCluster8_SVD55
11769  TextCluster8_SVD56
11770  TextCluster8_SVD57
11771  TextCluster8_SVD58
11772  TextCluster8_SVD59
11773  TextCluster8_SVD6
11774  TextCluster8_SVD60
11775  TextCluster8_SVD61
11776  TextCluster8_SVD62
11777  TextCluster8_SVD63
11778  TextCluster8_SVD64
11779  TextCluster8_SVD65
11780  TextCluster8_SVD66
11781  TextCluster8_SVD67
11782  TextCluster8_SVD68
11783  TextCluster8_SVD69
11784  TextCluster8_SVD7
11785  TextCluster8_SVD70
11786  TextCluster8_SVD71
11787  TextCluster8_SVD72
11788  TextCluster8_SVD73
11789  TextCluster8_SVD74
11790  TextCluster8_SVD75
11791  TextCluster8_SVD76
11792  TextCluster8_SVD77
11793  TextCluster8_SVD78
11794  TextCluster8_SVD79
11795  TextCluster8_SVD8
11796  TextCluster8_SVD80
11797  TextCluster8_SVD81
11798  TextCluster8_SVD82
11799  TextCluster8_SVD83
11800  TextCluster8_SVD84
11801  TextCluster8_SVD85
11802  TextCluster8_SVD86
11803  TextCluster8_SVD87
11804  TextCluster8_SVD88
11805  TextCluster8_SVD89
11806  TextCluster8_SVD9
11807  TextCluster8_SVD90
11808  TextCluster8_SVD91
11809  TextCluster8_SVD92
11810  TextCluster8_SVD93
11811  TextCluster8_SVD94
11812  TextCluster8_SVD95
11813  TextCluster8_SVD96
11814  TextCluster8_SVD97
11815  TextCluster8_SVD98
11816  TextCluster8_SVD99
11817  /level=nominal
11818  coding=DEVIATION
11819  nodesignprint
11820  selection=STEPWISE choose=VERROR
11821  Hierarchy=CLASS
11822  Rule=NONE
11823  ;
11824  ;
11825  score data=EMWS3.TextCluster8_TEST
11826  out=_null_
11827  outfit=EMWS3.Reg5_FITTEST
11828  role = TEST
11829  ;
11830  code file="C:\Users\lahar\OneDrive\Desktop\Data Mining\Resume\Workspaces\EMWS3\Reg5\EMPUBLISHSCORE.sas"
11831  group=Reg5
11832  ;
11833  code file="C:\Users\lahar\OneDrive\Desktop\Data Mining\Resume\Workspaces\EMWS3\Reg5\EMFLOWSCORE.sas"
11834  group=Reg5
11835  residual
11836  ;
11837  run;

NOTE: Convergence criterion (ABSGCONV=0.00001) satisfied.
NOTE: Convergence criterion (GCONV=1E-6) satisfied.
NOTE: Convergence criterion (GCONV=1E-6) satisfied.
NOTE: Convergence criterion (GCONV=1E-6) satisfied.
NOTE: At least one element of the gradient is greater than 1e-3.
NOTE: Convergence criterion (GCONV=1E-6) satisfied.
NOTE: At least one element of the gradient is greater than 1e-3.
NOTE: Convergence criterion (FCONV=0.0001) satisfied.
NOTE: At least one element of the gradient is greater than 1e-3.
NOTE: Convergence criterion (FCONV=0.0001) satisfied.
NOTE: At least one element of the gradient is greater than 1e-3.
NOTE: Convergence criterion (FCONV=0.0001) satisfied.
NOTE: At least one element of the gradient is greater than 1e-3.
NOTE: Convergence criterion (FCONV=0.0001) satisfied.
NOTE: At least one element of the gradient is greater than 1e-3.
NOTE: Convergence criterion (FCONV=0.0001) satisfied.
NOTE: At least one element of the gradient is greater than 1e-3.
NOTE: Convergence criterion (FCONV=0.0001) satisfied.
NOTE: At least one element of the gradient is greater than 1e-3.
NOTE: Convergence criterion (FCONV=0.0001) satisfied.
NOTE: At least one element of the gradient is greater than 1e-3.
NOTE: Convergence criterion (FCONV=0.0001) satisfied.
NOTE: At least one element of the gradient is greater than 1e-3.
NOTE: Convergence criterion (FCONV=0.0001) satisfied.
NOTE: At least one element of the gradient is greater than 1e-3.
NOTE: Convergence criterion (FCONV=0.0001) satisfied.
NOTE: At least one element of the gradient is greater than 1e-3.
NOTE: Convergence criterion (FCONV=0.0001) satisfied.
NOTE: At least one element of the gradient is greater than 1e-3.
NOTE: Convergence criterion (FCONV=0.0001) satisfied.
NOTE: At least one element of the gradient is greater than 1e-3.
NOTE: Convergence criterion (FCONV=0.0001) satisfied.
NOTE: At least one element of the gradient is greater than 1e-3.
NOTE: Convergence criterion (FCONV=0.0001) satisfied.
NOTE: At least one element of the gradient is greater than 1e-3.
NOTE: Convergence criterion (FCONV=0.0001) satisfied.
NOTE: At least one element of the gradient is greater than 1e-3.
NOTE: Convergence criterion (FCONV=0.0001) satisfied.
NOTE: At least one element of the gradient is greater than 1e-3.
NOTE: Convergence criterion (FCONV=0.0001) satisfied.
NOTE: At least one element of the gradient is greater than 1e-3.
NOTE: Convergence criterion (FCONV=0.0001) satisfied.
NOTE: At least one element of the gradient is greater than 1e-3.
NOTE: Convergence criterion (FCONV=0.0001) satisfied.
NOTE: At least one element of the gradient is greater than 1e-3.
NOTE: Convergence criterion (FCONV=0.0001) satisfied.
NOTE: At least one element of the gradient is greater than 1e-3.
NOTE: Convergence criterion (FCONV=0.0001) satisfied.
NOTE: At least one element of the gradient is greater than 1e-3.
NOTE: Convergence criterion (FCONV=0.0001) satisfied.
NOTE: At least one element of the gradient is greater than 1e-3.
NOTE: Convergence criterion (FCONV=0.0001) satisfied.
NOTE: At least one element of the gradient is greater than 1e-3.
NOTE: Convergence criterion (FCONV=0.0001) satisfied.
NOTE: At least one element of the gradient is greater than 1e-3.
NOTE: External file C:\Users\lahar\OneDrive\Desktop\Data Mining\Resume\Workspaces\EMWS3\Reg5\EMPUBLISHSCORE.sas opened.
NOTE: External file C:\Users\lahar\OneDrive\Desktop\Data Mining\Resume\Workspaces\EMWS3\Reg5\EMFLOWSCORE.sas opened.
NOTE: View WORK.EM_DMREG.VIEW used (Total process time):
      real time           44.38 seconds
      cpu time            29.73 seconds
      
NOTE: There were 674 observations read from the data set EMWS3.TEXTCLUSTER8_TRAIN.
NOTE: There were 674 observations read from the data set WORK.EM_DMREG.
NOTE: There were 405 observations read from the data set EMWS3.TEXTCLUSTER8_VALIDATE.
NOTE: There were 274 observations read from the data set EMWS3.TEXTCLUSTER8_TEST.
NOTE: The data set EMWS3.REG5_EMESTIMATE has 90 observations and 1147 variables.
NOTE: The data set EMWS3.REG5_OUTTERMS has 110 observations and 6 variables.
NOTE: The data set EMWS3.REG5_MAPDS has 3 observations and 1102 variables.
NOTE: The data set EMWS3.REG5_FITTEST has 29 observations and 15 variables.
NOTE: The PROCEDURE DMREG printed pages 4-34.
NOTE: PROCEDURE DMREG used (Total process time):
      real time           44.40 seconds
      cpu time            29.73 seconds
      

11838  quit;

11839  proc datasets lib=WORK nolist;
11840  delete Reg5_DMDB;
11841  run;

NOTE: The file WORK.REG5_DMDB (memtype=DATA) was not found, but appears on a DELETE statement.
11842  quit;

NOTE: PROCEDURE DATASETS used (Total process time):
      real time           0.00 seconds
      cpu time            0.00 seconds
      

11843  proc datasets lib=WORK nolist;
11844  delete Reg5_DMDB / memtype=catalog;
11845  run;

NOTE: Deleting WORK.REG5_DMDB (memtype=CATALOG).
11846  quit;

NOTE: PROCEDURE DATASETS used (Total process time):
      real time           0.00 seconds
      cpu time            0.01 seconds
      

11847  data WORK.ESTIMATE;
11848  length _NAME_ $32;
11849  set EMWS3.Reg5_EMESTIMATE;
11850  drop _AIC_--_VMISC_
11851  ;
11852  where _CHOSEN_ ne '' and _TYPE_ in('PARMS', 'T', 'P');
11853  drop _STEP_ _CHOSEN_;
11854  select(_TYPE_);
11855  when('PARMS') _NAME_='Coefficient';
11856  when('T') _NAME_='tValue';
11857  when('P') _NAME_='PValue';
11858  otherwise;
11859  end;
11860  run;

NOTE: There were 3 observations read from the data set EMWS3.REG5_EMESTIMATE.
      WHERE (_CHOSEN_ not = ' ') and _TYPE_ in ('P', 'PARMS', 'T');
NOTE: The data set WORK.ESTIMATE has 3 observations and 1113 variables.
NOTE: DATA statement used (Total process time):
      real time           0.00 seconds
      cpu time            0.00 seconds
      

11861  proc transpose data=WORK.ESTIMATE out=WORK.ESTIMATE(rename=(_NAME_=Effect));
11862  run;

NOTE: There were 3 observations read from the data set WORK.ESTIMATE.
NOTE: The data set WORK.ESTIMATE has 1111 observations and 5 variables.
NOTE: PROCEDURE TRANSPOSE used (Total process time):
      real time           0.02 seconds
      cpu time            0.00 seconds
      

11863  proc transpose data=EMWS3.Reg5_MAPDS out=WORK.MAP(rename=(_NAME_=Effect INPUT=Variable
11864  TARGET=TargetLevel
11865  ));
11866  var 'TextCluster8_SVD1_TEACHER'n--'TextCluster8_SVD99_BUSINESS_DEVE'n;
11867  run;

NOTE: There were 3 observations read from the data set EMWS3.REG5_MAPDS.
NOTE: The data set WORK.MAP has 1100 observations and 5 variables.
NOTE: PROCEDURE TRANSPOSE used (Total process time):
      real time           0.01 seconds
      cpu time            0.00 seconds
      

11868  proc sort data=WORK.MAP;
11869  by Effect;
11870  run;

NOTE: There were 1100 observations read from the data set WORK.MAP.
NOTE: The data set WORK.MAP has 1100 observations and 5 variables.
NOTE: PROCEDURE SORT used (Total process time):
      real time           0.01 seconds
      cpu time            0.00 seconds
      

11871  proc sort data=WORK.ESTIMATE;
11872  by Effect;
11873  run;

NOTE: There were 1111 observations read from the data set WORK.ESTIMATE.
NOTE: The data set WORK.ESTIMATE has 1111 observations and 5 variables.
NOTE: PROCEDURE SORT used (Total process time):
      real time           0.00 seconds
      cpu time            0.00 seconds
      

11874  data EMWS3.Reg5_EFFECTS(rename=(_LABEL_=EffectLabel));
11875  length Variable ClassLevel $32;
11876  merge WORK.ESTIMATE WORK.MAP;
11877  by Effect;
11878  label Effect = "%sysfunc(sasmsg(sashelp.dmine, rpt_effect_vlabel, NOQUOTE))" Variable = "%sysfunc(sasmsg(sashelp.dmine, rpt_variable_vlabel, NOQUOTE))" Sign = "%sysfunc(sasmsg(sashelp.dmine, rpt_sign_vlabel, NOQUOTE))" ClassLevel =
11879     "%sysfunc(sasmsg(sashelp.dmine, rpt_level_vlabel, NOQUOTE))" Abscoefficient = "%sysfunc(sasmsg(sashelp.dmine, rpt_abscoefficient_vlabel, NOQUOTE))" Coefficient = "%sysfunc(sasmsg(sashelp.dmine, rpt_coefficient_vlabel, NOQUOTE))" _LABEL_ =
11880     "%sysfunc(sasmsg(sashelp.dmine, rpt_effectLabel_vlabel, NOQUOTE))" CODE = "%sysfunc(sasmsg(sashelp.dmine, rpt_scorecodevar_vlabel, NOQUOTE))";
11881  label tvalue = "%sysfunc(sasmsg(sashelp.dmine, rpt_tvalue_vlabel,         NOQUOTE))" abstvalue = "%sysfunc(sasmsg(sashelp.dmine, rpt_absoluteTvalue_vlabel, NOQUOTE))" PValue = "%sysfunc(sasmsg(sashelp.dmine, rpt_pvalue_vlabel,         NOQUOTE))";
11882  abstvalue = abs(tValue);
11883  drop pos;
11884  length TargetLevel $32;
WARNING: Length of character variable TargetLevel has already been set. Use the LENGTH statement as the very first statement in the DATA STEP to declare the length of a character variable.
11885  label TargetLevel = "%sysfunc(sasmsg(sashelp.dmine, rpt_targetLevel_vlabel, NOQUOTE))";
11886  if index(Effect, 'Intercept') then do;
11887  variable = 'Intercept';
11888  TargetLevel = scan(_LABEL_, 2, '=');
11889  end;
11890  if ^indexc(variable, '*') then do;
11891  if length(effect)>length(variable) then classlevel = substr(effect, length(variable)+1);
11892  pos = index(classlevel, '_'!!TargetLevel);
11893  if pos> 1 then classlevel = substr(classlevel, 1, pos-1);
11894  else classlevel = '';
11895  end;
11896  if Effect eq '' then Effect = Variable;
11897  if coefficient < 0 then sign = '-';
11898  else sign = '+';
11899  abscoefficient = abs(coefficient);
11900  if _LABEL_ = '' then _LABEL_ = Effect;
11901  if coefficient ne . then output;
11902  run;

NOTE: Missing values were generated as a result of performing an operation on missing values.
      Each place is given by: (Number of times) at (Line):(Column).
      1001 at 11882:13   1001 at 11899:18   
NOTE: There were 1111 observations read from the data set WORK.ESTIMATE.
NOTE: There were 1100 observations read from the data set WORK.MAP.
NOTE: The data set EMWS3.REG5_EFFECTS has 110 observations and 12 variables.
NOTE: DATA statement used (Total process time):
      real time           0.02 seconds
      cpu time            0.03 seconds
      

11903  proc sort data =EMWS3.Reg5_EFFECTS;
11904  by
11905  TargetLevel
11906  descending abstvalue;
11907  run;

NOTE: There were 110 observations read from the data set EMWS3.REG5_EFFECTS.
NOTE: The data set EMWS3.REG5_EFFECTS has 110 observations and 12 variables.
NOTE: PROCEDURE SORT used (Total process time):
      real time           0.01 seconds
      cpu time            0.00 seconds
      

11908  data EMWS3.Reg5_EFFECTS;
11909  set EMWS3.Reg5_EFFECTS;
11910  format TEffectNum 3.;
11911  label TEffectNum = "%sysfunc(sasmsg(sashelp.dmine, rpt_teffectnum_vlabel, NOQUOTE))";
11912  retain TEffectNum;
11913  by TargetLevel;
11914  if first.TargetLevel then TEffectNum =1;
11915  else TEffectNum + 1;
11916  run;

NOTE: There were 110 observations read from the data set EMWS3.REG5_EFFECTS.
NOTE: The data set EMWS3.REG5_EFFECTS has 110 observations and 13 variables.
NOTE: DATA statement used (Total process time):
      real time           0.01 seconds
      cpu time            0.00 seconds
      

11917  proc sort data =EMWS3.Reg5_EFFECTS;
11918  by
11919  TargetLevel
11920  descending absCoefficient;
11921  run;

NOTE: There were 110 observations read from the data set EMWS3.REG5_EFFECTS.
NOTE: The data set EMWS3.REG5_EFFECTS has 110 observations and 13 variables.
NOTE: PROCEDURE SORT used (Total process time):
      real time           0.01 seconds
      cpu time            0.00 seconds
      

11922  data EMWS3.Reg5_EFFECTS;
11923  set EMWS3.Reg5_EFFECTS;
11924  format EffectNum 3.;
11925  label EffectNum = "%sysfunc(sasmsg(sashelp.dmine, rpt_effectnum_vlabel, NOQUOTE))";
11926  retain EffectNum;
11927  by TargetLevel;
11928  if first.TargetLevel then EffectNum =1;
11929  else EffectNum + 1;
11930  run;

NOTE: There were 110 observations read from the data set EMWS3.REG5_EFFECTS.
NOTE: The data set EMWS3.REG5_EFFECTS has 110 observations and 14 variables.
NOTE: DATA statement used (Total process time):
      real time           0.01 seconds
      cpu time            0.00 seconds
      

11931  proc transpose data=EMWS3.Reg5_EMESTIMATE out=EMWS3.Reg5_ESTIMATEGRID(rename=(PARMS=Coefficient T=TValue _NAME_=Effect _LABEL_=EffectLabel));
11932  where _CHOSEN_ eq '' and _TYPE_ in('PARMS', 'T', 'P');
11933  var 'TextCluster8_SVD1_TEACHER'n--'TextCluster8_SVD99_BUSINESS_DEVE'n;
11934  by _STEP_;
11935  id _TYPE_;
11936  run;

NOTE: There were 87 observations read from the data set EMWS3.REG5_EMESTIMATE.
      WHERE (_CHOSEN_=' ') and _TYPE_ in ('P', 'PARMS', 'T');
NOTE: The data set EMWS3.REG5_ESTIMATEGRID has 31900 observations and 6 variables.
NOTE: PROCEDURE TRANSPOSE used (Total process time):
      real time           0.02 seconds
      cpu time            0.00 seconds
      

11937  proc transpose data=EMWS3.Reg5_MAPDS out=WORK.MAP(rename=(_NAME_=Effect INPUT=Variable
11938  TARGET=TargetLevel
11939  ));
11940  var 'TextCluster8_SVD1_TEACHER'n--'TextCluster8_SVD99_BUSINESS_DEVE'n;
11941  run;

NOTE: There were 3 observations read from the data set EMWS3.REG5_MAPDS.
NOTE: The data set WORK.MAP has 1100 observations and 5 variables.
NOTE: PROCEDURE TRANSPOSE used (Total process time):
      real time           0.02 seconds
      cpu time            0.00 seconds
      

11942  proc sort data=WORK.MAP;
11943  by Effect;
11944  run;

NOTE: There were 1100 observations read from the data set WORK.MAP.
NOTE: The data set WORK.MAP has 1100 observations and 5 variables.
NOTE: PROCEDURE SORT used (Total process time):
      real time           0.01 seconds
      cpu time            0.00 seconds
      

11945  proc sort data=EMWS3.Reg5_ESTIMATEGRID out=WORK.ESTIMATE;
11946  by Effect;
11947  run;

NOTE: There were 31900 observations read from the data set EMWS3.REG5_ESTIMATEGRID.
NOTE: The data set WORK.ESTIMATE has 31900 observations and 6 variables.
NOTE: PROCEDURE SORT used (Total process time):
      real time           0.02 seconds
      cpu time            0.00 seconds
      

11948  data EMWS3.Reg5_ESTIMATEGRID(rename=(_LABEL_=EffectLabel));
11949  merge WORK.ESTIMATE WORK.MAP;
11950  by Effect;
11951  run;

WARNING: Variable _LABEL_ cannot be renamed to EffectLabel because EffectLabel already exists.
NOTE: There were 31900 observations read from the data set WORK.ESTIMATE.
NOTE: There were 1100 observations read from the data set WORK.MAP.
NOTE: The data set EMWS3.REG5_ESTIMATEGRID has 31900 observations and 10 variables.
NOTE: DATA statement used (Total process time):
      real time           0.02 seconds
      cpu time            0.00 seconds
      

11952  data EMWS3.Reg5_ESTIMATEGRID;
11953  set EMWS3.Reg5_ESTIMATEGRID;
11954  if EffectLabel eq '' then EffectLabel = Effect;
11955  label EffectLabel = "%sysfunc(sasmsg(sashelp.dmine, rpt_effectLabel_vlabel, NOQUOTE))" Effect = "%sysfunc(sasmsg(sashelp.dmine, rpt_effect_vlabel, NOQUOTE))" Abscoefficient = "%sysfunc(sasmsg(sashelp.dmine, rpt_abscoefficient_vlabel, NOQUOTE))"
11956     Coefficient = "%sysfunc(sasmsg(sashelp.dmine, rpt_coefficient_vlabel, NOQUOTE))" tvalue = "%sysfunc(sasmsg(sashelp.dmine, rpt_tvalue_vlabel,         NOQUOTE))" abstvalue = "%sysfunc(sasmsg(sashelp.dmine, rpt_absoluteTvalue_vlabel, NOQUOTE))"
11956! PValue =
11957     "%sysfunc(sasmsg(sashelp.dmine, rpt_pvalue_vlabel,         NOQUOTE))";
11958  AbsCoefficient = abs(Coefficient);
11959  AbsTValue = abs(TValue);
11960  where coefficient ne .;
11961  run;

NOTE: Variable PValue is uninitialized.
NOTE: Missing values were generated as a result of performing an operation on missing values.
      Each place is given by: (Number of times) at (Line):(Column).
      13 at 11959:13   
NOTE: There were 4444 observations read from the data set EMWS3.REG5_ESTIMATEGRID.
      WHERE coefficient not = .;
NOTE: The data set EMWS3.REG5_ESTIMATEGRID has 4444 observations and 12 variables.
NOTE: DATA statement used (Total process time):
      real time           0.02 seconds
      cpu time            0.00 seconds
      

