 
                                                                                                                                                                                                                                                                
 
Variable Importance

                                                                                          Ratio of
                                Number of                                               Validation
                                Splitting                            Validation        to Training
   Variable Name       Label      Rules           Importance         Importance         Importance

TextCluster10_SVD4                  3                 1.0000             1.0000             1.0000
TextCluster10_SVD6                  2                 0.7816             0.8698             1.1129
TextCluster10_SVD2                  1                 0.7657             0.9045             1.1813
TextCluster10_SVD5                  1                 0.7632             0.7955             1.0422
TextCluster10_SVD12                 1                 0.6905             0.7438             1.0772
TextCluster10_SVD10                 1                 0.5357             0.4098             0.7650
 
                                                                                                                                                                                                                                                                
 
Tree Leaf Report

                                 Training                    Validation
Node               Training       Percent     Validation       Percent
 Id     Depth    Observations     TEACHER    Observations      TEACHER

 22       6           374          0.02           231           0.02   
  9       3            86          0.00            52           0.00   
 21       6            47          0.00            18           0.00   
  4       2            45          0.78            38           0.61   
  2       1            44          0.00            24           0.00   
 19       6            43          0.00            30           0.03   
 23       6            12          0.67             4           0.50   
 18       6            10          0.00             4           0.00   
 20       6             8          0.00             2           0.00   
 14       5             5          0.00             2           0.00   
 
                                                                                                                                                                                                                                                                
 
 
Fit Statistics

Target=Category Target Label=Category

   Fit
Statistics    Statistics Label                Train    Validation       Test

  _NOBS_      Sum of Frequencies             674.00       405.00      274.00
  _MISC_      Misclassification Rate           0.59         0.63        0.61
  _MAX_       Maximum Absolute Error           0.98         1.00        1.00
  _SSE_       Sum of Squared Errors          456.37       299.75      192.43
  _ASE_       Average Squared Error            0.06         0.06        0.06
  _RASE_      Root Average Squared Error       0.24         0.25        0.24
  _DIV_       Divisor for ASE               8088.00      4860.00     3288.00
  _DFT_       Total Degrees of Freedom      7414.00          .           .  
 
                                                                                                                                                                                                                                                                
 
 
Classification Table

Data Role=TRAIN Target Variable=Category Target Label=Category

                                                      Target        Outcome     Frequency       Total
Target                    Outcome                   Percentage    Percentage      Count      Percentage

ADVOCATE                  BUSINESS-DEVELOPMENT         10.428       68.4211         39         5.78635 
BUSINESS-DEVELOPMENT      BUSINESS-DEVELOPMENT         15.508       96.6667         58         8.60534 
CONSULTANT                BUSINESS-DEVELOPMENT          9.091       59.6491         34         5.04451 
DESIGNER                  BUSINESS-DEVELOPMENT          2.406       16.9811          9         1.33531 
DIGITAL-MEDIA             BUSINESS-DEVELOPMENT          7.219       57.4468         27         4.00593 
FITNESS                   BUSINESS-DEVELOPMENT          4.545       29.3103         17         2.52226 
HEALTHCARE                BUSINESS-DEVELOPMENT         13.369       87.7193         50         7.41840 
HR                        BUSINESS-DEVELOPMENT          3.476       23.6364         13         1.92878 
INFORMATION-TECHNOLOGY    BUSINESS-DEVELOPMENT          2.674       16.9492         10         1.48368 
OTHER                     BUSINESS-DEVELOPMENT         14.439       85.7143         54         8.01187 
SALES                     BUSINESS-DEVELOPMENT         14.973       96.5517         56         8.30861 
TEACHER                   BUSINESS-DEVELOPMENT          1.872       14.0000          7         1.03858 
ADVOCATE                  DESIGNER                      1.961        1.7544          1         0.14837 
BUSINESS-DEVELOPMENT      DESIGNER                      1.961        1.6667          1         0.14837 
CONSULTANT                DESIGNER                      1.961        1.7544          1         0.14837 
DESIGNER                  DESIGNER                     76.471       73.5849         39         5.78635 
DIGITAL-MEDIA             DESIGNER                      5.882        6.3830          3         0.44510 
FITNESS                   DESIGNER                      1.961        1.7241          1         0.14837 
HEALTHCARE                DESIGNER                      1.961        1.7544          1         0.14837 
INFORMATION-TECHNOLOGY    DESIGNER                      1.961        1.6949          1         0.14837 
OTHER                     DESIGNER                      1.961        1.5873          1         0.14837 
SALES                     DESIGNER                      3.922        3.4483          2         0.29674 
DIGITAL-MEDIA             DIGITAL-MEDIA               100.000       21.2766         10         1.48368 
ADVOCATE                  FITNESS                      19.149       15.7895          9         1.33531 
FITNESS                   FITNESS                      74.468       60.3448         35         5.19288 
OTHER                     FITNESS                       6.383        4.7619          3         0.44510 
ADVOCATE                  HR                            4.082        3.5088          2         0.29674 
BUSINESS-DEVELOPMENT      HR                            2.041        1.6667          1         0.14837 
CONSULTANT                HR                            2.041        1.7544          1         0.14837 
FITNESS                   HR                            2.041        1.7241          1         0.14837 
HEALTHCARE                HR                            4.082        3.5088          2         0.29674 
HR                        HR                           85.714       76.3636         42         6.23145 
ADVOCATE                  INFORMATION-TECHNOLOGY        2.326        3.5088          2         0.29674 
CONSULTANT                INFORMATION-TECHNOLOGY       24.419       36.8421         21         3.11573 
DESIGNER                  INFORMATION-TECHNOLOGY        2.326        3.7736          2         0.29674 
DIGITAL-MEDIA             INFORMATION-TECHNOLOGY        6.977       12.7660          6         0.89021 
HEALTHCARE                INFORMATION-TECHNOLOGY        3.488        5.2632          3         0.44510 
INFORMATION-TECHNOLOGY    INFORMATION-TECHNOLOGY       54.651       79.6610         47         6.97329 
OTHER                     INFORMATION-TECHNOLOGY        5.814        7.9365          5         0.74184 
ADVOCATE                  TEACHER                       7.018        7.0175          4         0.59347 
DESIGNER                  TEACHER                       5.263        5.6604          3         0.44510 
DIGITAL-MEDIA             TEACHER                       1.754        2.1277          1         0.14837 
FITNESS                   TEACHER                       7.018        6.8966          4         0.59347 
HEALTHCARE                TEACHER                       1.754        1.7544          1         0.14837 
INFORMATION-TECHNOLOGY    TEACHER                       1.754        1.6949          1         0.14837 
TEACHER                   TEACHER                      75.439       86.0000         43         6.37982 


Data Role=VALIDATE Target Variable=Category Target Label=Category

                                                      Target        Outcome     Frequency       Total
Target                    Outcome                   Percentage    Percentage      Count      Percentage

ADVOCATE                  BUSINESS-DEVELOPMENT         12.987       85.7143         30         7.40741 
BUSINESS-DEVELOPMENT      BUSINESS-DEVELOPMENT         15.152       97.2222         35         8.64198 
CONSULTANT                BUSINESS-DEVELOPMENT         10.390       68.5714         24         5.92593 
DESIGNER                  BUSINESS-DEVELOPMENT          2.597       19.3548          6         1.48148 
DIGITAL-MEDIA             BUSINESS-DEVELOPMENT          6.494       51.7241         15         3.70370 
FITNESS                   BUSINESS-DEVELOPMENT          6.494       42.8571         15         3.70370 
HEALTHCARE                BUSINESS-DEVELOPMENT         12.987       90.9091         30         7.40741 
HR                        BUSINESS-DEVELOPMENT          3.896       28.1250          9         2.22222 
INFORMATION-TECHNOLOGY    BUSINESS-DEVELOPMENT          2.165       13.8889          5         1.23457 
OTHER                     BUSINESS-DEVELOPMENT         11.255       68.4211         26         6.41975 
SALES                     BUSINESS-DEVELOPMENT         13.420       91.1765         31         7.65432 
TEACHER                   BUSINESS-DEVELOPMENT          2.165       16.1290          5         1.23457 
DESIGNER                  DESIGNER                     65.625       67.7419         21         5.18519 
DIGITAL-MEDIA             DESIGNER                     15.625       17.2414          5         1.23457 
FITNESS                   DESIGNER                      3.125        2.8571          1         0.24691 
HR                        DESIGNER                      3.125        3.1250          1         0.24691 
INFORMATION-TECHNOLOGY    DESIGNER                      3.125        2.7778          1         0.24691 
SALES                     DESIGNER                      6.250        5.8824          2         0.49383 
TEACHER                   DESIGNER                      3.125        3.2258          1         0.24691 
DIGITAL-MEDIA             DIGITAL-MEDIA               100.000       13.7931          4         0.98765 
FITNESS                   FITNESS                      88.889       45.7143         16         3.95062 
HEALTHCARE                FITNESS                       5.556        3.0303          1         0.24691 
OTHER                     FITNESS                       5.556        2.6316          1         0.24691 
CONSULTANT                HR                            7.692        5.7143          2         0.49383 
HEALTHCARE                HR                            3.846        3.0303          1         0.24691 
HR                        HR                           80.769       65.6250         21         5.18519 
INFORMATION-TECHNOLOGY    HR                            3.846        2.7778          1         0.24691 
OTHER                     HR                            3.846        2.6316          1         0.24691 
ADVOCATE                  INFORMATION-TECHNOLOGY        1.923        2.8571          1         0.24691 
BUSINESS-DEVELOPMENT      INFORMATION-TECHNOLOGY        1.923        2.7778          1         0.24691 
CONSULTANT                INFORMATION-TECHNOLOGY       17.308       25.7143          9         2.22222 
DESIGNER                  INFORMATION-TECHNOLOGY        3.846        6.4516          2         0.49383 
DIGITAL-MEDIA             INFORMATION-TECHNOLOGY        9.615       17.2414          5         1.23457 
HEALTHCARE                INFORMATION-TECHNOLOGY        1.923        3.0303          1         0.24691 
INFORMATION-TECHNOLOGY    INFORMATION-TECHNOLOGY       55.769       80.5556         29         7.16049 
OTHER                     INFORMATION-TECHNOLOGY        5.769        7.8947          3         0.74074 
SALES                     INFORMATION-TECHNOLOGY        1.923        2.9412          1         0.24691 
ADVOCATE                  TEACHER                       9.524       11.4286          4         0.98765 
DESIGNER                  TEACHER                       4.762        6.4516          2         0.49383 
FITNESS                   TEACHER                       7.143        8.5714          3         0.74074 
HR                        TEACHER                       2.381        3.1250          1         0.24691 
OTHER                     TEACHER                      16.667       18.4211          7         1.72840 
TEACHER                   TEACHER                      59.524       80.6452         25         6.17284 
 
                                                                                                                                                                                                                                                                
 
 
Event Classification Table

Data Role=TRAIN Target=Category Target Label=Category

  False       True        False       True
Negative    Negative    Positive    Positive

    7          610         14          43   


Data Role=VALIDATE Target=Category Target Label=Category

  False       True        False       True
Negative    Negative    Positive    Positive

    6          357         17          25   
 
                                                                                                                                                                                                                                                                
 
 
Assessment Score Rankings

Data Role=TRAIN Target Variable=Category Target Label=Category

                                                                                           Mean
                               Cumulative        %       Cumulative      Number of      Posterior
Depth       Gain      Lift        Lift       Response    % Response    Observations    Probability

   5     948.444    10.4844      10.4844      77.7778      77.7778          34           0.77778  
  10     756.493     6.6454       8.5649      49.2983      63.5381          34           0.49298  
  15     479.405     0.2523       5.7941       1.8717      42.9826          34           0.01872  
  20     343.940     0.2523       4.4394       1.8717      32.9333          33           0.01872  
  25     259.703     0.2523       3.5970       1.8717      26.6842          34           0.01872  
  30     203.683     0.2523       3.0368       1.8717      22.5284          34           0.01872  
  35     164.746     0.2523       2.6475       1.8717      19.6399          33           0.01872  
  40     134.585     0.2523       2.3459       1.8717      17.4025          34           0.01872  
  45     111.170     0.2523       2.1117       1.8717      15.6655          34           0.01872  
  50      92.963     0.2523       1.9296       1.8717      14.3147          33           0.01872  
  55      77.591     0.2523       1.7759       1.8717      13.1744          34           0.01872  
  60      64.800     0.2523       1.6480       1.8717      12.2255          34           0.01872  
  65      53.531     0.1929       1.5353       1.4313      11.3895          34           0.01431  
  70      42.797     0.0000       1.4280       0.0000      10.5932          33           0.00000  
  75      33.202     0.0000       1.3320       0.0000       9.8814          34           0.00000  
  80      24.815     0.0000       1.2481       0.0000       9.2593          34           0.00000  
  85      17.627     0.0000       1.1763       0.0000       8.7260          33           0.00000  
  90      11.038     0.0000       1.1104       0.0000       8.2372          34           0.00000  
  95       5.148     0.0000       1.0515       0.0000       7.8003          34           0.00000  
 100       0.000     0.0000       1.0000       0.0000       7.4184          33           0.00000  


Data Role=VALIDATE Target Variable=Category Target Label=Category

                                                                                           Mean
                               Cumulative        %       Cumulative      Number of      Posterior
Depth       Gain      Lift        Lift       Response    % Response    Observations    Probability

   5     690.747    7.90747      7.90747      60.5263      60.5263          21           0.77778  
  10     680.685    7.70119      7.80685      58.9474      59.7561          20           0.76111  
  15     444.239    0.59526      5.44239       4.5563      41.6578          20           0.05111  
  20     316.841    0.28278      4.16841       2.1645      31.9064          20           0.01872  
  25     236.843    0.28278      3.36843       2.1645      25.7830          21           0.01872  
  30     186.259    0.28278      2.86259       2.1645      21.9111          20           0.01872  
  35     149.923    0.28278      2.49923       2.1645      19.1299          20           0.01872  
  40     122.560    0.28278      2.22560       2.1645      17.0354          20           0.01872  
  45     100.265    0.28278      2.00265       2.1645      15.3289          21           0.01872  
  50      83.321    0.28278      1.83321       2.1645      14.0319          20           0.01872  
  55      69.415    0.28278      1.69415       2.1645      12.9676          20           0.01872  
  60      57.799    0.28278      1.57799       2.1645      12.0785          20           0.01872  
  65      47.496    0.28278      1.47496       2.1645      11.2898          21           0.01872  
  70      38.389    0.18169      1.38389       1.3907      10.5927          20           0.00842  
  75      29.935    0.09897      1.29935       0.7576       9.9457          20           0.00000  
  80      22.526    0.09897      1.22526       0.7576       9.3785          20           0.00000  
  85      15.670    0.09897      1.15670       0.7576       8.8538          21           0.00000  
  90       9.874    0.09897      1.09874       0.7576       8.4101          20           0.00000  
  95       4.681    0.09897      1.04681       0.7576       8.0126          20           0.00000  
 100       0.000    0.09897      1.00000       0.7576       7.6543          20           0.00000  
 
                                                                                                                                                                                                                                                                
 
 
Assessment Score Distribution

Data Role=TRAIN Target Variable=Category Target Label=Category

 Posterior     Number                     Mean
Probability      of      Number of     Posterior
   Range       Events    Nonevents    Probability    Percentage

 0.75-0.80       35          10         0.77778         6.6766 
 0.65-0.70        8           4         0.66667         1.7804 
 0.00-0.05        7         610         0.01135        91.5430 


Data Role=VALIDATE Target Variable=Category Target Label=Category

 Posterior     Number                     Mean
Probability      of      Number of     Posterior
   Range       Events    Nonevents    Probability    Percentage

 0.75-0.80       23          15         0.77778         9.3827 
 0.65-0.70        2           2         0.66667         0.9877 
 0.00-0.05        6         357         0.01191        89.6296 
