*------------------------------------------------------------*
* Score Log
Date:                November 23, 2023
Time:                22:14:08
*------------------------------------------------------------*
11976  proc transpose data=EMWS3.Reg3_EMESTIMATE out=WORK.TEMPREG;
11977  where _CHOSEN_ ne '' and _TYPE_='PARMS';
11978  run;

NOTE: There were 1 observations read from the data set EMWS3.REG3_EMESTIMATE.
      WHERE (_CHOSEN_ not = ' ') and (_TYPE_='PARMS');
NOTE: The data set WORK.TEMPREG has 506 observations and 3 variables.
NOTE: PROCEDURE TRANSPOSE used (Total process time):
      real time           0.01 seconds
      cpu time            0.00 seconds
      

11979  proc transpose data=EMWS3.Reg3_MAPDS out=WORK.TEMPREG2(rename=(TARGET=_TARGET_));
11980  var "TextCluster10_SVD1_TEACHER"n--"TextCluster10_SVD9_BUSINESS_DEVE"n;
11981  run;

NOTE: There were 3 observations read from the data set EMWS3.REG3_MAPDS.
NOTE: The data set WORK.TEMPREG2 has 462 observations and 5 variables.
NOTE: PROCEDURE TRANSPOSE used (Total process time):
      real time           0.02 seconds
      cpu time            0.00 seconds
      

11982  proc sort data=WORK.TEMPREG NOTHREADS;
11983  by _NAME_;
11984  run;

NOTE: There were 506 observations read from the data set WORK.TEMPREG.
NOTE: The data set WORK.TEMPREG has 506 observations and 3 variables.
NOTE: PROCEDURE SORT used (Total process time):
      real time           0.00 seconds
      cpu time            0.00 seconds
      

11985  proc sort data=WORK.TEMPREG2 NOTHREADS;
11986  by _NAME_;
11987  run;

NOTE: There were 462 observations read from the data set WORK.TEMPREG2.
NOTE: The data set WORK.TEMPREG2 has 462 observations and 5 variables.
NOTE: PROCEDURE SORT used (Total process time):
      real time           0.00 seconds
      cpu time            0.00 seconds
      

11988  data WORK.TEMPREG3;
11989  merge WORK.TEMPREG(in=ina) WORK.TEMPREG2(in=inb);
11990  by _NAME_;
11991  if (ina and inb) and Category ne . then output;
11992  run;

NOTE: There were 506 observations read from the data set WORK.TEMPREG.
NOTE: There were 462 observations read from the data set WORK.TEMPREG2.
NOTE: The data set WORK.TEMPREG3 has 110 observations and 6 variables.
NOTE: DATA statement used (Total process time):
      real time           0.01 seconds
      cpu time            0.00 seconds
      

11993  data WORK.TEMPREG3(KEEP=TERM);
11994  length term $32;
11995  set WORK.TEMPREG3;
11996  i=1;
11997  do while( scan(input , i, '*') ne '' );
11998  term= scan(input , i, '*');
11999  i=i+1;
12000  output;
12001  end;
12002  run;

NOTE: There were 110 observations read from the data set WORK.TEMPREG3.
NOTE: The data set WORK.TEMPREG3 has 110 observations and 1 variables.
NOTE: DATA statement used (Total process time):
      real time           0.01 seconds
      cpu time            0.00 seconds
      

12003  proc sort data=WORK.TEMPREG3 nodupkey NOTHREADS;
12004  by TERM;
12005  run;

NOTE: There were 110 observations read from the data set WORK.TEMPREG3.
NOTE: 100 observations with duplicate key values were deleted.
NOTE: The data set WORK.TEMPREG3 has 10 observations and 1 variables.
NOTE: PROCEDURE SORT used (Total process time):
      real time           0.01 seconds
      cpu time            0.00 seconds
      

12006  filename emflow "C:\Users\lahar\OneDrive\Desktop\Data Mining\Resume\Workspaces\EMWS3\Reg3\EMFLOWSCORE.sas";
12007  *------------------------------------------------------------*;
12008  * Reg3: Scoring DATA data;
12009  *------------------------------------------------------------*;
12010  data EMWS3.Reg3_TRAIN
12011  / view=EMWS3.Reg3_TRAIN
12012  ;
12013  set EMWS3.TextCluster10_TRAIN
12014  ;
12015  %inc emflow;
12567  run;

NOTE: DATA STEP view saved on file EMWS3.REG3_TRAIN.
NOTE: A stored DATA STEP view cannot run under a different operating system.
NOTE: DATA statement used (Total process time):
      real time           0.01 seconds
      cpu time            0.00 seconds
      

12568  quit;
12569  filename emflow;
NOTE: Fileref EMFLOW has been deassigned.

12570  filename emflow "C:\Users\lahar\OneDrive\Desktop\Data Mining\Resume\Workspaces\EMWS3\Reg3\EMFLOWSCORE.sas";
12571  *------------------------------------------------------------*;
12572  * Reg3: Scoring VALIDATE data;
12573  *------------------------------------------------------------*;
12574  data EMWS3.Reg3_VALIDATE
12575  / view=EMWS3.Reg3_VALIDATE
12576  ;
12577  set EMWS3.TextCluster10_VALIDATE
12578  ;
12579  %inc emflow;
13131  run;

NOTE: DATA STEP view saved on file EMWS3.REG3_VALIDATE.
NOTE: A stored DATA STEP view cannot run under a different operating system.
NOTE: DATA statement used (Total process time):
      real time           0.01 seconds
      cpu time            0.00 seconds
      

13132  quit;
13133  filename emflow;
NOTE: Fileref EMFLOW has been deassigned.

13134  filename emflow "C:\Users\lahar\OneDrive\Desktop\Data Mining\Resume\Workspaces\EMWS3\Reg3\EMFLOWSCORE.sas";
13135  *------------------------------------------------------------*;
13136  * Reg3: Scoring TEST data;
13137  *------------------------------------------------------------*;
13138  data EMWS3.Reg3_TEST
13139  / view=EMWS3.Reg3_TEST
13140  ;
13141  set EMWS3.TextCluster10_TEST
13142  ;
13143  %inc emflow;
13695  run;

NOTE: DATA STEP view saved on file EMWS3.REG3_TEST.
NOTE: A stored DATA STEP view cannot run under a different operating system.
NOTE: DATA statement used (Total process time):
      real time           0.01 seconds
      cpu time            0.01 seconds
      

13696  quit;
13697  filename emflow;
NOTE: Fileref EMFLOW has been deassigned.

13698  *------------------------------------------------------------*;
13699  * Reg3: Computing metadata for TRAIN data;
13700  *------------------------------------------------------------*;

NOTE: View EMWS3.REG3_TRAIN.VIEW used (Total process time):
      real time           0.02 seconds
      cpu time            0.01 seconds
      
14091  data WORK.MODELTEMP_INFO;
14092  set EMWS3.Reg3_EMINFO;
14093  where DATA='Reg3' and KEY ^in('DECDATA', 'DECMETA', 'IMPORTANCE', 'MODEL');
14094  run;

NOTE: There were 0 observations read from the data set EMWS3.REG3_EMINFO.
      WHERE (DATA='Reg3') and KEY not in ('DECDATA', 'DECMETA', 'IMPORTANCE', 'MODEL');
NOTE: The data set WORK.MODELTEMP_INFO has 0 observations and 3 variables.
NOTE: DATA statement used (Total process time):
      real time           0.00 seconds
      cpu time            0.00 seconds
      

14095  data EMWS3.Reg3_EMINFO;
14096  length TARGET KEY $32 DATA $43;
14097  input TARGET KEY DATA $;
14098  cards;

NOTE: The data set EMWS3.REG3_EMINFO has 3 observations and 3 variables.
NOTE: DATA statement used (Total process time):
      real time           0.00 seconds
      cpu time            0.00 seconds
      

14102  run;
14103  data EMWS3.Reg3_EMINFO;
14104  set EMWS3.Reg3_EMINFO WORK.MODELTEMP_INFO;
14105  run;

NOTE: There were 3 observations read from the data set EMWS3.REG3_EMINFO.
NOTE: There were 0 observations read from the data set WORK.MODELTEMP_INFO.
NOTE: The data set EMWS3.REG3_EMINFO has 3 observations and 3 variables.
NOTE: DATA statement used (Total process time):
      real time           0.01 seconds
      cpu time            0.00 seconds
      

14106  proc sort data = EMWS3.Reg3_EMINFO NOTHREADS;
14107  by TARGET KEY;
14108  run;

NOTE: There were 3 observations read from the data set EMWS3.REG3_EMINFO.
NOTE: The data set EMWS3.REG3_EMINFO has 3 observations and 3 variables.
NOTE: PROCEDURE SORT used (Total process time):
      real time           0.01 seconds
      cpu time            0.00 seconds
      

14109  proc sort data = EMWS3.TextCluster10_EMINFO OUT=WORK.SORTEDEMINFO NOTHREADS;
14110  by TARGET KEY;
14111  run;

NOTE: There were 6 observations read from the data set EMWS3.TEXTCLUSTER10_EMINFO.
NOTE: The data set WORK.SORTEDEMINFO has 6 observations and 3 variables.
NOTE: PROCEDURE SORT used (Total process time):
      real time           0.00 seconds
      cpu time            0.00 seconds
      

14112  proc sort data = EMWS3.Reg3_EMINFO OUT=WORK.TEMP_INFO NOTHREADS;
14113  by TARGET KEY;
14114  run;

NOTE: Input data set is already sorted; it has been copied to the output data set.
NOTE: There were 3 observations read from the data set EMWS3.REG3_EMINFO.
NOTE: The data set WORK.TEMP_INFO has 3 observations and 3 variables.
NOTE: PROCEDURE SORT used (Total process time):
      real time           0.00 seconds
      cpu time            0.00 seconds
      

14115  data EMWS3.Reg3_EMINFO;
14116  merge WORK.SORTEDEMINFO WORK.TEMP_INFO;
14117  by TARGET KEY;
14118  run;

NOTE: There were 6 observations read from the data set WORK.SORTEDEMINFO.
NOTE: There were 3 observations read from the data set WORK.TEMP_INFO.
NOTE: The data set EMWS3.REG3_EMINFO has 9 observations and 3 variables.
NOTE: DATA statement used (Total process time):
      real time           0.01 seconds
      cpu time            0.00 seconds
      

14119  proc datasets lib=work nolist;
14120  delete TEMP_INFO SORTEDEMINFO;
14121  run;

NOTE: Deleting WORK.TEMP_INFO (memtype=DATA).
NOTE: Deleting WORK.SORTEDEMINFO (memtype=DATA).
14122  quit;

NOTE: PROCEDURE DATASETS used (Total process time):
      real time           0.00 seconds
      cpu time            0.00 seconds
      

NOTE: View EMWS3.REG3_TRAIN.VIEW used (Total process time):
      real time           0.02 seconds
      cpu time            0.03 seconds
      
NOTE: View EMWS3.REG3_VALIDATE.VIEW used (Total process time):
      real time           0.02 seconds
      cpu time            0.00 seconds
      
NOTE: View EMWS3.REG3_TEST.VIEW used (Total process time):
      real time           0.02 seconds
      cpu time            0.03 seconds
      
