*------------------------------------------------------------*
* Report Log
Date:                November 27, 2023
Time:                20:55:17
*------------------------------------------------------------*
11841  proc print data = EMWS3.Meta_CMeta_TRAIN(obs=500) noobs label;
11842  var name role level creator label;
11843  label NAME = "%sysfunc(sasmsg(sashelp.dmine, meta_name_vlabel,      NOQUOTE))" LEVEL = "%sysfunc(sasmsg(sashelp.dmine, meta_level_vlabel,     NOQUOTE))" ROLE = "%sysfunc(sasmsg(sashelp.dmine, meta_role_vlabel,      NOQUOTE))" CREATOR =
11844     "%sysfunc(sasmsg(sashelp.dmine, meta_creator_vlabel,   NOQUOTE))" LABEL = "%sysfunc(sasmsg(sashelp.dmine, meta_label_vlabel,     NOQUOTE))";
11845  format label $32.;
11846  title9 "%sysfunc(sasmsg(sashelp.dmine, rpt_exptattributes_title, NOQUOTE, TRAIN))";
11847  title10 "%sysfunc(sasmsg(sashelp.dmine, rpt_maxObsPrinted_title, NOQUOTE))";
11848  run;

NOTE: There were 79 observations read from the data set EMWS3.META_CMETA_TRAIN.
NOTE: The PROCEDURE PRINT printed page 3.
NOTE: PROCEDURE PRINT used (Total process time):
      real time           0.00 seconds
      cpu time            0.00 seconds
      

11849  title9;
11850  title10;

11851  proc print data = EMWS3.Meta_CMeta_TRANSACTION(obs=500) noobs label;
11852  var name role level creator label;
11853  label NAME = "%sysfunc(sasmsg(sashelp.dmine, meta_name_vlabel,      NOQUOTE))" LEVEL = "%sysfunc(sasmsg(sashelp.dmine, meta_level_vlabel,     NOQUOTE))" ROLE = "%sysfunc(sasmsg(sashelp.dmine, meta_role_vlabel,      NOQUOTE))" CREATOR =
11854     "%sysfunc(sasmsg(sashelp.dmine, meta_creator_vlabel,   NOQUOTE))" LABEL = "%sysfunc(sasmsg(sashelp.dmine, meta_label_vlabel,     NOQUOTE))";
11855  format label $32.;
11856  title9 "%sysfunc(sasmsg(sashelp.dmine, rpt_exptattributes_title, NOQUOTE, TRANSACTION))";
11857  title10 "%sysfunc(sasmsg(sashelp.dmine, rpt_maxObsPrinted_title, NOQUOTE))";
11858  run;

NOTE: There were 4 observations read from the data set EMWS3.META_CMETA_TRANSACTION.
NOTE: The PROCEDURE PRINT printed page 4.
NOTE: PROCEDURE PRINT used (Total process time):
      real time           0.00 seconds
      cpu time            0.01 seconds
      

11859  title9;
11860  title10;

