 
                                                                                                                                                                                                                                                                
 
 
Variable Summary

            Measurement    Frequency
Role           Level         Count

INPUT        INTERVAL          33   
REJECTED     INTERVAL           8   
TARGET       NOMINAL            1   
 
                                                                                                                                                                                                                                                                
 
 
Model Events

                                      Number
                       Measurement      of
 Target      Event        Level       Levels      Order        Label

Category    TEACHER      NOMINAL        12      Descending    Category
 
                                                                                                                                                                                                                                                                
 
 
Predicted and decision variables

Type         Variable                            Label

TARGET       Category                            Category                                  
PREDICTED    P_CategoryTEACHER                   Predicted: Category=TEACHER               
RESIDUAL     R_CategoryTEACHER                   Residual: Category=TEACHER                
PREDICTED    P_CategorySALES                     Predicted: Category=SALES                 
RESIDUAL     R_CategorySALES                     Residual: Category=SALES                  
PREDICTED    P_CategoryOTHER                     Predicted: Category=OTHER                 
RESIDUAL     R_CategoryOTHER                     Residual: Category=OTHER                  
PREDICTED    P_CategoryINFORMATION_TECHNOLOGY    Predicted: Category=INFORMATION-TECHNOLOGY
RESIDUAL     R_CategoryINFORMATION_TECHNOLOGY    Residual: Category=INFORMATION-TECHNOLOGY 
PREDICTED    P_CategoryHR                        Predicted: Category=HR                    
RESIDUAL     R_CategoryHR                        Residual: Category=HR                     
PREDICTED    P_CategoryHEALTHCARE                Predicted: Category=HEALTHCARE            
RESIDUAL     R_CategoryHEALTHCARE                Residual: Category=HEALTHCARE             
PREDICTED    P_CategoryFITNESS                   Predicted: Category=FITNESS               
RESIDUAL     R_CategoryFITNESS                   Residual: Category=FITNESS                
PREDICTED    P_CategoryDIGITAL_MEDIA             Predicted: Category=DIGITAL-MEDIA         
RESIDUAL     R_CategoryDIGITAL_MEDIA             Residual: Category=DIGITAL-MEDIA          
PREDICTED    P_CategoryDESIGNER                  Predicted: Category=DESIGNER              
RESIDUAL     R_CategoryDESIGNER                  Residual: Category=DESIGNER               
PREDICTED    P_CategoryCONSULTANT                Predicted: Category=CONSULTANT            
RESIDUAL     R_CategoryCONSULTANT                Residual: Category=CONSULTANT             
PREDICTED    P_CategoryBUSINESS_DEVELOPMENT      Predicted: Category=BUSINESS-DEVELOPMENT  
RESIDUAL     R_CategoryBUSINESS_DEVELOPMENT      Residual: Category=BUSINESS-DEVELOPMENT   
PREDICTED    P_CategoryADVOCATE                  Predicted: Category=ADVOCATE              
RESIDUAL     R_CategoryADVOCATE                  Residual: Category=ADVOCATE               
FROM         F_Category                          From: Category                            
INTO         I_Category                          Into: Category                            
 
                                                                                                                                                                                                                                                                
 
 

The NEURAL Procedure

Preliminary       Starting         Objective         Number
 Training          Random           Function           of        Terminating
    Run             Seed             Value         Iterations     Criteria

        1               12345    0.265666162243           10                
        2          1272262437    0.249107613647           10                
        3          1356277451    0.249742900866           10                
        4          1409083667    0.269576447441           10                
        5           393403510    0.253952952862           10                
 
                                                                                                                                                                                                                                                                
 
 

The NEURAL Procedure

                         Optimization Start
                         Parameter Estimates
                                                            Gradient
                                                           Objective
  N Parameter                               Estimate        Function

  1 TextCluster9_SVD1_H11                  -0.001627       -0.000762
  2 TextCluster9_SVD10_H11                  0.123528    -0.000072052
  3 TextCluster9_SVD11_H11                 -0.035615       -0.002146
  4 TextCluster9_SVD12_H11                  0.000504        0.000175
  5 TextCluster9_SVD13_H11                  0.105142       -0.009033
  6 TextCluster9_SVD14_H11                  0.140367        0.000168
  7 TextCluster9_SVD15_H11                 -0.066828       -0.002814
  8 TextCluster9_SVD16_H11                 -0.019403        0.002902
  9 TextCluster9_SVD17_H11                 -0.088263       -0.004912
 10 TextCluster9_SVD18_H11                  0.096566        0.001408
 11 TextCluster9_SVD19_H11                 -0.117609       -0.000792
 12 TextCluster9_SVD2_H11                  -0.184523       -0.002538
 13 TextCluster9_SVD20_H11                 -0.192195       -0.000708
 14 TextCluster9_SVD21_H11                  0.157817       -0.005497
 15 TextCluster9_SVD22_H11                  0.184028        0.001680
 16 TextCluster9_SVD23_H11                  0.223020        0.001167
 17 TextCluster9_SVD24_H11                  0.066081       -0.001743
 18 TextCluster9_SVD25_H11                 -0.167459        0.001068
 19 TextCluster9_SVD26_H11                 -0.005196       -0.000832
 20 TextCluster9_SVD27_H11                  0.149666        0.000355
 21 TextCluster9_SVD28_H11                 -0.167733       -0.001418
 22 TextCluster9_SVD29_H11                  0.031428       -0.001238
 23 TextCluster9_SVD3_H11                   0.177852       -0.003742
 24 TextCluster9_SVD30_H11                  0.103842       -0.001702
 25 TextCluster9_SVD31_H11                  0.113281        0.003377
 26 TextCluster9_SVD32_H11                 -0.083453        0.002703
 27 TextCluster9_SVD33_H11                 -0.098970        0.002510
 28 TextCluster9_SVD4_H11                  -0.381303       -0.003710
 29 TextCluster9_SVD5_H11                  -0.027483        0.000334
 30 TextCluster9_SVD6_H11                  -0.418304        0.000140
 31 TextCluster9_SVD7_H11                  -0.028314        0.001053
 32 TextCluster9_SVD8_H11                  -0.793574       -0.005420
 33 TextCluster9_SVD9_H11                   0.127977        0.007135
 34 TextCluster9_SVD1_H12                   0.030564        0.002008
 35 TextCluster9_SVD10_H12                 -0.259163        0.002175
 36 TextCluster9_SVD11_H12                 -0.054689       -0.000923
 37 TextCluster9_SVD12_H12                  0.283351       -0.000464
 38 TextCluster9_SVD13_H12                 -0.097702       -0.002012
 39 TextCluster9_SVD14_H12                 -0.271430       -0.002379
 40 TextCluster9_SVD15_H12                 -0.513532        0.003121
 41 TextCluster9_SVD16_H12                 -0.511967       -0.001433
 42 TextCluster9_SVD17_H12                  0.392070       -0.000257
 43 TextCluster9_SVD18_H12                 -0.001909       -0.000296
 44 TextCluster9_SVD19_H12                  0.180102       -0.000393
 45 TextCluster9_SVD2_H12                  -0.033113       -0.001651
 46 TextCluster9_SVD20_H12                  0.375806        0.000417
 47 TextCluster9_SVD21_H12                 -0.413107       -0.000161
 48 TextCluster9_SVD22_H12                 -0.586301        0.000413
 49 TextCluster9_SVD23_H12                  0.063586       -0.001732
 50 TextCluster9_SVD24_H12                 -0.049777       -0.001153
 51 TextCluster9_SVD25_H12                  0.047048        0.003232
 52 TextCluster9_SVD26_H12                 -0.130998       -0.001207
 53 TextCluster9_SVD27_H12                 -0.095419       -0.000174
 54 TextCluster9_SVD28_H12                  0.409302       -0.000619
 55 TextCluster9_SVD29_H12                 -0.150120       -0.000576
 56 TextCluster9_SVD3_H12                   1.335437        0.001659
 57 TextCluster9_SVD30_H12                 -0.087286       -0.001092
 58 TextCluster9_SVD31_H12                  0.151231        0.004395
 59 TextCluster9_SVD32_H12                  0.065421       -0.002332
 60 TextCluster9_SVD33_H12                 -0.045958        0.002479
 61 TextCluster9_SVD4_H12                  -1.141054       -0.000735
 62 TextCluster9_SVD5_H12                   0.540784        0.001834
 63 TextCluster9_SVD6_H12                   0.579585       -0.001911
 64 TextCluster9_SVD7_H12                  -0.340590        0.000213
 65 TextCluster9_SVD8_H12                   0.542409        0.000508
 66 TextCluster9_SVD9_H12                  -0.107264        0.003693
 67 TextCluster9_SVD1_H13                   0.045013        0.000483
 68 TextCluster9_SVD10_H13                 -0.535588       -0.002970
 69 TextCluster9_SVD11_H13                 -0.006279        0.003965
 70 TextCluster9_SVD12_H13                 -0.101645       -0.003992
 71 TextCluster9_SVD13_H13                  0.083538        0.004684
 72 TextCluster9_SVD14_H13                 -0.140993       -0.002522
 73 TextCluster9_SVD15_H13                 -0.016486       -0.000934
 74 TextCluster9_SVD16_H13                  0.078060       -0.000815
 75 TextCluster9_SVD17_H13                  0.011359       -0.000897
 76 TextCluster9_SVD18_H13                 -0.032997       -0.002998
 77 TextCluster9_SVD19_H13                 -0.014116       -0.003565
 78 TextCluster9_SVD2_H13                  -0.462896       -0.000630
 79 TextCluster9_SVD20_H13                 -0.065362        0.002203
 80 TextCluster9_SVD21_H13                  0.013981        0.001474
 81 TextCluster9_SVD22_H13                  0.001535        0.000701
 82 TextCluster9_SVD23_H13                 -0.050242        0.000608
 83 TextCluster9_SVD24_H13                  0.081266        0.001588
 84 TextCluster9_SVD25_H13                  0.072221       -0.001168
 85 TextCluster9_SVD26_H13                 -0.234745       -0.001396
 86 TextCluster9_SVD27_H13                  0.024548       -0.000846
 87 TextCluster9_SVD28_H13                  0.092921        0.003411
 88 TextCluster9_SVD29_H13                  0.066519        0.000181
 89 TextCluster9_SVD3_H13                   0.022089       -0.001227
 90 TextCluster9_SVD30_H13                  0.004500       -0.000924
 91 TextCluster9_SVD31_H13                  0.040736        0.000379
 92 TextCluster9_SVD32_H13                 -0.085639    -0.000048397
 93 TextCluster9_SVD33_H13                 -0.047855       -0.000700
 94 TextCluster9_SVD4_H13                  -0.219463       -0.001954
 95 TextCluster9_SVD5_H13                  -0.615496       -0.001940
 96 TextCluster9_SVD6_H13                   0.721184     0.000090072
 97 TextCluster9_SVD7_H13                   0.077905        0.004877
 98 TextCluster9_SVD8_H13                   0.931967        0.001305
 99 TextCluster9_SVD9_H13                  -0.201380       -0.002560
100 BIAS_H11                               -0.136128        0.002965
101 BIAS_H12                               -0.962333       -0.004308
102 BIAS_H13                                0.077706        0.002434
103 H11_CategoryTEACHER                     0.106379       -0.000142
104 H12_CategoryTEACHER                    -1.807315       -0.001182
105 H13_CategoryTEACHER                     0.725343       -0.001691
106 H11_CategorySALES                       1.525231        0.001817
107 H12_CategorySALES                      -0.826309       -0.000595
108 H13_CategorySALES                       4.147229        0.000808
109 H11_CategoryOTHER                       1.972290        0.003315
110 H12_CategoryOTHER                      -0.775742       -0.003441
111 H13_CategoryOTHER                      -0.375575       -0.001732
112 H11_CategoryINFORMATIONTECHNOLOG        0.306527        0.000772
113 H12_CategoryINFORMATIONTECHNOLOG        3.438435        0.000725
114 H13_CategoryINFORMATIONTECHNOLOG       -2.227301        0.001683
115 H11_CategoryHR                          3.484453       -0.000161
116 H12_CategoryHR                          4.901474        0.001399
117 H13_CategoryHR                         -1.385783       -0.001146
118 H11_CategoryHEALTHCARE                  3.523957       -0.001399
119 H12_CategoryHEALTHCARE                 -0.850581        0.001124
120 H13_CategoryHEALTHCARE                 -0.142236       -0.000287
121 H11_CategoryFITNESS                    -2.501854       -0.000867
122 H12_CategoryFITNESS                    -0.280376       -0.001150
123 H13_CategoryFITNESS                     3.213794        0.000121
124 H11_CategoryDIGITALMEDIA               -2.341578        0.000908
125 H12_CategoryDIGITALMEDIA               -1.705384       -0.000822
126 H13_CategoryDIGITALMEDIA               -0.922045        0.001672
127 H11_CategoryDESIGNER                    0.207279       -0.000506
128 H12_CategoryDESIGNER                   -1.102923        0.002314
129 H13_CategoryDESIGNER                   -3.346088        0.002914
130 H11_CategoryCONSULTANT                 -1.156956       -0.001570
131 H12_CategoryCONSULTANT                 -1.744369       -0.001561
132 H13_CategoryCONSULTANT                  0.374686        0.000289
133 H11_CategoryBUSINESSDEVELOPMENT        -4.931113       -0.000294
134 H12_CategoryBUSINESSDEVELOPMENT         0.090043        0.000107
135 H13_CategoryBUSINESSDEVELOPMENT         0.190860       -0.001400
136 BIAS_CategoryTEACHER                    0.499425        0.002749
137 BIAS_CategorySALES                     -0.504759        0.000976
138 BIAS_CategoryOTHER                      0.630003    -0.000030581
139 BIAS_CategoryINFORMATIONTECHNOLO        0.593313        0.000870
140 BIAS_CategoryHR                        -0.598352        0.002311
141 BIAS_CategoryHEALTHCARE                -0.425456       -0.000375
142 BIAS_CategoryFITNESS                   -0.225803        0.003346
143 BIAS_CategoryDIGITALMEDIA              -0.373003        0.002075
144 BIAS_CategoryDESIGNER                  -1.079122       -0.001295
145 BIAS_CategoryCONSULTANT                 0.536017        0.001749
146 BIAS_CategoryBUSINESSDEVELOPMENT       -0.753658       -0.001011

Value of Objective Function = 0.2491076136

 
                                                                                                                                                                                                                                                                
 
 

The NEURAL Procedure

Dual Quasi-Newton Optimization


Minimum Iterations                                0
Maximum Iterations                               50
Maximum Function Calls                   2147483647
Maximum CPU Time                              14400
ABSGCONV Gradient Criterion                 0.00001
GCONV Gradient Criterion                       1E-8
ABSFCONV Function Criterion                       0
FCONV Function Criterion                     0.0001
FCONV2 Function Criterion                         0
FSIZE Parameter                                   0
ABSXCONV Parameter Change Criterion               0
XCONV Parameter Change Criterion                  0
XSIZE Parameter                                   0
ABSCONV Function Criterion             0.0049756515
Line Search Method                                2
Starting Alpha for Line Search                    1
Line Search Precision LSPRECISION               0.4
DAMPSTEP Parameter for Line Search                .
Singularity Tolerance (SINGULAR)               1E-8

Dual Quasi-Newton Optimization

Dual Broyden - Fletcher - Goldfarb - Shanno Update (DBFGS)

Parameter Estimates             146

                                             Optimization Start

Active Constraints                                  0  Objective Function                       0.2491076136
Max Abs Gradient Element                 0.0090331552                                                       


                                                                 Objective     Max Abs                Slope of
                     Function         Active        Objective     Function    Gradient       Step       Search
Iter     Restarts       Calls    Constraints         Function       Change     Element       Size    Direction

   1            0           4              0          0.24816     0.000951      0.0178      0.100      -0.0729
   2            0           8              0          0.24496      0.00320      0.0108      1.255      -0.0051
   3            0          10              0          0.24330      0.00166      0.0135      1.000      -0.0039
   4            0          14              0          0.23987      0.00343      0.0109      1.516      -0.0055
   5            0          16              0          0.23624      0.00363     0.00678      1.000      -0.0068
   6            0          18              0          0.23263      0.00361      0.0139      1.526      -0.0059
   7            0          20              0          0.23011      0.00252     0.00980      1.144      -0.0079
   8            0          22              0          0.22742      0.00269     0.00743      0.835      -0.0076
   9            0          24              0          0.22558      0.00184      0.0105      1.392      -0.0048
  10            0          28              0          0.22175      0.00383      0.0124      1.600      -0.0057
  11            0          30              0          0.21890      0.00285      0.0150      1.096      -0.0087
  12            0          32              0          0.21542      0.00348     0.00862      1.037      -0.0069
  13            0          35              0          0.21327      0.00216     0.00563      0.956      -0.0047
  14            0          37              0          0.21086      0.00241     0.00743      1.520      -0.0035
  15            0          39              0          0.20815      0.00271     0.00624      1.030      -0.0059
  16            0          42              0          0.20632      0.00183     0.00498      1.039      -0.0036
  17            0          44              0          0.20482      0.00150     0.00816      1.732      -0.0026
  18            0          46              0          0.20241      0.00240     0.00481      1.043      -0.0036
  19            0          48              0          0.20039      0.00203      0.0116      1.338      -0.0045
  20            0          50              0          0.19795      0.00244     0.00806      1.280      -0.0040
  21            0          52              0          0.19682      0.00113      0.0131      1.944      -0.0031
  22            0          56              0          0.19429      0.00253     0.00789      1.266      -0.0045
  23            0          59              0          0.19316      0.00113     0.00647      0.668      -0.0031
  24            0          61              0          0.19121      0.00195     0.00544      1.089      -0.0026
  25            0          63              0          0.19004      0.00117      0.0110      1.121      -0.0043
  26            0          65              0          0.18840      0.00164     0.00464      0.647      -0.0045
  27            0          68              0          0.18757     0.000829     0.00488      0.590      -0.0029
  28            0          70              0          0.18675     0.000819     0.00783      1.125      -0.0018
  29            0          72              0          0.18565      0.00110     0.00758      0.759      -0.0027
  30            0          74              0          0.18469     0.000961     0.00664      1.199      -0.0023
  31            0          76              0          0.18370     0.000992     0.00912      0.858      -0.0028
  32            0          78              0          0.18333     0.000361      0.0125      1.075      -0.0023
  33            0          82              0          0.18234     0.001000     0.00509      0.800      -0.0025
  34            0          85              0          0.18184     0.000499     0.00413      0.626      -0.0016
  35            0          87              0          0.18143     0.000408     0.00880      1.162      -0.0011
  36            0          89              0          0.18089     0.000542     0.00581      0.758      -0.0013
  37            0          91              0          0.18066     0.000222     0.00814      1.172      -0.0012
  38            0          93              0          0.18032     0.000344     0.00473      0.551      -0.0010
  39            0          95              0          0.18011     0.000206     0.00507      0.852      -0.0010
  40            0          97              0          0.17982     0.000296     0.00456      0.755      -0.0007
  41            0          99              0          0.17965     0.000167     0.00538      0.974      -0.0008
  42            0         101              0          0.17936     0.000284     0.00337      0.556      -0.0008
  43            0         103              0          0.17905     0.000314     0.00308      1.047      -0.0007
  44            0         105              0          0.17893     0.000117     0.00661      1.342      -0.0006
  45            0         109              0          0.17845     0.000480     0.00446      1.173      -0.0008
  46            0         112              0          0.17814     0.000315     0.00289      0.869      -0.0007
  47            0         114              0          0.17774     0.000397     0.00456      1.161      -0.0007
  48            0         116              0          0.17732     0.000418     0.00403      0.876      -0.0011
  49            0         118              0          0.17721     0.000110     0.00634      1.442      -0.0007
  50            0         122              0          0.17677     0.000447     0.00333      0.884      -0.0010

                                            Optimization Results

Iterations                                         50  Function Calls                                    124
Gradient Calls                                     59  Active Constraints                                  0
Objective Function                       0.1767661009  Max Abs Gradient Element                 0.0033340545
Slope of Search Direction                -0.001006989                                                       

QUANEW needs more than 50 iterations or 2147483647 function calls.                                

WARNING: QUANEW Optimization cannot be completed.

 
                                                                                                                                                                                                                                                                
 
 

The NEURAL Procedure

                        Optimization Results
                         Parameter Estimates
                                                            Gradient
                                                           Objective
  N Parameter                               Estimate        Function

  1 TextCluster9_SVD1_H11                   0.008395       -0.001748
  2 TextCluster9_SVD10_H11                  0.155211        0.000754
  3 TextCluster9_SVD11_H11                 -0.090490       -0.001008
  4 TextCluster9_SVD12_H11                 -0.092092        0.001652
  5 TextCluster9_SVD13_H11                  0.113585        0.001154
  6 TextCluster9_SVD14_H11                  0.106354       -0.000956
  7 TextCluster9_SVD15_H11                  0.025619    -0.000083602
  8 TextCluster9_SVD16_H11                  0.076480        0.000230
  9 TextCluster9_SVD17_H11                 -0.119856       -0.000410
 10 TextCluster9_SVD18_H11                  0.035478        0.000875
 11 TextCluster9_SVD19_H11                 -0.103360        0.000317
 12 TextCluster9_SVD2_H11                  -0.217215       -0.000859
 13 TextCluster9_SVD20_H11                 -0.242439        0.001368
 14 TextCluster9_SVD21_H11                  0.125824       -0.000324
 15 TextCluster9_SVD22_H11                  0.087654       -0.000141
 16 TextCluster9_SVD23_H11                  0.053394       -0.000362
 17 TextCluster9_SVD24_H11                 -0.077518       -0.000551
 18 TextCluster9_SVD25_H11                  0.014753        0.000381
 19 TextCluster9_SVD26_H11                 -0.083860       -0.001534
 20 TextCluster9_SVD27_H11                  0.131766       -0.000658
 21 TextCluster9_SVD28_H11                 -0.053098        0.000450
 22 TextCluster9_SVD29_H11                 -0.050425        0.001215
 23 TextCluster9_SVD3_H11                   0.371207       -0.000216
 24 TextCluster9_SVD30_H11                  0.089709        0.001745
 25 TextCluster9_SVD31_H11                  0.130350        0.000616
 26 TextCluster9_SVD32_H11                 -0.039222        0.000532
 27 TextCluster9_SVD33_H11                 -0.147189       -0.000671
 28 TextCluster9_SVD4_H11                  -0.341958       -0.000815
 29 TextCluster9_SVD5_H11                  -0.065048       -0.000402
 30 TextCluster9_SVD6_H11                  -0.507690       -0.000139
 31 TextCluster9_SVD7_H11                  -0.007426       -0.000604
 32 TextCluster9_SVD8_H11                  -0.169574       -0.000148
 33 TextCluster9_SVD9_H11                  -0.108471     0.000083237
 34 TextCluster9_SVD1_H12                   0.062208       -0.000172
 35 TextCluster9_SVD10_H12                 -0.235177       -0.000814
 36 TextCluster9_SVD11_H12                  0.076831        0.000519
 37 TextCluster9_SVD12_H12                  0.154478       -0.000710
 38 TextCluster9_SVD13_H12                 -0.015914       -0.001442
 39 TextCluster9_SVD14_H12                  0.024931        0.001301
 40 TextCluster9_SVD15_H12                 -0.114356       -0.000312
 41 TextCluster9_SVD16_H12                 -0.089279        0.000788
 42 TextCluster9_SVD17_H12                  0.032569       -0.001235
 43 TextCluster9_SVD18_H12                  0.001383       -0.000614
 44 TextCluster9_SVD19_H12                  0.111684    -0.000061888
 45 TextCluster9_SVD2_H12                0.000058039     0.000085642
 46 TextCluster9_SVD20_H12                  0.035276       -0.000371
 47 TextCluster9_SVD21_H12                 -0.035800    -0.000047294
 48 TextCluster9_SVD22_H12                 -0.090766        0.000231
 49 TextCluster9_SVD23_H12                  0.121456        0.000275
 50 TextCluster9_SVD24_H12                  0.063708       -0.000285
 51 TextCluster9_SVD25_H12                 -0.083061       -0.000904
 52 TextCluster9_SVD26_H12                  0.011496        0.000493
 53 TextCluster9_SVD27_H12                 -0.012831        0.000623
 54 TextCluster9_SVD28_H12                  0.068550       -0.000209
 55 TextCluster9_SVD29_H12                  0.017555       -0.001604
 56 TextCluster9_SVD3_H12                   0.534549        0.000261
 57 TextCluster9_SVD30_H12                 -0.019060       -0.000874
 58 TextCluster9_SVD31_H12                  0.082776       -0.000687
 59 TextCluster9_SVD32_H12                  0.059440        0.000226
 60 TextCluster9_SVD33_H12                  0.002987    -0.000017521
 61 TextCluster9_SVD4_H12                  -0.294621       -0.000135
 62 TextCluster9_SVD5_H12                  -0.195826        0.000249
 63 TextCluster9_SVD6_H12                   0.314878       -0.001974
 64 TextCluster9_SVD7_H12                   0.048907       -0.001726
 65 TextCluster9_SVD8_H12                   0.641500       -0.000872
 66 TextCluster9_SVD9_H12                  -0.173458    -0.000064890
 67 TextCluster9_SVD1_H13                  -0.020477        0.001807
 68 TextCluster9_SVD10_H13                 -0.122526       -0.000445
 69 TextCluster9_SVD11_H13                 -0.049209        0.001622
 70 TextCluster9_SVD12_H13                 -0.110240       -0.000355
 71 TextCluster9_SVD13_H13                  0.090647       -0.000722
 72 TextCluster9_SVD14_H13                 -0.079673        0.000167
 73 TextCluster9_SVD15_H13                 -0.019589        0.000145
 74 TextCluster9_SVD16_H13                 -0.015201        0.000654
 75 TextCluster9_SVD17_H13                  0.035195       -0.000997
 76 TextCluster9_SVD18_H13                  0.050184       -0.001854
 77 TextCluster9_SVD19_H13                 -0.037973       -0.001113
 78 TextCluster9_SVD2_H13                  -0.433171       -0.001787
 79 TextCluster9_SVD20_H13                 -0.085401        0.000519
 80 TextCluster9_SVD21_H13                  0.008889        0.002155
 81 TextCluster9_SVD22_H13                  0.025192       -0.000954
 82 TextCluster9_SVD23_H13                  0.029689        0.000786
 83 TextCluster9_SVD24_H13                  0.007041       -0.001421
 84 TextCluster9_SVD25_H13                  0.033936       -0.000959
 85 TextCluster9_SVD26_H13                 -0.083930        0.000812
 86 TextCluster9_SVD27_H13                  0.024435       -0.000405
 87 TextCluster9_SVD28_H13                 -0.017885       -0.000336
 88 TextCluster9_SVD29_H13                  0.077703       -0.000584
 89 TextCluster9_SVD3_H13                  -0.184241        0.000189
 90 TextCluster9_SVD30_H13                  0.015766        0.003334
 91 TextCluster9_SVD31_H13                 -0.014500       -0.002444
 92 TextCluster9_SVD32_H13                 -0.076424    -0.000025001
 93 TextCluster9_SVD33_H13                  0.021815        0.000510
 94 TextCluster9_SVD4_H13                  -0.019225       -0.000880
 95 TextCluster9_SVD5_H13                  -0.274889        0.000255
 96 TextCluster9_SVD6_H13                   0.324856        0.000865
 97 TextCluster9_SVD7_H13                  -0.088866        0.000290
 98 TextCluster9_SVD8_H13                   0.122074       -0.000483
 99 TextCluster9_SVD9_H13                  -0.073447       -0.001757
100 BIAS_H11                                0.033922        0.000164
101 BIAS_H12                                0.090033        0.001483
102 BIAS_H13                                0.210128        0.000125
103 H11_CategoryTEACHER                    -1.139781        0.000339
104 H12_CategoryTEACHER                    -4.156408        0.000785
105 H13_CategoryTEACHER                     4.603535       -0.000146
106 H11_CategorySALES                       0.349151       -0.000331
107 H12_CategorySALES                       0.477981       -0.000568
108 H13_CategorySALES                       3.918271       -0.000277
109 H11_CategoryOTHER                      -0.563864       -0.000139
110 H12_CategoryOTHER                       2.376703        0.000547
111 H13_CategoryOTHER                      -0.677601        0.000119
112 H11_CategoryINFORMATIONTECHNOLOG       -1.466261        0.000162
113 H12_CategoryINFORMATIONTECHNOLOG        2.165128       -0.000707
114 H13_CategoryINFORMATIONTECHNOLOG       -7.525840        0.000304
115 H11_CategoryHR                          5.432707    -0.000049178
116 H12_CategoryHR                          3.832419       -0.000503
117 H13_CategoryHR                         -0.114475        0.000157
118 H11_CategoryHEALTHCARE                  4.322757        0.000154
119 H12_CategoryHEALTHCARE                 -2.274178        0.000403
120 H13_CategoryHEALTHCARE                  0.444832    -0.000008008
121 H11_CategoryFITNESS                    -2.415436     0.000046915
122 H12_CategoryFITNESS                     5.313652     0.000041795
123 H13_CategoryFITNESS                     5.250080       -0.000160
124 H11_CategoryDIGITALMEDIA               -5.648647        0.000240
125 H12_CategoryDIGITALMEDIA               -2.085174        0.000447
126 H13_CategoryDIGITALMEDIA               -4.866434     0.000039063
127 H11_CategoryDESIGNER                    2.425942     0.000024967
128 H12_CategoryDESIGNER                   -3.423887        0.000295
129 H13_CategoryDESIGNER                   -6.723299     0.000079862
130 H11_CategoryCONSULTANT                  0.807233        0.000192
131 H12_CategoryCONSULTANT                 -0.843522        0.000361
132 H13_CategoryCONSULTANT                 -2.563837       -0.000204
133 H11_CategoryBUSINESSDEVELOPMENT        -3.632824       -0.000136
134 H12_CategoryBUSINESSDEVELOPMENT         0.721428       -0.000135
135 H13_CategoryBUSINESSDEVELOPMENT         1.437967        0.000314
136 BIAS_CategoryTEACHER                   -4.697776        0.000151
137 BIAS_CategorySALES                     -2.030664       -0.000495
138 BIAS_CategoryOTHER                     -0.322044        0.000620
139 BIAS_CategoryINFORMATIONTECHNOLO       -3.126251       -0.000343
140 BIAS_CategoryHR                        -4.569362        0.000280
141 BIAS_CategoryHEALTHCARE                -2.420326       -0.000121
142 BIAS_CategoryFITNESS                   -5.630856       -0.000327
143 BIAS_CategoryDIGITALMEDIA              -3.960622       -0.000204
144 BIAS_CategoryDESIGNER                  -3.258122    -0.000046396
145 BIAS_CategoryCONSULTANT                 0.114597        0.000476
146 BIAS_CategoryBUSINESSDEVELOPMENT       -1.614864        0.000374

Value of Objective Function = 0.1767661009

