*------------------------------------------------------------*
* Score Log
Date:                November 14, 2023
Time:                19:51:36
*------------------------------------------------------------*
16600  %let EMEXCEPTIONSTRING=;
16601  *------------------------------------------------------------*;
16602  * SCORE: FIMPORT;
16603  *------------------------------------------------------------*;
16604  %let EM_ACTION = SCORE;
16605  %let syscc = 0;
16606  /* Fimport.source */
16607  %macro main;
16608        %if %upcase(&EM_ACTION) = CREATE %then %do;
16609           filename temp catalog 'sashelp.emsamp.Fimport_create.source';
16610           %include temp;
16611           filename temp;
16612           %create;
16613        %end;
16614        %else
16615        %if %upcase(&EM_ACTION) = TRAIN %then %do;
16616           filename temp catalog 'sashelp.emsamp.Fimport_train.source';
16617           %include temp;
16618           filename temp;
16619           %train;
16620        %end;
16621        %else
16622        %if %upcase(&EM_ACTION) = UPDATE %then %do;
16623           filename temp catalog 'sashelp.emsamp.Fimport_update.source';
16624           %include temp;
16625           filename temp;
16626           %update;
16627        %end;
16628        %else
16629        %if %upcase(&EM_ACTION) = PROPERTY %then %do;
16630           filename temp catalog 'sashelp.emsamp.Fimport_actions.source';
16631           %include temp;
16632           filename temp;
16633           %property;
16634        %end;
16635         %else
16636        %if %upcase(&EM_ACTION) = SCORE %then %do;
16637           filename temp catalog 'sashelp.emsamp.Fimport_score.source';
16638           %include temp;
16639           filename temp;
16640           %score;
16641        %end;
16642        %else
16643        %if %upcase(&EM_ACTION) = REPORT %then %do;
16644           filename temp catalog 'sashelp.emsamp.Fimport_report.source';
16645           %include temp;
16646           filename temp;
16647           %report;
16648        %end;
16649        %else
16650        %if %upcase(&EM_ACTION) = OPENVARIABLESET %then %do;
16651           filename temp catalog 'sashelp.emsamp.Fimport_actions.source';
16652           %include temp;
16653           filename temp;
16654           %openvariableset;
16655        %end;
16656        %else
16657        %if %upcase(&EM_ACTION) = CLOSEVARIABLESET %then %do;
16658           filename temp catalog 'sashelp.emsamp.Fimport_actions.source';
16659           %include temp;
16660           filename temp;
16661           %closevariableset;
16662        %end;
16663  %mend main;
16664  %main;
NOTE: %INCLUDE (level 1) file TEMP is file SASHELP.EMSAMP.FIMPORT_SCORE.SOURCE.
16665 +%macro score;
16666 +
16667 +   filename x "&EM_NODEDIR.&EM_DSEP._updatePath.st";
16668 +   data _null_;
16669 +      file x;
16670 +      put ' ';
16671 +   run;
16672 +   filename x;
16673 +
16674 +   %em_getname(key=DATA, type=DATA);
16675 +   %if %sysfunc(exist(&em_user_data)) %then %do;
16676 +       data &em_export_train / view=&em_export_train;
16677 +          set &em_user_data;
16678 +       run;
16679 +   %end;
16680 +
16681 +%mend score;
NOTE: %INCLUDE (level 1) ending.
NOTE: Fileref TEMP has been deassigned.

NOTE: The file X is:
      Filename=C:\Users\lahar\OneDrive\Desktop\Data Mining\Resume\Workspaces\EMWS3\FIMPORT\_updatePath.st,
      RECFM=V,LRECL=32767,File Size (bytes)=0,
      Last Modified=14Nov2023:19:51:35,
      Create Time=14Nov2023:19:51:35

NOTE: 1 record was written to the file X.
      The minimum record length was 1.
      The maximum record length was 1.
NOTE: DATA statement used (Total process time):
      real time           0.00 seconds
      cpu time            0.00 seconds
      

NOTE: Fileref X has been deassigned.

NOTE: DATA STEP view saved on file EMWS3.FIMPORT_TRAIN.
NOTE: A stored DATA STEP view cannot run under a different operating system.
NOTE: DATA statement used (Total process time):
      real time           0.00 seconds
      cpu time            0.00 seconds
      

16682  *------------------------------------------------------------*;
16683  * End SCORE: FIMPORT;
16684  *------------------------------------------------------------*;

16686  *------------------------------------------------------------*;
16687  * FIMPORT: Computing metadata for TRAIN data;
16688  *------------------------------------------------------------*;

NOTE: View EMWS3.FIMPORT_TRAIN.VIEW used (Total process time):
      real time           0.02 seconds
      cpu time            0.01 seconds
      
NOTE: View EMWS3.FIMPORT_TRAIN.VIEW used (Total process time):
      real time           0.01 seconds
      cpu time            0.00 seconds
      
