 
                                                                                                                                                                                                                                                                
 
 
Variable Summary

        Measurement    Frequency
Role       Level         Count

TEXT      NOMINAL          1    
 
                                                                                                                                                                                                                                                                
 
 

The HPTMINE Procedure

      Performance Information

Execution Mode       Single-Machine
Number of Threads    4             


                  Data Access Information
 
Data                           Engine    Role      Path

EMWS3.TEXTPARSING2_TRAIN       V9        Input     On Client
EMWS3.TEXTPARSING2_TMOUTPOS    V9        Output    On Client
EMWS3.TEXTPARSING2_TMOUT       V9        Output    On Client
EMWS3.TEXTPARSING2_TERMS       V9        Output    On Client
EMWS3.TEXTPARSING2_TMCONFIG    V9        Output    On Client


                 Procedure Task Timing
 
Task                                Seconds      Percent

 Parse documents                       2.18      88.48% 
 Index documents                       0.08       3.37% 
 Output raw parsing results            0.02       0.93% 
 Analyze terms                         0.07       2.76% 
 Obtain term frequency                 0.05       2.23% 
 Filter terms                          0.04       1.62% 
 Generate term-document matrix         0.01       0.41% 
 Output OUTCHILD table                 0.00       0.04% 
 Output OUTTERMS table                 0.00       0.12% 
 Output OUTCONFIG table                0.00       0.04% 
