*------------------------------------------------------------*
* Report Log
Date:                November 23, 2023
Time:                22:14:20
*------------------------------------------------------------*
16272  data EMWS3.Neural_EMOUTFIT(rename=(_NAME_=TARGET));
16273  set EMWS3.Neural_OUTFIT(where=(_NAME_ eq 'OVERALL'));
16274  label _NAME_ = "%sysfunc(sasmsg(sashelp.dmine, rpt_target_vlabel  , NOQUOTE))";
16275  if _NAME_='OVERALL' then _NAME_='Category';
16276  drop _ITER_;
16277  run;

NOTE: There were 1 observations read from the data set EMWS3.NEURAL_OUTFIT.
      WHERE _NAME_='OVERALL';
NOTE: The data set EMWS3.NEURAL_EMOUTFIT has 1 observations and 50 variables.
NOTE: DATA statement used (Total process time):
      real time           0.00 seconds
      cpu time            0.00 seconds
      

16278  proc sort data=EMWS3.Neural_EMOUTFIT nodupkey;
16279  by TARGET;
16280  run;

NOTE: There were 1 observations read from the data set EMWS3.NEURAL_EMOUTFIT.
NOTE: 0 observations with duplicate key values were deleted.
NOTE: The data set EMWS3.NEURAL_EMOUTFIT has 1 observations and 50 variables.
NOTE: PROCEDURE SORT used (Total process time):
      real time           0.01 seconds
      cpu time            0.01 seconds
      

16281  data EMWS3.Neural_EMOUTFIT;
16282  set EMWS3.Neural_EMOUTFIT;
16283  length TargetLabel $200;
16284  label targetLabel = "%sysfunc(sasmsg(sashelp.dmine, meta_targetlabel_vlabel, NOQUOTE))";
16285  if upcase(TARGET) eq "CATEGORY" then TargetLabel = 'Category';
16286  run;

NOTE: There were 1 observations read from the data set EMWS3.NEURAL_EMOUTFIT.
NOTE: The data set EMWS3.NEURAL_EMOUTFIT has 1 observations and 51 variables.
NOTE: DATA statement used (Total process time):
      real time           0.01 seconds
      cpu time            0.00 seconds
      

16287  proc sort data=EMWS3.Neural_EMREPORTFIT nothreads;
16288  by TARGET;
16289  run;

NOTE: There were 21 observations read from the data set EMWS3.NEURAL_EMREPORTFIT.
NOTE: The data set EMWS3.NEURAL_EMREPORTFIT has 21 observations and 7 variables.
NOTE: PROCEDURE SORT used (Total process time):
      real time           0.01 seconds
      cpu time            0.00 seconds
      

16290  %let _EMwarndup = 0;
16291  %let _EMtargetdup =;
16292  %let _EMASEtargetdup =;
16293  data _null_;
16294  set EMWS3.Neural_EMOUTFIT;
16295  if .<_ASE_<0.000001 then do;
16296  call symput('_EMwarndup', '1');
16297  call symput('_EMtargetdup', target);
16298  call symput('_EMASEtargetdup', put(_ASE_, best.));
16299  end;
16300  run;

NOTE: There were 1 observations read from the data set EMWS3.NEURAL_EMOUTFIT.
NOTE: DATA statement used (Total process time):
      real time           0.00 seconds
      cpu time            0.00 seconds
      

16301  proc sort data=EMWS3.TextCluster4_CMeta_TRAIN out=WORK.SUBSETINMETA;
16302  by NAME;
16303  run;

NOTE: There were 79 observations read from the data set EMWS3.TEXTCLUSTER4_CMETA_TRAIN.
NOTE: The data set WORK.SUBSETINMETA has 79 observations and 20 variables.
NOTE: PROCEDURE SORT used (Total process time):
      real time           0.00 seconds
      cpu time            0.00 seconds
      

16304  proc sort data=EMWS3.Neural_VariableSet out=WORK.SUBSETVARSET(keep=NAME REPORT);
16305  by NAME;
16306  run;

NOTE: There were 74 observations read from the data set EMWS3.NEURAL_VARIABLESET.
NOTE: The data set WORK.SUBSETVARSET has 74 observations and 2 variables.
NOTE: PROCEDURE SORT used (Total process time):
      real time           0.00 seconds
      cpu time            0.01 seconds
      

16307  data WORK.ASSESS_META;
16308  merge WORK.SUBSETINMETA WORK.SUBSETVARSET;
16309  by NAME;
16310  run;

NOTE: There were 79 observations read from the data set WORK.SUBSETINMETA.
NOTE: There were 74 observations read from the data set WORK.SUBSETVARSET.
NOTE: The data set WORK.ASSESS_META has 79 observations and 20 variables.
NOTE: DATA statement used (Total process time):
      real time           0.01 seconds
      cpu time            0.00 seconds
      

16311  data EM_temp_assessMeta;
16312  set EMWS3.Neural_CMeta_TRAIN;
16313  where role in('DECISION', 'PREDICT', 'RESIDUAL', 'CLASSIFICATION', 'ASSESS', 'COST');
16314  run;

NOTE: There were 28 observations read from the data set EMWS3.NEURAL_CMETA_TRAIN.
      WHERE role in ('ASSESS', 'CLASSIFICATION', 'COST', 'DECISION', 'PREDICT', 'RESIDUAL');
NOTE: The data set WORK.EM_TEMP_ASSESSMETA has 28 observations and 21 variables.
NOTE: DATA statement used (Total process time):
      real time           0.00 seconds
      cpu time            0.00 seconds
      

16315  data EM_temp_assessdata;
16316  set EMWS3.Neural_TRAIN(keep=
16317  F_Category
16318  I_Category
16319  P_CategoryADVOCATE
16320  P_CategoryBUSINESS_DEVELOPMENT
16321  P_CategoryCONSULTANT
16322  P_CategoryDESIGNER
16323  P_CategoryDIGITAL_MEDIA
16324  P_CategoryFITNESS
16325  P_CategoryHEALTHCARE
16326  P_CategoryHR
16327  P_CategoryINFORMATION_TECHNOLOGY
16328  P_CategoryOTHER
16329  P_CategorySALES
16330  P_CategoryTEACHER
16331  R_CategoryADVOCATE
16332  R_CategoryBUSINESS_DEVELOPMENT
16333  R_CategoryCONSULTANT
16334  R_CategoryDESIGNER
16335  R_CategoryDIGITAL_MEDIA
16336  R_CategoryFITNESS
16337  R_CategoryHEALTHCARE
16338  R_CategoryHR
16339  R_CategoryINFORMATION_TECHNOLOGY
16340  R_CategoryOTHER
16341  R_CategorySALES
16342  R_CategoryTEACHER
16343  U_Category
16344  _WARN_
16345  Category
16346  );
16347  run;

NOTE: View EMWS3.NEURAL_TRAIN.VIEW used (Total process time):
      real time           0.04 seconds
      cpu time            0.00 seconds
      
NOTE: There were 674 observations read from the data set EMWS3.TEXTCLUSTER4_TRAIN.
NOTE: There were 674 observations read from the data set EMWS3.NEURAL_TRAIN.
NOTE: The data set WORK.EM_TEMP_ASSESSDATA has 674 observations and 29 variables.
NOTE: DATA statement used (Total process time):
      real time           0.05 seconds
      cpu time            0.00 seconds
      
















20629  data EM_temp_assessMeta;
20630  set EMWS3.Neural_CMeta_TRAIN;
20631  where role in('DECISION', 'PREDICT', 'RESIDUAL', 'CLASSIFICATION', 'ASSESS', 'COST');
20632  run;

NOTE: There were 28 observations read from the data set EMWS3.NEURAL_CMETA_TRAIN.
      WHERE role in ('ASSESS', 'CLASSIFICATION', 'COST', 'DECISION', 'PREDICT', 'RESIDUAL');
NOTE: The data set WORK.EM_TEMP_ASSESSMETA has 28 observations and 21 variables.
NOTE: DATA statement used (Total process time):
      real time           0.00 seconds
      cpu time            0.00 seconds
      

20633  data EM_temp_assessdata;
20634  set EMWS3.Neural_VALIDATE(keep=
20635  F_Category
20636  I_Category
20637  P_CategoryADVOCATE
20638  P_CategoryBUSINESS_DEVELOPMENT
20639  P_CategoryCONSULTANT
20640  P_CategoryDESIGNER
20641  P_CategoryDIGITAL_MEDIA
20642  P_CategoryFITNESS
20643  P_CategoryHEALTHCARE
20644  P_CategoryHR
20645  P_CategoryINFORMATION_TECHNOLOGY
20646  P_CategoryOTHER
20647  P_CategorySALES
20648  P_CategoryTEACHER
20649  R_CategoryADVOCATE
20650  R_CategoryBUSINESS_DEVELOPMENT
20651  R_CategoryCONSULTANT
20652  R_CategoryDESIGNER
20653  R_CategoryDIGITAL_MEDIA
20654  R_CategoryFITNESS
20655  R_CategoryHEALTHCARE
20656  R_CategoryHR
20657  R_CategoryINFORMATION_TECHNOLOGY
20658  R_CategoryOTHER
20659  R_CategorySALES
20660  R_CategoryTEACHER
20661  U_Category
20662  _WARN_
20663  Category
20664  );
20665  run;

NOTE: View EMWS3.NEURAL_VALIDATE.VIEW used (Total process time):
      real time           0.04 seconds
      cpu time            0.03 seconds
      
NOTE: There were 405 observations read from the data set EMWS3.TEXTCLUSTER4_VALIDATE.
NOTE: There were 405 observations read from the data set EMWS3.NEURAL_VALIDATE.
NOTE: The data set WORK.EM_TEMP_ASSESSDATA has 405 observations and 29 variables.
NOTE: DATA statement used (Total process time):
      real time           0.05 seconds
      cpu time            0.03 seconds
      
















24956  %let _cn = %sysfunc(getoption(CENTER));
24957  options nocenter;
24958  proc print data=EMWS3.Neural_EMREPORTFIT noobs label;
24959  var STAT LABEL TRAIN
24960  VALIDATE
24961  TEST
24962  ;
24963  by TARGET TARGETLABEL;
24964  title9 ' ';
24965  title10 "%sysfunc(sasmsg(sashelp.dmine, rpt_fitstat_title  , NOQUOTE))";
24966  run;

NOTE: There were 21 observations read from the data set EMWS3.NEURAL_EMREPORTFIT.
NOTE: The PROCEDURE PRINT printed page 8.
NOTE: PROCEDURE PRINT used (Total process time):
      real time           0.00 seconds
      cpu time            0.00 seconds
      

24967  title10;
24968  options &_cn;

24969  proc sort data=EMWS3.Neural_EMCLASSIFICATION nothreads;
24970  by DATAROLE TARGET TARGETLABEL;
24971  run;

NOTE: There were 173 observations read from the data set EMWS3.NEURAL_EMCLASSIFICATION.
NOTE: The data set EMWS3.NEURAL_EMCLASSIFICATION has 173 observations and 12 variables.
NOTE: PROCEDURE SORT used (Total process time):
      real time           0.00 seconds
      cpu time            0.00 seconds
      

24972  %let _cn = %sysfunc(getoption(CENTER));
24973  options nocenter;
24974  proc print data=EMWS3.Neural_EMCLASSIFICATION noobs label;
24975  var from into pct_row pct_col count percent
24976  ;
24977  by DATAROLE TARGET TARGETLABEL;
24978  label FROM = "%sysfunc(sasmsg(sashelp.dmine, rpt_target_vlabel ,     NOQUOTE))";
24979  label INTO = "%sysfunc(sasmsg(sashelp.dmine, rpt_outcome_vlabel ,    NOQUOTE))";
24980  label PCT_ROW = "%sysfunc(sasmsg(sashelp.dmine, rpt_targetpct_vlabel ,  NOQUOTE))";
24981  label PCT_COL = "%sysfunc(sasmsg(sashelp.dmine, rpt_outcomepct_vlabel , NOQUOTE))";
24982  label COUNT = "%sysfunc(sasmsg(sashelp.dmine, rpt_count_vlabel ,      NOQUOTE))";
24983  label PERCENT = "%sysfunc(sasmsg(sashelp.dmine, rpt_totalpct_vlabel ,   NOQUOTE))";
24984  where _TYPE_='PREDICTION';
24985  title9 ' ';
24986  title10 "%sysfunc(sasmsg(sashelp.dmine, rpt_classification_title    , NOQUOTE))";
24987  run;

NOTE: There were 173 observations read from the data set EMWS3.NEURAL_EMCLASSIFICATION.
      WHERE _TYPE_='PREDICTION';
NOTE: The PROCEDURE PRINT printed page 9.
NOTE: PROCEDURE PRINT used (Total process time):
      real time           0.01 seconds
      cpu time            0.00 seconds
      

24988  title9;
24989  title10;
24990  options &_cn;

24991  %let _cn = %sysfunc(getoption(CENTER));
24992  options nocenter;
24993  data EMWS3.Neural_EMEVENTREPORT;
24994  length DATAROLE TARGET $32 TARGETLABEL $200 FALSENEVENT TRUENEVENT FALSEEVENT TRUEEVENT 8;
24995  label DATAROLE = "%sysfunc(sasmsg(sashelp.dmine, rpt_datarole_vlabel ,    NOQUOTE))" TARGET = "%sysfunc(sasmsg(sashelp.dmine, rpt_target_vlabel ,      NOQUOTE))" TARGETLABEL = "%sysfunc(sasmsg(sashelp.dmine, meta_targetlabel_vlabel, NOQUOTE))"
24995! FALSEEVENT
24996  = "%sysfunc(sasmsg(sashelp.dmine, rpt_falseevent_vlabel ,  NOQUOTE))" FALSENEVENT = "%sysfunc(sasmsg(sashelp.dmine, rpt_falsenevent_vlabel , NOQUOTE))" TRUEEVENT = "%sysfunc(sasmsg(sashelp.dmine, rpt_trueevent_vlabel ,   NOQUOTE))" TRUENEVENT =
24997     "%sysfunc(sasmsg(sashelp.dmine, rpt_truenevent_vlabel ,  NOQUOTE))";
24998  FALSEEVENT=0;
24999  FALSENEVENT=0;
25000  TRUEEVENT=0;
25001  TRUENEVENT=0;
25002  set EMWS3.Neural_EMEVENTREPORT;
25003  run;

NOTE: There were 2 observations read from the data set EMWS3.NEURAL_EMEVENTREPORT.
NOTE: The data set EMWS3.NEURAL_EMEVENTREPORT has 2 observations and 7 variables.
NOTE: DATA statement used (Total process time):
      real time           0.01 seconds
      cpu time            0.01 seconds
      

25004  proc print data=EMWS3.Neural_EMEVENTREPORT noobs label;
25005  title9 ' ';
25006  title10 "%sysfunc(sasmsg(sashelp.dmine, rpt_eventtable_title    , NOQUOTE))";
25007  by notsorted DATAROLE notsorted TARGET notsorted TARGETLABEL;
25008  run;

NOTE: There were 2 observations read from the data set EMWS3.NEURAL_EMEVENTREPORT.
NOTE: The PROCEDURE PRINT printed page 10.
NOTE: PROCEDURE PRINT used (Total process time):
      real time           0.00 seconds
      cpu time            0.00 seconds
      

25009  title10;
25010  options &_cn;

25011  proc datasets library=EMWS3 nolist;
25012  modify Neural_EMRANK;
25013  label target = "%sysfunc(sasmsg(sashelp.dmine, rpt_targetvar_vlabel ,   NOQUOTE))";
25014  label datarole = "%sysfunc(sasmsg(sashelp.dmine, rpt_datarole_vlabel ,    NOQUOTE))";
25015  run;

NOTE: MODIFY was successful for EMWS3.NEURAL_EMRANK.DATA.
25016  quit;

NOTE: PROCEDURE DATASETS used (Total process time):
      real time           0.10 seconds
      cpu time            0.04 seconds
      

25017  %let _cn = %sysfunc(getoption(CENTER));
25018  options nocenter;
25019  proc print data=EMWS3.Neural_EMRANK label noobs;
25020  var
25021  decile gain lift liftc resp respc N _meanP_;
25022  by
25023  notsorted DATAROLE
25024  notsorted TARGET
25025  notsorted TARGETLABEL
25026  ;
25027  title9 ' ';
25028  title10 "%sysfunc(sasmsg(sashelp.dmine, rpt_scoreranking_title , NOQUOTE))";
25029  run;

NOTE: There were 40 observations read from the data set EMWS3.NEURAL_EMRANK.
NOTE: The PROCEDURE PRINT printed page 11.
NOTE: PROCEDURE PRINT used (Total process time):
      real time           0.00 seconds
      cpu time            0.00 seconds
      

25030  title10;
25031  options &_cn;

25032  proc datasets library=EMWS3 nolist;
25033  modify Neural_EMSCOREDIST;
25034  label target = "%sysfunc(sasmsg(sashelp.dmine, rpt_targetvar_vlabel ,      NOQUOTE))";
25035  label datarole = "%sysfunc(sasmsg(sashelp.dmine, rpt_datarole_vlabel ,    NOQUOTE))";
25036  run;

NOTE: MODIFY was successful for EMWS3.NEURAL_EMSCOREDIST.DATA.
25037  quit;

NOTE: PROCEDURE DATASETS used (Total process time):
      real time           0.08 seconds
      cpu time            0.04 seconds
      

