*------------------------------------------------------------*
* Report Log
Date:                November 23, 2023
Time:                22:12:48
*------------------------------------------------------------*
20046  %let EMEXCEPTIONSTRING=;
20047  *------------------------------------------------------------*;
20048  * REPORT: TextCluster7;
20049  *------------------------------------------------------------*;
20050  %let EM_ACTION = REPORT;
20051  %let syscc = 0;
20052  %macro main();
20053  
20054     %if %upcase(&EM_ACTION) eq CREATE %then %do;
20055        filename temp catalog 'sashelp.emtxtext.cluster_create.source';
20056        %include temp;
20057        %create();
20058     %end;
20059     %if %upcase(&EM_ACTION) eq TRAIN %then %do;
20060        filename temp catalog 'sashelp.emtxtext.cluster_train.source';
20061        %include temp;
20062        %train();
20063     %end;
20064     %if %upcase(&EM_ACTION) eq REPORT %then %do;
20065        filename temp catalog 'sashelp.emtxtext.cluster_report.source';
20066        %include temp;
20067        %report();
20068     %end;
20069     %if %upcase(&EM_ACTION) eq SCORE %then %do;
20070        filename temp catalog 'sashelp.emtxtext.cluster_score.source';
20071        %include temp;
20072        %score();
20073     %end;
20074  %mend main;
20075  
20076  %main();
NOTE: %INCLUDE (level 1) file TEMP is file SASHELP.EMTXTEXT.CLUSTER_REPORT.SOURCE.
20077 +%macro report();
20078 +
20079 +    %EM_GETNAME(KEY=GRAPH_TABLE, TYPE=DATA);
20080 +    %EM_GETNAME(KEY=clusters, TYPE=DATA);
20081 +    %EM_GETNAME(KEY=prescorecode, type=file, extension=sas);
20082 +    %em_getname(key=svd_s, type=data);
20083 +    %em_getname(key=hierds, type=data);
20084 +
20085 +    proc sql noprint;
20086 +        select count(*) into :svdkeep
20087 +            from &em_user_svd_s
20088 +            where keep=1;
20089 +        select count(*) into :nclus
20090 +            from &em_user_clusters;
20091 +    quit;
20092 +    %let svdkeep=%left(&svdkeep);
20093 +    %let nclus=%left(&nclus);
20094 +    %let clusterid=%sysfunc(sasmsg(sashelp.tmine, rpt_text_clusterid_vlabel, NOQUOTE));
20095 +    %let frequency=%sysfunc(sasmsg(sashelp.tmine, rpt_text_frequency_vlabel, NOQUOTE));
20096 +    %let percentage=%sysfunc(sasmsg(sashelp.tmine, rpt_text_percentage_vlabel, NOQUOTE));
20097 +    %let descterms=%sysfunc(sasmsg(sashelp.tmine, rpt_text_descterms_vlabel, NOQUOTE));
20098 +    %let rmsstd=%sysfunc(sasmsg(sashelp.tmine, rpt_text_rmsstd_vlabel, NOQUOTE));
20099 +    %let coordinate=%sysfunc(sasmsg(sashelp.tmine, rpt_text_coordinate_vlabel, NOQUOTE));
20100 +    %let parent=%sysfunc(sasmsg(sashelp.tmine, rpt_text_parent_vlabel, NOQUOTE));
20101 +    %let hierlevel=%sysfunc(sasmsg(sashelp.tmine, rpt_text_hierlevel_vlabel, NOQUOTE));
20102 +    %let graphdesc=%sysfunc(sasmsg(sashelp.tmine, rpt_text_graphdesc_vlabel, NOQUOTE));
20103 +    %let descshort=%sysfunc(sasmsg(sashelp.tmine, rpt_text_descshort_vlabel, NOQUOTE));
20104 +
20105 +    data &em_user_graph_table;
20106 +        set &em_user_clusters;
20107 +        label _cluster_="&clusterid"
20108 +              clus_desc="&DescTerms"
20109 +              freq="&Frequency"
20110 +              percent="&Percentage"
20111 +              _rmsstd_="&rmsstd"
20112 +              %do i=1 %to &svdkeep;
20113 +                _mean&i="&Coordinate &i"
20114 +              %end;
20115 +              ;
20116 +        format percent percent10.;
20117 +        desc_short = clus_desc;
20118 +        if COUNTW(clus_desc, ' ') > 5 then do;
20119 +            call scan(clus_desc, 6, position, len, ' ');
20120 +            desc_short=substr(clus_desc, 1, position-1) || '...';
20121 +            drop position len;
20122 +            label desc_short="&descshort";
20123 +        end;
20124 +    run;
20125 +
20126 +    proc sql noprint;
20127 +        create table &em_user_graph_table as
20128 +        select _cluster_, clus_desc, freq, percent, *
20129 +        from &em_user_graph_table;
20130 +    quit;
20131 +
20132 +    %let block = %sysfunc(sasmsg(sashelp.tmine, rpt_text_clusters_title, NOQUOTE));
20133 +
20134 +    %let desc = %sysfunc(sasmsg(sashelp.tmine, rpt_text_prescore_title, NOQUOTE));
20135 +    %EM_REPORT(KEY=PRESCORECODE, VIEWTYPE=SOURCE, DESCRIPTION=%nrbquote(&desc),
20136 +              BLOCK=Scoring, AUTODISPLAY=N);
20137 +
20138 +    %let desc = %sysfunc(sasmsg(sashelp.tmine, rpt_text_clusfreqbyrms_title, NOQUOTE));
20139 +    %EM_REPORT(KEY=GRAPH_TABLE, VIEWTYPE=SCATTER, X=FREQ, Y=_RMSSTD_, DESCRIPTION=%nrbquote(&desc),
20140 +            BLOCK=%nrbquote(&block), AUTODISPLAY=Y, TIP=%if &em_property_nDescTerms > 5 %then desc_short; %else clus_desc;);
20141 +
20142 +    %let desc = %sysfunc(sasmsg(sashelp.tmine, rpt_text_clusters_title, NOQUOTE));
20143 +    %EM_REPORT(KEY=GRAPH_TABLE, VIEWTYPE=DATA, DESCRIPTION=%nrbquote(&desc), BLOCK=%nrbquote(&block), AUTODISPLAY=Y);
20144 +
20145 +    %if &nclus > 2 %then %do;
20146 +        data work.graph_table(drop=_cluster_);
20147 +            set &em_user_graph_table;
20148 +            cluster=put(_cluster_,best12.);
20149 +        run;
20150 +        proc distance data=work.graph_table out=work.graph_table method=EUCLID nostd;
20151 +            var RATIO(_mean1-_mean&svdkeep);
20152 +            id cluster;
20153 +        run;
20154 +        proc mds data=work.graph_table out=work.graph_table
20155 +            level=ratio dimension=2 noprint;
20156 +        run;
20157 +        data work.graph_table;
20158 +            set work.graph_table;
20159 +            if _name_ ne '';
20160 +            Cluster=input(substr(_name_,2),8.);
20161 +            LABEL dim1='X' dim2='Y';
20162 +        run;
20163 +        proc sql noprint;
20164 +            create table &em_user_graph_table as
20165 +            select a.*, b.dim1, b.dim2
20166 +            from &em_user_graph_table a, work.graph_table b
20167 +            where a._cluster_=b.cluster;
20168 +        quit;
20169 +
20170 +        %let desc = %sysfunc(sasmsg(sashelp.tmine, rpt_text_clusterdist_title, NOQUOTE));
20171 +        %EM_REPORT(KEY=GRAPH_TABLE, VIEWTYPE=SCATTER, X=DIM1, Y=DIM2, BLOCK=%nrbquote(&BLOCK),
20172 +            DESCRIPTION=%nrbquote(&desc), AUTODISPLAY=Y, TIP=%if &em_property_nDescTerms > 5 %then desc_short; %else clus_desc;,
20173 +            GROUP=_CLUSTER_, LEGEND=N);
20174 +    %end;
20175 +    %else %do;
20176 +        %put &em_codebar;
20177 +        %let errormsg=%sysfunc(sasmsg(sashelp.tmine, EMTOOL.NODISTANCEREPORT_NOTE, NOQUOTE));
20178 +        %put &errormsg;
20179 +        %put &em_codebar;
20180 +    %end;
20181 +
20182 +    %let desc = %sysfunc(sasmsg(sashelp.tmine, rpt_text_clusterfreq_title, NOQUOTE));
20183 +    %EM_REPORT(KEY=GRAPH_TABLE, VIEWTYPE=PIE, X=_cluster_, Y=freq, DESCRIPTION=%nrbquote(&desc),
20184 +        TOOLTIP=clus_desc, BLOCK=%nrbquote(&block), AUTODISPLAY=Y);
20185 +
20186 +    %if &EM_PROPERTY_ALGORITHM=2.0 %then %do;
20187 +
20188 +        proc sql noprint;
20189 +            create table &em_user_hierds as
20190 +            select level, _cluster_, parent, clus_desc, *
20191 +            from &em_user_hierds;
20192 +        quit;
20193 +        filename temp catalog 'sashelp.emtext.tmsort.source';
20194 +        %include temp;
20195 +        %tmsort(data=&em_user_hierds, out=, by=level parent _cluster_);
20196 +
20197 +        data &em_user_hierds;
20198 +            set &em_user_hierds;
20199 +            label _cluster_="&clusterid"
20200 +                  clus_desc="&descterms"
20201 +                  freq="&frequency"
20202 +                  parent="&parent"
20203 +                  level="&hierlevel"
20204 +                  graphdesc="&graphdesc";
20205 +        run;
20206 +        %let desc = %sysfunc(sasmsg(sashelp.tmine, rpt_text_clusterhierarchy_title, NOQUOTE));
20207 +        %em_report(viewtype=constellation, linkkey=hierds, nodekey=hierds, method=HIERARCHY,
20208 +            linkfrom=_CLUSTER_,linkto=PARENT,linkid=_cluster_,nodeid=_CLUSTER_,nodesize=FREQ,nodelabel=graphdesc,
20209 +            nodetip=clus_desc, BLOCK=%nrbquote(&block), DESCRIPTION=%nrbquote(&desc), AUTODISPLAY=Y);
20210 +
20211 +        %let desc = %sysfunc(sasmsg(sashelp.tmine, rpt_text_hierarchydata_title, NOQUOTE));
20212 +        %em_report(KEY=hierds, VIEWTYPE=data, DESCRIPTION=%nrbquote(&DESC), AUTODISPLAY=Y, BLOCK=%nrbquote(&BLOCK));
20213 +    %end;
20214 +
20215 +    proc sql noprint;
20216 +        drop table work.graph_table;
20217 +    quit;
20218 +
20219 +%mend report;
20220 +
NOTE: %INCLUDE (level 1) ending.
NOTE: PROCEDURE SQL used (Total process time):
      real time           0.00 seconds
      cpu time            0.00 seconds
      


NOTE: There were 5 observations read from the data set EMWS3.TEXTCLUSTER7_CLUSTERS.
NOTE: The data set EMWS3.TEXTCLUSTER7_GRAPH_TABLE has 5 observations and 75 variables.
NOTE: DATA statement used (Total process time):
      real time           0.01 seconds
      cpu time            0.00 seconds
      

WARNING: This CREATE TABLE statement recursively references the target table. A consequence of this is a possible data integrity problem.
WARNING: Variable clus_desc already exists on file EMWS3.TEXTCLUSTER7_GRAPH_TABLE.
WARNING: Variable _CLUSTER_ already exists on file EMWS3.TEXTCLUSTER7_GRAPH_TABLE.
WARNING: Variable freq already exists on file EMWS3.TEXTCLUSTER7_GRAPH_TABLE.
WARNING: Variable percent already exists on file EMWS3.TEXTCLUSTER7_GRAPH_TABLE.
NOTE: Table EMWS3.TEXTCLUSTER7_GRAPH_TABLE created, with 5 rows and 75 columns.

NOTE: PROCEDURE SQL used (Total process time):
      real time           0.01 seconds
      cpu time            0.00 seconds
      


NOTE: The data set WORK.EM_USER_REPORT has 132 observations and 4 variables.
NOTE: DATA statement used (Total process time):
      real time           0.04 seconds
      cpu time            0.01 seconds
      


NOTE: There were 132 observations read from the data set WORK.EM_USER_REPORT.
NOTE: The data set WORK.EM_USER_REPORT has 265 observations and 4 variables.
NOTE: DATA statement used (Total process time):
      real time           0.02 seconds
      cpu time            0.00 seconds
      


NOTE: There were 265 observations read from the data set WORK.EM_USER_REPORT.
NOTE: The data set WORK.EM_USER_REPORT has 397 observations and 4 variables.
NOTE: DATA statement used (Total process time):
      real time           0.03 seconds
      cpu time            0.00 seconds
      


NOTE: There were 5 observations read from the data set EMWS3.TEXTCLUSTER7_GRAPH_TABLE.
NOTE: The data set WORK.GRAPH_TABLE has 5 observations and 75 variables.
NOTE: DATA statement used (Total process time):
      real time           0.00 seconds
      cpu time            0.00 seconds
      


WARNING: Found negative value(s) in the ratio variable(s). The distance matrix may be meaningless.
NOTE: The data set WORK.GRAPH_TABLE has 5 observations and 6 variables.
NOTE: PROCEDURE DISTANCE used (Total process time):
      real time           0.01 seconds
      cpu time            0.00 seconds
      


NOTE: Convergence reached in 25 iterations.
NOTE: The data set WORK.GRAPH_TABLE has 7 observations and 7 variables.
NOTE: PROCEDURE MDS used (Total process time):
      real time           0.01 seconds
      cpu time            0.00 seconds
      


NOTE: There were 7 observations read from the data set WORK.GRAPH_TABLE.
NOTE: The data set WORK.GRAPH_TABLE has 5 observations and 8 variables.
NOTE: DATA statement used (Total process time):
      real time           0.00 seconds
      cpu time            0.00 seconds
      

WARNING: This CREATE TABLE statement recursively references the target table. A consequence of this is a possible data integrity problem.
NOTE: Table EMWS3.TEXTCLUSTER7_GRAPH_TABLE created, with 5 rows and 77 columns.

NOTE: PROCEDURE SQL used (Total process time):
      real time           0.01 seconds
      cpu time            0.00 seconds
      


NOTE: There were 397 observations read from the data set WORK.EM_USER_REPORT.
NOTE: The data set WORK.EM_USER_REPORT has 530 observations and 4 variables.
NOTE: DATA statement used (Total process time):
      real time           0.03 seconds
      cpu time            0.00 seconds
      


NOTE: There were 530 observations read from the data set WORK.EM_USER_REPORT.
NOTE: The data set WORK.EM_USER_REPORT has 663 observations and 4 variables.
NOTE: DATA statement used (Total process time):
      real time           0.02 seconds
      cpu time            0.01 seconds
      

NOTE: Table WORK.GRAPH_TABLE has been dropped.
NOTE: PROCEDURE SQL used (Total process time):
      real time           0.00 seconds
      cpu time            0.00 seconds
      

20221  *------------------------------------------------------------*;
20222  * End REPORT: TextCluster7;
20223  *------------------------------------------------------------*;

20224  /* Reset EM Options */
20225  options formchar="|----|+|---+=|-/\<>*";
20226  options nocenter ls=256 ps=10000;
20227  goptions reset=all device=GIF NODISPLAY;

20228  proc sort data=WORK.EM_USER_REPORT;
20229  by ID VIEW;
20230  run;

NOTE: There were 663 observations read from the data set WORK.EM_USER_REPORT.
NOTE: The data set WORK.EM_USER_REPORT has 663 observations and 4 variables.
NOTE: PROCEDURE SORT used (Total process time):
      real time           0.00 seconds
      cpu time            0.00 seconds
      

